[2023-03-07T07:52:06.076+0000] {taskinstance.py:1083} INFO - Dependencies all met for <TaskInstance: hook_dag.hook_task manual__2023-03-07T07:49:32.464872+00:00 [queued]>
[2023-03-07T07:52:06.099+0000] {taskinstance.py:1083} INFO - Dependencies all met for <TaskInstance: hook_dag.hook_task manual__2023-03-07T07:49:32.464872+00:00 [queued]>
[2023-03-07T07:52:06.099+0000] {taskinstance.py:1279} INFO - 
--------------------------------------------------------------------------------
[2023-03-07T07:52:06.099+0000] {taskinstance.py:1280} INFO - Starting attempt 2 of 2
[2023-03-07T07:52:06.099+0000] {taskinstance.py:1281} INFO - 
--------------------------------------------------------------------------------
[2023-03-07T07:52:06.124+0000] {taskinstance.py:1300} INFO - Executing <Task(PythonOperator): hook_task> on 2023-03-07 07:49:32.464872+00:00
[2023-03-07T07:52:06.132+0000] {standard_task_runner.py:55} INFO - Started process 7789 to run task
[2023-03-07T07:52:06.137+0000] {standard_task_runner.py:82} INFO - Running: ['***', 'tasks', 'run', 'hook_dag', 'hook_task', 'manual__2023-03-07T07:49:32.464872+00:00', '--job-id', '40', '--raw', '--subdir', 'DAGS_FOLDER/pg-hook.py', '--cfg-path', '/tmp/tmp0a6nxx5u']
[2023-03-07T07:52:06.137+0000] {standard_task_runner.py:83} INFO - Job 40: Subtask hook_task
[2023-03-07T07:52:06.238+0000] {task_command.py:388} INFO - Running <TaskInstance: hook_dag.hook_task manual__2023-03-07T07:49:32.464872+00:00 [running]> on host 4d3923509bb6
[2023-03-07T07:52:06.325+0000] {taskinstance.py:1509} INFO - Exporting the following env vars:
AIRFLOW_CTX_DAG_OWNER=***
AIRFLOW_CTX_DAG_ID=hook_dag
AIRFLOW_CTX_TASK_ID=hook_task
AIRFLOW_CTX_EXECUTION_DATE=2023-03-07T07:49:32.464872+00:00
AIRFLOW_CTX_TRY_NUMBER=2
AIRFLOW_CTX_DAG_RUN_ID=manual__2023-03-07T07:49:32.464872+00:00
[2023-03-07T07:52:06.336+0000] {base.py:73} INFO - Using connection ID 'postgre_sql' for task execution.
[2023-03-07T07:52:06.343+0000] {logging_mixin.py:137} INFO - Source: MySQL - activated: t
[2023-03-07T07:52:06.343+0000] {logging_mixin.py:137} INFO - Source: S3 - activated: f
[2023-03-07T07:52:06.343+0000] {logging_mixin.py:137} INFO - Source: Mongo - activated: f
[2023-03-07T07:52:06.344+0000] {logging_mixin.py:137} INFO - Source: PostgreSQL - activated: f
[2023-03-07T07:52:06.344+0000] {python.py:177} INFO - Done. Returned value was: [('MySQL', 't'), ('S3', 'f'), ('Mongo', 'f'), ('PostgreSQL', 'f')]
[2023-03-07T07:52:06.373+0000] {taskinstance.py:1323} INFO - Marking task as SUCCESS. dag_id=hook_dag, task_id=hook_task, execution_date=20230307T074932, start_date=20230307T075206, end_date=20230307T075206
[2023-03-07T07:52:06.430+0000] {local_task_job.py:208} INFO - Task exited with return code 0
[2023-03-07T07:52:06.449+0000] {taskinstance.py:2578} INFO - 0 downstream tasks scheduled from follow-on schedule check
