[2023-04-19T05:30:15.738+0000] {processor.py:153} INFO - Started process (PID=53) to work on /opt/airflow/dags/api_dag.py
[2023-04-19T05:30:15.742+0000] {processor.py:743} INFO - Processing file /opt/airflow/dags/api_dag.py for tasks to queue
[2023-04-19T05:30:15.744+0000] {logging_mixin.py:137} INFO - [2023-04-19T05:30:15.744+0000] {dagbag.py:538} INFO - Filling up the DagBag from /opt/airflow/dags/api_dag.py
[2023-04-19T05:30:15.985+0000] {processor.py:753} INFO - DAG(s) dict_keys(['api_dag']) retrieved from /opt/airflow/dags/api_dag.py
[2023-04-19T05:30:16.651+0000] {logging_mixin.py:137} INFO - [2023-04-19T05:30:16.651+0000] {manager.py:504} INFO - Created Permission View: can read on DAG:api_dag
[2023-04-19T05:30:16.687+0000] {logging_mixin.py:137} INFO - [2023-04-19T05:30:16.687+0000] {manager.py:504} INFO - Created Permission View: can edit on DAG:api_dag
[2023-04-19T05:30:16.714+0000] {logging_mixin.py:137} INFO - [2023-04-19T05:30:16.713+0000] {manager.py:504} INFO - Created Permission View: can delete on DAG:api_dag
[2023-04-19T05:30:16.715+0000] {logging_mixin.py:137} INFO - [2023-04-19T05:30:16.715+0000] {dag.py:2690} INFO - Sync 1 DAGs
[2023-04-19T05:30:16.763+0000] {logging_mixin.py:137} INFO - [2023-04-19T05:30:16.763+0000] {dag.py:2711} INFO - Creating ORM DAG for api_dag
[2023-04-19T05:30:16.813+0000] {logging_mixin.py:137} INFO - [2023-04-19T05:30:16.813+0000] {dag.py:3441} INFO - Setting next_dagrun for api_dag to 2023-04-18T00:00:00+00:00, run_after=2023-04-19T00:00:00+00:00
[2023-04-19T05:30:16.883+0000] {processor.py:175} INFO - Processing /opt/airflow/dags/api_dag.py took 1.166 seconds
[2023-04-19T05:30:47.234+0000] {processor.py:153} INFO - Started process (PID=90) to work on /opt/airflow/dags/api_dag.py
[2023-04-19T05:30:47.236+0000] {processor.py:743} INFO - Processing file /opt/airflow/dags/api_dag.py for tasks to queue
[2023-04-19T05:30:47.239+0000] {logging_mixin.py:137} INFO - [2023-04-19T05:30:47.239+0000] {dagbag.py:538} INFO - Filling up the DagBag from /opt/airflow/dags/api_dag.py
[2023-04-19T05:30:47.312+0000] {processor.py:753} INFO - DAG(s) dict_keys(['api_dag']) retrieved from /opt/airflow/dags/api_dag.py
[2023-04-19T05:30:47.370+0000] {logging_mixin.py:137} INFO - [2023-04-19T05:30:47.370+0000] {dag.py:2690} INFO - Sync 1 DAGs
[2023-04-19T05:30:47.455+0000] {logging_mixin.py:137} INFO - [2023-04-19T05:30:47.455+0000] {dag.py:3441} INFO - Setting next_dagrun for api_dag to 2023-04-18T00:00:00+00:00, run_after=2023-04-19T00:00:00+00:00
[2023-04-19T05:30:47.529+0000] {processor.py:175} INFO - Processing /opt/airflow/dags/api_dag.py took 0.305 seconds
[2023-04-19T05:31:17.921+0000] {processor.py:153} INFO - Started process (PID=126) to work on /opt/airflow/dags/api_dag.py
[2023-04-19T05:31:17.922+0000] {processor.py:743} INFO - Processing file /opt/airflow/dags/api_dag.py for tasks to queue
[2023-04-19T05:31:17.923+0000] {logging_mixin.py:137} INFO - [2023-04-19T05:31:17.923+0000] {dagbag.py:538} INFO - Filling up the DagBag from /opt/airflow/dags/api_dag.py
[2023-04-19T05:31:17.971+0000] {processor.py:753} INFO - DAG(s) dict_keys(['api_dag']) retrieved from /opt/airflow/dags/api_dag.py
[2023-04-19T05:31:18.043+0000] {logging_mixin.py:137} INFO - [2023-04-19T05:31:18.043+0000] {dag.py:2690} INFO - Sync 1 DAGs
[2023-04-19T05:31:18.091+0000] {logging_mixin.py:137} INFO - [2023-04-19T05:31:18.090+0000] {dag.py:3441} INFO - Setting next_dagrun for api_dag to 2023-04-18T00:00:00+00:00, run_after=2023-04-19T00:00:00+00:00
[2023-04-19T05:31:18.132+0000] {processor.py:175} INFO - Processing /opt/airflow/dags/api_dag.py took 0.215 seconds
[2023-04-19T05:31:48.581+0000] {processor.py:153} INFO - Started process (PID=162) to work on /opt/airflow/dags/api_dag.py
[2023-04-19T05:31:48.583+0000] {processor.py:743} INFO - Processing file /opt/airflow/dags/api_dag.py for tasks to queue
[2023-04-19T05:31:48.585+0000] {logging_mixin.py:137} INFO - [2023-04-19T05:31:48.584+0000] {dagbag.py:538} INFO - Filling up the DagBag from /opt/airflow/dags/api_dag.py
[2023-04-19T05:31:48.641+0000] {processor.py:753} INFO - DAG(s) dict_keys(['api_dag']) retrieved from /opt/airflow/dags/api_dag.py
[2023-04-19T05:31:48.683+0000] {logging_mixin.py:137} INFO - [2023-04-19T05:31:48.683+0000] {dag.py:2690} INFO - Sync 1 DAGs
[2023-04-19T05:31:48.721+0000] {logging_mixin.py:137} INFO - [2023-04-19T05:31:48.721+0000] {dag.py:3441} INFO - Setting next_dagrun for api_dag to 2023-04-18T00:00:00+00:00, run_after=2023-04-19T00:00:00+00:00
[2023-04-19T05:31:48.762+0000] {processor.py:175} INFO - Processing /opt/airflow/dags/api_dag.py took 0.185 seconds
[2023-04-19T05:32:19.333+0000] {processor.py:153} INFO - Started process (PID=205) to work on /opt/airflow/dags/api_dag.py
[2023-04-19T05:32:19.336+0000] {processor.py:743} INFO - Processing file /opt/airflow/dags/api_dag.py for tasks to queue
[2023-04-19T05:32:19.346+0000] {logging_mixin.py:137} INFO - [2023-04-19T05:32:19.346+0000] {dagbag.py:538} INFO - Filling up the DagBag from /opt/airflow/dags/api_dag.py
[2023-04-19T05:32:19.468+0000] {processor.py:753} INFO - DAG(s) dict_keys(['api_dag']) retrieved from /opt/airflow/dags/api_dag.py
[2023-04-19T05:32:19.650+0000] {logging_mixin.py:137} INFO - [2023-04-19T05:32:19.647+0000] {dag.py:2690} INFO - Sync 1 DAGs
[2023-04-19T05:32:19.746+0000] {logging_mixin.py:137} INFO - [2023-04-19T05:32:19.746+0000] {dag.py:3441} INFO - Setting next_dagrun for api_dag to 2023-04-18T00:00:00+00:00, run_after=2023-04-19T00:00:00+00:00
[2023-04-19T05:32:19.838+0000] {processor.py:175} INFO - Processing /opt/airflow/dags/api_dag.py took 0.523 seconds
[2023-04-19T05:32:50.543+0000] {processor.py:153} INFO - Started process (PID=250) to work on /opt/airflow/dags/api_dag.py
[2023-04-19T05:32:50.545+0000] {processor.py:743} INFO - Processing file /opt/airflow/dags/api_dag.py for tasks to queue
[2023-04-19T05:32:50.546+0000] {logging_mixin.py:137} INFO - [2023-04-19T05:32:50.546+0000] {dagbag.py:538} INFO - Filling up the DagBag from /opt/airflow/dags/api_dag.py
[2023-04-19T05:32:50.605+0000] {processor.py:753} INFO - DAG(s) dict_keys(['api_dag']) retrieved from /opt/airflow/dags/api_dag.py
[2023-04-19T05:32:50.722+0000] {logging_mixin.py:137} INFO - [2023-04-19T05:32:50.721+0000] {dag.py:2690} INFO - Sync 1 DAGs
[2023-04-19T05:32:50.817+0000] {logging_mixin.py:137} INFO - [2023-04-19T05:32:50.817+0000] {dag.py:3441} INFO - Setting next_dagrun for api_dag to 2023-04-18T00:00:00+00:00, run_after=2023-04-19T00:00:00+00:00
[2023-04-19T05:32:50.889+0000] {processor.py:175} INFO - Processing /opt/airflow/dags/api_dag.py took 0.351 seconds
[2023-04-19T05:33:21.023+0000] {processor.py:153} INFO - Started process (PID=285) to work on /opt/airflow/dags/api_dag.py
[2023-04-19T05:33:21.024+0000] {processor.py:743} INFO - Processing file /opt/airflow/dags/api_dag.py for tasks to queue
[2023-04-19T05:33:21.025+0000] {logging_mixin.py:137} INFO - [2023-04-19T05:33:21.025+0000] {dagbag.py:538} INFO - Filling up the DagBag from /opt/airflow/dags/api_dag.py
[2023-04-19T05:33:21.069+0000] {processor.py:753} INFO - DAG(s) dict_keys(['api_dag']) retrieved from /opt/airflow/dags/api_dag.py
[2023-04-19T05:33:21.106+0000] {logging_mixin.py:137} INFO - [2023-04-19T05:33:21.106+0000] {dag.py:2690} INFO - Sync 1 DAGs
[2023-04-19T05:33:21.144+0000] {logging_mixin.py:137} INFO - [2023-04-19T05:33:21.143+0000] {dag.py:3441} INFO - Setting next_dagrun for api_dag to 2023-04-18T00:00:00+00:00, run_after=2023-04-19T00:00:00+00:00
[2023-04-19T05:33:21.187+0000] {processor.py:175} INFO - Processing /opt/airflow/dags/api_dag.py took 0.167 seconds
[2023-04-19T05:33:51.566+0000] {processor.py:153} INFO - Started process (PID=320) to work on /opt/airflow/dags/api_dag.py
[2023-04-19T05:33:51.567+0000] {processor.py:743} INFO - Processing file /opt/airflow/dags/api_dag.py for tasks to queue
[2023-04-19T05:33:51.568+0000] {logging_mixin.py:137} INFO - [2023-04-19T05:33:51.568+0000] {dagbag.py:538} INFO - Filling up the DagBag from /opt/airflow/dags/api_dag.py
[2023-04-19T05:33:51.615+0000] {processor.py:753} INFO - DAG(s) dict_keys(['api_dag']) retrieved from /opt/airflow/dags/api_dag.py
[2023-04-19T05:33:51.652+0000] {logging_mixin.py:137} INFO - [2023-04-19T05:33:51.651+0000] {dag.py:2690} INFO - Sync 1 DAGs
[2023-04-19T05:33:51.696+0000] {logging_mixin.py:137} INFO - [2023-04-19T05:33:51.696+0000] {dag.py:3441} INFO - Setting next_dagrun for api_dag to 2023-04-18T00:00:00+00:00, run_after=2023-04-19T00:00:00+00:00
[2023-04-19T05:33:51.744+0000] {processor.py:175} INFO - Processing /opt/airflow/dags/api_dag.py took 0.181 seconds
[2023-04-19T05:34:22.094+0000] {processor.py:153} INFO - Started process (PID=354) to work on /opt/airflow/dags/api_dag.py
[2023-04-19T05:34:22.095+0000] {processor.py:743} INFO - Processing file /opt/airflow/dags/api_dag.py for tasks to queue
[2023-04-19T05:34:22.097+0000] {logging_mixin.py:137} INFO - [2023-04-19T05:34:22.097+0000] {dagbag.py:538} INFO - Filling up the DagBag from /opt/airflow/dags/api_dag.py
[2023-04-19T05:34:22.147+0000] {processor.py:753} INFO - DAG(s) dict_keys(['api_dag']) retrieved from /opt/airflow/dags/api_dag.py
[2023-04-19T05:34:22.182+0000] {logging_mixin.py:137} INFO - [2023-04-19T05:34:22.182+0000] {dag.py:2690} INFO - Sync 1 DAGs
[2023-04-19T05:34:22.220+0000] {logging_mixin.py:137} INFO - [2023-04-19T05:34:22.220+0000] {dag.py:3441} INFO - Setting next_dagrun for api_dag to 2023-04-18T00:00:00+00:00, run_after=2023-04-19T00:00:00+00:00
[2023-04-19T05:34:22.262+0000] {processor.py:175} INFO - Processing /opt/airflow/dags/api_dag.py took 0.173 seconds
[2023-04-19T05:34:52.931+0000] {processor.py:153} INFO - Started process (PID=398) to work on /opt/airflow/dags/api_dag.py
[2023-04-19T05:34:52.945+0000] {processor.py:743} INFO - Processing file /opt/airflow/dags/api_dag.py for tasks to queue
[2023-04-19T05:34:52.950+0000] {logging_mixin.py:137} INFO - [2023-04-19T05:34:52.950+0000] {dagbag.py:538} INFO - Filling up the DagBag from /opt/airflow/dags/api_dag.py
[2023-04-19T05:34:53.168+0000] {processor.py:753} INFO - DAG(s) dict_keys(['api_dag']) retrieved from /opt/airflow/dags/api_dag.py
[2023-04-19T05:34:53.304+0000] {logging_mixin.py:137} INFO - [2023-04-19T05:34:53.304+0000] {dag.py:2690} INFO - Sync 1 DAGs
[2023-04-19T05:34:53.441+0000] {logging_mixin.py:137} INFO - [2023-04-19T05:34:53.440+0000] {dag.py:3441} INFO - Setting next_dagrun for api_dag to 2023-04-18T00:00:00+00:00, run_after=2023-04-19T00:00:00+00:00
[2023-04-19T05:34:53.592+0000] {processor.py:175} INFO - Processing /opt/airflow/dags/api_dag.py took 0.666 seconds
[2023-04-19T05:35:23.882+0000] {processor.py:153} INFO - Started process (PID=433) to work on /opt/airflow/dags/api_dag.py
[2023-04-19T05:35:23.885+0000] {processor.py:743} INFO - Processing file /opt/airflow/dags/api_dag.py for tasks to queue
[2023-04-19T05:35:23.889+0000] {logging_mixin.py:137} INFO - [2023-04-19T05:35:23.888+0000] {dagbag.py:538} INFO - Filling up the DagBag from /opt/airflow/dags/api_dag.py
[2023-04-19T05:35:23.963+0000] {processor.py:753} INFO - DAG(s) dict_keys(['api_dag']) retrieved from /opt/airflow/dags/api_dag.py
[2023-04-19T05:35:24.029+0000] {logging_mixin.py:137} INFO - [2023-04-19T05:35:24.028+0000] {dag.py:2690} INFO - Sync 1 DAGs
[2023-04-19T05:35:24.088+0000] {logging_mixin.py:137} INFO - [2023-04-19T05:35:24.088+0000] {dag.py:3441} INFO - Setting next_dagrun for api_dag to 2023-04-18T00:00:00+00:00, run_after=2023-04-19T00:00:00+00:00
[2023-04-19T05:35:24.143+0000] {processor.py:175} INFO - Processing /opt/airflow/dags/api_dag.py took 0.267 seconds
[2023-04-19T05:35:54.531+0000] {processor.py:153} INFO - Started process (PID=477) to work on /opt/airflow/dags/api_dag.py
[2023-04-19T05:35:54.532+0000] {processor.py:743} INFO - Processing file /opt/airflow/dags/api_dag.py for tasks to queue
[2023-04-19T05:35:54.534+0000] {logging_mixin.py:137} INFO - [2023-04-19T05:35:54.534+0000] {dagbag.py:538} INFO - Filling up the DagBag from /opt/airflow/dags/api_dag.py
[2023-04-19T05:35:54.579+0000] {processor.py:753} INFO - DAG(s) dict_keys(['api_dag']) retrieved from /opt/airflow/dags/api_dag.py
[2023-04-19T05:35:54.618+0000] {logging_mixin.py:137} INFO - [2023-04-19T05:35:54.617+0000] {dag.py:2690} INFO - Sync 1 DAGs
[2023-04-19T05:35:54.658+0000] {logging_mixin.py:137} INFO - [2023-04-19T05:35:54.657+0000] {dag.py:3441} INFO - Setting next_dagrun for api_dag to 2023-04-18T00:00:00+00:00, run_after=2023-04-19T00:00:00+00:00
[2023-04-19T05:35:54.701+0000] {processor.py:175} INFO - Processing /opt/airflow/dags/api_dag.py took 0.176 seconds
[2023-04-19T05:36:25.067+0000] {processor.py:153} INFO - Started process (PID=512) to work on /opt/airflow/dags/api_dag.py
[2023-04-19T05:36:25.068+0000] {processor.py:743} INFO - Processing file /opt/airflow/dags/api_dag.py for tasks to queue
[2023-04-19T05:36:25.069+0000] {logging_mixin.py:137} INFO - [2023-04-19T05:36:25.069+0000] {dagbag.py:538} INFO - Filling up the DagBag from /opt/airflow/dags/api_dag.py
[2023-04-19T05:36:25.108+0000] {processor.py:753} INFO - DAG(s) dict_keys(['api_dag']) retrieved from /opt/airflow/dags/api_dag.py
[2023-04-19T05:36:25.141+0000] {logging_mixin.py:137} INFO - [2023-04-19T05:36:25.141+0000] {dag.py:2690} INFO - Sync 1 DAGs
[2023-04-19T05:36:25.177+0000] {logging_mixin.py:137} INFO - [2023-04-19T05:36:25.177+0000] {dag.py:3441} INFO - Setting next_dagrun for api_dag to 2023-04-18T00:00:00+00:00, run_after=2023-04-19T00:00:00+00:00
[2023-04-19T05:36:25.224+0000] {processor.py:175} INFO - Processing /opt/airflow/dags/api_dag.py took 0.161 seconds
[2023-04-19T05:36:55.567+0000] {processor.py:153} INFO - Started process (PID=547) to work on /opt/airflow/dags/api_dag.py
[2023-04-19T05:36:55.568+0000] {processor.py:743} INFO - Processing file /opt/airflow/dags/api_dag.py for tasks to queue
[2023-04-19T05:36:55.570+0000] {logging_mixin.py:137} INFO - [2023-04-19T05:36:55.569+0000] {dagbag.py:538} INFO - Filling up the DagBag from /opt/airflow/dags/api_dag.py
[2023-04-19T05:36:55.613+0000] {processor.py:753} INFO - DAG(s) dict_keys(['api_dag']) retrieved from /opt/airflow/dags/api_dag.py
[2023-04-19T05:36:55.654+0000] {logging_mixin.py:137} INFO - [2023-04-19T05:36:55.653+0000] {dag.py:2690} INFO - Sync 1 DAGs
[2023-04-19T05:36:55.700+0000] {logging_mixin.py:137} INFO - [2023-04-19T05:36:55.699+0000] {dag.py:3441} INFO - Setting next_dagrun for api_dag to 2023-04-18T00:00:00+00:00, run_after=2023-04-19T00:00:00+00:00
[2023-04-19T05:36:55.742+0000] {processor.py:175} INFO - Processing /opt/airflow/dags/api_dag.py took 0.179 seconds
[2023-04-19T05:37:26.078+0000] {processor.py:153} INFO - Started process (PID=583) to work on /opt/airflow/dags/api_dag.py
[2023-04-19T05:37:26.079+0000] {processor.py:743} INFO - Processing file /opt/airflow/dags/api_dag.py for tasks to queue
[2023-04-19T05:37:26.081+0000] {logging_mixin.py:137} INFO - [2023-04-19T05:37:26.080+0000] {dagbag.py:538} INFO - Filling up the DagBag from /opt/airflow/dags/api_dag.py
[2023-04-19T05:37:26.135+0000] {processor.py:753} INFO - DAG(s) dict_keys(['api_dag']) retrieved from /opt/airflow/dags/api_dag.py
[2023-04-19T05:37:26.167+0000] {logging_mixin.py:137} INFO - [2023-04-19T05:37:26.167+0000] {dag.py:2690} INFO - Sync 1 DAGs
[2023-04-19T05:37:26.211+0000] {logging_mixin.py:137} INFO - [2023-04-19T05:37:26.210+0000] {dag.py:3441} INFO - Setting next_dagrun for api_dag to 2023-04-18T00:00:00+00:00, run_after=2023-04-19T00:00:00+00:00
[2023-04-19T05:37:26.263+0000] {processor.py:175} INFO - Processing /opt/airflow/dags/api_dag.py took 0.189 seconds
[2023-04-19T05:37:56.627+0000] {processor.py:153} INFO - Started process (PID=634) to work on /opt/airflow/dags/api_dag.py
[2023-04-19T05:37:56.628+0000] {processor.py:743} INFO - Processing file /opt/airflow/dags/api_dag.py for tasks to queue
[2023-04-19T05:37:56.630+0000] {logging_mixin.py:137} INFO - [2023-04-19T05:37:56.630+0000] {dagbag.py:538} INFO - Filling up the DagBag from /opt/airflow/dags/api_dag.py
[2023-04-19T05:37:56.675+0000] {processor.py:753} INFO - DAG(s) dict_keys(['api_dag']) retrieved from /opt/airflow/dags/api_dag.py
[2023-04-19T05:37:56.718+0000] {logging_mixin.py:137} INFO - [2023-04-19T05:37:56.717+0000] {dag.py:2690} INFO - Sync 1 DAGs
[2023-04-19T05:37:56.779+0000] {logging_mixin.py:137} INFO - [2023-04-19T05:37:56.779+0000] {dag.py:3441} INFO - Setting next_dagrun for api_dag to 2023-04-18T00:00:00+00:00, run_after=2023-04-19T00:00:00+00:00
[2023-04-19T05:37:56.821+0000] {processor.py:175} INFO - Processing /opt/airflow/dags/api_dag.py took 0.198 seconds
[2023-04-19T05:38:27.167+0000] {processor.py:153} INFO - Started process (PID=669) to work on /opt/airflow/dags/api_dag.py
[2023-04-19T05:38:27.168+0000] {processor.py:743} INFO - Processing file /opt/airflow/dags/api_dag.py for tasks to queue
[2023-04-19T05:38:27.170+0000] {logging_mixin.py:137} INFO - [2023-04-19T05:38:27.169+0000] {dagbag.py:538} INFO - Filling up the DagBag from /opt/airflow/dags/api_dag.py
[2023-04-19T05:38:27.215+0000] {processor.py:753} INFO - DAG(s) dict_keys(['api_dag']) retrieved from /opt/airflow/dags/api_dag.py
[2023-04-19T05:38:27.249+0000] {logging_mixin.py:137} INFO - [2023-04-19T05:38:27.249+0000] {dag.py:2690} INFO - Sync 1 DAGs
[2023-04-19T05:38:27.292+0000] {logging_mixin.py:137} INFO - [2023-04-19T05:38:27.291+0000] {dag.py:3441} INFO - Setting next_dagrun for api_dag to 2023-04-18T00:00:00+00:00, run_after=2023-04-19T00:00:00+00:00
[2023-04-19T05:38:27.333+0000] {processor.py:175} INFO - Processing /opt/airflow/dags/api_dag.py took 0.170 seconds
[2023-04-19T05:38:57.674+0000] {processor.py:153} INFO - Started process (PID=704) to work on /opt/airflow/dags/api_dag.py
[2023-04-19T05:38:57.676+0000] {processor.py:743} INFO - Processing file /opt/airflow/dags/api_dag.py for tasks to queue
[2023-04-19T05:38:57.677+0000] {logging_mixin.py:137} INFO - [2023-04-19T05:38:57.677+0000] {dagbag.py:538} INFO - Filling up the DagBag from /opt/airflow/dags/api_dag.py
[2023-04-19T05:38:57.714+0000] {processor.py:753} INFO - DAG(s) dict_keys(['api_dag']) retrieved from /opt/airflow/dags/api_dag.py
[2023-04-19T05:38:57.749+0000] {logging_mixin.py:137} INFO - [2023-04-19T05:38:57.749+0000] {dag.py:2690} INFO - Sync 1 DAGs
[2023-04-19T05:38:57.784+0000] {logging_mixin.py:137} INFO - [2023-04-19T05:38:57.784+0000] {dag.py:3441} INFO - Setting next_dagrun for api_dag to 2023-04-18T00:00:00+00:00, run_after=2023-04-19T00:00:00+00:00
[2023-04-19T05:38:57.823+0000] {processor.py:175} INFO - Processing /opt/airflow/dags/api_dag.py took 0.152 seconds
[2023-04-19T05:39:28.180+0000] {processor.py:153} INFO - Started process (PID=755) to work on /opt/airflow/dags/api_dag.py
[2023-04-19T05:39:28.191+0000] {processor.py:743} INFO - Processing file /opt/airflow/dags/api_dag.py for tasks to queue
[2023-04-19T05:39:28.195+0000] {logging_mixin.py:137} INFO - [2023-04-19T05:39:28.195+0000] {dagbag.py:538} INFO - Filling up the DagBag from /opt/airflow/dags/api_dag.py
[2023-04-19T05:39:28.263+0000] {processor.py:753} INFO - DAG(s) dict_keys(['api_dag']) retrieved from /opt/airflow/dags/api_dag.py
[2023-04-19T05:39:28.308+0000] {logging_mixin.py:137} INFO - [2023-04-19T05:39:28.308+0000] {dag.py:2690} INFO - Sync 1 DAGs
[2023-04-19T05:39:28.362+0000] {logging_mixin.py:137} INFO - [2023-04-19T05:39:28.362+0000] {dag.py:3441} INFO - Setting next_dagrun for api_dag to 2023-04-18T00:00:00+00:00, run_after=2023-04-19T00:00:00+00:00
[2023-04-19T05:39:28.447+0000] {processor.py:175} INFO - Processing /opt/airflow/dags/api_dag.py took 0.277 seconds
[2023-04-19T05:39:58.892+0000] {processor.py:153} INFO - Started process (PID=790) to work on /opt/airflow/dags/api_dag.py
[2023-04-19T05:39:58.895+0000] {processor.py:743} INFO - Processing file /opt/airflow/dags/api_dag.py for tasks to queue
[2023-04-19T05:39:58.899+0000] {logging_mixin.py:137} INFO - [2023-04-19T05:39:58.898+0000] {dagbag.py:538} INFO - Filling up the DagBag from /opt/airflow/dags/api_dag.py
[2023-04-19T05:39:59.078+0000] {processor.py:753} INFO - DAG(s) dict_keys(['api_dag']) retrieved from /opt/airflow/dags/api_dag.py
[2023-04-19T05:39:59.186+0000] {logging_mixin.py:137} INFO - [2023-04-19T05:39:59.186+0000] {dag.py:2690} INFO - Sync 1 DAGs
[2023-04-19T05:39:59.356+0000] {logging_mixin.py:137} INFO - [2023-04-19T05:39:59.355+0000] {dag.py:3441} INFO - Setting next_dagrun for api_dag to 2023-04-18T00:00:00+00:00, run_after=2023-04-19T00:00:00+00:00
[2023-04-19T05:39:59.423+0000] {processor.py:175} INFO - Processing /opt/airflow/dags/api_dag.py took 0.564 seconds
[2023-04-19T05:40:30.014+0000] {processor.py:153} INFO - Started process (PID=825) to work on /opt/airflow/dags/api_dag.py
[2023-04-19T05:40:30.015+0000] {processor.py:743} INFO - Processing file /opt/airflow/dags/api_dag.py for tasks to queue
[2023-04-19T05:40:30.017+0000] {logging_mixin.py:137} INFO - [2023-04-19T05:40:30.017+0000] {dagbag.py:538} INFO - Filling up the DagBag from /opt/airflow/dags/api_dag.py
[2023-04-19T05:40:30.055+0000] {processor.py:753} INFO - DAG(s) dict_keys(['api_dag']) retrieved from /opt/airflow/dags/api_dag.py
[2023-04-19T05:40:30.092+0000] {logging_mixin.py:137} INFO - [2023-04-19T05:40:30.092+0000] {dag.py:2690} INFO - Sync 1 DAGs
[2023-04-19T05:40:30.140+0000] {logging_mixin.py:137} INFO - [2023-04-19T05:40:30.139+0000] {dag.py:3441} INFO - Setting next_dagrun for api_dag to 2023-04-18T00:00:00+00:00, run_after=2023-04-19T00:00:00+00:00
[2023-04-19T05:40:30.189+0000] {processor.py:175} INFO - Processing /opt/airflow/dags/api_dag.py took 0.179 seconds
[2023-04-19T05:41:00.552+0000] {processor.py:153} INFO - Started process (PID=860) to work on /opt/airflow/dags/api_dag.py
[2023-04-19T05:41:00.553+0000] {processor.py:743} INFO - Processing file /opt/airflow/dags/api_dag.py for tasks to queue
[2023-04-19T05:41:00.554+0000] {logging_mixin.py:137} INFO - [2023-04-19T05:41:00.554+0000] {dagbag.py:538} INFO - Filling up the DagBag from /opt/airflow/dags/api_dag.py
[2023-04-19T05:41:00.600+0000] {processor.py:753} INFO - DAG(s) dict_keys(['api_dag']) retrieved from /opt/airflow/dags/api_dag.py
[2023-04-19T05:41:00.643+0000] {logging_mixin.py:137} INFO - [2023-04-19T05:41:00.643+0000] {dag.py:2690} INFO - Sync 1 DAGs
[2023-04-19T05:41:00.689+0000] {logging_mixin.py:137} INFO - [2023-04-19T05:41:00.688+0000] {dag.py:3441} INFO - Setting next_dagrun for api_dag to 2023-04-18T00:00:00+00:00, run_after=2023-04-19T00:00:00+00:00
[2023-04-19T05:41:00.727+0000] {processor.py:175} INFO - Processing /opt/airflow/dags/api_dag.py took 0.180 seconds
[2023-04-19T05:41:31.109+0000] {processor.py:153} INFO - Started process (PID=911) to work on /opt/airflow/dags/api_dag.py
[2023-04-19T05:41:31.111+0000] {processor.py:743} INFO - Processing file /opt/airflow/dags/api_dag.py for tasks to queue
[2023-04-19T05:41:31.112+0000] {logging_mixin.py:137} INFO - [2023-04-19T05:41:31.112+0000] {dagbag.py:538} INFO - Filling up the DagBag from /opt/airflow/dags/api_dag.py
[2023-04-19T05:41:31.152+0000] {processor.py:753} INFO - DAG(s) dict_keys(['api_dag']) retrieved from /opt/airflow/dags/api_dag.py
[2023-04-19T05:41:31.189+0000] {logging_mixin.py:137} INFO - [2023-04-19T05:41:31.189+0000] {dag.py:2690} INFO - Sync 1 DAGs
[2023-04-19T05:41:31.234+0000] {logging_mixin.py:137} INFO - [2023-04-19T05:41:31.233+0000] {dag.py:3441} INFO - Setting next_dagrun for api_dag to 2023-04-18T00:00:00+00:00, run_after=2023-04-19T00:00:00+00:00
[2023-04-19T05:41:31.272+0000] {processor.py:175} INFO - Processing /opt/airflow/dags/api_dag.py took 0.167 seconds
[2023-04-19T05:42:01.621+0000] {processor.py:153} INFO - Started process (PID=946) to work on /opt/airflow/dags/api_dag.py
[2023-04-19T05:42:01.622+0000] {processor.py:743} INFO - Processing file /opt/airflow/dags/api_dag.py for tasks to queue
[2023-04-19T05:42:01.623+0000] {logging_mixin.py:137} INFO - [2023-04-19T05:42:01.623+0000] {dagbag.py:538} INFO - Filling up the DagBag from /opt/airflow/dags/api_dag.py
[2023-04-19T05:42:01.661+0000] {processor.py:753} INFO - DAG(s) dict_keys(['api_dag']) retrieved from /opt/airflow/dags/api_dag.py
[2023-04-19T05:42:01.695+0000] {logging_mixin.py:137} INFO - [2023-04-19T05:42:01.695+0000] {dag.py:2690} INFO - Sync 1 DAGs
[2023-04-19T05:42:01.730+0000] {logging_mixin.py:137} INFO - [2023-04-19T05:42:01.730+0000] {dag.py:3441} INFO - Setting next_dagrun for api_dag to 2023-04-18T00:00:00+00:00, run_after=2023-04-19T00:00:00+00:00
[2023-04-19T05:42:01.767+0000] {processor.py:175} INFO - Processing /opt/airflow/dags/api_dag.py took 0.150 seconds
[2023-04-19T05:42:32.115+0000] {processor.py:153} INFO - Started process (PID=981) to work on /opt/airflow/dags/api_dag.py
[2023-04-19T05:42:32.117+0000] {processor.py:743} INFO - Processing file /opt/airflow/dags/api_dag.py for tasks to queue
[2023-04-19T05:42:32.118+0000] {logging_mixin.py:137} INFO - [2023-04-19T05:42:32.118+0000] {dagbag.py:538} INFO - Filling up the DagBag from /opt/airflow/dags/api_dag.py
[2023-04-19T05:42:32.169+0000] {processor.py:753} INFO - DAG(s) dict_keys(['api_dag']) retrieved from /opt/airflow/dags/api_dag.py
[2023-04-19T05:42:32.220+0000] {logging_mixin.py:137} INFO - [2023-04-19T05:42:32.220+0000] {dag.py:2690} INFO - Sync 1 DAGs
[2023-04-19T05:42:32.271+0000] {logging_mixin.py:137} INFO - [2023-04-19T05:42:32.271+0000] {dag.py:3441} INFO - Setting next_dagrun for api_dag to 2023-04-18T00:00:00+00:00, run_after=2023-04-19T00:00:00+00:00
[2023-04-19T05:42:32.316+0000] {processor.py:175} INFO - Processing /opt/airflow/dags/api_dag.py took 0.205 seconds
[2023-04-19T05:43:02.662+0000] {processor.py:153} INFO - Started process (PID=1032) to work on /opt/airflow/dags/api_dag.py
[2023-04-19T05:43:02.663+0000] {processor.py:743} INFO - Processing file /opt/airflow/dags/api_dag.py for tasks to queue
[2023-04-19T05:43:02.664+0000] {logging_mixin.py:137} INFO - [2023-04-19T05:43:02.664+0000] {dagbag.py:538} INFO - Filling up the DagBag from /opt/airflow/dags/api_dag.py
[2023-04-19T05:43:02.706+0000] {processor.py:753} INFO - DAG(s) dict_keys(['api_dag']) retrieved from /opt/airflow/dags/api_dag.py
[2023-04-19T05:43:02.739+0000] {logging_mixin.py:137} INFO - [2023-04-19T05:43:02.738+0000] {dag.py:2690} INFO - Sync 1 DAGs
[2023-04-19T05:43:02.780+0000] {logging_mixin.py:137} INFO - [2023-04-19T05:43:02.780+0000] {dag.py:3441} INFO - Setting next_dagrun for api_dag to 2023-04-18T00:00:00+00:00, run_after=2023-04-19T00:00:00+00:00
[2023-04-19T05:43:02.821+0000] {processor.py:175} INFO - Processing /opt/airflow/dags/api_dag.py took 0.163 seconds
[2023-04-19T05:43:33.159+0000] {processor.py:153} INFO - Started process (PID=1067) to work on /opt/airflow/dags/api_dag.py
[2023-04-19T05:43:33.160+0000] {processor.py:743} INFO - Processing file /opt/airflow/dags/api_dag.py for tasks to queue
[2023-04-19T05:43:33.161+0000] {logging_mixin.py:137} INFO - [2023-04-19T05:43:33.161+0000] {dagbag.py:538} INFO - Filling up the DagBag from /opt/airflow/dags/api_dag.py
[2023-04-19T05:43:33.201+0000] {processor.py:753} INFO - DAG(s) dict_keys(['api_dag']) retrieved from /opt/airflow/dags/api_dag.py
[2023-04-19T05:43:33.233+0000] {logging_mixin.py:137} INFO - [2023-04-19T05:43:33.232+0000] {dag.py:2690} INFO - Sync 1 DAGs
[2023-04-19T05:43:33.268+0000] {logging_mixin.py:137} INFO - [2023-04-19T05:43:33.267+0000] {dag.py:3441} INFO - Setting next_dagrun for api_dag to 2023-04-18T00:00:00+00:00, run_after=2023-04-19T00:00:00+00:00
[2023-04-19T05:43:33.306+0000] {processor.py:175} INFO - Processing /opt/airflow/dags/api_dag.py took 0.151 seconds
