[2023-04-19T05:30:17.113+0000] {processor.py:153} INFO - Started process (PID=56) to work on /opt/airflow/dags/pg-hook.py
[2023-04-19T05:30:17.115+0000] {processor.py:743} INFO - Processing file /opt/airflow/dags/pg-hook.py for tasks to queue
[2023-04-19T05:30:17.117+0000] {logging_mixin.py:137} INFO - [2023-04-19T05:30:17.116+0000] {dagbag.py:538} INFO - Filling up the DagBag from /opt/airflow/dags/pg-hook.py
[2023-04-19T05:30:17.231+0000] {processor.py:753} INFO - DAG(s) dict_keys(['hook_dag']) retrieved from /opt/airflow/dags/pg-hook.py
[2023-04-19T05:30:17.605+0000] {logging_mixin.py:137} INFO - [2023-04-19T05:30:17.605+0000] {manager.py:504} INFO - Created Permission View: can read on DAG:hook_dag
[2023-04-19T05:30:17.629+0000] {logging_mixin.py:137} INFO - [2023-04-19T05:30:17.629+0000] {manager.py:504} INFO - Created Permission View: can edit on DAG:hook_dag
[2023-04-19T05:30:17.650+0000] {logging_mixin.py:137} INFO - [2023-04-19T05:30:17.650+0000] {manager.py:504} INFO - Created Permission View: can delete on DAG:hook_dag
[2023-04-19T05:30:17.651+0000] {logging_mixin.py:137} INFO - [2023-04-19T05:30:17.651+0000] {dag.py:2690} INFO - Sync 1 DAGs
[2023-04-19T05:30:17.698+0000] {logging_mixin.py:137} INFO - [2023-04-19T05:30:17.697+0000] {dag.py:2711} INFO - Creating ORM DAG for hook_dag
[2023-04-19T05:30:17.729+0000] {logging_mixin.py:137} INFO - [2023-04-19T05:30:17.729+0000] {dag.py:3441} INFO - Setting next_dagrun for hook_dag to 2018-11-05T10:00:00+00:00, run_after=2018-11-05T10:00:00+00:00
[2023-04-19T05:30:17.783+0000] {processor.py:175} INFO - Processing /opt/airflow/dags/pg-hook.py took 0.677 seconds
[2023-04-19T05:30:48.400+0000] {processor.py:153} INFO - Started process (PID=92) to work on /opt/airflow/dags/pg-hook.py
[2023-04-19T05:30:48.401+0000] {processor.py:743} INFO - Processing file /opt/airflow/dags/pg-hook.py for tasks to queue
[2023-04-19T05:30:48.403+0000] {logging_mixin.py:137} INFO - [2023-04-19T05:30:48.403+0000] {dagbag.py:538} INFO - Filling up the DagBag from /opt/airflow/dags/pg-hook.py
[2023-04-19T05:30:48.475+0000] {processor.py:753} INFO - DAG(s) dict_keys(['hook_dag']) retrieved from /opt/airflow/dags/pg-hook.py
[2023-04-19T05:30:48.508+0000] {logging_mixin.py:137} INFO - [2023-04-19T05:30:48.508+0000] {dag.py:2690} INFO - Sync 1 DAGs
[2023-04-19T05:30:48.546+0000] {logging_mixin.py:137} INFO - [2023-04-19T05:30:48.546+0000] {dag.py:3441} INFO - Setting next_dagrun for hook_dag to 2018-11-05T10:00:00+00:00, run_after=2018-11-05T10:00:00+00:00
[2023-04-19T05:30:48.584+0000] {processor.py:175} INFO - Processing /opt/airflow/dags/pg-hook.py took 0.188 seconds
[2023-04-19T05:31:19.186+0000] {processor.py:153} INFO - Started process (PID=128) to work on /opt/airflow/dags/pg-hook.py
[2023-04-19T05:31:19.187+0000] {processor.py:743} INFO - Processing file /opt/airflow/dags/pg-hook.py for tasks to queue
[2023-04-19T05:31:19.188+0000] {logging_mixin.py:137} INFO - [2023-04-19T05:31:19.188+0000] {dagbag.py:538} INFO - Filling up the DagBag from /opt/airflow/dags/pg-hook.py
[2023-04-19T05:31:19.245+0000] {processor.py:753} INFO - DAG(s) dict_keys(['hook_dag']) retrieved from /opt/airflow/dags/pg-hook.py
[2023-04-19T05:31:19.279+0000] {logging_mixin.py:137} INFO - [2023-04-19T05:31:19.278+0000] {dag.py:2690} INFO - Sync 1 DAGs
[2023-04-19T05:31:19.316+0000] {logging_mixin.py:137} INFO - [2023-04-19T05:31:19.315+0000] {dag.py:3441} INFO - Setting next_dagrun for hook_dag to 2018-11-05T10:00:00+00:00, run_after=2018-11-05T10:00:00+00:00
[2023-04-19T05:31:19.357+0000] {processor.py:175} INFO - Processing /opt/airflow/dags/pg-hook.py took 0.173 seconds
[2023-04-19T05:31:49.710+0000] {processor.py:153} INFO - Started process (PID=164) to work on /opt/airflow/dags/pg-hook.py
[2023-04-19T05:31:49.711+0000] {processor.py:743} INFO - Processing file /opt/airflow/dags/pg-hook.py for tasks to queue
[2023-04-19T05:31:49.713+0000] {logging_mixin.py:137} INFO - [2023-04-19T05:31:49.713+0000] {dagbag.py:538} INFO - Filling up the DagBag from /opt/airflow/dags/pg-hook.py
[2023-04-19T05:31:49.775+0000] {processor.py:753} INFO - DAG(s) dict_keys(['hook_dag']) retrieved from /opt/airflow/dags/pg-hook.py
[2023-04-19T05:31:49.816+0000] {logging_mixin.py:137} INFO - [2023-04-19T05:31:49.815+0000] {dag.py:2690} INFO - Sync 1 DAGs
[2023-04-19T05:31:49.857+0000] {logging_mixin.py:137} INFO - [2023-04-19T05:31:49.857+0000] {dag.py:3441} INFO - Setting next_dagrun for hook_dag to 2018-11-05T10:00:00+00:00, run_after=2018-11-05T10:00:00+00:00
[2023-04-19T05:31:49.896+0000] {processor.py:175} INFO - Processing /opt/airflow/dags/pg-hook.py took 0.190 seconds
[2023-04-19T05:32:20.923+0000] {processor.py:153} INFO - Started process (PID=209) to work on /opt/airflow/dags/pg-hook.py
[2023-04-19T05:32:20.924+0000] {processor.py:743} INFO - Processing file /opt/airflow/dags/pg-hook.py for tasks to queue
[2023-04-19T05:32:20.925+0000] {logging_mixin.py:137} INFO - [2023-04-19T05:32:20.925+0000] {dagbag.py:538} INFO - Filling up the DagBag from /opt/airflow/dags/pg-hook.py
[2023-04-19T05:32:20.989+0000] {processor.py:753} INFO - DAG(s) dict_keys(['hook_dag']) retrieved from /opt/airflow/dags/pg-hook.py
[2023-04-19T05:32:21.026+0000] {logging_mixin.py:137} INFO - [2023-04-19T05:32:21.026+0000] {dag.py:2690} INFO - Sync 1 DAGs
[2023-04-19T05:32:21.066+0000] {logging_mixin.py:137} INFO - [2023-04-19T05:32:21.066+0000] {dag.py:3441} INFO - Setting next_dagrun for hook_dag to 2018-11-05T10:00:00+00:00, run_after=2018-11-05T10:00:00+00:00
[2023-04-19T05:32:21.115+0000] {processor.py:175} INFO - Processing /opt/airflow/dags/pg-hook.py took 0.197 seconds
[2023-04-19T05:32:51.697+0000] {processor.py:153} INFO - Started process (PID=252) to work on /opt/airflow/dags/pg-hook.py
[2023-04-19T05:32:51.698+0000] {processor.py:743} INFO - Processing file /opt/airflow/dags/pg-hook.py for tasks to queue
[2023-04-19T05:32:51.699+0000] {logging_mixin.py:137} INFO - [2023-04-19T05:32:51.699+0000] {dagbag.py:538} INFO - Filling up the DagBag from /opt/airflow/dags/pg-hook.py
[2023-04-19T05:32:51.748+0000] {processor.py:753} INFO - DAG(s) dict_keys(['hook_dag']) retrieved from /opt/airflow/dags/pg-hook.py
[2023-04-19T05:32:51.779+0000] {logging_mixin.py:137} INFO - [2023-04-19T05:32:51.779+0000] {dag.py:2690} INFO - Sync 1 DAGs
[2023-04-19T05:32:51.812+0000] {logging_mixin.py:137} INFO - [2023-04-19T05:32:51.812+0000] {dag.py:3441} INFO - Setting next_dagrun for hook_dag to 2018-11-05T10:00:00+00:00, run_after=2018-11-05T10:00:00+00:00
[2023-04-19T05:32:51.848+0000] {processor.py:175} INFO - Processing /opt/airflow/dags/pg-hook.py took 0.156 seconds
[2023-04-19T05:33:22.239+0000] {processor.py:153} INFO - Started process (PID=287) to work on /opt/airflow/dags/pg-hook.py
[2023-04-19T05:33:22.240+0000] {processor.py:743} INFO - Processing file /opt/airflow/dags/pg-hook.py for tasks to queue
[2023-04-19T05:33:22.241+0000] {logging_mixin.py:137} INFO - [2023-04-19T05:33:22.241+0000] {dagbag.py:538} INFO - Filling up the DagBag from /opt/airflow/dags/pg-hook.py
[2023-04-19T05:33:22.308+0000] {processor.py:753} INFO - DAG(s) dict_keys(['hook_dag']) retrieved from /opt/airflow/dags/pg-hook.py
[2023-04-19T05:33:22.342+0000] {logging_mixin.py:137} INFO - [2023-04-19T05:33:22.342+0000] {dag.py:2690} INFO - Sync 1 DAGs
[2023-04-19T05:33:22.378+0000] {logging_mixin.py:137} INFO - [2023-04-19T05:33:22.378+0000] {dag.py:3441} INFO - Setting next_dagrun for hook_dag to 2018-11-05T10:00:00+00:00, run_after=2018-11-05T10:00:00+00:00
[2023-04-19T05:33:22.431+0000] {processor.py:175} INFO - Processing /opt/airflow/dags/pg-hook.py took 0.195 seconds
[2023-04-19T05:33:52.797+0000] {processor.py:153} INFO - Started process (PID=322) to work on /opt/airflow/dags/pg-hook.py
[2023-04-19T05:33:52.798+0000] {processor.py:743} INFO - Processing file /opt/airflow/dags/pg-hook.py for tasks to queue
[2023-04-19T05:33:52.800+0000] {logging_mixin.py:137} INFO - [2023-04-19T05:33:52.799+0000] {dagbag.py:538} INFO - Filling up the DagBag from /opt/airflow/dags/pg-hook.py
[2023-04-19T05:33:52.859+0000] {processor.py:753} INFO - DAG(s) dict_keys(['hook_dag']) retrieved from /opt/airflow/dags/pg-hook.py
[2023-04-19T05:33:52.898+0000] {logging_mixin.py:137} INFO - [2023-04-19T05:33:52.898+0000] {dag.py:2690} INFO - Sync 1 DAGs
[2023-04-19T05:33:52.943+0000] {logging_mixin.py:137} INFO - [2023-04-19T05:33:52.943+0000] {dag.py:3441} INFO - Setting next_dagrun for hook_dag to 2018-11-05T10:00:00+00:00, run_after=2018-11-05T10:00:00+00:00
[2023-04-19T05:33:52.990+0000] {processor.py:175} INFO - Processing /opt/airflow/dags/pg-hook.py took 0.195 seconds
[2023-04-19T05:34:23.322+0000] {processor.py:153} INFO - Started process (PID=356) to work on /opt/airflow/dags/pg-hook.py
[2023-04-19T05:34:23.324+0000] {processor.py:743} INFO - Processing file /opt/airflow/dags/pg-hook.py for tasks to queue
[2023-04-19T05:34:23.326+0000] {logging_mixin.py:137} INFO - [2023-04-19T05:34:23.326+0000] {dagbag.py:538} INFO - Filling up the DagBag from /opt/airflow/dags/pg-hook.py
[2023-04-19T05:34:23.393+0000] {processor.py:753} INFO - DAG(s) dict_keys(['hook_dag']) retrieved from /opt/airflow/dags/pg-hook.py
[2023-04-19T05:34:23.429+0000] {logging_mixin.py:137} INFO - [2023-04-19T05:34:23.429+0000] {dag.py:2690} INFO - Sync 1 DAGs
[2023-04-19T05:34:23.471+0000] {logging_mixin.py:137} INFO - [2023-04-19T05:34:23.471+0000] {dag.py:3441} INFO - Setting next_dagrun for hook_dag to 2018-11-05T10:00:00+00:00, run_after=2018-11-05T10:00:00+00:00
[2023-04-19T05:34:23.514+0000] {processor.py:175} INFO - Processing /opt/airflow/dags/pg-hook.py took 0.194 seconds
[2023-04-19T05:34:53.810+0000] {processor.py:153} INFO - Started process (PID=400) to work on /opt/airflow/dags/pg-hook.py
[2023-04-19T05:34:53.818+0000] {processor.py:743} INFO - Processing file /opt/airflow/dags/pg-hook.py for tasks to queue
[2023-04-19T05:34:53.838+0000] {logging_mixin.py:137} INFO - [2023-04-19T05:34:53.837+0000] {dagbag.py:538} INFO - Filling up the DagBag from /opt/airflow/dags/pg-hook.py
[2023-04-19T05:34:54.043+0000] {processor.py:753} INFO - DAG(s) dict_keys(['hook_dag']) retrieved from /opt/airflow/dags/pg-hook.py
[2023-04-19T05:34:54.132+0000] {logging_mixin.py:137} INFO - [2023-04-19T05:34:54.132+0000] {dag.py:2690} INFO - Sync 1 DAGs
[2023-04-19T05:34:54.215+0000] {logging_mixin.py:137} INFO - [2023-04-19T05:34:54.215+0000] {dag.py:3441} INFO - Setting next_dagrun for hook_dag to 2018-11-05T10:00:00+00:00, run_after=2018-11-05T10:00:00+00:00
[2023-04-19T05:34:54.288+0000] {processor.py:175} INFO - Processing /opt/airflow/dags/pg-hook.py took 0.483 seconds
[2023-04-19T05:35:25.204+0000] {processor.py:153} INFO - Started process (PID=437) to work on /opt/airflow/dags/pg-hook.py
[2023-04-19T05:35:25.206+0000] {processor.py:743} INFO - Processing file /opt/airflow/dags/pg-hook.py for tasks to queue
[2023-04-19T05:35:25.208+0000] {logging_mixin.py:137} INFO - [2023-04-19T05:35:25.207+0000] {dagbag.py:538} INFO - Filling up the DagBag from /opt/airflow/dags/pg-hook.py
[2023-04-19T05:35:25.265+0000] {processor.py:753} INFO - DAG(s) dict_keys(['hook_dag']) retrieved from /opt/airflow/dags/pg-hook.py
[2023-04-19T05:35:25.309+0000] {logging_mixin.py:137} INFO - [2023-04-19T05:35:25.309+0000] {dag.py:2690} INFO - Sync 1 DAGs
[2023-04-19T05:35:25.362+0000] {logging_mixin.py:137} INFO - [2023-04-19T05:35:25.362+0000] {dag.py:3441} INFO - Setting next_dagrun for hook_dag to 2018-11-05T10:00:00+00:00, run_after=2018-11-05T10:00:00+00:00
[2023-04-19T05:35:25.409+0000] {processor.py:175} INFO - Processing /opt/airflow/dags/pg-hook.py took 0.209 seconds
[2023-04-19T05:35:55.755+0000] {processor.py:153} INFO - Started process (PID=479) to work on /opt/airflow/dags/pg-hook.py
[2023-04-19T05:35:55.755+0000] {processor.py:743} INFO - Processing file /opt/airflow/dags/pg-hook.py for tasks to queue
[2023-04-19T05:35:55.756+0000] {logging_mixin.py:137} INFO - [2023-04-19T05:35:55.756+0000] {dagbag.py:538} INFO - Filling up the DagBag from /opt/airflow/dags/pg-hook.py
[2023-04-19T05:35:55.802+0000] {processor.py:753} INFO - DAG(s) dict_keys(['hook_dag']) retrieved from /opt/airflow/dags/pg-hook.py
[2023-04-19T05:35:55.832+0000] {logging_mixin.py:137} INFO - [2023-04-19T05:35:55.832+0000] {dag.py:2690} INFO - Sync 1 DAGs
[2023-04-19T05:35:55.866+0000] {logging_mixin.py:137} INFO - [2023-04-19T05:35:55.866+0000] {dag.py:3441} INFO - Setting next_dagrun for hook_dag to 2018-11-05T10:00:00+00:00, run_after=2018-11-05T10:00:00+00:00
[2023-04-19T05:35:55.900+0000] {processor.py:175} INFO - Processing /opt/airflow/dags/pg-hook.py took 0.150 seconds
[2023-04-19T05:36:26.227+0000] {processor.py:153} INFO - Started process (PID=514) to work on /opt/airflow/dags/pg-hook.py
[2023-04-19T05:36:26.228+0000] {processor.py:743} INFO - Processing file /opt/airflow/dags/pg-hook.py for tasks to queue
[2023-04-19T05:36:26.229+0000] {logging_mixin.py:137} INFO - [2023-04-19T05:36:26.229+0000] {dagbag.py:538} INFO - Filling up the DagBag from /opt/airflow/dags/pg-hook.py
[2023-04-19T05:36:26.277+0000] {processor.py:753} INFO - DAG(s) dict_keys(['hook_dag']) retrieved from /opt/airflow/dags/pg-hook.py
[2023-04-19T05:36:26.309+0000] {logging_mixin.py:137} INFO - [2023-04-19T05:36:26.309+0000] {dag.py:2690} INFO - Sync 1 DAGs
[2023-04-19T05:36:26.345+0000] {logging_mixin.py:137} INFO - [2023-04-19T05:36:26.345+0000] {dag.py:3441} INFO - Setting next_dagrun for hook_dag to 2018-11-05T10:00:00+00:00, run_after=2018-11-05T10:00:00+00:00
[2023-04-19T05:36:26.382+0000] {processor.py:175} INFO - Processing /opt/airflow/dags/pg-hook.py took 0.158 seconds
[2023-04-19T05:36:56.683+0000] {processor.py:153} INFO - Started process (PID=549) to work on /opt/airflow/dags/pg-hook.py
[2023-04-19T05:36:56.684+0000] {processor.py:743} INFO - Processing file /opt/airflow/dags/pg-hook.py for tasks to queue
[2023-04-19T05:36:56.686+0000] {logging_mixin.py:137} INFO - [2023-04-19T05:36:56.685+0000] {dagbag.py:538} INFO - Filling up the DagBag from /opt/airflow/dags/pg-hook.py
[2023-04-19T05:36:56.747+0000] {processor.py:753} INFO - DAG(s) dict_keys(['hook_dag']) retrieved from /opt/airflow/dags/pg-hook.py
[2023-04-19T05:36:56.782+0000] {logging_mixin.py:137} INFO - [2023-04-19T05:36:56.782+0000] {dag.py:2690} INFO - Sync 1 DAGs
[2023-04-19T05:36:56.816+0000] {logging_mixin.py:137} INFO - [2023-04-19T05:36:56.816+0000] {dag.py:3441} INFO - Setting next_dagrun for hook_dag to 2018-11-05T10:00:00+00:00, run_after=2018-11-05T10:00:00+00:00
[2023-04-19T05:36:56.860+0000] {processor.py:175} INFO - Processing /opt/airflow/dags/pg-hook.py took 0.179 seconds
[2023-04-19T05:37:27.328+0000] {processor.py:153} INFO - Started process (PID=585) to work on /opt/airflow/dags/pg-hook.py
[2023-04-19T05:37:27.330+0000] {processor.py:743} INFO - Processing file /opt/airflow/dags/pg-hook.py for tasks to queue
[2023-04-19T05:37:27.332+0000] {logging_mixin.py:137} INFO - [2023-04-19T05:37:27.332+0000] {dagbag.py:538} INFO - Filling up the DagBag from /opt/airflow/dags/pg-hook.py
[2023-04-19T05:37:27.396+0000] {processor.py:753} INFO - DAG(s) dict_keys(['hook_dag']) retrieved from /opt/airflow/dags/pg-hook.py
[2023-04-19T05:37:27.435+0000] {logging_mixin.py:137} INFO - [2023-04-19T05:37:27.435+0000] {dag.py:2690} INFO - Sync 1 DAGs
[2023-04-19T05:37:27.483+0000] {logging_mixin.py:137} INFO - [2023-04-19T05:37:27.483+0000] {dag.py:3441} INFO - Setting next_dagrun for hook_dag to 2018-11-05T10:00:00+00:00, run_after=2018-11-05T10:00:00+00:00
[2023-04-19T05:37:27.528+0000] {processor.py:175} INFO - Processing /opt/airflow/dags/pg-hook.py took 0.204 seconds
[2023-04-19T05:37:57.873+0000] {processor.py:153} INFO - Started process (PID=636) to work on /opt/airflow/dags/pg-hook.py
[2023-04-19T05:37:57.875+0000] {processor.py:743} INFO - Processing file /opt/airflow/dags/pg-hook.py for tasks to queue
[2023-04-19T05:37:57.876+0000] {logging_mixin.py:137} INFO - [2023-04-19T05:37:57.876+0000] {dagbag.py:538} INFO - Filling up the DagBag from /opt/airflow/dags/pg-hook.py
[2023-04-19T05:37:57.933+0000] {processor.py:753} INFO - DAG(s) dict_keys(['hook_dag']) retrieved from /opt/airflow/dags/pg-hook.py
[2023-04-19T05:37:57.963+0000] {logging_mixin.py:137} INFO - [2023-04-19T05:37:57.963+0000] {dag.py:2690} INFO - Sync 1 DAGs
[2023-04-19T05:37:57.998+0000] {logging_mixin.py:137} INFO - [2023-04-19T05:37:57.997+0000] {dag.py:3441} INFO - Setting next_dagrun for hook_dag to 2018-11-05T10:00:00+00:00, run_after=2018-11-05T10:00:00+00:00
[2023-04-19T05:37:58.033+0000] {processor.py:175} INFO - Processing /opt/airflow/dags/pg-hook.py took 0.163 seconds
[2023-04-19T05:38:28.384+0000] {processor.py:153} INFO - Started process (PID=671) to work on /opt/airflow/dags/pg-hook.py
[2023-04-19T05:38:28.385+0000] {processor.py:743} INFO - Processing file /opt/airflow/dags/pg-hook.py for tasks to queue
[2023-04-19T05:38:28.386+0000] {logging_mixin.py:137} INFO - [2023-04-19T05:38:28.386+0000] {dagbag.py:538} INFO - Filling up the DagBag from /opt/airflow/dags/pg-hook.py
[2023-04-19T05:38:28.431+0000] {processor.py:753} INFO - DAG(s) dict_keys(['hook_dag']) retrieved from /opt/airflow/dags/pg-hook.py
[2023-04-19T05:38:28.464+0000] {logging_mixin.py:137} INFO - [2023-04-19T05:38:28.464+0000] {dag.py:2690} INFO - Sync 1 DAGs
[2023-04-19T05:38:28.503+0000] {logging_mixin.py:137} INFO - [2023-04-19T05:38:28.503+0000] {dag.py:3441} INFO - Setting next_dagrun for hook_dag to 2018-11-05T10:00:00+00:00, run_after=2018-11-05T10:00:00+00:00
[2023-04-19T05:38:28.538+0000] {processor.py:175} INFO - Processing /opt/airflow/dags/pg-hook.py took 0.157 seconds
[2023-04-19T05:38:58.875+0000] {processor.py:153} INFO - Started process (PID=706) to work on /opt/airflow/dags/pg-hook.py
[2023-04-19T05:38:58.877+0000] {processor.py:743} INFO - Processing file /opt/airflow/dags/pg-hook.py for tasks to queue
[2023-04-19T05:38:58.878+0000] {logging_mixin.py:137} INFO - [2023-04-19T05:38:58.877+0000] {dagbag.py:538} INFO - Filling up the DagBag from /opt/airflow/dags/pg-hook.py
[2023-04-19T05:38:58.927+0000] {processor.py:753} INFO - DAG(s) dict_keys(['hook_dag']) retrieved from /opt/airflow/dags/pg-hook.py
[2023-04-19T05:38:58.962+0000] {logging_mixin.py:137} INFO - [2023-04-19T05:38:58.962+0000] {dag.py:2690} INFO - Sync 1 DAGs
[2023-04-19T05:38:58.995+0000] {logging_mixin.py:137} INFO - [2023-04-19T05:38:58.995+0000] {dag.py:3441} INFO - Setting next_dagrun for hook_dag to 2018-11-05T10:00:00+00:00, run_after=2018-11-05T10:00:00+00:00
[2023-04-19T05:38:59.033+0000] {processor.py:175} INFO - Processing /opt/airflow/dags/pg-hook.py took 0.161 seconds
[2023-04-19T05:39:29.511+0000] {processor.py:153} INFO - Started process (PID=757) to work on /opt/airflow/dags/pg-hook.py
[2023-04-19T05:39:29.512+0000] {processor.py:743} INFO - Processing file /opt/airflow/dags/pg-hook.py for tasks to queue
[2023-04-19T05:39:29.514+0000] {logging_mixin.py:137} INFO - [2023-04-19T05:39:29.513+0000] {dagbag.py:538} INFO - Filling up the DagBag from /opt/airflow/dags/pg-hook.py
[2023-04-19T05:39:29.580+0000] {processor.py:753} INFO - DAG(s) dict_keys(['hook_dag']) retrieved from /opt/airflow/dags/pg-hook.py
[2023-04-19T05:39:29.613+0000] {logging_mixin.py:137} INFO - [2023-04-19T05:39:29.613+0000] {dag.py:2690} INFO - Sync 1 DAGs
[2023-04-19T05:39:29.656+0000] {logging_mixin.py:137} INFO - [2023-04-19T05:39:29.655+0000] {dag.py:3441} INFO - Setting next_dagrun for hook_dag to 2018-11-05T10:00:00+00:00, run_after=2018-11-05T10:00:00+00:00
[2023-04-19T05:39:29.732+0000] {processor.py:175} INFO - Processing /opt/airflow/dags/pg-hook.py took 0.224 seconds
[2023-04-19T05:40:00.528+0000] {processor.py:153} INFO - Started process (PID=792) to work on /opt/airflow/dags/pg-hook.py
[2023-04-19T05:40:00.529+0000] {processor.py:743} INFO - Processing file /opt/airflow/dags/pg-hook.py for tasks to queue
[2023-04-19T05:40:00.531+0000] {logging_mixin.py:137} INFO - [2023-04-19T05:40:00.531+0000] {dagbag.py:538} INFO - Filling up the DagBag from /opt/airflow/dags/pg-hook.py
[2023-04-19T05:40:00.668+0000] {processor.py:753} INFO - DAG(s) dict_keys(['hook_dag']) retrieved from /opt/airflow/dags/pg-hook.py
[2023-04-19T05:40:00.723+0000] {logging_mixin.py:137} INFO - [2023-04-19T05:40:00.723+0000] {dag.py:2690} INFO - Sync 1 DAGs
[2023-04-19T05:40:00.763+0000] {logging_mixin.py:137} INFO - [2023-04-19T05:40:00.763+0000] {dag.py:3441} INFO - Setting next_dagrun for hook_dag to 2018-11-05T10:00:00+00:00, run_after=2018-11-05T10:00:00+00:00
[2023-04-19T05:40:00.808+0000] {processor.py:175} INFO - Processing /opt/airflow/dags/pg-hook.py took 0.286 seconds
[2023-04-19T05:40:31.247+0000] {processor.py:153} INFO - Started process (PID=827) to work on /opt/airflow/dags/pg-hook.py
[2023-04-19T05:40:31.248+0000] {processor.py:743} INFO - Processing file /opt/airflow/dags/pg-hook.py for tasks to queue
[2023-04-19T05:40:31.249+0000] {logging_mixin.py:137} INFO - [2023-04-19T05:40:31.249+0000] {dagbag.py:538} INFO - Filling up the DagBag from /opt/airflow/dags/pg-hook.py
[2023-04-19T05:40:31.295+0000] {processor.py:753} INFO - DAG(s) dict_keys(['hook_dag']) retrieved from /opt/airflow/dags/pg-hook.py
[2023-04-19T05:40:31.326+0000] {logging_mixin.py:137} INFO - [2023-04-19T05:40:31.326+0000] {dag.py:2690} INFO - Sync 1 DAGs
[2023-04-19T05:40:31.362+0000] {logging_mixin.py:137} INFO - [2023-04-19T05:40:31.362+0000] {dag.py:3441} INFO - Setting next_dagrun for hook_dag to 2018-11-05T10:00:00+00:00, run_after=2018-11-05T10:00:00+00:00
[2023-04-19T05:40:31.396+0000] {processor.py:175} INFO - Processing /opt/airflow/dags/pg-hook.py took 0.152 seconds
[2023-04-19T05:41:01.819+0000] {processor.py:153} INFO - Started process (PID=862) to work on /opt/airflow/dags/pg-hook.py
[2023-04-19T05:41:01.820+0000] {processor.py:743} INFO - Processing file /opt/airflow/dags/pg-hook.py for tasks to queue
[2023-04-19T05:41:01.826+0000] {logging_mixin.py:137} INFO - [2023-04-19T05:41:01.825+0000] {dagbag.py:538} INFO - Filling up the DagBag from /opt/airflow/dags/pg-hook.py
[2023-04-19T05:41:01.894+0000] {processor.py:753} INFO - DAG(s) dict_keys(['hook_dag']) retrieved from /opt/airflow/dags/pg-hook.py
[2023-04-19T05:41:01.924+0000] {logging_mixin.py:137} INFO - [2023-04-19T05:41:01.924+0000] {dag.py:2690} INFO - Sync 1 DAGs
[2023-04-19T05:41:01.961+0000] {logging_mixin.py:137} INFO - [2023-04-19T05:41:01.961+0000] {dag.py:3441} INFO - Setting next_dagrun for hook_dag to 2018-11-05T10:00:00+00:00, run_after=2018-11-05T10:00:00+00:00
[2023-04-19T05:41:02.012+0000] {processor.py:175} INFO - Processing /opt/airflow/dags/pg-hook.py took 0.200 seconds
[2023-04-19T05:41:32.326+0000] {processor.py:153} INFO - Started process (PID=913) to work on /opt/airflow/dags/pg-hook.py
[2023-04-19T05:41:32.327+0000] {processor.py:743} INFO - Processing file /opt/airflow/dags/pg-hook.py for tasks to queue
[2023-04-19T05:41:32.328+0000] {logging_mixin.py:137} INFO - [2023-04-19T05:41:32.328+0000] {dagbag.py:538} INFO - Filling up the DagBag from /opt/airflow/dags/pg-hook.py
[2023-04-19T05:41:32.375+0000] {processor.py:753} INFO - DAG(s) dict_keys(['hook_dag']) retrieved from /opt/airflow/dags/pg-hook.py
[2023-04-19T05:41:32.406+0000] {logging_mixin.py:137} INFO - [2023-04-19T05:41:32.406+0000] {dag.py:2690} INFO - Sync 1 DAGs
[2023-04-19T05:41:32.439+0000] {logging_mixin.py:137} INFO - [2023-04-19T05:41:32.439+0000] {dag.py:3441} INFO - Setting next_dagrun for hook_dag to 2018-11-05T10:00:00+00:00, run_after=2018-11-05T10:00:00+00:00
[2023-04-19T05:41:32.484+0000] {processor.py:175} INFO - Processing /opt/airflow/dags/pg-hook.py took 0.161 seconds
[2023-04-19T05:42:02.820+0000] {processor.py:153} INFO - Started process (PID=948) to work on /opt/airflow/dags/pg-hook.py
[2023-04-19T05:42:02.821+0000] {processor.py:743} INFO - Processing file /opt/airflow/dags/pg-hook.py for tasks to queue
[2023-04-19T05:42:02.822+0000] {logging_mixin.py:137} INFO - [2023-04-19T05:42:02.822+0000] {dagbag.py:538} INFO - Filling up the DagBag from /opt/airflow/dags/pg-hook.py
[2023-04-19T05:42:02.873+0000] {processor.py:753} INFO - DAG(s) dict_keys(['hook_dag']) retrieved from /opt/airflow/dags/pg-hook.py
[2023-04-19T05:42:02.903+0000] {logging_mixin.py:137} INFO - [2023-04-19T05:42:02.903+0000] {dag.py:2690} INFO - Sync 1 DAGs
[2023-04-19T05:42:02.938+0000] {logging_mixin.py:137} INFO - [2023-04-19T05:42:02.938+0000] {dag.py:3441} INFO - Setting next_dagrun for hook_dag to 2018-11-05T10:00:00+00:00, run_after=2018-11-05T10:00:00+00:00
[2023-04-19T05:42:02.974+0000] {processor.py:175} INFO - Processing /opt/airflow/dags/pg-hook.py took 0.159 seconds
[2023-04-19T05:42:33.375+0000] {processor.py:153} INFO - Started process (PID=983) to work on /opt/airflow/dags/pg-hook.py
[2023-04-19T05:42:33.377+0000] {processor.py:743} INFO - Processing file /opt/airflow/dags/pg-hook.py for tasks to queue
[2023-04-19T05:42:33.379+0000] {logging_mixin.py:137} INFO - [2023-04-19T05:42:33.378+0000] {dagbag.py:538} INFO - Filling up the DagBag from /opt/airflow/dags/pg-hook.py
[2023-04-19T05:42:33.442+0000] {processor.py:753} INFO - DAG(s) dict_keys(['hook_dag']) retrieved from /opt/airflow/dags/pg-hook.py
[2023-04-19T05:42:33.475+0000] {logging_mixin.py:137} INFO - [2023-04-19T05:42:33.475+0000] {dag.py:2690} INFO - Sync 1 DAGs
[2023-04-19T05:42:33.509+0000] {logging_mixin.py:137} INFO - [2023-04-19T05:42:33.509+0000] {dag.py:3441} INFO - Setting next_dagrun for hook_dag to 2018-11-05T10:00:00+00:00, run_after=2018-11-05T10:00:00+00:00
[2023-04-19T05:42:33.552+0000] {processor.py:175} INFO - Processing /opt/airflow/dags/pg-hook.py took 0.181 seconds
[2023-04-19T05:43:03.876+0000] {processor.py:153} INFO - Started process (PID=1034) to work on /opt/airflow/dags/pg-hook.py
[2023-04-19T05:43:03.877+0000] {processor.py:743} INFO - Processing file /opt/airflow/dags/pg-hook.py for tasks to queue
[2023-04-19T05:43:03.878+0000] {logging_mixin.py:137} INFO - [2023-04-19T05:43:03.877+0000] {dagbag.py:538} INFO - Filling up the DagBag from /opt/airflow/dags/pg-hook.py
[2023-04-19T05:43:03.926+0000] {processor.py:753} INFO - DAG(s) dict_keys(['hook_dag']) retrieved from /opt/airflow/dags/pg-hook.py
[2023-04-19T05:43:03.955+0000] {logging_mixin.py:137} INFO - [2023-04-19T05:43:03.955+0000] {dag.py:2690} INFO - Sync 1 DAGs
[2023-04-19T05:43:03.986+0000] {logging_mixin.py:137} INFO - [2023-04-19T05:43:03.986+0000] {dag.py:3441} INFO - Setting next_dagrun for hook_dag to 2018-11-05T10:00:00+00:00, run_after=2018-11-05T10:00:00+00:00
[2023-04-19T05:43:04.024+0000] {processor.py:175} INFO - Processing /opt/airflow/dags/pg-hook.py took 0.152 seconds
[2023-04-19T05:43:34.358+0000] {processor.py:153} INFO - Started process (PID=1069) to work on /opt/airflow/dags/pg-hook.py
[2023-04-19T05:43:34.359+0000] {processor.py:743} INFO - Processing file /opt/airflow/dags/pg-hook.py for tasks to queue
[2023-04-19T05:43:34.360+0000] {logging_mixin.py:137} INFO - [2023-04-19T05:43:34.360+0000] {dagbag.py:538} INFO - Filling up the DagBag from /opt/airflow/dags/pg-hook.py
[2023-04-19T05:43:34.410+0000] {processor.py:753} INFO - DAG(s) dict_keys(['hook_dag']) retrieved from /opt/airflow/dags/pg-hook.py
[2023-04-19T05:43:34.438+0000] {logging_mixin.py:137} INFO - [2023-04-19T05:43:34.438+0000] {dag.py:2690} INFO - Sync 1 DAGs
[2023-04-19T05:43:34.476+0000] {logging_mixin.py:137} INFO - [2023-04-19T05:43:34.476+0000] {dag.py:3441} INFO - Setting next_dagrun for hook_dag to 2018-11-05T10:00:00+00:00, run_after=2018-11-05T10:00:00+00:00
[2023-04-19T05:43:34.512+0000] {processor.py:175} INFO - Processing /opt/airflow/dags/pg-hook.py took 0.157 seconds
