[2023-02-28T03:50:05.418+0000] {processor.py:153} INFO - Started process (PID=47) to work on /home/airflow/.local/lib/python3.7/site-packages/airflow/example_dags/example_task_group.py
[2023-02-28T03:50:05.423+0000] {processor.py:743} INFO - Processing file /home/airflow/.local/lib/python3.7/site-packages/airflow/example_dags/example_task_group.py for tasks to queue
[2023-02-28T03:50:05.425+0000] {logging_mixin.py:137} INFO - [2023-02-28T03:50:05.424+0000] {dagbag.py:538} INFO - Filling up the DagBag from /home/airflow/.local/lib/python3.7/site-packages/airflow/example_dags/example_task_group.py
[2023-02-28T03:50:05.474+0000] {processor.py:753} INFO - DAG(s) dict_keys(['example_task_group']) retrieved from /home/airflow/.local/lib/python3.7/site-packages/airflow/example_dags/example_task_group.py
[2023-02-28T03:50:05.542+0000] {logging_mixin.py:137} INFO - [2023-02-28T03:50:05.541+0000] {dag.py:2690} INFO - Sync 1 DAGs
[2023-02-28T03:50:05.583+0000] {logging_mixin.py:137} INFO - [2023-02-28T03:50:05.583+0000] {dag.py:3441} INFO - Setting next_dagrun for example_task_group to 2023-02-27T03:50:05.583259+00:00, run_after=2023-02-28T03:50:05.583259+00:00
[2023-02-28T03:50:05.615+0000] {processor.py:175} INFO - Processing /home/airflow/.local/lib/python3.7/site-packages/airflow/example_dags/example_task_group.py took 0.202 seconds
[2023-02-28T03:50:35.850+0000] {processor.py:153} INFO - Started process (PID=112) to work on /home/airflow/.local/lib/python3.7/site-packages/airflow/example_dags/example_task_group.py
[2023-02-28T03:50:35.851+0000] {processor.py:743} INFO - Processing file /home/airflow/.local/lib/python3.7/site-packages/airflow/example_dags/example_task_group.py for tasks to queue
[2023-02-28T03:50:35.852+0000] {logging_mixin.py:137} INFO - [2023-02-28T03:50:35.852+0000] {dagbag.py:538} INFO - Filling up the DagBag from /home/airflow/.local/lib/python3.7/site-packages/airflow/example_dags/example_task_group.py
[2023-02-28T03:50:35.874+0000] {processor.py:753} INFO - DAG(s) dict_keys(['example_task_group']) retrieved from /home/airflow/.local/lib/python3.7/site-packages/airflow/example_dags/example_task_group.py
[2023-02-28T03:50:35.909+0000] {logging_mixin.py:137} INFO - [2023-02-28T03:50:35.909+0000] {dag.py:2690} INFO - Sync 1 DAGs
[2023-02-28T03:50:35.936+0000] {logging_mixin.py:137} INFO - [2023-02-28T03:50:35.936+0000] {dag.py:3441} INFO - Setting next_dagrun for example_task_group to 2023-02-27T03:50:35.936005+00:00, run_after=2023-02-28T03:50:35.936005+00:00
[2023-02-28T03:50:35.958+0000] {processor.py:175} INFO - Processing /home/airflow/.local/lib/python3.7/site-packages/airflow/example_dags/example_task_group.py took 0.113 seconds
[2023-02-28T03:51:06.047+0000] {processor.py:153} INFO - Started process (PID=177) to work on /home/airflow/.local/lib/python3.7/site-packages/airflow/example_dags/example_task_group.py
[2023-02-28T03:51:06.051+0000] {processor.py:743} INFO - Processing file /home/airflow/.local/lib/python3.7/site-packages/airflow/example_dags/example_task_group.py for tasks to queue
[2023-02-28T03:51:06.052+0000] {logging_mixin.py:137} INFO - [2023-02-28T03:51:06.052+0000] {dagbag.py:538} INFO - Filling up the DagBag from /home/airflow/.local/lib/python3.7/site-packages/airflow/example_dags/example_task_group.py
[2023-02-28T03:51:06.077+0000] {processor.py:753} INFO - DAG(s) dict_keys(['example_task_group']) retrieved from /home/airflow/.local/lib/python3.7/site-packages/airflow/example_dags/example_task_group.py
[2023-02-28T03:51:06.117+0000] {logging_mixin.py:137} INFO - [2023-02-28T03:51:06.117+0000] {dag.py:2690} INFO - Sync 1 DAGs
[2023-02-28T03:51:06.157+0000] {logging_mixin.py:137} INFO - [2023-02-28T03:51:06.157+0000] {dag.py:3441} INFO - Setting next_dagrun for example_task_group to 2023-02-27T03:51:06.156801+00:00, run_after=2023-02-28T03:51:06.156801+00:00
[2023-02-28T03:51:06.183+0000] {processor.py:175} INFO - Processing /home/airflow/.local/lib/python3.7/site-packages/airflow/example_dags/example_task_group.py took 0.141 seconds
[2023-02-28T03:51:36.254+0000] {processor.py:153} INFO - Started process (PID=253) to work on /home/airflow/.local/lib/python3.7/site-packages/airflow/example_dags/example_task_group.py
[2023-02-28T03:51:36.255+0000] {processor.py:743} INFO - Processing file /home/airflow/.local/lib/python3.7/site-packages/airflow/example_dags/example_task_group.py for tasks to queue
[2023-02-28T03:51:36.256+0000] {logging_mixin.py:137} INFO - [2023-02-28T03:51:36.256+0000] {dagbag.py:538} INFO - Filling up the DagBag from /home/airflow/.local/lib/python3.7/site-packages/airflow/example_dags/example_task_group.py
[2023-02-28T03:51:36.275+0000] {processor.py:753} INFO - DAG(s) dict_keys(['example_task_group']) retrieved from /home/airflow/.local/lib/python3.7/site-packages/airflow/example_dags/example_task_group.py
[2023-02-28T03:51:36.312+0000] {logging_mixin.py:137} INFO - [2023-02-28T03:51:36.312+0000] {dag.py:2690} INFO - Sync 1 DAGs
[2023-02-28T03:51:36.350+0000] {logging_mixin.py:137} INFO - [2023-02-28T03:51:36.350+0000] {dag.py:3441} INFO - Setting next_dagrun for example_task_group to 2023-02-27T03:51:36.350261+00:00, run_after=2023-02-28T03:51:36.350261+00:00
[2023-02-28T03:51:36.370+0000] {processor.py:175} INFO - Processing /home/airflow/.local/lib/python3.7/site-packages/airflow/example_dags/example_task_group.py took 0.121 seconds
[2023-02-28T03:52:07.074+0000] {processor.py:153} INFO - Started process (PID=317) to work on /home/airflow/.local/lib/python3.7/site-packages/airflow/example_dags/example_task_group.py
[2023-02-28T03:52:07.076+0000] {processor.py:743} INFO - Processing file /home/airflow/.local/lib/python3.7/site-packages/airflow/example_dags/example_task_group.py for tasks to queue
[2023-02-28T03:52:07.077+0000] {logging_mixin.py:137} INFO - [2023-02-28T03:52:07.077+0000] {dagbag.py:538} INFO - Filling up the DagBag from /home/airflow/.local/lib/python3.7/site-packages/airflow/example_dags/example_task_group.py
[2023-02-28T03:52:07.100+0000] {processor.py:753} INFO - DAG(s) dict_keys(['example_task_group']) retrieved from /home/airflow/.local/lib/python3.7/site-packages/airflow/example_dags/example_task_group.py
[2023-02-28T03:52:07.131+0000] {logging_mixin.py:137} INFO - [2023-02-28T03:52:07.131+0000] {dag.py:2690} INFO - Sync 1 DAGs
[2023-02-28T03:52:07.161+0000] {logging_mixin.py:137} INFO - [2023-02-28T03:52:07.161+0000] {dag.py:3441} INFO - Setting next_dagrun for example_task_group to 2023-02-27T03:52:07.161172+00:00, run_after=2023-02-28T03:52:07.161172+00:00
[2023-02-28T03:52:07.187+0000] {processor.py:175} INFO - Processing /home/airflow/.local/lib/python3.7/site-packages/airflow/example_dags/example_task_group.py took 0.118 seconds
[2023-02-28T03:52:37.553+0000] {processor.py:153} INFO - Started process (PID=395) to work on /home/airflow/.local/lib/python3.7/site-packages/airflow/example_dags/example_task_group.py
[2023-02-28T03:52:37.554+0000] {processor.py:743} INFO - Processing file /home/airflow/.local/lib/python3.7/site-packages/airflow/example_dags/example_task_group.py for tasks to queue
[2023-02-28T03:52:37.555+0000] {logging_mixin.py:137} INFO - [2023-02-28T03:52:37.555+0000] {dagbag.py:538} INFO - Filling up the DagBag from /home/airflow/.local/lib/python3.7/site-packages/airflow/example_dags/example_task_group.py
[2023-02-28T03:52:37.581+0000] {processor.py:753} INFO - DAG(s) dict_keys(['example_task_group']) retrieved from /home/airflow/.local/lib/python3.7/site-packages/airflow/example_dags/example_task_group.py
[2023-02-28T03:52:37.630+0000] {logging_mixin.py:137} INFO - [2023-02-28T03:52:37.629+0000] {dag.py:2690} INFO - Sync 1 DAGs
[2023-02-28T03:52:37.670+0000] {logging_mixin.py:137} INFO - [2023-02-28T03:52:37.670+0000] {dag.py:3441} INFO - Setting next_dagrun for example_task_group to 2023-02-27T03:52:37.670403+00:00, run_after=2023-02-28T03:52:37.670403+00:00
[2023-02-28T03:52:37.695+0000] {processor.py:175} INFO - Processing /home/airflow/.local/lib/python3.7/site-packages/airflow/example_dags/example_task_group.py took 0.147 seconds
[2023-02-28T03:53:08.341+0000] {processor.py:153} INFO - Started process (PID=460) to work on /home/airflow/.local/lib/python3.7/site-packages/airflow/example_dags/example_task_group.py
[2023-02-28T03:53:08.343+0000] {processor.py:743} INFO - Processing file /home/airflow/.local/lib/python3.7/site-packages/airflow/example_dags/example_task_group.py for tasks to queue
[2023-02-28T03:53:08.344+0000] {logging_mixin.py:137} INFO - [2023-02-28T03:53:08.344+0000] {dagbag.py:538} INFO - Filling up the DagBag from /home/airflow/.local/lib/python3.7/site-packages/airflow/example_dags/example_task_group.py
[2023-02-28T03:53:08.367+0000] {processor.py:753} INFO - DAG(s) dict_keys(['example_task_group']) retrieved from /home/airflow/.local/lib/python3.7/site-packages/airflow/example_dags/example_task_group.py
[2023-02-28T03:53:08.403+0000] {logging_mixin.py:137} INFO - [2023-02-28T03:53:08.402+0000] {dag.py:2690} INFO - Sync 1 DAGs
[2023-02-28T03:53:08.445+0000] {logging_mixin.py:137} INFO - [2023-02-28T03:53:08.445+0000] {dag.py:3441} INFO - Setting next_dagrun for example_task_group to 2023-02-27T03:53:08.445016+00:00, run_after=2023-02-28T03:53:08.445016+00:00
[2023-02-28T03:53:08.472+0000] {processor.py:175} INFO - Processing /home/airflow/.local/lib/python3.7/site-packages/airflow/example_dags/example_task_group.py took 0.136 seconds
[2023-02-28T03:53:38.806+0000] {processor.py:153} INFO - Started process (PID=525) to work on /home/airflow/.local/lib/python3.7/site-packages/airflow/example_dags/example_task_group.py
[2023-02-28T03:53:38.807+0000] {processor.py:743} INFO - Processing file /home/airflow/.local/lib/python3.7/site-packages/airflow/example_dags/example_task_group.py for tasks to queue
[2023-02-28T03:53:38.808+0000] {logging_mixin.py:137} INFO - [2023-02-28T03:53:38.808+0000] {dagbag.py:538} INFO - Filling up the DagBag from /home/airflow/.local/lib/python3.7/site-packages/airflow/example_dags/example_task_group.py
[2023-02-28T03:53:38.827+0000] {processor.py:753} INFO - DAG(s) dict_keys(['example_task_group']) retrieved from /home/airflow/.local/lib/python3.7/site-packages/airflow/example_dags/example_task_group.py
[2023-02-28T03:53:38.858+0000] {logging_mixin.py:137} INFO - [2023-02-28T03:53:38.858+0000] {dag.py:2690} INFO - Sync 1 DAGs
[2023-02-28T03:53:38.900+0000] {logging_mixin.py:137} INFO - [2023-02-28T03:53:38.899+0000] {dag.py:3441} INFO - Setting next_dagrun for example_task_group to 2023-02-27T03:53:38.899588+00:00, run_after=2023-02-28T03:53:38.899588+00:00
[2023-02-28T03:53:38.928+0000] {processor.py:175} INFO - Processing /home/airflow/.local/lib/python3.7/site-packages/airflow/example_dags/example_task_group.py took 0.126 seconds
[2023-02-28T03:54:09.053+0000] {processor.py:153} INFO - Started process (PID=604) to work on /home/airflow/.local/lib/python3.7/site-packages/airflow/example_dags/example_task_group.py
[2023-02-28T03:54:09.054+0000] {processor.py:743} INFO - Processing file /home/airflow/.local/lib/python3.7/site-packages/airflow/example_dags/example_task_group.py for tasks to queue
[2023-02-28T03:54:09.055+0000] {logging_mixin.py:137} INFO - [2023-02-28T03:54:09.055+0000] {dagbag.py:538} INFO - Filling up the DagBag from /home/airflow/.local/lib/python3.7/site-packages/airflow/example_dags/example_task_group.py
[2023-02-28T03:54:09.073+0000] {processor.py:753} INFO - DAG(s) dict_keys(['example_task_group']) retrieved from /home/airflow/.local/lib/python3.7/site-packages/airflow/example_dags/example_task_group.py
[2023-02-28T03:54:09.107+0000] {logging_mixin.py:137} INFO - [2023-02-28T03:54:09.107+0000] {dag.py:2690} INFO - Sync 1 DAGs
[2023-02-28T03:54:09.135+0000] {logging_mixin.py:137} INFO - [2023-02-28T03:54:09.135+0000] {dag.py:3441} INFO - Setting next_dagrun for example_task_group to 2023-02-27T03:54:09.134992+00:00, run_after=2023-02-28T03:54:09.134992+00:00
[2023-02-28T03:54:09.155+0000] {processor.py:175} INFO - Processing /home/airflow/.local/lib/python3.7/site-packages/airflow/example_dags/example_task_group.py took 0.106 seconds
[2023-02-28T03:54:39.235+0000] {processor.py:153} INFO - Started process (PID=667) to work on /home/airflow/.local/lib/python3.7/site-packages/airflow/example_dags/example_task_group.py
[2023-02-28T03:54:39.237+0000] {processor.py:743} INFO - Processing file /home/airflow/.local/lib/python3.7/site-packages/airflow/example_dags/example_task_group.py for tasks to queue
[2023-02-28T03:54:39.237+0000] {logging_mixin.py:137} INFO - [2023-02-28T03:54:39.237+0000] {dagbag.py:538} INFO - Filling up the DagBag from /home/airflow/.local/lib/python3.7/site-packages/airflow/example_dags/example_task_group.py
[2023-02-28T03:54:39.258+0000] {processor.py:753} INFO - DAG(s) dict_keys(['example_task_group']) retrieved from /home/airflow/.local/lib/python3.7/site-packages/airflow/example_dags/example_task_group.py
[2023-02-28T03:54:39.295+0000] {logging_mixin.py:137} INFO - [2023-02-28T03:54:39.295+0000] {dag.py:2690} INFO - Sync 1 DAGs
[2023-02-28T03:54:39.326+0000] {logging_mixin.py:137} INFO - [2023-02-28T03:54:39.326+0000] {dag.py:3441} INFO - Setting next_dagrun for example_task_group to 2023-02-27T03:54:39.326078+00:00, run_after=2023-02-28T03:54:39.326078+00:00
[2023-02-28T03:54:39.350+0000] {processor.py:175} INFO - Processing /home/airflow/.local/lib/python3.7/site-packages/airflow/example_dags/example_task_group.py took 0.119 seconds
[2023-02-28T03:55:09.818+0000] {processor.py:153} INFO - Started process (PID=743) to work on /home/airflow/.local/lib/python3.7/site-packages/airflow/example_dags/example_task_group.py
[2023-02-28T03:55:09.819+0000] {processor.py:743} INFO - Processing file /home/airflow/.local/lib/python3.7/site-packages/airflow/example_dags/example_task_group.py for tasks to queue
[2023-02-28T03:55:09.820+0000] {logging_mixin.py:137} INFO - [2023-02-28T03:55:09.820+0000] {dagbag.py:538} INFO - Filling up the DagBag from /home/airflow/.local/lib/python3.7/site-packages/airflow/example_dags/example_task_group.py
[2023-02-28T03:55:09.846+0000] {processor.py:753} INFO - DAG(s) dict_keys(['example_task_group']) retrieved from /home/airflow/.local/lib/python3.7/site-packages/airflow/example_dags/example_task_group.py
[2023-02-28T03:55:09.889+0000] {logging_mixin.py:137} INFO - [2023-02-28T03:55:09.888+0000] {dag.py:2690} INFO - Sync 1 DAGs
[2023-02-28T03:55:09.934+0000] {logging_mixin.py:137} INFO - [2023-02-28T03:55:09.934+0000] {dag.py:3441} INFO - Setting next_dagrun for example_task_group to 2023-02-27T03:55:09.933892+00:00, run_after=2023-02-28T03:55:09.933892+00:00
[2023-02-28T03:55:09.955+0000] {processor.py:175} INFO - Processing /home/airflow/.local/lib/python3.7/site-packages/airflow/example_dags/example_task_group.py took 0.143 seconds
[2023-02-28T03:55:40.057+0000] {processor.py:153} INFO - Started process (PID=808) to work on /home/airflow/.local/lib/python3.7/site-packages/airflow/example_dags/example_task_group.py
[2023-02-28T03:55:40.059+0000] {processor.py:743} INFO - Processing file /home/airflow/.local/lib/python3.7/site-packages/airflow/example_dags/example_task_group.py for tasks to queue
[2023-02-28T03:55:40.060+0000] {logging_mixin.py:137} INFO - [2023-02-28T03:55:40.060+0000] {dagbag.py:538} INFO - Filling up the DagBag from /home/airflow/.local/lib/python3.7/site-packages/airflow/example_dags/example_task_group.py
[2023-02-28T03:55:40.080+0000] {processor.py:753} INFO - DAG(s) dict_keys(['example_task_group']) retrieved from /home/airflow/.local/lib/python3.7/site-packages/airflow/example_dags/example_task_group.py
[2023-02-28T03:55:40.120+0000] {logging_mixin.py:137} INFO - [2023-02-28T03:55:40.120+0000] {dag.py:2690} INFO - Sync 1 DAGs
[2023-02-28T03:55:40.156+0000] {logging_mixin.py:137} INFO - [2023-02-28T03:55:40.156+0000] {dag.py:3441} INFO - Setting next_dagrun for example_task_group to 2023-02-27T03:55:40.156365+00:00, run_after=2023-02-28T03:55:40.156365+00:00
[2023-02-28T03:55:40.185+0000] {processor.py:175} INFO - Processing /home/airflow/.local/lib/python3.7/site-packages/airflow/example_dags/example_task_group.py took 0.133 seconds
[2023-02-28T03:56:10.903+0000] {processor.py:153} INFO - Started process (PID=871) to work on /home/airflow/.local/lib/python3.7/site-packages/airflow/example_dags/example_task_group.py
[2023-02-28T03:56:10.904+0000] {processor.py:743} INFO - Processing file /home/airflow/.local/lib/python3.7/site-packages/airflow/example_dags/example_task_group.py for tasks to queue
[2023-02-28T03:56:10.905+0000] {logging_mixin.py:137} INFO - [2023-02-28T03:56:10.905+0000] {dagbag.py:538} INFO - Filling up the DagBag from /home/airflow/.local/lib/python3.7/site-packages/airflow/example_dags/example_task_group.py
[2023-02-28T03:56:10.924+0000] {processor.py:753} INFO - DAG(s) dict_keys(['example_task_group']) retrieved from /home/airflow/.local/lib/python3.7/site-packages/airflow/example_dags/example_task_group.py
[2023-02-28T03:56:10.957+0000] {logging_mixin.py:137} INFO - [2023-02-28T03:56:10.957+0000] {dag.py:2690} INFO - Sync 1 DAGs
[2023-02-28T03:56:10.986+0000] {logging_mixin.py:137} INFO - [2023-02-28T03:56:10.986+0000] {dag.py:3441} INFO - Setting next_dagrun for example_task_group to 2023-02-27T03:56:10.986174+00:00, run_after=2023-02-28T03:56:10.986174+00:00
[2023-02-28T03:56:11.009+0000] {processor.py:175} INFO - Processing /home/airflow/.local/lib/python3.7/site-packages/airflow/example_dags/example_task_group.py took 0.110 seconds
[2023-02-28T03:56:41.666+0000] {processor.py:153} INFO - Started process (PID=948) to work on /home/airflow/.local/lib/python3.7/site-packages/airflow/example_dags/example_task_group.py
[2023-02-28T03:56:41.668+0000] {processor.py:743} INFO - Processing file /home/airflow/.local/lib/python3.7/site-packages/airflow/example_dags/example_task_group.py for tasks to queue
[2023-02-28T03:56:41.669+0000] {logging_mixin.py:137} INFO - [2023-02-28T03:56:41.668+0000] {dagbag.py:538} INFO - Filling up the DagBag from /home/airflow/.local/lib/python3.7/site-packages/airflow/example_dags/example_task_group.py
[2023-02-28T03:56:41.689+0000] {processor.py:753} INFO - DAG(s) dict_keys(['example_task_group']) retrieved from /home/airflow/.local/lib/python3.7/site-packages/airflow/example_dags/example_task_group.py
[2023-02-28T03:56:41.722+0000] {logging_mixin.py:137} INFO - [2023-02-28T03:56:41.722+0000] {dag.py:2690} INFO - Sync 1 DAGs
[2023-02-28T03:56:41.753+0000] {logging_mixin.py:137} INFO - [2023-02-28T03:56:41.753+0000] {dag.py:3441} INFO - Setting next_dagrun for example_task_group to 2023-02-27T03:56:41.753239+00:00, run_after=2023-02-28T03:56:41.753239+00:00
[2023-02-28T03:56:41.778+0000] {processor.py:175} INFO - Processing /home/airflow/.local/lib/python3.7/site-packages/airflow/example_dags/example_task_group.py took 0.117 seconds
[2023-02-28T03:57:12.442+0000] {processor.py:153} INFO - Started process (PID=1011) to work on /home/airflow/.local/lib/python3.7/site-packages/airflow/example_dags/example_task_group.py
[2023-02-28T03:57:12.444+0000] {processor.py:743} INFO - Processing file /home/airflow/.local/lib/python3.7/site-packages/airflow/example_dags/example_task_group.py for tasks to queue
[2023-02-28T03:57:12.444+0000] {logging_mixin.py:137} INFO - [2023-02-28T03:57:12.444+0000] {dagbag.py:538} INFO - Filling up the DagBag from /home/airflow/.local/lib/python3.7/site-packages/airflow/example_dags/example_task_group.py
[2023-02-28T03:57:12.463+0000] {processor.py:753} INFO - DAG(s) dict_keys(['example_task_group']) retrieved from /home/airflow/.local/lib/python3.7/site-packages/airflow/example_dags/example_task_group.py
[2023-02-28T03:57:12.493+0000] {logging_mixin.py:137} INFO - [2023-02-28T03:57:12.493+0000] {dag.py:2690} INFO - Sync 1 DAGs
[2023-02-28T03:57:12.520+0000] {logging_mixin.py:137} INFO - [2023-02-28T03:57:12.520+0000] {dag.py:3441} INFO - Setting next_dagrun for example_task_group to 2023-02-27T03:57:12.520557+00:00, run_after=2023-02-28T03:57:12.520557+00:00
[2023-02-28T03:57:12.542+0000] {processor.py:175} INFO - Processing /home/airflow/.local/lib/python3.7/site-packages/airflow/example_dags/example_task_group.py took 0.104 seconds
[2023-02-28T03:57:43.166+0000] {processor.py:153} INFO - Started process (PID=1085) to work on /home/airflow/.local/lib/python3.7/site-packages/airflow/example_dags/example_task_group.py
[2023-02-28T03:57:43.170+0000] {processor.py:743} INFO - Processing file /home/airflow/.local/lib/python3.7/site-packages/airflow/example_dags/example_task_group.py for tasks to queue
[2023-02-28T03:57:43.171+0000] {logging_mixin.py:137} INFO - [2023-02-28T03:57:43.170+0000] {dagbag.py:538} INFO - Filling up the DagBag from /home/airflow/.local/lib/python3.7/site-packages/airflow/example_dags/example_task_group.py
[2023-02-28T03:57:43.195+0000] {processor.py:753} INFO - DAG(s) dict_keys(['example_task_group']) retrieved from /home/airflow/.local/lib/python3.7/site-packages/airflow/example_dags/example_task_group.py
[2023-02-28T03:57:43.236+0000] {logging_mixin.py:137} INFO - [2023-02-28T03:57:43.236+0000] {dag.py:2690} INFO - Sync 1 DAGs
[2023-02-28T03:57:43.276+0000] {logging_mixin.py:137} INFO - [2023-02-28T03:57:43.275+0000] {dag.py:3441} INFO - Setting next_dagrun for example_task_group to 2023-02-27T03:57:43.275563+00:00, run_after=2023-02-28T03:57:43.275563+00:00
[2023-02-28T03:57:43.300+0000] {processor.py:175} INFO - Processing /home/airflow/.local/lib/python3.7/site-packages/airflow/example_dags/example_task_group.py took 0.140 seconds
[2023-02-28T03:58:14.029+0000] {processor.py:153} INFO - Started process (PID=1153) to work on /home/airflow/.local/lib/python3.7/site-packages/airflow/example_dags/example_task_group.py
[2023-02-28T03:58:14.031+0000] {processor.py:743} INFO - Processing file /home/airflow/.local/lib/python3.7/site-packages/airflow/example_dags/example_task_group.py for tasks to queue
[2023-02-28T03:58:14.032+0000] {logging_mixin.py:137} INFO - [2023-02-28T03:58:14.032+0000] {dagbag.py:538} INFO - Filling up the DagBag from /home/airflow/.local/lib/python3.7/site-packages/airflow/example_dags/example_task_group.py
[2023-02-28T03:58:14.051+0000] {processor.py:753} INFO - DAG(s) dict_keys(['example_task_group']) retrieved from /home/airflow/.local/lib/python3.7/site-packages/airflow/example_dags/example_task_group.py
[2023-02-28T03:58:14.080+0000] {logging_mixin.py:137} INFO - [2023-02-28T03:58:14.080+0000] {dag.py:2690} INFO - Sync 1 DAGs
[2023-02-28T03:58:14.108+0000] {logging_mixin.py:137} INFO - [2023-02-28T03:58:14.108+0000] {dag.py:3441} INFO - Setting next_dagrun for example_task_group to 2023-02-27T03:58:14.107836+00:00, run_after=2023-02-28T03:58:14.107836+00:00
[2023-02-28T03:58:14.129+0000] {processor.py:175} INFO - Processing /home/airflow/.local/lib/python3.7/site-packages/airflow/example_dags/example_task_group.py took 0.104 seconds
[2023-02-28T03:58:44.556+0000] {processor.py:153} INFO - Started process (PID=1217) to work on /home/airflow/.local/lib/python3.7/site-packages/airflow/example_dags/example_task_group.py
[2023-02-28T03:58:44.557+0000] {processor.py:743} INFO - Processing file /home/airflow/.local/lib/python3.7/site-packages/airflow/example_dags/example_task_group.py for tasks to queue
[2023-02-28T03:58:44.558+0000] {logging_mixin.py:137} INFO - [2023-02-28T03:58:44.558+0000] {dagbag.py:538} INFO - Filling up the DagBag from /home/airflow/.local/lib/python3.7/site-packages/airflow/example_dags/example_task_group.py
[2023-02-28T03:58:44.577+0000] {processor.py:753} INFO - DAG(s) dict_keys(['example_task_group']) retrieved from /home/airflow/.local/lib/python3.7/site-packages/airflow/example_dags/example_task_group.py
[2023-02-28T03:58:44.607+0000] {logging_mixin.py:137} INFO - [2023-02-28T03:58:44.606+0000] {dag.py:2690} INFO - Sync 1 DAGs
[2023-02-28T03:58:44.638+0000] {logging_mixin.py:137} INFO - [2023-02-28T03:58:44.638+0000] {dag.py:3441} INFO - Setting next_dagrun for example_task_group to 2023-02-27T03:58:44.638101+00:00, run_after=2023-02-28T03:58:44.638101+00:00
[2023-02-28T03:58:44.666+0000] {processor.py:175} INFO - Processing /home/airflow/.local/lib/python3.7/site-packages/airflow/example_dags/example_task_group.py took 0.114 seconds
[2023-02-28T03:59:15.603+0000] {processor.py:153} INFO - Started process (PID=1294) to work on /home/airflow/.local/lib/python3.7/site-packages/airflow/example_dags/example_task_group.py
[2023-02-28T03:59:15.604+0000] {processor.py:743} INFO - Processing file /home/airflow/.local/lib/python3.7/site-packages/airflow/example_dags/example_task_group.py for tasks to queue
[2023-02-28T03:59:15.605+0000] {logging_mixin.py:137} INFO - [2023-02-28T03:59:15.605+0000] {dagbag.py:538} INFO - Filling up the DagBag from /home/airflow/.local/lib/python3.7/site-packages/airflow/example_dags/example_task_group.py
[2023-02-28T03:59:15.623+0000] {processor.py:753} INFO - DAG(s) dict_keys(['example_task_group']) retrieved from /home/airflow/.local/lib/python3.7/site-packages/airflow/example_dags/example_task_group.py
[2023-02-28T03:59:15.652+0000] {logging_mixin.py:137} INFO - [2023-02-28T03:59:15.651+0000] {dag.py:2690} INFO - Sync 1 DAGs
[2023-02-28T03:59:15.679+0000] {logging_mixin.py:137} INFO - [2023-02-28T03:59:15.679+0000] {dag.py:3441} INFO - Setting next_dagrun for example_task_group to 2023-02-27T03:59:15.679259+00:00, run_after=2023-02-28T03:59:15.679259+00:00
[2023-02-28T03:59:15.699+0000] {processor.py:175} INFO - Processing /home/airflow/.local/lib/python3.7/site-packages/airflow/example_dags/example_task_group.py took 0.101 seconds
[2023-02-28T03:59:45.751+0000] {processor.py:153} INFO - Started process (PID=1359) to work on /home/airflow/.local/lib/python3.7/site-packages/airflow/example_dags/example_task_group.py
[2023-02-28T03:59:45.752+0000] {processor.py:743} INFO - Processing file /home/airflow/.local/lib/python3.7/site-packages/airflow/example_dags/example_task_group.py for tasks to queue
[2023-02-28T03:59:45.753+0000] {logging_mixin.py:137} INFO - [2023-02-28T03:59:45.753+0000] {dagbag.py:538} INFO - Filling up the DagBag from /home/airflow/.local/lib/python3.7/site-packages/airflow/example_dags/example_task_group.py
[2023-02-28T03:59:45.772+0000] {processor.py:753} INFO - DAG(s) dict_keys(['example_task_group']) retrieved from /home/airflow/.local/lib/python3.7/site-packages/airflow/example_dags/example_task_group.py
[2023-02-28T03:59:45.802+0000] {logging_mixin.py:137} INFO - [2023-02-28T03:59:45.802+0000] {dag.py:2690} INFO - Sync 1 DAGs
[2023-02-28T03:59:45.829+0000] {logging_mixin.py:137} INFO - [2023-02-28T03:59:45.829+0000] {dag.py:3441} INFO - Setting next_dagrun for example_task_group to 2023-02-27T03:59:45.829467+00:00, run_after=2023-02-28T03:59:45.829467+00:00
[2023-02-28T03:59:45.850+0000] {processor.py:175} INFO - Processing /home/airflow/.local/lib/python3.7/site-packages/airflow/example_dags/example_task_group.py took 0.104 seconds
[2023-02-28T04:00:16.030+0000] {processor.py:153} INFO - Started process (PID=1436) to work on /home/airflow/.local/lib/python3.7/site-packages/airflow/example_dags/example_task_group.py
[2023-02-28T04:00:16.031+0000] {processor.py:743} INFO - Processing file /home/airflow/.local/lib/python3.7/site-packages/airflow/example_dags/example_task_group.py for tasks to queue
[2023-02-28T04:00:16.032+0000] {logging_mixin.py:137} INFO - [2023-02-28T04:00:16.032+0000] {dagbag.py:538} INFO - Filling up the DagBag from /home/airflow/.local/lib/python3.7/site-packages/airflow/example_dags/example_task_group.py
[2023-02-28T04:00:16.052+0000] {processor.py:753} INFO - DAG(s) dict_keys(['example_task_group']) retrieved from /home/airflow/.local/lib/python3.7/site-packages/airflow/example_dags/example_task_group.py
[2023-02-28T04:00:16.083+0000] {logging_mixin.py:137} INFO - [2023-02-28T04:00:16.083+0000] {dag.py:2690} INFO - Sync 1 DAGs
[2023-02-28T04:00:16.110+0000] {logging_mixin.py:137} INFO - [2023-02-28T04:00:16.110+0000] {dag.py:3441} INFO - Setting next_dagrun for example_task_group to 2023-02-27T04:00:16.110360+00:00, run_after=2023-02-28T04:00:16.110360+00:00
[2023-02-28T04:00:16.131+0000] {processor.py:175} INFO - Processing /home/airflow/.local/lib/python3.7/site-packages/airflow/example_dags/example_task_group.py took 0.105 seconds
[2023-02-28T04:00:46.278+0000] {processor.py:153} INFO - Started process (PID=1500) to work on /home/airflow/.local/lib/python3.7/site-packages/airflow/example_dags/example_task_group.py
[2023-02-28T04:00:46.280+0000] {processor.py:743} INFO - Processing file /home/airflow/.local/lib/python3.7/site-packages/airflow/example_dags/example_task_group.py for tasks to queue
[2023-02-28T04:00:46.281+0000] {logging_mixin.py:137} INFO - [2023-02-28T04:00:46.281+0000] {dagbag.py:538} INFO - Filling up the DagBag from /home/airflow/.local/lib/python3.7/site-packages/airflow/example_dags/example_task_group.py
[2023-02-28T04:00:46.302+0000] {processor.py:753} INFO - DAG(s) dict_keys(['example_task_group']) retrieved from /home/airflow/.local/lib/python3.7/site-packages/airflow/example_dags/example_task_group.py
[2023-02-28T04:00:46.332+0000] {logging_mixin.py:137} INFO - [2023-02-28T04:00:46.332+0000] {dag.py:2690} INFO - Sync 1 DAGs
[2023-02-28T04:00:46.360+0000] {logging_mixin.py:137} INFO - [2023-02-28T04:00:46.360+0000] {dag.py:3441} INFO - Setting next_dagrun for example_task_group to 2023-02-27T04:00:46.360047+00:00, run_after=2023-02-28T04:00:46.360047+00:00
[2023-02-28T04:00:46.379+0000] {processor.py:175} INFO - Processing /home/airflow/.local/lib/python3.7/site-packages/airflow/example_dags/example_task_group.py took 0.106 seconds
[2023-02-28T04:01:16.734+0000] {processor.py:153} INFO - Started process (PID=1573) to work on /home/airflow/.local/lib/python3.7/site-packages/airflow/example_dags/example_task_group.py
[2023-02-28T04:01:16.735+0000] {processor.py:743} INFO - Processing file /home/airflow/.local/lib/python3.7/site-packages/airflow/example_dags/example_task_group.py for tasks to queue
[2023-02-28T04:01:16.736+0000] {logging_mixin.py:137} INFO - [2023-02-28T04:01:16.736+0000] {dagbag.py:538} INFO - Filling up the DagBag from /home/airflow/.local/lib/python3.7/site-packages/airflow/example_dags/example_task_group.py
[2023-02-28T04:01:16.760+0000] {processor.py:753} INFO - DAG(s) dict_keys(['example_task_group']) retrieved from /home/airflow/.local/lib/python3.7/site-packages/airflow/example_dags/example_task_group.py
[2023-02-28T04:01:16.807+0000] {logging_mixin.py:137} INFO - [2023-02-28T04:01:16.807+0000] {dag.py:2690} INFO - Sync 1 DAGs
[2023-02-28T04:01:16.847+0000] {logging_mixin.py:137} INFO - [2023-02-28T04:01:16.847+0000] {dag.py:3441} INFO - Setting next_dagrun for example_task_group to 2023-02-27T04:01:16.846725+00:00, run_after=2023-02-28T04:01:16.846725+00:00
[2023-02-28T04:01:16.872+0000] {processor.py:175} INFO - Processing /home/airflow/.local/lib/python3.7/site-packages/airflow/example_dags/example_task_group.py took 0.143 seconds
[2023-02-28T04:01:47.006+0000] {processor.py:153} INFO - Started process (PID=1640) to work on /home/airflow/.local/lib/python3.7/site-packages/airflow/example_dags/example_task_group.py
[2023-02-28T04:01:47.007+0000] {processor.py:743} INFO - Processing file /home/airflow/.local/lib/python3.7/site-packages/airflow/example_dags/example_task_group.py for tasks to queue
[2023-02-28T04:01:47.008+0000] {logging_mixin.py:137} INFO - [2023-02-28T04:01:47.008+0000] {dagbag.py:538} INFO - Filling up the DagBag from /home/airflow/.local/lib/python3.7/site-packages/airflow/example_dags/example_task_group.py
[2023-02-28T04:01:47.026+0000] {processor.py:753} INFO - DAG(s) dict_keys(['example_task_group']) retrieved from /home/airflow/.local/lib/python3.7/site-packages/airflow/example_dags/example_task_group.py
[2023-02-28T04:01:47.054+0000] {logging_mixin.py:137} INFO - [2023-02-28T04:01:47.054+0000] {dag.py:2690} INFO - Sync 1 DAGs
[2023-02-28T04:01:47.084+0000] {logging_mixin.py:137} INFO - [2023-02-28T04:01:47.083+0000] {dag.py:3441} INFO - Setting next_dagrun for example_task_group to 2023-02-27T04:01:47.083612+00:00, run_after=2023-02-28T04:01:47.083612+00:00
[2023-02-28T04:01:47.104+0000] {processor.py:175} INFO - Processing /home/airflow/.local/lib/python3.7/site-packages/airflow/example_dags/example_task_group.py took 0.102 seconds
[2023-02-28T04:02:17.589+0000] {processor.py:153} INFO - Started process (PID=1705) to work on /home/airflow/.local/lib/python3.7/site-packages/airflow/example_dags/example_task_group.py
[2023-02-28T04:02:17.590+0000] {processor.py:743} INFO - Processing file /home/airflow/.local/lib/python3.7/site-packages/airflow/example_dags/example_task_group.py for tasks to queue
[2023-02-28T04:02:17.591+0000] {logging_mixin.py:137} INFO - [2023-02-28T04:02:17.591+0000] {dagbag.py:538} INFO - Filling up the DagBag from /home/airflow/.local/lib/python3.7/site-packages/airflow/example_dags/example_task_group.py
[2023-02-28T04:02:17.610+0000] {processor.py:753} INFO - DAG(s) dict_keys(['example_task_group']) retrieved from /home/airflow/.local/lib/python3.7/site-packages/airflow/example_dags/example_task_group.py
[2023-02-28T04:02:17.641+0000] {logging_mixin.py:137} INFO - [2023-02-28T04:02:17.641+0000] {dag.py:2690} INFO - Sync 1 DAGs
[2023-02-28T04:02:17.670+0000] {logging_mixin.py:137} INFO - [2023-02-28T04:02:17.670+0000] {dag.py:3441} INFO - Setting next_dagrun for example_task_group to 2023-02-27T04:02:17.670390+00:00, run_after=2023-02-28T04:02:17.670390+00:00
[2023-02-28T04:02:17.692+0000] {processor.py:175} INFO - Processing /home/airflow/.local/lib/python3.7/site-packages/airflow/example_dags/example_task_group.py took 0.107 seconds
[2023-02-28T04:02:47.945+0000] {processor.py:153} INFO - Started process (PID=1782) to work on /home/airflow/.local/lib/python3.7/site-packages/airflow/example_dags/example_task_group.py
[2023-02-28T04:02:47.946+0000] {processor.py:743} INFO - Processing file /home/airflow/.local/lib/python3.7/site-packages/airflow/example_dags/example_task_group.py for tasks to queue
[2023-02-28T04:02:47.947+0000] {logging_mixin.py:137} INFO - [2023-02-28T04:02:47.947+0000] {dagbag.py:538} INFO - Filling up the DagBag from /home/airflow/.local/lib/python3.7/site-packages/airflow/example_dags/example_task_group.py
[2023-02-28T04:02:47.970+0000] {processor.py:753} INFO - DAG(s) dict_keys(['example_task_group']) retrieved from /home/airflow/.local/lib/python3.7/site-packages/airflow/example_dags/example_task_group.py
[2023-02-28T04:02:47.999+0000] {logging_mixin.py:137} INFO - [2023-02-28T04:02:47.999+0000] {dag.py:2690} INFO - Sync 1 DAGs
[2023-02-28T04:02:48.033+0000] {logging_mixin.py:137} INFO - [2023-02-28T04:02:48.033+0000] {dag.py:3441} INFO - Setting next_dagrun for example_task_group to 2023-02-27T04:02:48.032905+00:00, run_after=2023-02-28T04:02:48.032905+00:00
[2023-02-28T04:02:48.065+0000] {processor.py:175} INFO - Processing /home/airflow/.local/lib/python3.7/site-packages/airflow/example_dags/example_task_group.py took 0.124 seconds
[2023-02-28T04:03:18.201+0000] {processor.py:153} INFO - Started process (PID=1845) to work on /home/airflow/.local/lib/python3.7/site-packages/airflow/example_dags/example_task_group.py
[2023-02-28T04:03:18.202+0000] {processor.py:743} INFO - Processing file /home/airflow/.local/lib/python3.7/site-packages/airflow/example_dags/example_task_group.py for tasks to queue
[2023-02-28T04:03:18.203+0000] {logging_mixin.py:137} INFO - [2023-02-28T04:03:18.202+0000] {dagbag.py:538} INFO - Filling up the DagBag from /home/airflow/.local/lib/python3.7/site-packages/airflow/example_dags/example_task_group.py
[2023-02-28T04:03:18.224+0000] {processor.py:753} INFO - DAG(s) dict_keys(['example_task_group']) retrieved from /home/airflow/.local/lib/python3.7/site-packages/airflow/example_dags/example_task_group.py
[2023-02-28T04:03:18.255+0000] {logging_mixin.py:137} INFO - [2023-02-28T04:03:18.255+0000] {dag.py:2690} INFO - Sync 1 DAGs
[2023-02-28T04:03:18.285+0000] {logging_mixin.py:137} INFO - [2023-02-28T04:03:18.284+0000] {dag.py:3441} INFO - Setting next_dagrun for example_task_group to 2023-02-27T04:03:18.284628+00:00, run_after=2023-02-28T04:03:18.284628+00:00
[2023-02-28T04:03:18.306+0000] {processor.py:175} INFO - Processing /home/airflow/.local/lib/python3.7/site-packages/airflow/example_dags/example_task_group.py took 0.110 seconds
[2023-02-28T04:03:48.484+0000] {processor.py:153} INFO - Started process (PID=1909) to work on /home/airflow/.local/lib/python3.7/site-packages/airflow/example_dags/example_task_group.py
[2023-02-28T04:03:48.491+0000] {processor.py:743} INFO - Processing file /home/airflow/.local/lib/python3.7/site-packages/airflow/example_dags/example_task_group.py for tasks to queue
[2023-02-28T04:03:48.492+0000] {logging_mixin.py:137} INFO - [2023-02-28T04:03:48.491+0000] {dagbag.py:538} INFO - Filling up the DagBag from /home/airflow/.local/lib/python3.7/site-packages/airflow/example_dags/example_task_group.py
[2023-02-28T04:03:48.519+0000] {processor.py:753} INFO - DAG(s) dict_keys(['example_task_group']) retrieved from /home/airflow/.local/lib/python3.7/site-packages/airflow/example_dags/example_task_group.py
[2023-02-28T04:03:48.559+0000] {logging_mixin.py:137} INFO - [2023-02-28T04:03:48.559+0000] {dag.py:2690} INFO - Sync 1 DAGs
[2023-02-28T04:03:48.597+0000] {logging_mixin.py:137} INFO - [2023-02-28T04:03:48.597+0000] {dag.py:3441} INFO - Setting next_dagrun for example_task_group to 2023-02-27T04:03:48.597294+00:00, run_after=2023-02-28T04:03:48.597294+00:00
[2023-02-28T04:03:48.629+0000] {processor.py:175} INFO - Processing /home/airflow/.local/lib/python3.7/site-packages/airflow/example_dags/example_task_group.py took 0.151 seconds
[2023-02-28T04:04:18.736+0000] {processor.py:153} INFO - Started process (PID=1986) to work on /home/airflow/.local/lib/python3.7/site-packages/airflow/example_dags/example_task_group.py
[2023-02-28T04:04:18.737+0000] {processor.py:743} INFO - Processing file /home/airflow/.local/lib/python3.7/site-packages/airflow/example_dags/example_task_group.py for tasks to queue
[2023-02-28T04:04:18.738+0000] {logging_mixin.py:137} INFO - [2023-02-28T04:04:18.737+0000] {dagbag.py:538} INFO - Filling up the DagBag from /home/airflow/.local/lib/python3.7/site-packages/airflow/example_dags/example_task_group.py
[2023-02-28T04:04:18.758+0000] {processor.py:753} INFO - DAG(s) dict_keys(['example_task_group']) retrieved from /home/airflow/.local/lib/python3.7/site-packages/airflow/example_dags/example_task_group.py
[2023-02-28T04:04:18.795+0000] {logging_mixin.py:137} INFO - [2023-02-28T04:04:18.795+0000] {dag.py:2690} INFO - Sync 1 DAGs
[2023-02-28T04:04:18.833+0000] {logging_mixin.py:137} INFO - [2023-02-28T04:04:18.833+0000] {dag.py:3441} INFO - Setting next_dagrun for example_task_group to 2023-02-27T04:04:18.833328+00:00, run_after=2023-02-28T04:04:18.833328+00:00
[2023-02-28T04:04:18.855+0000] {processor.py:175} INFO - Processing /home/airflow/.local/lib/python3.7/site-packages/airflow/example_dags/example_task_group.py took 0.125 seconds
[2023-02-28T04:04:48.909+0000] {processor.py:153} INFO - Started process (PID=2050) to work on /home/airflow/.local/lib/python3.7/site-packages/airflow/example_dags/example_task_group.py
[2023-02-28T04:04:48.910+0000] {processor.py:743} INFO - Processing file /home/airflow/.local/lib/python3.7/site-packages/airflow/example_dags/example_task_group.py for tasks to queue
[2023-02-28T04:04:48.911+0000] {logging_mixin.py:137} INFO - [2023-02-28T04:04:48.911+0000] {dagbag.py:538} INFO - Filling up the DagBag from /home/airflow/.local/lib/python3.7/site-packages/airflow/example_dags/example_task_group.py
[2023-02-28T04:04:48.938+0000] {processor.py:753} INFO - DAG(s) dict_keys(['example_task_group']) retrieved from /home/airflow/.local/lib/python3.7/site-packages/airflow/example_dags/example_task_group.py
[2023-02-28T04:04:48.978+0000] {logging_mixin.py:137} INFO - [2023-02-28T04:04:48.978+0000] {dag.py:2690} INFO - Sync 1 DAGs
[2023-02-28T04:04:49.018+0000] {logging_mixin.py:137} INFO - [2023-02-28T04:04:49.018+0000] {dag.py:3441} INFO - Setting next_dagrun for example_task_group to 2023-02-27T04:04:49.018030+00:00, run_after=2023-02-28T04:04:49.018030+00:00
[2023-02-28T04:04:49.037+0000] {processor.py:175} INFO - Processing /home/airflow/.local/lib/python3.7/site-packages/airflow/example_dags/example_task_group.py took 0.135 seconds
[2023-02-28T04:05:19.166+0000] {processor.py:153} INFO - Started process (PID=2127) to work on /home/airflow/.local/lib/python3.7/site-packages/airflow/example_dags/example_task_group.py
[2023-02-28T04:05:19.167+0000] {processor.py:743} INFO - Processing file /home/airflow/.local/lib/python3.7/site-packages/airflow/example_dags/example_task_group.py for tasks to queue
[2023-02-28T04:05:19.168+0000] {logging_mixin.py:137} INFO - [2023-02-28T04:05:19.168+0000] {dagbag.py:538} INFO - Filling up the DagBag from /home/airflow/.local/lib/python3.7/site-packages/airflow/example_dags/example_task_group.py
[2023-02-28T04:05:19.193+0000] {processor.py:753} INFO - DAG(s) dict_keys(['example_task_group']) retrieved from /home/airflow/.local/lib/python3.7/site-packages/airflow/example_dags/example_task_group.py
[2023-02-28T04:05:19.230+0000] {logging_mixin.py:137} INFO - [2023-02-28T04:05:19.230+0000] {dag.py:2690} INFO - Sync 1 DAGs
[2023-02-28T04:05:19.266+0000] {logging_mixin.py:137} INFO - [2023-02-28T04:05:19.266+0000] {dag.py:3441} INFO - Setting next_dagrun for example_task_group to 2023-02-27T04:05:19.266468+00:00, run_after=2023-02-28T04:05:19.266468+00:00
[2023-02-28T04:05:19.286+0000] {processor.py:175} INFO - Processing /home/airflow/.local/lib/python3.7/site-packages/airflow/example_dags/example_task_group.py took 0.125 seconds
[2023-02-28T04:05:49.527+0000] {processor.py:153} INFO - Started process (PID=2192) to work on /home/airflow/.local/lib/python3.7/site-packages/airflow/example_dags/example_task_group.py
[2023-02-28T04:05:49.529+0000] {processor.py:743} INFO - Processing file /home/airflow/.local/lib/python3.7/site-packages/airflow/example_dags/example_task_group.py for tasks to queue
[2023-02-28T04:05:49.530+0000] {logging_mixin.py:137} INFO - [2023-02-28T04:05:49.530+0000] {dagbag.py:538} INFO - Filling up the DagBag from /home/airflow/.local/lib/python3.7/site-packages/airflow/example_dags/example_task_group.py
[2023-02-28T04:05:49.549+0000] {processor.py:753} INFO - DAG(s) dict_keys(['example_task_group']) retrieved from /home/airflow/.local/lib/python3.7/site-packages/airflow/example_dags/example_task_group.py
[2023-02-28T04:05:49.580+0000] {logging_mixin.py:137} INFO - [2023-02-28T04:05:49.580+0000] {dag.py:2690} INFO - Sync 1 DAGs
[2023-02-28T04:05:49.614+0000] {logging_mixin.py:137} INFO - [2023-02-28T04:05:49.614+0000] {dag.py:3441} INFO - Setting next_dagrun for example_task_group to 2023-02-27T04:05:49.613859+00:00, run_after=2023-02-28T04:05:49.613859+00:00
[2023-02-28T04:05:49.637+0000] {processor.py:175} INFO - Processing /home/airflow/.local/lib/python3.7/site-packages/airflow/example_dags/example_task_group.py took 0.114 seconds
[2023-02-28T04:06:19.809+0000] {processor.py:153} INFO - Started process (PID=2267) to work on /home/airflow/.local/lib/python3.7/site-packages/airflow/example_dags/example_task_group.py
[2023-02-28T04:06:19.810+0000] {processor.py:743} INFO - Processing file /home/airflow/.local/lib/python3.7/site-packages/airflow/example_dags/example_task_group.py for tasks to queue
[2023-02-28T04:06:19.811+0000] {logging_mixin.py:137} INFO - [2023-02-28T04:06:19.811+0000] {dagbag.py:538} INFO - Filling up the DagBag from /home/airflow/.local/lib/python3.7/site-packages/airflow/example_dags/example_task_group.py
[2023-02-28T04:06:19.834+0000] {processor.py:753} INFO - DAG(s) dict_keys(['example_task_group']) retrieved from /home/airflow/.local/lib/python3.7/site-packages/airflow/example_dags/example_task_group.py
[2023-02-28T04:06:19.876+0000] {logging_mixin.py:137} INFO - [2023-02-28T04:06:19.876+0000] {dag.py:2690} INFO - Sync 1 DAGs
[2023-02-28T04:06:19.919+0000] {logging_mixin.py:137} INFO - [2023-02-28T04:06:19.918+0000] {dag.py:3441} INFO - Setting next_dagrun for example_task_group to 2023-02-27T04:06:19.918399+00:00, run_after=2023-02-28T04:06:19.918399+00:00
[2023-02-28T04:06:19.950+0000] {processor.py:175} INFO - Processing /home/airflow/.local/lib/python3.7/site-packages/airflow/example_dags/example_task_group.py took 0.146 seconds
[2023-02-28T04:06:49.983+0000] {processor.py:153} INFO - Started process (PID=2336) to work on /home/airflow/.local/lib/python3.7/site-packages/airflow/example_dags/example_task_group.py
[2023-02-28T04:06:49.985+0000] {processor.py:743} INFO - Processing file /home/airflow/.local/lib/python3.7/site-packages/airflow/example_dags/example_task_group.py for tasks to queue
[2023-02-28T04:06:49.985+0000] {logging_mixin.py:137} INFO - [2023-02-28T04:06:49.985+0000] {dagbag.py:538} INFO - Filling up the DagBag from /home/airflow/.local/lib/python3.7/site-packages/airflow/example_dags/example_task_group.py
[2023-02-28T04:06:50.005+0000] {processor.py:753} INFO - DAG(s) dict_keys(['example_task_group']) retrieved from /home/airflow/.local/lib/python3.7/site-packages/airflow/example_dags/example_task_group.py
[2023-02-28T04:06:50.042+0000] {logging_mixin.py:137} INFO - [2023-02-28T04:06:50.042+0000] {dag.py:2690} INFO - Sync 1 DAGs
[2023-02-28T04:06:50.080+0000] {logging_mixin.py:137} INFO - [2023-02-28T04:06:50.080+0000] {dag.py:3441} INFO - Setting next_dagrun for example_task_group to 2023-02-27T04:06:50.080062+00:00, run_after=2023-02-28T04:06:50.080062+00:00
[2023-02-28T04:06:50.104+0000] {processor.py:175} INFO - Processing /home/airflow/.local/lib/python3.7/site-packages/airflow/example_dags/example_task_group.py took 0.127 seconds
[2023-02-28T04:07:20.291+0000] {processor.py:153} INFO - Started process (PID=2400) to work on /home/airflow/.local/lib/python3.7/site-packages/airflow/example_dags/example_task_group.py
[2023-02-28T04:07:20.292+0000] {processor.py:743} INFO - Processing file /home/airflow/.local/lib/python3.7/site-packages/airflow/example_dags/example_task_group.py for tasks to queue
[2023-02-28T04:07:20.293+0000] {logging_mixin.py:137} INFO - [2023-02-28T04:07:20.293+0000] {dagbag.py:538} INFO - Filling up the DagBag from /home/airflow/.local/lib/python3.7/site-packages/airflow/example_dags/example_task_group.py
[2023-02-28T04:07:20.317+0000] {processor.py:753} INFO - DAG(s) dict_keys(['example_task_group']) retrieved from /home/airflow/.local/lib/python3.7/site-packages/airflow/example_dags/example_task_group.py
[2023-02-28T04:07:20.356+0000] {logging_mixin.py:137} INFO - [2023-02-28T04:07:20.356+0000] {dag.py:2690} INFO - Sync 1 DAGs
[2023-02-28T04:07:20.393+0000] {logging_mixin.py:137} INFO - [2023-02-28T04:07:20.393+0000] {dag.py:3441} INFO - Setting next_dagrun for example_task_group to 2023-02-27T04:07:20.392796+00:00, run_after=2023-02-28T04:07:20.392796+00:00
[2023-02-28T04:07:20.417+0000] {processor.py:175} INFO - Processing /home/airflow/.local/lib/python3.7/site-packages/airflow/example_dags/example_task_group.py took 0.132 seconds
[2023-02-28T04:07:51.392+0000] {processor.py:153} INFO - Started process (PID=2477) to work on /home/airflow/.local/lib/python3.7/site-packages/airflow/example_dags/example_task_group.py
[2023-02-28T04:07:51.393+0000] {processor.py:743} INFO - Processing file /home/airflow/.local/lib/python3.7/site-packages/airflow/example_dags/example_task_group.py for tasks to queue
[2023-02-28T04:07:51.394+0000] {logging_mixin.py:137} INFO - [2023-02-28T04:07:51.394+0000] {dagbag.py:538} INFO - Filling up the DagBag from /home/airflow/.local/lib/python3.7/site-packages/airflow/example_dags/example_task_group.py
[2023-02-28T04:07:51.413+0000] {processor.py:753} INFO - DAG(s) dict_keys(['example_task_group']) retrieved from /home/airflow/.local/lib/python3.7/site-packages/airflow/example_dags/example_task_group.py
[2023-02-28T04:07:51.443+0000] {logging_mixin.py:137} INFO - [2023-02-28T04:07:51.443+0000] {dag.py:2690} INFO - Sync 1 DAGs
[2023-02-28T04:07:51.475+0000] {logging_mixin.py:137} INFO - [2023-02-28T04:07:51.475+0000] {dag.py:3441} INFO - Setting next_dagrun for example_task_group to 2023-02-27T04:07:51.475140+00:00, run_after=2023-02-28T04:07:51.475140+00:00
[2023-02-28T04:07:51.500+0000] {processor.py:175} INFO - Processing /home/airflow/.local/lib/python3.7/site-packages/airflow/example_dags/example_task_group.py took 0.112 seconds
[2023-02-28T04:08:21.894+0000] {processor.py:153} INFO - Started process (PID=2541) to work on /home/airflow/.local/lib/python3.7/site-packages/airflow/example_dags/example_task_group.py
[2023-02-28T04:08:21.895+0000] {processor.py:743} INFO - Processing file /home/airflow/.local/lib/python3.7/site-packages/airflow/example_dags/example_task_group.py for tasks to queue
[2023-02-28T04:08:21.896+0000] {logging_mixin.py:137} INFO - [2023-02-28T04:08:21.896+0000] {dagbag.py:538} INFO - Filling up the DagBag from /home/airflow/.local/lib/python3.7/site-packages/airflow/example_dags/example_task_group.py
[2023-02-28T04:08:21.915+0000] {processor.py:753} INFO - DAG(s) dict_keys(['example_task_group']) retrieved from /home/airflow/.local/lib/python3.7/site-packages/airflow/example_dags/example_task_group.py
[2023-02-28T04:08:21.944+0000] {logging_mixin.py:137} INFO - [2023-02-28T04:08:21.944+0000] {dag.py:2690} INFO - Sync 1 DAGs
[2023-02-28T04:08:21.971+0000] {logging_mixin.py:137} INFO - [2023-02-28T04:08:21.971+0000] {dag.py:3441} INFO - Setting next_dagrun for example_task_group to 2023-02-27T04:08:21.971233+00:00, run_after=2023-02-28T04:08:21.971233+00:00
[2023-02-28T04:08:21.991+0000] {processor.py:175} INFO - Processing /home/airflow/.local/lib/python3.7/site-packages/airflow/example_dags/example_task_group.py took 0.102 seconds
[2023-02-28T04:08:52.225+0000] {processor.py:153} INFO - Started process (PID=2617) to work on /home/airflow/.local/lib/python3.7/site-packages/airflow/example_dags/example_task_group.py
[2023-02-28T04:08:52.226+0000] {processor.py:743} INFO - Processing file /home/airflow/.local/lib/python3.7/site-packages/airflow/example_dags/example_task_group.py for tasks to queue
[2023-02-28T04:08:52.227+0000] {logging_mixin.py:137} INFO - [2023-02-28T04:08:52.227+0000] {dagbag.py:538} INFO - Filling up the DagBag from /home/airflow/.local/lib/python3.7/site-packages/airflow/example_dags/example_task_group.py
[2023-02-28T04:08:52.252+0000] {processor.py:753} INFO - DAG(s) dict_keys(['example_task_group']) retrieved from /home/airflow/.local/lib/python3.7/site-packages/airflow/example_dags/example_task_group.py
[2023-02-28T04:08:52.289+0000] {logging_mixin.py:137} INFO - [2023-02-28T04:08:52.289+0000] {dag.py:2690} INFO - Sync 1 DAGs
[2023-02-28T04:08:52.327+0000] {logging_mixin.py:137} INFO - [2023-02-28T04:08:52.326+0000] {dag.py:3441} INFO - Setting next_dagrun for example_task_group to 2023-02-27T04:08:52.326484+00:00, run_after=2023-02-28T04:08:52.326484+00:00
[2023-02-28T04:08:52.354+0000] {processor.py:175} INFO - Processing /home/airflow/.local/lib/python3.7/site-packages/airflow/example_dags/example_task_group.py took 0.135 seconds
[2023-02-28T04:09:23.304+0000] {processor.py:153} INFO - Started process (PID=2682) to work on /home/airflow/.local/lib/python3.7/site-packages/airflow/example_dags/example_task_group.py
[2023-02-28T04:09:23.305+0000] {processor.py:743} INFO - Processing file /home/airflow/.local/lib/python3.7/site-packages/airflow/example_dags/example_task_group.py for tasks to queue
[2023-02-28T04:09:23.306+0000] {logging_mixin.py:137} INFO - [2023-02-28T04:09:23.306+0000] {dagbag.py:538} INFO - Filling up the DagBag from /home/airflow/.local/lib/python3.7/site-packages/airflow/example_dags/example_task_group.py
[2023-02-28T04:09:23.325+0000] {processor.py:753} INFO - DAG(s) dict_keys(['example_task_group']) retrieved from /home/airflow/.local/lib/python3.7/site-packages/airflow/example_dags/example_task_group.py
[2023-02-28T04:09:23.362+0000] {logging_mixin.py:137} INFO - [2023-02-28T04:09:23.362+0000] {dag.py:2690} INFO - Sync 1 DAGs
[2023-02-28T04:09:23.400+0000] {logging_mixin.py:137} INFO - [2023-02-28T04:09:23.399+0000] {dag.py:3441} INFO - Setting next_dagrun for example_task_group to 2023-02-27T04:09:23.399577+00:00, run_after=2023-02-28T04:09:23.399577+00:00
[2023-02-28T04:09:23.425+0000] {processor.py:175} INFO - Processing /home/airflow/.local/lib/python3.7/site-packages/airflow/example_dags/example_task_group.py took 0.125 seconds
[2023-02-28T04:09:53.659+0000] {processor.py:153} INFO - Started process (PID=2757) to work on /home/airflow/.local/lib/python3.7/site-packages/airflow/example_dags/example_task_group.py
[2023-02-28T04:09:53.661+0000] {processor.py:743} INFO - Processing file /home/airflow/.local/lib/python3.7/site-packages/airflow/example_dags/example_task_group.py for tasks to queue
[2023-02-28T04:09:53.663+0000] {logging_mixin.py:137} INFO - [2023-02-28T04:09:53.662+0000] {dagbag.py:538} INFO - Filling up the DagBag from /home/airflow/.local/lib/python3.7/site-packages/airflow/example_dags/example_task_group.py
[2023-02-28T04:09:53.689+0000] {processor.py:753} INFO - DAG(s) dict_keys(['example_task_group']) retrieved from /home/airflow/.local/lib/python3.7/site-packages/airflow/example_dags/example_task_group.py
[2023-02-28T04:09:53.729+0000] {logging_mixin.py:137} INFO - [2023-02-28T04:09:53.729+0000] {dag.py:2690} INFO - Sync 1 DAGs
[2023-02-28T04:09:53.769+0000] {logging_mixin.py:137} INFO - [2023-02-28T04:09:53.768+0000] {dag.py:3441} INFO - Setting next_dagrun for example_task_group to 2023-02-27T04:09:53.768539+00:00, run_after=2023-02-28T04:09:53.768539+00:00
[2023-02-28T04:09:53.795+0000] {processor.py:175} INFO - Processing /home/airflow/.local/lib/python3.7/site-packages/airflow/example_dags/example_task_group.py took 0.142 seconds
[2023-02-28T04:10:23.899+0000] {processor.py:153} INFO - Started process (PID=2825) to work on /home/airflow/.local/lib/python3.7/site-packages/airflow/example_dags/example_task_group.py
[2023-02-28T04:10:23.901+0000] {processor.py:743} INFO - Processing file /home/airflow/.local/lib/python3.7/site-packages/airflow/example_dags/example_task_group.py for tasks to queue
[2023-02-28T04:10:23.901+0000] {logging_mixin.py:137} INFO - [2023-02-28T04:10:23.901+0000] {dagbag.py:538} INFO - Filling up the DagBag from /home/airflow/.local/lib/python3.7/site-packages/airflow/example_dags/example_task_group.py
[2023-02-28T04:10:23.920+0000] {processor.py:753} INFO - DAG(s) dict_keys(['example_task_group']) retrieved from /home/airflow/.local/lib/python3.7/site-packages/airflow/example_dags/example_task_group.py
[2023-02-28T04:10:23.956+0000] {logging_mixin.py:137} INFO - [2023-02-28T04:10:23.956+0000] {dag.py:2690} INFO - Sync 1 DAGs
[2023-02-28T04:10:23.993+0000] {logging_mixin.py:137} INFO - [2023-02-28T04:10:23.993+0000] {dag.py:3441} INFO - Setting next_dagrun for example_task_group to 2023-02-27T04:10:23.993231+00:00, run_after=2023-02-28T04:10:23.993231+00:00
[2023-02-28T04:10:24.017+0000] {processor.py:175} INFO - Processing /home/airflow/.local/lib/python3.7/site-packages/airflow/example_dags/example_task_group.py took 0.122 seconds
[2023-02-28T04:10:54.529+0000] {processor.py:153} INFO - Started process (PID=2889) to work on /home/airflow/.local/lib/python3.7/site-packages/airflow/example_dags/example_task_group.py
[2023-02-28T04:10:54.531+0000] {processor.py:743} INFO - Processing file /home/airflow/.local/lib/python3.7/site-packages/airflow/example_dags/example_task_group.py for tasks to queue
[2023-02-28T04:10:54.532+0000] {logging_mixin.py:137} INFO - [2023-02-28T04:10:54.531+0000] {dagbag.py:538} INFO - Filling up the DagBag from /home/airflow/.local/lib/python3.7/site-packages/airflow/example_dags/example_task_group.py
[2023-02-28T04:10:54.556+0000] {processor.py:753} INFO - DAG(s) dict_keys(['example_task_group']) retrieved from /home/airflow/.local/lib/python3.7/site-packages/airflow/example_dags/example_task_group.py
[2023-02-28T04:10:54.592+0000] {logging_mixin.py:137} INFO - [2023-02-28T04:10:54.592+0000] {dag.py:2690} INFO - Sync 1 DAGs
[2023-02-28T04:10:54.626+0000] {logging_mixin.py:137} INFO - [2023-02-28T04:10:54.626+0000] {dag.py:3441} INFO - Setting next_dagrun for example_task_group to 2023-02-27T04:10:54.625796+00:00, run_after=2023-02-28T04:10:54.625796+00:00
[2023-02-28T04:10:54.648+0000] {processor.py:175} INFO - Processing /home/airflow/.local/lib/python3.7/site-packages/airflow/example_dags/example_task_group.py took 0.124 seconds
[2023-02-28T04:11:24.707+0000] {processor.py:153} INFO - Started process (PID=2966) to work on /home/airflow/.local/lib/python3.7/site-packages/airflow/example_dags/example_task_group.py
[2023-02-28T04:11:24.709+0000] {processor.py:743} INFO - Processing file /home/airflow/.local/lib/python3.7/site-packages/airflow/example_dags/example_task_group.py for tasks to queue
[2023-02-28T04:11:24.710+0000] {logging_mixin.py:137} INFO - [2023-02-28T04:11:24.710+0000] {dagbag.py:538} INFO - Filling up the DagBag from /home/airflow/.local/lib/python3.7/site-packages/airflow/example_dags/example_task_group.py
[2023-02-28T04:11:24.734+0000] {processor.py:753} INFO - DAG(s) dict_keys(['example_task_group']) retrieved from /home/airflow/.local/lib/python3.7/site-packages/airflow/example_dags/example_task_group.py
[2023-02-28T04:11:24.772+0000] {logging_mixin.py:137} INFO - [2023-02-28T04:11:24.771+0000] {dag.py:2690} INFO - Sync 1 DAGs
[2023-02-28T04:11:24.811+0000] {logging_mixin.py:137} INFO - [2023-02-28T04:11:24.811+0000] {dag.py:3441} INFO - Setting next_dagrun for example_task_group to 2023-02-27T04:11:24.811403+00:00, run_after=2023-02-28T04:11:24.811403+00:00
[2023-02-28T04:11:24.838+0000] {processor.py:175} INFO - Processing /home/airflow/.local/lib/python3.7/site-packages/airflow/example_dags/example_task_group.py took 0.137 seconds
[2023-02-28T04:11:55.524+0000] {processor.py:153} INFO - Started process (PID=3030) to work on /home/airflow/.local/lib/python3.7/site-packages/airflow/example_dags/example_task_group.py
[2023-02-28T04:11:55.526+0000] {processor.py:743} INFO - Processing file /home/airflow/.local/lib/python3.7/site-packages/airflow/example_dags/example_task_group.py for tasks to queue
[2023-02-28T04:11:55.526+0000] {logging_mixin.py:137} INFO - [2023-02-28T04:11:55.526+0000] {dagbag.py:538} INFO - Filling up the DagBag from /home/airflow/.local/lib/python3.7/site-packages/airflow/example_dags/example_task_group.py
[2023-02-28T04:11:55.544+0000] {processor.py:753} INFO - DAG(s) dict_keys(['example_task_group']) retrieved from /home/airflow/.local/lib/python3.7/site-packages/airflow/example_dags/example_task_group.py
[2023-02-28T04:11:55.576+0000] {logging_mixin.py:137} INFO - [2023-02-28T04:11:55.576+0000] {dag.py:2690} INFO - Sync 1 DAGs
[2023-02-28T04:11:55.606+0000] {logging_mixin.py:137} INFO - [2023-02-28T04:11:55.605+0000] {dag.py:3441} INFO - Setting next_dagrun for example_task_group to 2023-02-27T04:11:55.605557+00:00, run_after=2023-02-28T04:11:55.605557+00:00
[2023-02-28T04:11:55.626+0000] {processor.py:175} INFO - Processing /home/airflow/.local/lib/python3.7/site-packages/airflow/example_dags/example_task_group.py took 0.107 seconds
[2023-02-28T04:12:26.395+0000] {processor.py:153} INFO - Started process (PID=3109) to work on /home/airflow/.local/lib/python3.7/site-packages/airflow/example_dags/example_task_group.py
[2023-02-28T04:12:26.403+0000] {processor.py:743} INFO - Processing file /home/airflow/.local/lib/python3.7/site-packages/airflow/example_dags/example_task_group.py for tasks to queue
[2023-02-28T04:12:26.404+0000] {logging_mixin.py:137} INFO - [2023-02-28T04:12:26.404+0000] {dagbag.py:538} INFO - Filling up the DagBag from /home/airflow/.local/lib/python3.7/site-packages/airflow/example_dags/example_task_group.py
[2023-02-28T04:12:26.458+0000] {processor.py:753} INFO - DAG(s) dict_keys(['example_task_group']) retrieved from /home/airflow/.local/lib/python3.7/site-packages/airflow/example_dags/example_task_group.py
[2023-02-28T04:12:26.494+0000] {logging_mixin.py:137} INFO - [2023-02-28T04:12:26.494+0000] {dag.py:2690} INFO - Sync 1 DAGs
[2023-02-28T04:12:26.528+0000] {logging_mixin.py:137} INFO - [2023-02-28T04:12:26.528+0000] {dag.py:3441} INFO - Setting next_dagrun for example_task_group to 2023-02-27T04:12:26.527879+00:00, run_after=2023-02-28T04:12:26.527879+00:00
[2023-02-28T04:12:26.550+0000] {processor.py:175} INFO - Processing /home/airflow/.local/lib/python3.7/site-packages/airflow/example_dags/example_task_group.py took 0.161 seconds
[2023-02-28T04:12:57.480+0000] {processor.py:153} INFO - Started process (PID=3174) to work on /home/airflow/.local/lib/python3.7/site-packages/airflow/example_dags/example_task_group.py
[2023-02-28T04:12:57.481+0000] {processor.py:743} INFO - Processing file /home/airflow/.local/lib/python3.7/site-packages/airflow/example_dags/example_task_group.py for tasks to queue
[2023-02-28T04:12:57.482+0000] {logging_mixin.py:137} INFO - [2023-02-28T04:12:57.482+0000] {dagbag.py:538} INFO - Filling up the DagBag from /home/airflow/.local/lib/python3.7/site-packages/airflow/example_dags/example_task_group.py
[2023-02-28T04:12:57.503+0000] {processor.py:753} INFO - DAG(s) dict_keys(['example_task_group']) retrieved from /home/airflow/.local/lib/python3.7/site-packages/airflow/example_dags/example_task_group.py
[2023-02-28T04:12:57.534+0000] {logging_mixin.py:137} INFO - [2023-02-28T04:12:57.534+0000] {dag.py:2690} INFO - Sync 1 DAGs
[2023-02-28T04:12:57.564+0000] {logging_mixin.py:137} INFO - [2023-02-28T04:12:57.563+0000] {dag.py:3441} INFO - Setting next_dagrun for example_task_group to 2023-02-27T04:12:57.563681+00:00, run_after=2023-02-28T04:12:57.563681+00:00
[2023-02-28T04:12:57.588+0000] {processor.py:175} INFO - Processing /home/airflow/.local/lib/python3.7/site-packages/airflow/example_dags/example_task_group.py took 0.113 seconds
[2023-02-28T04:13:27.666+0000] {processor.py:153} INFO - Started process (PID=3239) to work on /home/airflow/.local/lib/python3.7/site-packages/airflow/example_dags/example_task_group.py
[2023-02-28T04:13:27.667+0000] {processor.py:743} INFO - Processing file /home/airflow/.local/lib/python3.7/site-packages/airflow/example_dags/example_task_group.py for tasks to queue
[2023-02-28T04:13:27.668+0000] {logging_mixin.py:137} INFO - [2023-02-28T04:13:27.668+0000] {dagbag.py:538} INFO - Filling up the DagBag from /home/airflow/.local/lib/python3.7/site-packages/airflow/example_dags/example_task_group.py
[2023-02-28T04:13:27.687+0000] {processor.py:753} INFO - DAG(s) dict_keys(['example_task_group']) retrieved from /home/airflow/.local/lib/python3.7/site-packages/airflow/example_dags/example_task_group.py
[2023-02-28T04:13:27.718+0000] {logging_mixin.py:137} INFO - [2023-02-28T04:13:27.718+0000] {dag.py:2690} INFO - Sync 1 DAGs
[2023-02-28T04:13:27.746+0000] {logging_mixin.py:137} INFO - [2023-02-28T04:13:27.746+0000] {dag.py:3441} INFO - Setting next_dagrun for example_task_group to 2023-02-27T04:13:27.745873+00:00, run_after=2023-02-28T04:13:27.745873+00:00
[2023-02-28T04:13:27.768+0000] {processor.py:175} INFO - Processing /home/airflow/.local/lib/python3.7/site-packages/airflow/example_dags/example_task_group.py took 0.107 seconds
[2023-02-28T04:13:57.915+0000] {processor.py:153} INFO - Started process (PID=3314) to work on /home/airflow/.local/lib/python3.7/site-packages/airflow/example_dags/example_task_group.py
[2023-02-28T04:13:57.916+0000] {processor.py:743} INFO - Processing file /home/airflow/.local/lib/python3.7/site-packages/airflow/example_dags/example_task_group.py for tasks to queue
[2023-02-28T04:13:57.917+0000] {logging_mixin.py:137} INFO - [2023-02-28T04:13:57.917+0000] {dagbag.py:538} INFO - Filling up the DagBag from /home/airflow/.local/lib/python3.7/site-packages/airflow/example_dags/example_task_group.py
[2023-02-28T04:13:57.936+0000] {processor.py:753} INFO - DAG(s) dict_keys(['example_task_group']) retrieved from /home/airflow/.local/lib/python3.7/site-packages/airflow/example_dags/example_task_group.py
[2023-02-28T04:13:57.968+0000] {logging_mixin.py:137} INFO - [2023-02-28T04:13:57.968+0000] {dag.py:2690} INFO - Sync 1 DAGs
[2023-02-28T04:13:57.997+0000] {logging_mixin.py:137} INFO - [2023-02-28T04:13:57.996+0000] {dag.py:3441} INFO - Setting next_dagrun for example_task_group to 2023-02-27T04:13:57.996638+00:00, run_after=2023-02-28T04:13:57.996638+00:00
[2023-02-28T04:13:58.019+0000] {processor.py:175} INFO - Processing /home/airflow/.local/lib/python3.7/site-packages/airflow/example_dags/example_task_group.py took 0.108 seconds
[2023-02-28T04:14:28.174+0000] {processor.py:153} INFO - Started process (PID=3378) to work on /home/airflow/.local/lib/python3.7/site-packages/airflow/example_dags/example_task_group.py
[2023-02-28T04:14:28.182+0000] {processor.py:743} INFO - Processing file /home/airflow/.local/lib/python3.7/site-packages/airflow/example_dags/example_task_group.py for tasks to queue
[2023-02-28T04:14:28.183+0000] {logging_mixin.py:137} INFO - [2023-02-28T04:14:28.183+0000] {dagbag.py:538} INFO - Filling up the DagBag from /home/airflow/.local/lib/python3.7/site-packages/airflow/example_dags/example_task_group.py
[2023-02-28T04:14:28.215+0000] {processor.py:753} INFO - DAG(s) dict_keys(['example_task_group']) retrieved from /home/airflow/.local/lib/python3.7/site-packages/airflow/example_dags/example_task_group.py
[2023-02-28T04:14:28.254+0000] {logging_mixin.py:137} INFO - [2023-02-28T04:14:28.254+0000] {dag.py:2690} INFO - Sync 1 DAGs
[2023-02-28T04:14:28.295+0000] {logging_mixin.py:137} INFO - [2023-02-28T04:14:28.295+0000] {dag.py:3441} INFO - Setting next_dagrun for example_task_group to 2023-02-27T04:14:28.295180+00:00, run_after=2023-02-28T04:14:28.295180+00:00
[2023-02-28T04:14:28.322+0000] {processor.py:175} INFO - Processing /home/airflow/.local/lib/python3.7/site-packages/airflow/example_dags/example_task_group.py took 0.166 seconds
[2023-02-28T04:14:58.366+0000] {processor.py:153} INFO - Started process (PID=3454) to work on /home/airflow/.local/lib/python3.7/site-packages/airflow/example_dags/example_task_group.py
[2023-02-28T04:14:58.367+0000] {processor.py:743} INFO - Processing file /home/airflow/.local/lib/python3.7/site-packages/airflow/example_dags/example_task_group.py for tasks to queue
[2023-02-28T04:14:58.368+0000] {logging_mixin.py:137} INFO - [2023-02-28T04:14:58.368+0000] {dagbag.py:538} INFO - Filling up the DagBag from /home/airflow/.local/lib/python3.7/site-packages/airflow/example_dags/example_task_group.py
[2023-02-28T04:14:58.386+0000] {processor.py:753} INFO - DAG(s) dict_keys(['example_task_group']) retrieved from /home/airflow/.local/lib/python3.7/site-packages/airflow/example_dags/example_task_group.py
[2023-02-28T04:14:58.416+0000] {logging_mixin.py:137} INFO - [2023-02-28T04:14:58.416+0000] {dag.py:2690} INFO - Sync 1 DAGs
[2023-02-28T04:14:58.446+0000] {logging_mixin.py:137} INFO - [2023-02-28T04:14:58.446+0000] {dag.py:3441} INFO - Setting next_dagrun for example_task_group to 2023-02-27T04:14:58.445646+00:00, run_after=2023-02-28T04:14:58.445646+00:00
[2023-02-28T04:14:58.471+0000] {processor.py:175} INFO - Processing /home/airflow/.local/lib/python3.7/site-packages/airflow/example_dags/example_task_group.py took 0.110 seconds
[2023-02-28T04:15:28.542+0000] {processor.py:153} INFO - Started process (PID=3519) to work on /home/airflow/.local/lib/python3.7/site-packages/airflow/example_dags/example_task_group.py
[2023-02-28T04:15:28.543+0000] {processor.py:743} INFO - Processing file /home/airflow/.local/lib/python3.7/site-packages/airflow/example_dags/example_task_group.py for tasks to queue
[2023-02-28T04:15:28.545+0000] {logging_mixin.py:137} INFO - [2023-02-28T04:15:28.545+0000] {dagbag.py:538} INFO - Filling up the DagBag from /home/airflow/.local/lib/python3.7/site-packages/airflow/example_dags/example_task_group.py
[2023-02-28T04:15:28.568+0000] {processor.py:753} INFO - DAG(s) dict_keys(['example_task_group']) retrieved from /home/airflow/.local/lib/python3.7/site-packages/airflow/example_dags/example_task_group.py
[2023-02-28T04:15:28.605+0000] {logging_mixin.py:137} INFO - [2023-02-28T04:15:28.605+0000] {dag.py:2690} INFO - Sync 1 DAGs
[2023-02-28T04:15:28.643+0000] {logging_mixin.py:137} INFO - [2023-02-28T04:15:28.643+0000] {dag.py:3441} INFO - Setting next_dagrun for example_task_group to 2023-02-27T04:15:28.643335+00:00, run_after=2023-02-28T04:15:28.643335+00:00
[2023-02-28T04:15:28.670+0000] {processor.py:175} INFO - Processing /home/airflow/.local/lib/python3.7/site-packages/airflow/example_dags/example_task_group.py took 0.133 seconds
[2023-02-28T04:15:59.582+0000] {processor.py:153} INFO - Started process (PID=3594) to work on /home/airflow/.local/lib/python3.7/site-packages/airflow/example_dags/example_task_group.py
[2023-02-28T04:15:59.583+0000] {processor.py:743} INFO - Processing file /home/airflow/.local/lib/python3.7/site-packages/airflow/example_dags/example_task_group.py for tasks to queue
[2023-02-28T04:15:59.585+0000] {logging_mixin.py:137} INFO - [2023-02-28T04:15:59.584+0000] {dagbag.py:538} INFO - Filling up the DagBag from /home/airflow/.local/lib/python3.7/site-packages/airflow/example_dags/example_task_group.py
[2023-02-28T04:15:59.611+0000] {processor.py:753} INFO - DAG(s) dict_keys(['example_task_group']) retrieved from /home/airflow/.local/lib/python3.7/site-packages/airflow/example_dags/example_task_group.py
[2023-02-28T04:15:59.649+0000] {logging_mixin.py:137} INFO - [2023-02-28T04:15:59.649+0000] {dag.py:2690} INFO - Sync 1 DAGs
[2023-02-28T04:15:59.690+0000] {logging_mixin.py:137} INFO - [2023-02-28T04:15:59.690+0000] {dag.py:3441} INFO - Setting next_dagrun for example_task_group to 2023-02-27T04:15:59.688803+00:00, run_after=2023-02-28T04:15:59.688803+00:00
[2023-02-28T04:15:59.717+0000] {processor.py:175} INFO - Processing /home/airflow/.local/lib/python3.7/site-packages/airflow/example_dags/example_task_group.py took 0.141 seconds
[2023-02-28T04:16:30.510+0000] {processor.py:153} INFO - Started process (PID=3658) to work on /home/airflow/.local/lib/python3.7/site-packages/airflow/example_dags/example_task_group.py
[2023-02-28T04:16:30.512+0000] {processor.py:743} INFO - Processing file /home/airflow/.local/lib/python3.7/site-packages/airflow/example_dags/example_task_group.py for tasks to queue
[2023-02-28T04:16:30.513+0000] {logging_mixin.py:137} INFO - [2023-02-28T04:16:30.512+0000] {dagbag.py:538} INFO - Filling up the DagBag from /home/airflow/.local/lib/python3.7/site-packages/airflow/example_dags/example_task_group.py
[2023-02-28T04:16:30.537+0000] {processor.py:753} INFO - DAG(s) dict_keys(['example_task_group']) retrieved from /home/airflow/.local/lib/python3.7/site-packages/airflow/example_dags/example_task_group.py
[2023-02-28T04:16:30.577+0000] {logging_mixin.py:137} INFO - [2023-02-28T04:16:30.577+0000] {dag.py:2690} INFO - Sync 1 DAGs
[2023-02-28T04:16:30.620+0000] {logging_mixin.py:137} INFO - [2023-02-28T04:16:30.620+0000] {dag.py:3441} INFO - Setting next_dagrun for example_task_group to 2023-02-27T04:16:30.619670+00:00, run_after=2023-02-28T04:16:30.619670+00:00
[2023-02-28T04:16:30.648+0000] {processor.py:175} INFO - Processing /home/airflow/.local/lib/python3.7/site-packages/airflow/example_dags/example_task_group.py took 0.143 seconds
[2023-02-28T04:17:01.355+0000] {processor.py:153} INFO - Started process (PID=3731) to work on /home/airflow/.local/lib/python3.7/site-packages/airflow/example_dags/example_task_group.py
[2023-02-28T04:17:01.357+0000] {processor.py:743} INFO - Processing file /home/airflow/.local/lib/python3.7/site-packages/airflow/example_dags/example_task_group.py for tasks to queue
[2023-02-28T04:17:01.358+0000] {logging_mixin.py:137} INFO - [2023-02-28T04:17:01.358+0000] {dagbag.py:538} INFO - Filling up the DagBag from /home/airflow/.local/lib/python3.7/site-packages/airflow/example_dags/example_task_group.py
[2023-02-28T04:17:01.384+0000] {processor.py:753} INFO - DAG(s) dict_keys(['example_task_group']) retrieved from /home/airflow/.local/lib/python3.7/site-packages/airflow/example_dags/example_task_group.py
[2023-02-28T04:17:01.413+0000] {logging_mixin.py:137} INFO - [2023-02-28T04:17:01.413+0000] {dag.py:2690} INFO - Sync 1 DAGs
[2023-02-28T04:17:01.443+0000] {logging_mixin.py:137} INFO - [2023-02-28T04:17:01.443+0000] {dag.py:3441} INFO - Setting next_dagrun for example_task_group to 2023-02-27T04:17:01.442831+00:00, run_after=2023-02-28T04:17:01.442831+00:00
[2023-02-28T04:17:01.465+0000] {processor.py:175} INFO - Processing /home/airflow/.local/lib/python3.7/site-packages/airflow/example_dags/example_task_group.py took 0.116 seconds
[2023-02-28T04:17:32.280+0000] {processor.py:153} INFO - Started process (PID=3798) to work on /home/airflow/.local/lib/python3.7/site-packages/airflow/example_dags/example_task_group.py
[2023-02-28T04:17:32.281+0000] {processor.py:743} INFO - Processing file /home/airflow/.local/lib/python3.7/site-packages/airflow/example_dags/example_task_group.py for tasks to queue
[2023-02-28T04:17:32.281+0000] {logging_mixin.py:137} INFO - [2023-02-28T04:17:32.281+0000] {dagbag.py:538} INFO - Filling up the DagBag from /home/airflow/.local/lib/python3.7/site-packages/airflow/example_dags/example_task_group.py
[2023-02-28T04:17:32.300+0000] {processor.py:753} INFO - DAG(s) dict_keys(['example_task_group']) retrieved from /home/airflow/.local/lib/python3.7/site-packages/airflow/example_dags/example_task_group.py
[2023-02-28T04:17:32.331+0000] {logging_mixin.py:137} INFO - [2023-02-28T04:17:32.331+0000] {dag.py:2690} INFO - Sync 1 DAGs
[2023-02-28T04:17:32.359+0000] {logging_mixin.py:137} INFO - [2023-02-28T04:17:32.358+0000] {dag.py:3441} INFO - Setting next_dagrun for example_task_group to 2023-02-27T04:17:32.358546+00:00, run_after=2023-02-28T04:17:32.358546+00:00
[2023-02-28T04:17:32.380+0000] {processor.py:175} INFO - Processing /home/airflow/.local/lib/python3.7/site-packages/airflow/example_dags/example_task_group.py took 0.105 seconds
[2023-02-28T04:23:10.512+0000] {processor.py:153} INFO - Started process (PID=46) to work on /home/airflow/.local/lib/python3.7/site-packages/airflow/example_dags/example_task_group.py
[2023-02-28T04:23:10.514+0000] {processor.py:743} INFO - Processing file /home/airflow/.local/lib/python3.7/site-packages/airflow/example_dags/example_task_group.py for tasks to queue
[2023-02-28T04:23:10.515+0000] {logging_mixin.py:137} INFO - [2023-02-28T04:23:10.515+0000] {dagbag.py:538} INFO - Filling up the DagBag from /home/airflow/.local/lib/python3.7/site-packages/airflow/example_dags/example_task_group.py
[2023-02-28T04:23:10.555+0000] {processor.py:753} INFO - DAG(s) dict_keys(['example_task_group']) retrieved from /home/airflow/.local/lib/python3.7/site-packages/airflow/example_dags/example_task_group.py
[2023-02-28T04:23:10.595+0000] {logging_mixin.py:137} INFO - [2023-02-28T04:23:10.595+0000] {dag.py:2690} INFO - Sync 1 DAGs
[2023-02-28T04:23:10.649+0000] {logging_mixin.py:137} INFO - [2023-02-28T04:23:10.648+0000] {dag.py:3441} INFO - Setting next_dagrun for example_task_group to 2023-02-27T04:23:10.648536+00:00, run_after=2023-02-28T04:23:10.648536+00:00
[2023-02-28T04:23:10.677+0000] {processor.py:175} INFO - Processing /home/airflow/.local/lib/python3.7/site-packages/airflow/example_dags/example_task_group.py took 0.178 seconds
[2023-02-28T04:23:40.991+0000] {processor.py:153} INFO - Started process (PID=109) to work on /home/airflow/.local/lib/python3.7/site-packages/airflow/example_dags/example_task_group.py
[2023-02-28T04:23:40.992+0000] {processor.py:743} INFO - Processing file /home/airflow/.local/lib/python3.7/site-packages/airflow/example_dags/example_task_group.py for tasks to queue
[2023-02-28T04:23:40.993+0000] {logging_mixin.py:137} INFO - [2023-02-28T04:23:40.993+0000] {dagbag.py:538} INFO - Filling up the DagBag from /home/airflow/.local/lib/python3.7/site-packages/airflow/example_dags/example_task_group.py
[2023-02-28T04:23:41.016+0000] {processor.py:753} INFO - DAG(s) dict_keys(['example_task_group']) retrieved from /home/airflow/.local/lib/python3.7/site-packages/airflow/example_dags/example_task_group.py
[2023-02-28T04:23:41.054+0000] {logging_mixin.py:137} INFO - [2023-02-28T04:23:41.054+0000] {dag.py:2690} INFO - Sync 1 DAGs
[2023-02-28T04:23:41.099+0000] {logging_mixin.py:137} INFO - [2023-02-28T04:23:41.098+0000] {dag.py:3441} INFO - Setting next_dagrun for example_task_group to 2023-02-27T04:23:41.097643+00:00, run_after=2023-02-28T04:23:41.097643+00:00
[2023-02-28T04:23:41.123+0000] {processor.py:175} INFO - Processing /home/airflow/.local/lib/python3.7/site-packages/airflow/example_dags/example_task_group.py took 0.139 seconds
[2023-02-28T04:24:11.929+0000] {processor.py:153} INFO - Started process (PID=183) to work on /home/airflow/.local/lib/python3.7/site-packages/airflow/example_dags/example_task_group.py
[2023-02-28T04:24:11.931+0000] {processor.py:743} INFO - Processing file /home/airflow/.local/lib/python3.7/site-packages/airflow/example_dags/example_task_group.py for tasks to queue
[2023-02-28T04:24:11.932+0000] {logging_mixin.py:137} INFO - [2023-02-28T04:24:11.932+0000] {dagbag.py:538} INFO - Filling up the DagBag from /home/airflow/.local/lib/python3.7/site-packages/airflow/example_dags/example_task_group.py
[2023-02-28T04:24:11.957+0000] {processor.py:753} INFO - DAG(s) dict_keys(['example_task_group']) retrieved from /home/airflow/.local/lib/python3.7/site-packages/airflow/example_dags/example_task_group.py
[2023-02-28T04:24:11.995+0000] {logging_mixin.py:137} INFO - [2023-02-28T04:24:11.995+0000] {dag.py:2690} INFO - Sync 1 DAGs
[2023-02-28T04:24:12.035+0000] {logging_mixin.py:137} INFO - [2023-02-28T04:24:12.035+0000] {dag.py:3441} INFO - Setting next_dagrun for example_task_group to 2023-02-27T04:24:12.034633+00:00, run_after=2023-02-28T04:24:12.034633+00:00
[2023-02-28T04:24:12.061+0000] {processor.py:175} INFO - Processing /home/airflow/.local/lib/python3.7/site-packages/airflow/example_dags/example_task_group.py took 0.138 seconds
[2023-02-28T04:24:42.161+0000] {processor.py:153} INFO - Started process (PID=248) to work on /home/airflow/.local/lib/python3.7/site-packages/airflow/example_dags/example_task_group.py
[2023-02-28T04:24:42.162+0000] {processor.py:743} INFO - Processing file /home/airflow/.local/lib/python3.7/site-packages/airflow/example_dags/example_task_group.py for tasks to queue
[2023-02-28T04:24:42.162+0000] {logging_mixin.py:137} INFO - [2023-02-28T04:24:42.162+0000] {dagbag.py:538} INFO - Filling up the DagBag from /home/airflow/.local/lib/python3.7/site-packages/airflow/example_dags/example_task_group.py
[2023-02-28T04:24:42.181+0000] {processor.py:753} INFO - DAG(s) dict_keys(['example_task_group']) retrieved from /home/airflow/.local/lib/python3.7/site-packages/airflow/example_dags/example_task_group.py
[2023-02-28T04:24:42.210+0000] {logging_mixin.py:137} INFO - [2023-02-28T04:24:42.210+0000] {dag.py:2690} INFO - Sync 1 DAGs
[2023-02-28T04:24:42.239+0000] {logging_mixin.py:137} INFO - [2023-02-28T04:24:42.238+0000] {dag.py:3441} INFO - Setting next_dagrun for example_task_group to 2023-02-27T04:24:42.238656+00:00, run_after=2023-02-28T04:24:42.238656+00:00
[2023-02-28T04:24:42.259+0000] {processor.py:175} INFO - Processing /home/airflow/.local/lib/python3.7/site-packages/airflow/example_dags/example_task_group.py took 0.103 seconds
[2023-02-28T04:25:12.392+0000] {processor.py:153} INFO - Started process (PID=313) to work on /home/airflow/.local/lib/python3.7/site-packages/airflow/example_dags/example_task_group.py
[2023-02-28T04:25:12.394+0000] {processor.py:743} INFO - Processing file /home/airflow/.local/lib/python3.7/site-packages/airflow/example_dags/example_task_group.py for tasks to queue
[2023-02-28T04:25:12.395+0000] {logging_mixin.py:137} INFO - [2023-02-28T04:25:12.395+0000] {dagbag.py:538} INFO - Filling up the DagBag from /home/airflow/.local/lib/python3.7/site-packages/airflow/example_dags/example_task_group.py
[2023-02-28T04:25:12.420+0000] {processor.py:753} INFO - DAG(s) dict_keys(['example_task_group']) retrieved from /home/airflow/.local/lib/python3.7/site-packages/airflow/example_dags/example_task_group.py
[2023-02-28T04:25:12.459+0000] {logging_mixin.py:137} INFO - [2023-02-28T04:25:12.458+0000] {dag.py:2690} INFO - Sync 1 DAGs
[2023-02-28T04:25:12.501+0000] {logging_mixin.py:137} INFO - [2023-02-28T04:25:12.500+0000] {dag.py:3441} INFO - Setting next_dagrun for example_task_group to 2023-02-27T04:25:12.500383+00:00, run_after=2023-02-28T04:25:12.500383+00:00
[2023-02-28T04:25:12.530+0000] {processor.py:175} INFO - Processing /home/airflow/.local/lib/python3.7/site-packages/airflow/example_dags/example_task_group.py took 0.143 seconds
[2023-02-28T04:25:42.724+0000] {processor.py:153} INFO - Started process (PID=391) to work on /home/airflow/.local/lib/python3.7/site-packages/airflow/example_dags/example_task_group.py
[2023-02-28T04:25:42.725+0000] {processor.py:743} INFO - Processing file /home/airflow/.local/lib/python3.7/site-packages/airflow/example_dags/example_task_group.py for tasks to queue
[2023-02-28T04:25:42.726+0000] {logging_mixin.py:137} INFO - [2023-02-28T04:25:42.726+0000] {dagbag.py:538} INFO - Filling up the DagBag from /home/airflow/.local/lib/python3.7/site-packages/airflow/example_dags/example_task_group.py
[2023-02-28T04:25:42.746+0000] {processor.py:753} INFO - DAG(s) dict_keys(['example_task_group']) retrieved from /home/airflow/.local/lib/python3.7/site-packages/airflow/example_dags/example_task_group.py
[2023-02-28T04:25:42.777+0000] {logging_mixin.py:137} INFO - [2023-02-28T04:25:42.777+0000] {dag.py:2690} INFO - Sync 1 DAGs
[2023-02-28T04:25:42.807+0000] {logging_mixin.py:137} INFO - [2023-02-28T04:25:42.807+0000] {dag.py:3441} INFO - Setting next_dagrun for example_task_group to 2023-02-27T04:25:42.806738+00:00, run_after=2023-02-28T04:25:42.806738+00:00
[2023-02-28T04:25:42.830+0000] {processor.py:175} INFO - Processing /home/airflow/.local/lib/python3.7/site-packages/airflow/example_dags/example_task_group.py took 0.111 seconds
[2023-02-28T04:26:13.015+0000] {processor.py:153} INFO - Started process (PID=455) to work on /home/airflow/.local/lib/python3.7/site-packages/airflow/example_dags/example_task_group.py
[2023-02-28T04:26:13.017+0000] {processor.py:743} INFO - Processing file /home/airflow/.local/lib/python3.7/site-packages/airflow/example_dags/example_task_group.py for tasks to queue
[2023-02-28T04:26:13.018+0000] {logging_mixin.py:137} INFO - [2023-02-28T04:26:13.018+0000] {dagbag.py:538} INFO - Filling up the DagBag from /home/airflow/.local/lib/python3.7/site-packages/airflow/example_dags/example_task_group.py
[2023-02-28T04:26:13.036+0000] {processor.py:753} INFO - DAG(s) dict_keys(['example_task_group']) retrieved from /home/airflow/.local/lib/python3.7/site-packages/airflow/example_dags/example_task_group.py
[2023-02-28T04:26:13.070+0000] {logging_mixin.py:137} INFO - [2023-02-28T04:26:13.070+0000] {dag.py:2690} INFO - Sync 1 DAGs
[2023-02-28T04:26:13.106+0000] {logging_mixin.py:137} INFO - [2023-02-28T04:26:13.106+0000] {dag.py:3441} INFO - Setting next_dagrun for example_task_group to 2023-02-27T04:26:13.105800+00:00, run_after=2023-02-28T04:26:13.105800+00:00
[2023-02-28T04:26:13.129+0000] {processor.py:175} INFO - Processing /home/airflow/.local/lib/python3.7/site-packages/airflow/example_dags/example_task_group.py took 0.118 seconds
[2023-02-28T04:26:43.601+0000] {processor.py:153} INFO - Started process (PID=531) to work on /home/airflow/.local/lib/python3.7/site-packages/airflow/example_dags/example_task_group.py
[2023-02-28T04:26:43.602+0000] {processor.py:743} INFO - Processing file /home/airflow/.local/lib/python3.7/site-packages/airflow/example_dags/example_task_group.py for tasks to queue
[2023-02-28T04:26:43.603+0000] {logging_mixin.py:137} INFO - [2023-02-28T04:26:43.603+0000] {dagbag.py:538} INFO - Filling up the DagBag from /home/airflow/.local/lib/python3.7/site-packages/airflow/example_dags/example_task_group.py
[2023-02-28T04:26:43.630+0000] {processor.py:753} INFO - DAG(s) dict_keys(['example_task_group']) retrieved from /home/airflow/.local/lib/python3.7/site-packages/airflow/example_dags/example_task_group.py
[2023-02-28T04:26:43.668+0000] {logging_mixin.py:137} INFO - [2023-02-28T04:26:43.668+0000] {dag.py:2690} INFO - Sync 1 DAGs
[2023-02-28T04:26:43.696+0000] {logging_mixin.py:137} INFO - [2023-02-28T04:26:43.696+0000] {dag.py:3441} INFO - Setting next_dagrun for example_task_group to 2023-02-27T04:26:43.695829+00:00, run_after=2023-02-28T04:26:43.695829+00:00
[2023-02-28T04:26:43.716+0000] {processor.py:175} INFO - Processing /home/airflow/.local/lib/python3.7/site-packages/airflow/example_dags/example_task_group.py took 0.120 seconds
[2023-02-28T04:27:13.805+0000] {processor.py:153} INFO - Started process (PID=594) to work on /home/airflow/.local/lib/python3.7/site-packages/airflow/example_dags/example_task_group.py
[2023-02-28T04:27:13.807+0000] {processor.py:743} INFO - Processing file /home/airflow/.local/lib/python3.7/site-packages/airflow/example_dags/example_task_group.py for tasks to queue
[2023-02-28T04:27:13.807+0000] {logging_mixin.py:137} INFO - [2023-02-28T04:27:13.807+0000] {dagbag.py:538} INFO - Filling up the DagBag from /home/airflow/.local/lib/python3.7/site-packages/airflow/example_dags/example_task_group.py
[2023-02-28T04:27:13.826+0000] {processor.py:753} INFO - DAG(s) dict_keys(['example_task_group']) retrieved from /home/airflow/.local/lib/python3.7/site-packages/airflow/example_dags/example_task_group.py
[2023-02-28T04:27:13.858+0000] {logging_mixin.py:137} INFO - [2023-02-28T04:27:13.858+0000] {dag.py:2690} INFO - Sync 1 DAGs
[2023-02-28T04:27:13.887+0000] {logging_mixin.py:137} INFO - [2023-02-28T04:27:13.886+0000] {dag.py:3441} INFO - Setting next_dagrun for example_task_group to 2023-02-27T04:27:13.886510+00:00, run_after=2023-02-28T04:27:13.886510+00:00
[2023-02-28T04:27:13.907+0000] {processor.py:175} INFO - Processing /home/airflow/.local/lib/python3.7/site-packages/airflow/example_dags/example_task_group.py took 0.106 seconds
[2023-02-28T04:27:43.996+0000] {processor.py:153} INFO - Started process (PID=660) to work on /home/airflow/.local/lib/python3.7/site-packages/airflow/example_dags/example_task_group.py
[2023-02-28T04:27:43.997+0000] {processor.py:743} INFO - Processing file /home/airflow/.local/lib/python3.7/site-packages/airflow/example_dags/example_task_group.py for tasks to queue
[2023-02-28T04:27:43.998+0000] {logging_mixin.py:137} INFO - [2023-02-28T04:27:43.998+0000] {dagbag.py:538} INFO - Filling up the DagBag from /home/airflow/.local/lib/python3.7/site-packages/airflow/example_dags/example_task_group.py
[2023-02-28T04:27:44.021+0000] {processor.py:753} INFO - DAG(s) dict_keys(['example_task_group']) retrieved from /home/airflow/.local/lib/python3.7/site-packages/airflow/example_dags/example_task_group.py
[2023-02-28T04:27:44.060+0000] {logging_mixin.py:137} INFO - [2023-02-28T04:27:44.060+0000] {dag.py:2690} INFO - Sync 1 DAGs
[2023-02-28T04:27:44.101+0000] {logging_mixin.py:137} INFO - [2023-02-28T04:27:44.100+0000] {dag.py:3441} INFO - Setting next_dagrun for example_task_group to 2023-02-27T04:27:44.100442+00:00, run_after=2023-02-28T04:27:44.100442+00:00
[2023-02-28T04:27:44.132+0000] {processor.py:175} INFO - Processing /home/airflow/.local/lib/python3.7/site-packages/airflow/example_dags/example_task_group.py took 0.144 seconds
[2023-02-28T04:28:14.382+0000] {processor.py:153} INFO - Started process (PID=738) to work on /home/airflow/.local/lib/python3.7/site-packages/airflow/example_dags/example_task_group.py
[2023-02-28T04:28:14.384+0000] {processor.py:743} INFO - Processing file /home/airflow/.local/lib/python3.7/site-packages/airflow/example_dags/example_task_group.py for tasks to queue
[2023-02-28T04:28:14.385+0000] {logging_mixin.py:137} INFO - [2023-02-28T04:28:14.384+0000] {dagbag.py:538} INFO - Filling up the DagBag from /home/airflow/.local/lib/python3.7/site-packages/airflow/example_dags/example_task_group.py
[2023-02-28T04:28:14.407+0000] {processor.py:753} INFO - DAG(s) dict_keys(['example_task_group']) retrieved from /home/airflow/.local/lib/python3.7/site-packages/airflow/example_dags/example_task_group.py
[2023-02-28T04:28:14.444+0000] {logging_mixin.py:137} INFO - [2023-02-28T04:28:14.443+0000] {dag.py:2690} INFO - Sync 1 DAGs
[2023-02-28T04:28:14.480+0000] {logging_mixin.py:137} INFO - [2023-02-28T04:28:14.480+0000] {dag.py:3441} INFO - Setting next_dagrun for example_task_group to 2023-02-27T04:28:14.479774+00:00, run_after=2023-02-28T04:28:14.479774+00:00
[2023-02-28T04:28:14.501+0000] {processor.py:175} INFO - Processing /home/airflow/.local/lib/python3.7/site-packages/airflow/example_dags/example_task_group.py took 0.123 seconds
[2023-02-28T04:28:44.608+0000] {processor.py:153} INFO - Started process (PID=803) to work on /home/airflow/.local/lib/python3.7/site-packages/airflow/example_dags/example_task_group.py
[2023-02-28T04:28:44.609+0000] {processor.py:743} INFO - Processing file /home/airflow/.local/lib/python3.7/site-packages/airflow/example_dags/example_task_group.py for tasks to queue
[2023-02-28T04:28:44.610+0000] {logging_mixin.py:137} INFO - [2023-02-28T04:28:44.610+0000] {dagbag.py:538} INFO - Filling up the DagBag from /home/airflow/.local/lib/python3.7/site-packages/airflow/example_dags/example_task_group.py
[2023-02-28T04:28:44.628+0000] {processor.py:753} INFO - DAG(s) dict_keys(['example_task_group']) retrieved from /home/airflow/.local/lib/python3.7/site-packages/airflow/example_dags/example_task_group.py
[2023-02-28T04:28:44.661+0000] {logging_mixin.py:137} INFO - [2023-02-28T04:28:44.661+0000] {dag.py:2690} INFO - Sync 1 DAGs
[2023-02-28T04:28:44.689+0000] {logging_mixin.py:137} INFO - [2023-02-28T04:28:44.689+0000] {dag.py:3441} INFO - Setting next_dagrun for example_task_group to 2023-02-27T04:28:44.689085+00:00, run_after=2023-02-28T04:28:44.689085+00:00
[2023-02-28T04:28:44.710+0000] {processor.py:175} INFO - Processing /home/airflow/.local/lib/python3.7/site-packages/airflow/example_dags/example_task_group.py took 0.107 seconds
[2023-02-28T04:29:15.080+0000] {processor.py:153} INFO - Started process (PID=879) to work on /home/airflow/.local/lib/python3.7/site-packages/airflow/example_dags/example_task_group.py
[2023-02-28T04:29:15.081+0000] {processor.py:743} INFO - Processing file /home/airflow/.local/lib/python3.7/site-packages/airflow/example_dags/example_task_group.py for tasks to queue
[2023-02-28T04:29:15.081+0000] {logging_mixin.py:137} INFO - [2023-02-28T04:29:15.081+0000] {dagbag.py:538} INFO - Filling up the DagBag from /home/airflow/.local/lib/python3.7/site-packages/airflow/example_dags/example_task_group.py
[2023-02-28T04:29:15.107+0000] {processor.py:753} INFO - DAG(s) dict_keys(['example_task_group']) retrieved from /home/airflow/.local/lib/python3.7/site-packages/airflow/example_dags/example_task_group.py
[2023-02-28T04:29:15.143+0000] {logging_mixin.py:137} INFO - [2023-02-28T04:29:15.142+0000] {dag.py:2690} INFO - Sync 1 DAGs
[2023-02-28T04:29:15.172+0000] {logging_mixin.py:137} INFO - [2023-02-28T04:29:15.171+0000] {dag.py:3441} INFO - Setting next_dagrun for example_task_group to 2023-02-27T04:29:15.171579+00:00, run_after=2023-02-28T04:29:15.171579+00:00
[2023-02-28T04:29:15.192+0000] {processor.py:175} INFO - Processing /home/airflow/.local/lib/python3.7/site-packages/airflow/example_dags/example_task_group.py took 0.118 seconds
[2023-02-28T04:29:45.287+0000] {processor.py:153} INFO - Started process (PID=944) to work on /home/airflow/.local/lib/python3.7/site-packages/airflow/example_dags/example_task_group.py
[2023-02-28T04:29:45.289+0000] {processor.py:743} INFO - Processing file /home/airflow/.local/lib/python3.7/site-packages/airflow/example_dags/example_task_group.py for tasks to queue
[2023-02-28T04:29:45.289+0000] {logging_mixin.py:137} INFO - [2023-02-28T04:29:45.289+0000] {dagbag.py:538} INFO - Filling up the DagBag from /home/airflow/.local/lib/python3.7/site-packages/airflow/example_dags/example_task_group.py
[2023-02-28T04:29:45.307+0000] {processor.py:753} INFO - DAG(s) dict_keys(['example_task_group']) retrieved from /home/airflow/.local/lib/python3.7/site-packages/airflow/example_dags/example_task_group.py
[2023-02-28T04:29:45.335+0000] {logging_mixin.py:137} INFO - [2023-02-28T04:29:45.335+0000] {dag.py:2690} INFO - Sync 1 DAGs
[2023-02-28T04:29:45.362+0000] {logging_mixin.py:137} INFO - [2023-02-28T04:29:45.362+0000] {dag.py:3441} INFO - Setting next_dagrun for example_task_group to 2023-02-27T04:29:45.362499+00:00, run_after=2023-02-28T04:29:45.362499+00:00
[2023-02-28T04:29:45.381+0000] {processor.py:175} INFO - Processing /home/airflow/.local/lib/python3.7/site-packages/airflow/example_dags/example_task_group.py took 0.099 seconds
[2023-02-28T04:30:15.646+0000] {processor.py:153} INFO - Started process (PID=1018) to work on /home/airflow/.local/lib/python3.7/site-packages/airflow/example_dags/example_task_group.py
[2023-02-28T04:30:15.647+0000] {processor.py:743} INFO - Processing file /home/airflow/.local/lib/python3.7/site-packages/airflow/example_dags/example_task_group.py for tasks to queue
[2023-02-28T04:30:15.648+0000] {logging_mixin.py:137} INFO - [2023-02-28T04:30:15.648+0000] {dagbag.py:538} INFO - Filling up the DagBag from /home/airflow/.local/lib/python3.7/site-packages/airflow/example_dags/example_task_group.py
[2023-02-28T04:30:15.673+0000] {processor.py:753} INFO - DAG(s) dict_keys(['example_task_group']) retrieved from /home/airflow/.local/lib/python3.7/site-packages/airflow/example_dags/example_task_group.py
[2023-02-28T04:30:15.712+0000] {logging_mixin.py:137} INFO - [2023-02-28T04:30:15.712+0000] {dag.py:2690} INFO - Sync 1 DAGs
[2023-02-28T04:30:15.757+0000] {logging_mixin.py:137} INFO - [2023-02-28T04:30:15.757+0000] {dag.py:3441} INFO - Setting next_dagrun for example_task_group to 2023-02-27T04:30:15.757272+00:00, run_after=2023-02-28T04:30:15.757272+00:00
[2023-02-28T04:30:15.785+0000] {processor.py:175} INFO - Processing /home/airflow/.local/lib/python3.7/site-packages/airflow/example_dags/example_task_group.py took 0.145 seconds
[2023-02-28T04:30:45.818+0000] {processor.py:153} INFO - Started process (PID=1086) to work on /home/airflow/.local/lib/python3.7/site-packages/airflow/example_dags/example_task_group.py
[2023-02-28T04:30:45.819+0000] {processor.py:743} INFO - Processing file /home/airflow/.local/lib/python3.7/site-packages/airflow/example_dags/example_task_group.py for tasks to queue
[2023-02-28T04:30:45.820+0000] {logging_mixin.py:137} INFO - [2023-02-28T04:30:45.820+0000] {dagbag.py:538} INFO - Filling up the DagBag from /home/airflow/.local/lib/python3.7/site-packages/airflow/example_dags/example_task_group.py
[2023-02-28T04:30:45.841+0000] {processor.py:753} INFO - DAG(s) dict_keys(['example_task_group']) retrieved from /home/airflow/.local/lib/python3.7/site-packages/airflow/example_dags/example_task_group.py
[2023-02-28T04:30:45.874+0000] {logging_mixin.py:137} INFO - [2023-02-28T04:30:45.874+0000] {dag.py:2690} INFO - Sync 1 DAGs
[2023-02-28T04:30:45.901+0000] {logging_mixin.py:137} INFO - [2023-02-28T04:30:45.901+0000] {dag.py:3441} INFO - Setting next_dagrun for example_task_group to 2023-02-27T04:30:45.901296+00:00, run_after=2023-02-28T04:30:45.901296+00:00
[2023-02-28T04:30:45.921+0000] {processor.py:175} INFO - Processing /home/airflow/.local/lib/python3.7/site-packages/airflow/example_dags/example_task_group.py took 0.107 seconds
[2023-02-28T04:31:16.188+0000] {processor.py:153} INFO - Started process (PID=1149) to work on /home/airflow/.local/lib/python3.7/site-packages/airflow/example_dags/example_task_group.py
[2023-02-28T04:31:16.189+0000] {processor.py:743} INFO - Processing file /home/airflow/.local/lib/python3.7/site-packages/airflow/example_dags/example_task_group.py for tasks to queue
[2023-02-28T04:31:16.190+0000] {logging_mixin.py:137} INFO - [2023-02-28T04:31:16.190+0000] {dagbag.py:538} INFO - Filling up the DagBag from /home/airflow/.local/lib/python3.7/site-packages/airflow/example_dags/example_task_group.py
[2023-02-28T04:31:16.209+0000] {processor.py:753} INFO - DAG(s) dict_keys(['example_task_group']) retrieved from /home/airflow/.local/lib/python3.7/site-packages/airflow/example_dags/example_task_group.py
[2023-02-28T04:31:16.246+0000] {logging_mixin.py:137} INFO - [2023-02-28T04:31:16.246+0000] {dag.py:2690} INFO - Sync 1 DAGs
[2023-02-28T04:31:16.288+0000] {logging_mixin.py:137} INFO - [2023-02-28T04:31:16.287+0000] {dag.py:3441} INFO - Setting next_dagrun for example_task_group to 2023-02-27T04:31:16.287489+00:00, run_after=2023-02-28T04:31:16.287489+00:00
[2023-02-28T04:31:16.313+0000] {processor.py:175} INFO - Processing /home/airflow/.local/lib/python3.7/site-packages/airflow/example_dags/example_task_group.py took 0.130 seconds
