[2023-02-28T03:50:08.095+0000] {processor.py:153} INFO - Started process (PID=69) to work on /home/airflow/.local/lib/python3.7/site-packages/airflow/example_dags/example_bash_operator.py
[2023-02-28T03:50:08.096+0000] {processor.py:743} INFO - Processing file /home/airflow/.local/lib/python3.7/site-packages/airflow/example_dags/example_bash_operator.py for tasks to queue
[2023-02-28T03:50:08.097+0000] {logging_mixin.py:137} INFO - [2023-02-28T03:50:08.097+0000] {dagbag.py:538} INFO - Filling up the DagBag from /home/airflow/.local/lib/python3.7/site-packages/airflow/example_dags/example_bash_operator.py
[2023-02-28T03:50:08.144+0000] {processor.py:753} INFO - DAG(s) dict_keys(['example_bash_operator']) retrieved from /home/airflow/.local/lib/python3.7/site-packages/airflow/example_dags/example_bash_operator.py
[2023-02-28T03:50:08.210+0000] {logging_mixin.py:137} INFO - [2023-02-28T03:50:08.210+0000] {dag.py:2690} INFO - Sync 1 DAGs
[2023-02-28T03:50:08.254+0000] {logging_mixin.py:137} INFO - [2023-02-28T03:50:08.253+0000] {dag.py:3441} INFO - Setting next_dagrun for example_bash_operator to 2023-02-27T00:00:00+00:00, run_after=2023-02-28T00:00:00+00:00
[2023-02-28T03:50:08.305+0000] {processor.py:175} INFO - Processing /home/airflow/.local/lib/python3.7/site-packages/airflow/example_dags/example_bash_operator.py took 0.216 seconds
[2023-02-28T03:50:38.505+0000] {processor.py:153} INFO - Started process (PID=134) to work on /home/airflow/.local/lib/python3.7/site-packages/airflow/example_dags/example_bash_operator.py
[2023-02-28T03:50:38.506+0000] {processor.py:743} INFO - Processing file /home/airflow/.local/lib/python3.7/site-packages/airflow/example_dags/example_bash_operator.py for tasks to queue
[2023-02-28T03:50:38.507+0000] {logging_mixin.py:137} INFO - [2023-02-28T03:50:38.507+0000] {dagbag.py:538} INFO - Filling up the DagBag from /home/airflow/.local/lib/python3.7/site-packages/airflow/example_dags/example_bash_operator.py
[2023-02-28T03:50:38.534+0000] {processor.py:753} INFO - DAG(s) dict_keys(['example_bash_operator']) retrieved from /home/airflow/.local/lib/python3.7/site-packages/airflow/example_dags/example_bash_operator.py
[2023-02-28T03:50:38.583+0000] {logging_mixin.py:137} INFO - [2023-02-28T03:50:38.582+0000] {dag.py:2690} INFO - Sync 1 DAGs
[2023-02-28T03:50:38.613+0000] {logging_mixin.py:137} INFO - [2023-02-28T03:50:38.613+0000] {dag.py:3441} INFO - Setting next_dagrun for example_bash_operator to 2023-02-27T00:00:00+00:00, run_after=2023-02-28T00:00:00+00:00
[2023-02-28T03:50:38.635+0000] {processor.py:175} INFO - Processing /home/airflow/.local/lib/python3.7/site-packages/airflow/example_dags/example_bash_operator.py took 0.134 seconds
[2023-02-28T03:51:09.686+0000] {processor.py:153} INFO - Started process (PID=211) to work on /home/airflow/.local/lib/python3.7/site-packages/airflow/example_dags/example_bash_operator.py
[2023-02-28T03:51:09.688+0000] {processor.py:743} INFO - Processing file /home/airflow/.local/lib/python3.7/site-packages/airflow/example_dags/example_bash_operator.py for tasks to queue
[2023-02-28T03:51:09.689+0000] {logging_mixin.py:137} INFO - [2023-02-28T03:51:09.688+0000] {dagbag.py:538} INFO - Filling up the DagBag from /home/airflow/.local/lib/python3.7/site-packages/airflow/example_dags/example_bash_operator.py
[2023-02-28T03:51:09.725+0000] {processor.py:753} INFO - DAG(s) dict_keys(['example_bash_operator']) retrieved from /home/airflow/.local/lib/python3.7/site-packages/airflow/example_dags/example_bash_operator.py
[2023-02-28T03:51:09.770+0000] {logging_mixin.py:137} INFO - [2023-02-28T03:51:09.770+0000] {dag.py:2690} INFO - Sync 1 DAGs
[2023-02-28T03:51:09.803+0000] {logging_mixin.py:137} INFO - [2023-02-28T03:51:09.803+0000] {dag.py:3441} INFO - Setting next_dagrun for example_bash_operator to 2023-02-27T00:00:00+00:00, run_after=2023-02-28T00:00:00+00:00
[2023-02-28T03:51:09.825+0000] {processor.py:175} INFO - Processing /home/airflow/.local/lib/python3.7/site-packages/airflow/example_dags/example_bash_operator.py took 0.145 seconds
[2023-02-28T03:51:40.796+0000] {processor.py:153} INFO - Started process (PID=275) to work on /home/airflow/.local/lib/python3.7/site-packages/airflow/example_dags/example_bash_operator.py
[2023-02-28T03:51:40.797+0000] {processor.py:743} INFO - Processing file /home/airflow/.local/lib/python3.7/site-packages/airflow/example_dags/example_bash_operator.py for tasks to queue
[2023-02-28T03:51:40.797+0000] {logging_mixin.py:137} INFO - [2023-02-28T03:51:40.797+0000] {dagbag.py:538} INFO - Filling up the DagBag from /home/airflow/.local/lib/python3.7/site-packages/airflow/example_dags/example_bash_operator.py
[2023-02-28T03:51:40.823+0000] {processor.py:753} INFO - DAG(s) dict_keys(['example_bash_operator']) retrieved from /home/airflow/.local/lib/python3.7/site-packages/airflow/example_dags/example_bash_operator.py
[2023-02-28T03:51:40.866+0000] {logging_mixin.py:137} INFO - [2023-02-28T03:51:40.866+0000] {dag.py:2690} INFO - Sync 1 DAGs
[2023-02-28T03:51:40.903+0000] {logging_mixin.py:137} INFO - [2023-02-28T03:51:40.903+0000] {dag.py:3441} INFO - Setting next_dagrun for example_bash_operator to 2023-02-27T00:00:00+00:00, run_after=2023-02-28T00:00:00+00:00
[2023-02-28T03:51:40.928+0000] {processor.py:175} INFO - Processing /home/airflow/.local/lib/python3.7/site-packages/airflow/example_dags/example_bash_operator.py took 0.136 seconds
[2023-02-28T03:52:11.881+0000] {processor.py:153} INFO - Started process (PID=351) to work on /home/airflow/.local/lib/python3.7/site-packages/airflow/example_dags/example_bash_operator.py
[2023-02-28T03:52:11.883+0000] {processor.py:743} INFO - Processing file /home/airflow/.local/lib/python3.7/site-packages/airflow/example_dags/example_bash_operator.py for tasks to queue
[2023-02-28T03:52:11.884+0000] {logging_mixin.py:137} INFO - [2023-02-28T03:52:11.884+0000] {dagbag.py:538} INFO - Filling up the DagBag from /home/airflow/.local/lib/python3.7/site-packages/airflow/example_dags/example_bash_operator.py
[2023-02-28T03:52:11.924+0000] {processor.py:753} INFO - DAG(s) dict_keys(['example_bash_operator']) retrieved from /home/airflow/.local/lib/python3.7/site-packages/airflow/example_dags/example_bash_operator.py
[2023-02-28T03:52:11.984+0000] {logging_mixin.py:137} INFO - [2023-02-28T03:52:11.984+0000] {dag.py:2690} INFO - Sync 1 DAGs
[2023-02-28T03:52:12.027+0000] {logging_mixin.py:137} INFO - [2023-02-28T03:52:12.026+0000] {dag.py:3441} INFO - Setting next_dagrun for example_bash_operator to 2023-02-27T00:00:00+00:00, run_after=2023-02-28T00:00:00+00:00
[2023-02-28T03:52:12.056+0000] {processor.py:175} INFO - Processing /home/airflow/.local/lib/python3.7/site-packages/airflow/example_dags/example_bash_operator.py took 0.179 seconds
[2023-02-28T03:52:43.013+0000] {processor.py:153} INFO - Started process (PID=417) to work on /home/airflow/.local/lib/python3.7/site-packages/airflow/example_dags/example_bash_operator.py
[2023-02-28T03:52:43.014+0000] {processor.py:743} INFO - Processing file /home/airflow/.local/lib/python3.7/site-packages/airflow/example_dags/example_bash_operator.py for tasks to queue
[2023-02-28T03:52:43.015+0000] {logging_mixin.py:137} INFO - [2023-02-28T03:52:43.015+0000] {dagbag.py:538} INFO - Filling up the DagBag from /home/airflow/.local/lib/python3.7/site-packages/airflow/example_dags/example_bash_operator.py
[2023-02-28T03:52:43.042+0000] {processor.py:753} INFO - DAG(s) dict_keys(['example_bash_operator']) retrieved from /home/airflow/.local/lib/python3.7/site-packages/airflow/example_dags/example_bash_operator.py
[2023-02-28T03:52:43.088+0000] {logging_mixin.py:137} INFO - [2023-02-28T03:52:43.088+0000] {dag.py:2690} INFO - Sync 1 DAGs
[2023-02-28T03:52:43.121+0000] {logging_mixin.py:137} INFO - [2023-02-28T03:52:43.121+0000] {dag.py:3441} INFO - Setting next_dagrun for example_bash_operator to 2023-02-27T00:00:00+00:00, run_after=2023-02-28T00:00:00+00:00
[2023-02-28T03:52:43.141+0000] {processor.py:175} INFO - Processing /home/airflow/.local/lib/python3.7/site-packages/airflow/example_dags/example_bash_operator.py took 0.132 seconds
[2023-02-28T03:53:14.022+0000] {processor.py:153} INFO - Started process (PID=492) to work on /home/airflow/.local/lib/python3.7/site-packages/airflow/example_dags/example_bash_operator.py
[2023-02-28T03:53:14.024+0000] {processor.py:743} INFO - Processing file /home/airflow/.local/lib/python3.7/site-packages/airflow/example_dags/example_bash_operator.py for tasks to queue
[2023-02-28T03:53:14.025+0000] {logging_mixin.py:137} INFO - [2023-02-28T03:53:14.025+0000] {dagbag.py:538} INFO - Filling up the DagBag from /home/airflow/.local/lib/python3.7/site-packages/airflow/example_dags/example_bash_operator.py
[2023-02-28T03:53:14.090+0000] {processor.py:753} INFO - DAG(s) dict_keys(['example_bash_operator']) retrieved from /home/airflow/.local/lib/python3.7/site-packages/airflow/example_dags/example_bash_operator.py
[2023-02-28T03:53:14.172+0000] {logging_mixin.py:137} INFO - [2023-02-28T03:53:14.172+0000] {dag.py:2690} INFO - Sync 1 DAGs
[2023-02-28T03:53:14.242+0000] {logging_mixin.py:137} INFO - [2023-02-28T03:53:14.242+0000] {dag.py:3441} INFO - Setting next_dagrun for example_bash_operator to 2023-02-27T00:00:00+00:00, run_after=2023-02-28T00:00:00+00:00
[2023-02-28T03:53:14.281+0000] {processor.py:175} INFO - Processing /home/airflow/.local/lib/python3.7/site-packages/airflow/example_dags/example_bash_operator.py took 0.264 seconds
[2023-02-28T03:53:44.600+0000] {processor.py:153} INFO - Started process (PID=560) to work on /home/airflow/.local/lib/python3.7/site-packages/airflow/example_dags/example_bash_operator.py
[2023-02-28T03:53:44.602+0000] {processor.py:743} INFO - Processing file /home/airflow/.local/lib/python3.7/site-packages/airflow/example_dags/example_bash_operator.py for tasks to queue
[2023-02-28T03:53:44.603+0000] {logging_mixin.py:137} INFO - [2023-02-28T03:53:44.602+0000] {dagbag.py:538} INFO - Filling up the DagBag from /home/airflow/.local/lib/python3.7/site-packages/airflow/example_dags/example_bash_operator.py
[2023-02-28T03:53:44.630+0000] {processor.py:753} INFO - DAG(s) dict_keys(['example_bash_operator']) retrieved from /home/airflow/.local/lib/python3.7/site-packages/airflow/example_dags/example_bash_operator.py
[2023-02-28T03:53:44.672+0000] {logging_mixin.py:137} INFO - [2023-02-28T03:53:44.672+0000] {dag.py:2690} INFO - Sync 1 DAGs
[2023-02-28T03:53:44.709+0000] {logging_mixin.py:137} INFO - [2023-02-28T03:53:44.709+0000] {dag.py:3441} INFO - Setting next_dagrun for example_bash_operator to 2023-02-27T00:00:00+00:00, run_after=2023-02-28T00:00:00+00:00
[2023-02-28T03:53:44.738+0000] {processor.py:175} INFO - Processing /home/airflow/.local/lib/python3.7/site-packages/airflow/example_dags/example_bash_operator.py took 0.142 seconds
[2023-02-28T03:54:14.861+0000] {processor.py:153} INFO - Started process (PID=626) to work on /home/airflow/.local/lib/python3.7/site-packages/airflow/example_dags/example_bash_operator.py
[2023-02-28T03:54:14.862+0000] {processor.py:743} INFO - Processing file /home/airflow/.local/lib/python3.7/site-packages/airflow/example_dags/example_bash_operator.py for tasks to queue
[2023-02-28T03:54:14.863+0000] {logging_mixin.py:137} INFO - [2023-02-28T03:54:14.863+0000] {dagbag.py:538} INFO - Filling up the DagBag from /home/airflow/.local/lib/python3.7/site-packages/airflow/example_dags/example_bash_operator.py
[2023-02-28T03:54:14.891+0000] {processor.py:753} INFO - DAG(s) dict_keys(['example_bash_operator']) retrieved from /home/airflow/.local/lib/python3.7/site-packages/airflow/example_dags/example_bash_operator.py
[2023-02-28T03:54:14.947+0000] {logging_mixin.py:137} INFO - [2023-02-28T03:54:14.946+0000] {dag.py:2690} INFO - Sync 1 DAGs
[2023-02-28T03:54:14.981+0000] {logging_mixin.py:137} INFO - [2023-02-28T03:54:14.981+0000] {dag.py:3441} INFO - Setting next_dagrun for example_bash_operator to 2023-02-27T00:00:00+00:00, run_after=2023-02-28T00:00:00+00:00
[2023-02-28T03:54:15.005+0000] {processor.py:175} INFO - Processing /home/airflow/.local/lib/python3.7/site-packages/airflow/example_dags/example_bash_operator.py took 0.148 seconds
[2023-02-28T03:54:45.327+0000] {processor.py:153} INFO - Started process (PID=701) to work on /home/airflow/.local/lib/python3.7/site-packages/airflow/example_dags/example_bash_operator.py
[2023-02-28T03:54:45.329+0000] {processor.py:743} INFO - Processing file /home/airflow/.local/lib/python3.7/site-packages/airflow/example_dags/example_bash_operator.py for tasks to queue
[2023-02-28T03:54:45.331+0000] {logging_mixin.py:137} INFO - [2023-02-28T03:54:45.331+0000] {dagbag.py:538} INFO - Filling up the DagBag from /home/airflow/.local/lib/python3.7/site-packages/airflow/example_dags/example_bash_operator.py
[2023-02-28T03:54:45.357+0000] {processor.py:753} INFO - DAG(s) dict_keys(['example_bash_operator']) retrieved from /home/airflow/.local/lib/python3.7/site-packages/airflow/example_dags/example_bash_operator.py
[2023-02-28T03:54:45.413+0000] {logging_mixin.py:137} INFO - [2023-02-28T03:54:45.413+0000] {dag.py:2690} INFO - Sync 1 DAGs
[2023-02-28T03:54:45.454+0000] {logging_mixin.py:137} INFO - [2023-02-28T03:54:45.454+0000] {dag.py:3441} INFO - Setting next_dagrun for example_bash_operator to 2023-02-27T00:00:00+00:00, run_after=2023-02-28T00:00:00+00:00
[2023-02-28T03:54:45.482+0000] {processor.py:175} INFO - Processing /home/airflow/.local/lib/python3.7/site-packages/airflow/example_dags/example_bash_operator.py took 0.159 seconds
[2023-02-28T03:55:15.513+0000] {processor.py:153} INFO - Started process (PID=765) to work on /home/airflow/.local/lib/python3.7/site-packages/airflow/example_dags/example_bash_operator.py
[2023-02-28T03:55:15.514+0000] {processor.py:743} INFO - Processing file /home/airflow/.local/lib/python3.7/site-packages/airflow/example_dags/example_bash_operator.py for tasks to queue
[2023-02-28T03:55:15.515+0000] {logging_mixin.py:137} INFO - [2023-02-28T03:55:15.515+0000] {dagbag.py:538} INFO - Filling up the DagBag from /home/airflow/.local/lib/python3.7/site-packages/airflow/example_dags/example_bash_operator.py
[2023-02-28T03:55:15.545+0000] {processor.py:753} INFO - DAG(s) dict_keys(['example_bash_operator']) retrieved from /home/airflow/.local/lib/python3.7/site-packages/airflow/example_dags/example_bash_operator.py
[2023-02-28T03:55:15.590+0000] {logging_mixin.py:137} INFO - [2023-02-28T03:55:15.590+0000] {dag.py:2690} INFO - Sync 1 DAGs
[2023-02-28T03:55:15.620+0000] {logging_mixin.py:137} INFO - [2023-02-28T03:55:15.620+0000] {dag.py:3441} INFO - Setting next_dagrun for example_bash_operator to 2023-02-27T00:00:00+00:00, run_after=2023-02-28T00:00:00+00:00
[2023-02-28T03:55:15.640+0000] {processor.py:175} INFO - Processing /home/airflow/.local/lib/python3.7/site-packages/airflow/example_dags/example_bash_operator.py took 0.132 seconds
[2023-02-28T03:55:45.849+0000] {processor.py:153} INFO - Started process (PID=830) to work on /home/airflow/.local/lib/python3.7/site-packages/airflow/example_dags/example_bash_operator.py
[2023-02-28T03:55:45.851+0000] {processor.py:743} INFO - Processing file /home/airflow/.local/lib/python3.7/site-packages/airflow/example_dags/example_bash_operator.py for tasks to queue
[2023-02-28T03:55:45.852+0000] {logging_mixin.py:137} INFO - [2023-02-28T03:55:45.852+0000] {dagbag.py:538} INFO - Filling up the DagBag from /home/airflow/.local/lib/python3.7/site-packages/airflow/example_dags/example_bash_operator.py
[2023-02-28T03:55:45.887+0000] {processor.py:753} INFO - DAG(s) dict_keys(['example_bash_operator']) retrieved from /home/airflow/.local/lib/python3.7/site-packages/airflow/example_dags/example_bash_operator.py
[2023-02-28T03:55:45.946+0000] {logging_mixin.py:137} INFO - [2023-02-28T03:55:45.945+0000] {dag.py:2690} INFO - Sync 1 DAGs
[2023-02-28T03:55:45.998+0000] {logging_mixin.py:137} INFO - [2023-02-28T03:55:45.998+0000] {dag.py:3441} INFO - Setting next_dagrun for example_bash_operator to 2023-02-27T00:00:00+00:00, run_after=2023-02-28T00:00:00+00:00
[2023-02-28T03:55:46.036+0000] {processor.py:175} INFO - Processing /home/airflow/.local/lib/python3.7/site-packages/airflow/example_dags/example_bash_operator.py took 0.192 seconds
[2023-02-28T03:56:16.238+0000] {processor.py:153} INFO - Started process (PID=905) to work on /home/airflow/.local/lib/python3.7/site-packages/airflow/example_dags/example_bash_operator.py
[2023-02-28T03:56:16.239+0000] {processor.py:743} INFO - Processing file /home/airflow/.local/lib/python3.7/site-packages/airflow/example_dags/example_bash_operator.py for tasks to queue
[2023-02-28T03:56:16.239+0000] {logging_mixin.py:137} INFO - [2023-02-28T03:56:16.239+0000] {dagbag.py:538} INFO - Filling up the DagBag from /home/airflow/.local/lib/python3.7/site-packages/airflow/example_dags/example_bash_operator.py
[2023-02-28T03:56:16.265+0000] {processor.py:753} INFO - DAG(s) dict_keys(['example_bash_operator']) retrieved from /home/airflow/.local/lib/python3.7/site-packages/airflow/example_dags/example_bash_operator.py
[2023-02-28T03:56:16.323+0000] {logging_mixin.py:137} INFO - [2023-02-28T03:56:16.323+0000] {dag.py:2690} INFO - Sync 1 DAGs
[2023-02-28T03:56:16.364+0000] {logging_mixin.py:137} INFO - [2023-02-28T03:56:16.364+0000] {dag.py:3441} INFO - Setting next_dagrun for example_bash_operator to 2023-02-27T00:00:00+00:00, run_after=2023-02-28T00:00:00+00:00
[2023-02-28T03:56:16.386+0000] {processor.py:175} INFO - Processing /home/airflow/.local/lib/python3.7/site-packages/airflow/example_dags/example_bash_operator.py took 0.152 seconds
[2023-02-28T03:56:47.158+0000] {processor.py:153} INFO - Started process (PID=970) to work on /home/airflow/.local/lib/python3.7/site-packages/airflow/example_dags/example_bash_operator.py
[2023-02-28T03:56:47.160+0000] {processor.py:743} INFO - Processing file /home/airflow/.local/lib/python3.7/site-packages/airflow/example_dags/example_bash_operator.py for tasks to queue
[2023-02-28T03:56:47.160+0000] {logging_mixin.py:137} INFO - [2023-02-28T03:56:47.160+0000] {dagbag.py:538} INFO - Filling up the DagBag from /home/airflow/.local/lib/python3.7/site-packages/airflow/example_dags/example_bash_operator.py
[2023-02-28T03:56:47.186+0000] {processor.py:753} INFO - DAG(s) dict_keys(['example_bash_operator']) retrieved from /home/airflow/.local/lib/python3.7/site-packages/airflow/example_dags/example_bash_operator.py
[2023-02-28T03:56:47.244+0000] {logging_mixin.py:137} INFO - [2023-02-28T03:56:47.243+0000] {dag.py:2690} INFO - Sync 1 DAGs
[2023-02-28T03:56:47.276+0000] {logging_mixin.py:137} INFO - [2023-02-28T03:56:47.276+0000] {dag.py:3441} INFO - Setting next_dagrun for example_bash_operator to 2023-02-27T00:00:00+00:00, run_after=2023-02-28T00:00:00+00:00
[2023-02-28T03:56:47.296+0000] {processor.py:175} INFO - Processing /home/airflow/.local/lib/python3.7/site-packages/airflow/example_dags/example_bash_operator.py took 0.142 seconds
[2023-02-28T03:57:17.686+0000] {processor.py:153} INFO - Started process (PID=1042) to work on /home/airflow/.local/lib/python3.7/site-packages/airflow/example_dags/example_bash_operator.py
[2023-02-28T03:57:17.688+0000] {processor.py:743} INFO - Processing file /home/airflow/.local/lib/python3.7/site-packages/airflow/example_dags/example_bash_operator.py for tasks to queue
[2023-02-28T03:57:17.689+0000] {logging_mixin.py:137} INFO - [2023-02-28T03:57:17.688+0000] {dagbag.py:538} INFO - Filling up the DagBag from /home/airflow/.local/lib/python3.7/site-packages/airflow/example_dags/example_bash_operator.py
[2023-02-28T03:57:17.724+0000] {processor.py:753} INFO - DAG(s) dict_keys(['example_bash_operator']) retrieved from /home/airflow/.local/lib/python3.7/site-packages/airflow/example_dags/example_bash_operator.py
[2023-02-28T03:57:17.787+0000] {logging_mixin.py:137} INFO - [2023-02-28T03:57:17.786+0000] {dag.py:2690} INFO - Sync 1 DAGs
[2023-02-28T03:57:17.828+0000] {logging_mixin.py:137} INFO - [2023-02-28T03:57:17.828+0000] {dag.py:3441} INFO - Setting next_dagrun for example_bash_operator to 2023-02-27T00:00:00+00:00, run_after=2023-02-28T00:00:00+00:00
[2023-02-28T03:57:17.855+0000] {processor.py:175} INFO - Processing /home/airflow/.local/lib/python3.7/site-packages/airflow/example_dags/example_bash_operator.py took 0.174 seconds
[2023-02-28T03:57:48.754+0000] {processor.py:153} INFO - Started process (PID=1110) to work on /home/airflow/.local/lib/python3.7/site-packages/airflow/example_dags/example_bash_operator.py
[2023-02-28T03:57:48.756+0000] {processor.py:743} INFO - Processing file /home/airflow/.local/lib/python3.7/site-packages/airflow/example_dags/example_bash_operator.py for tasks to queue
[2023-02-28T03:57:48.757+0000] {logging_mixin.py:137} INFO - [2023-02-28T03:57:48.756+0000] {dagbag.py:538} INFO - Filling up the DagBag from /home/airflow/.local/lib/python3.7/site-packages/airflow/example_dags/example_bash_operator.py
[2023-02-28T03:57:48.785+0000] {processor.py:753} INFO - DAG(s) dict_keys(['example_bash_operator']) retrieved from /home/airflow/.local/lib/python3.7/site-packages/airflow/example_dags/example_bash_operator.py
[2023-02-28T03:57:48.830+0000] {logging_mixin.py:137} INFO - [2023-02-28T03:57:48.830+0000] {dag.py:2690} INFO - Sync 1 DAGs
[2023-02-28T03:57:48.859+0000] {logging_mixin.py:137} INFO - [2023-02-28T03:57:48.858+0000] {dag.py:3441} INFO - Setting next_dagrun for example_bash_operator to 2023-02-27T00:00:00+00:00, run_after=2023-02-28T00:00:00+00:00
[2023-02-28T03:57:48.880+0000] {processor.py:175} INFO - Processing /home/airflow/.local/lib/python3.7/site-packages/airflow/example_dags/example_bash_operator.py took 0.130 seconds
[2023-02-28T03:58:19.809+0000] {processor.py:153} INFO - Started process (PID=1175) to work on /home/airflow/.local/lib/python3.7/site-packages/airflow/example_dags/example_bash_operator.py
[2023-02-28T03:58:19.810+0000] {processor.py:743} INFO - Processing file /home/airflow/.local/lib/python3.7/site-packages/airflow/example_dags/example_bash_operator.py for tasks to queue
[2023-02-28T03:58:19.811+0000] {logging_mixin.py:137} INFO - [2023-02-28T03:58:19.810+0000] {dagbag.py:538} INFO - Filling up the DagBag from /home/airflow/.local/lib/python3.7/site-packages/airflow/example_dags/example_bash_operator.py
[2023-02-28T03:58:19.841+0000] {processor.py:753} INFO - DAG(s) dict_keys(['example_bash_operator']) retrieved from /home/airflow/.local/lib/python3.7/site-packages/airflow/example_dags/example_bash_operator.py
[2023-02-28T03:58:19.886+0000] {logging_mixin.py:137} INFO - [2023-02-28T03:58:19.886+0000] {dag.py:2690} INFO - Sync 1 DAGs
[2023-02-28T03:58:19.920+0000] {logging_mixin.py:137} INFO - [2023-02-28T03:58:19.920+0000] {dag.py:3441} INFO - Setting next_dagrun for example_bash_operator to 2023-02-27T00:00:00+00:00, run_after=2023-02-28T00:00:00+00:00
[2023-02-28T03:58:19.952+0000] {processor.py:175} INFO - Processing /home/airflow/.local/lib/python3.7/site-packages/airflow/example_dags/example_bash_operator.py took 0.149 seconds
[2023-02-28T03:58:50.191+0000] {processor.py:153} INFO - Started process (PID=1252) to work on /home/airflow/.local/lib/python3.7/site-packages/airflow/example_dags/example_bash_operator.py
[2023-02-28T03:58:50.192+0000] {processor.py:743} INFO - Processing file /home/airflow/.local/lib/python3.7/site-packages/airflow/example_dags/example_bash_operator.py for tasks to queue
[2023-02-28T03:58:50.193+0000] {logging_mixin.py:137} INFO - [2023-02-28T03:58:50.193+0000] {dagbag.py:538} INFO - Filling up the DagBag from /home/airflow/.local/lib/python3.7/site-packages/airflow/example_dags/example_bash_operator.py
[2023-02-28T03:58:50.219+0000] {processor.py:753} INFO - DAG(s) dict_keys(['example_bash_operator']) retrieved from /home/airflow/.local/lib/python3.7/site-packages/airflow/example_dags/example_bash_operator.py
[2023-02-28T03:58:50.265+0000] {logging_mixin.py:137} INFO - [2023-02-28T03:58:50.265+0000] {dag.py:2690} INFO - Sync 1 DAGs
[2023-02-28T03:58:50.297+0000] {logging_mixin.py:137} INFO - [2023-02-28T03:58:50.297+0000] {dag.py:3441} INFO - Setting next_dagrun for example_bash_operator to 2023-02-27T00:00:00+00:00, run_after=2023-02-28T00:00:00+00:00
[2023-02-28T03:58:50.320+0000] {processor.py:175} INFO - Processing /home/airflow/.local/lib/python3.7/site-packages/airflow/example_dags/example_bash_operator.py took 0.133 seconds
[2023-02-28T03:59:21.268+0000] {processor.py:153} INFO - Started process (PID=1316) to work on /home/airflow/.local/lib/python3.7/site-packages/airflow/example_dags/example_bash_operator.py
[2023-02-28T03:59:21.269+0000] {processor.py:743} INFO - Processing file /home/airflow/.local/lib/python3.7/site-packages/airflow/example_dags/example_bash_operator.py for tasks to queue
[2023-02-28T03:59:21.269+0000] {logging_mixin.py:137} INFO - [2023-02-28T03:59:21.269+0000] {dagbag.py:538} INFO - Filling up the DagBag from /home/airflow/.local/lib/python3.7/site-packages/airflow/example_dags/example_bash_operator.py
[2023-02-28T03:59:21.297+0000] {processor.py:753} INFO - DAG(s) dict_keys(['example_bash_operator']) retrieved from /home/airflow/.local/lib/python3.7/site-packages/airflow/example_dags/example_bash_operator.py
[2023-02-28T03:59:21.363+0000] {logging_mixin.py:137} INFO - [2023-02-28T03:59:21.363+0000] {dag.py:2690} INFO - Sync 1 DAGs
[2023-02-28T03:59:21.407+0000] {logging_mixin.py:137} INFO - [2023-02-28T03:59:21.407+0000] {dag.py:3441} INFO - Setting next_dagrun for example_bash_operator to 2023-02-27T00:00:00+00:00, run_after=2023-02-28T00:00:00+00:00
[2023-02-28T03:59:21.433+0000] {processor.py:175} INFO - Processing /home/airflow/.local/lib/python3.7/site-packages/airflow/example_dags/example_bash_operator.py took 0.169 seconds
[2023-02-28T03:59:51.728+0000] {processor.py:153} INFO - Started process (PID=1395) to work on /home/airflow/.local/lib/python3.7/site-packages/airflow/example_dags/example_bash_operator.py
[2023-02-28T03:59:51.730+0000] {processor.py:743} INFO - Processing file /home/airflow/.local/lib/python3.7/site-packages/airflow/example_dags/example_bash_operator.py for tasks to queue
[2023-02-28T03:59:51.731+0000] {logging_mixin.py:137} INFO - [2023-02-28T03:59:51.730+0000] {dagbag.py:538} INFO - Filling up the DagBag from /home/airflow/.local/lib/python3.7/site-packages/airflow/example_dags/example_bash_operator.py
[2023-02-28T03:59:51.757+0000] {processor.py:753} INFO - DAG(s) dict_keys(['example_bash_operator']) retrieved from /home/airflow/.local/lib/python3.7/site-packages/airflow/example_dags/example_bash_operator.py
[2023-02-28T03:59:51.800+0000] {logging_mixin.py:137} INFO - [2023-02-28T03:59:51.800+0000] {dag.py:2690} INFO - Sync 1 DAGs
[2023-02-28T03:59:51.830+0000] {logging_mixin.py:137} INFO - [2023-02-28T03:59:51.830+0000] {dag.py:3441} INFO - Setting next_dagrun for example_bash_operator to 2023-02-27T00:00:00+00:00, run_after=2023-02-28T00:00:00+00:00
[2023-02-28T03:59:51.849+0000] {processor.py:175} INFO - Processing /home/airflow/.local/lib/python3.7/site-packages/airflow/example_dags/example_bash_operator.py took 0.125 seconds
[2023-02-28T04:00:21.961+0000] {processor.py:153} INFO - Started process (PID=1459) to work on /home/airflow/.local/lib/python3.7/site-packages/airflow/example_dags/example_bash_operator.py
[2023-02-28T04:00:21.962+0000] {processor.py:743} INFO - Processing file /home/airflow/.local/lib/python3.7/site-packages/airflow/example_dags/example_bash_operator.py for tasks to queue
[2023-02-28T04:00:21.963+0000] {logging_mixin.py:137} INFO - [2023-02-28T04:00:21.963+0000] {dagbag.py:538} INFO - Filling up the DagBag from /home/airflow/.local/lib/python3.7/site-packages/airflow/example_dags/example_bash_operator.py
[2023-02-28T04:00:21.988+0000] {processor.py:753} INFO - DAG(s) dict_keys(['example_bash_operator']) retrieved from /home/airflow/.local/lib/python3.7/site-packages/airflow/example_dags/example_bash_operator.py
[2023-02-28T04:00:22.031+0000] {logging_mixin.py:137} INFO - [2023-02-28T04:00:22.030+0000] {dag.py:2690} INFO - Sync 1 DAGs
[2023-02-28T04:00:22.061+0000] {logging_mixin.py:137} INFO - [2023-02-28T04:00:22.060+0000] {dag.py:3441} INFO - Setting next_dagrun for example_bash_operator to 2023-02-27T00:00:00+00:00, run_after=2023-02-28T00:00:00+00:00
[2023-02-28T04:00:22.080+0000] {processor.py:175} INFO - Processing /home/airflow/.local/lib/python3.7/site-packages/airflow/example_dags/example_bash_operator.py took 0.124 seconds
[2023-02-28T04:00:52.563+0000] {processor.py:153} INFO - Started process (PID=1535) to work on /home/airflow/.local/lib/python3.7/site-packages/airflow/example_dags/example_bash_operator.py
[2023-02-28T04:00:52.565+0000] {processor.py:743} INFO - Processing file /home/airflow/.local/lib/python3.7/site-packages/airflow/example_dags/example_bash_operator.py for tasks to queue
[2023-02-28T04:00:52.566+0000] {logging_mixin.py:137} INFO - [2023-02-28T04:00:52.566+0000] {dagbag.py:538} INFO - Filling up the DagBag from /home/airflow/.local/lib/python3.7/site-packages/airflow/example_dags/example_bash_operator.py
[2023-02-28T04:00:52.590+0000] {processor.py:753} INFO - DAG(s) dict_keys(['example_bash_operator']) retrieved from /home/airflow/.local/lib/python3.7/site-packages/airflow/example_dags/example_bash_operator.py
[2023-02-28T04:00:52.636+0000] {logging_mixin.py:137} INFO - [2023-02-28T04:00:52.636+0000] {dag.py:2690} INFO - Sync 1 DAGs
[2023-02-28T04:00:52.664+0000] {logging_mixin.py:137} INFO - [2023-02-28T04:00:52.664+0000] {dag.py:3441} INFO - Setting next_dagrun for example_bash_operator to 2023-02-27T00:00:00+00:00, run_after=2023-02-28T00:00:00+00:00
[2023-02-28T04:00:52.688+0000] {processor.py:175} INFO - Processing /home/airflow/.local/lib/python3.7/site-packages/airflow/example_dags/example_bash_operator.py took 0.131 seconds
[2023-02-28T04:01:23.598+0000] {processor.py:153} INFO - Started process (PID=1599) to work on /home/airflow/.local/lib/python3.7/site-packages/airflow/example_dags/example_bash_operator.py
[2023-02-28T04:01:23.600+0000] {processor.py:743} INFO - Processing file /home/airflow/.local/lib/python3.7/site-packages/airflow/example_dags/example_bash_operator.py for tasks to queue
[2023-02-28T04:01:23.600+0000] {logging_mixin.py:137} INFO - [2023-02-28T04:01:23.600+0000] {dagbag.py:538} INFO - Filling up the DagBag from /home/airflow/.local/lib/python3.7/site-packages/airflow/example_dags/example_bash_operator.py
[2023-02-28T04:01:23.629+0000] {processor.py:753} INFO - DAG(s) dict_keys(['example_bash_operator']) retrieved from /home/airflow/.local/lib/python3.7/site-packages/airflow/example_dags/example_bash_operator.py
[2023-02-28T04:01:23.677+0000] {logging_mixin.py:137} INFO - [2023-02-28T04:01:23.676+0000] {dag.py:2690} INFO - Sync 1 DAGs
[2023-02-28T04:01:23.709+0000] {logging_mixin.py:137} INFO - [2023-02-28T04:01:23.709+0000] {dag.py:3441} INFO - Setting next_dagrun for example_bash_operator to 2023-02-27T00:00:00+00:00, run_after=2023-02-28T00:00:00+00:00
[2023-02-28T04:01:23.733+0000] {processor.py:175} INFO - Processing /home/airflow/.local/lib/python3.7/site-packages/airflow/example_dags/example_bash_operator.py took 0.140 seconds
[2023-02-28T04:01:53.923+0000] {processor.py:153} INFO - Started process (PID=1663) to work on /home/airflow/.local/lib/python3.7/site-packages/airflow/example_dags/example_bash_operator.py
[2023-02-28T04:01:53.925+0000] {processor.py:743} INFO - Processing file /home/airflow/.local/lib/python3.7/site-packages/airflow/example_dags/example_bash_operator.py for tasks to queue
[2023-02-28T04:01:53.927+0000] {logging_mixin.py:137} INFO - [2023-02-28T04:01:53.927+0000] {dagbag.py:538} INFO - Filling up the DagBag from /home/airflow/.local/lib/python3.7/site-packages/airflow/example_dags/example_bash_operator.py
[2023-02-28T04:01:53.963+0000] {processor.py:753} INFO - DAG(s) dict_keys(['example_bash_operator']) retrieved from /home/airflow/.local/lib/python3.7/site-packages/airflow/example_dags/example_bash_operator.py
[2023-02-28T04:01:54.012+0000] {logging_mixin.py:137} INFO - [2023-02-28T04:01:54.011+0000] {dag.py:2690} INFO - Sync 1 DAGs
[2023-02-28T04:01:54.054+0000] {logging_mixin.py:137} INFO - [2023-02-28T04:01:54.054+0000] {dag.py:3441} INFO - Setting next_dagrun for example_bash_operator to 2023-02-27T00:00:00+00:00, run_after=2023-02-28T00:00:00+00:00
[2023-02-28T04:01:54.078+0000] {processor.py:175} INFO - Processing /home/airflow/.local/lib/python3.7/site-packages/airflow/example_dags/example_bash_operator.py took 0.159 seconds
[2023-02-28T04:02:24.739+0000] {processor.py:153} INFO - Started process (PID=1740) to work on /home/airflow/.local/lib/python3.7/site-packages/airflow/example_dags/example_bash_operator.py
[2023-02-28T04:02:24.740+0000] {processor.py:743} INFO - Processing file /home/airflow/.local/lib/python3.7/site-packages/airflow/example_dags/example_bash_operator.py for tasks to queue
[2023-02-28T04:02:24.741+0000] {logging_mixin.py:137} INFO - [2023-02-28T04:02:24.741+0000] {dagbag.py:538} INFO - Filling up the DagBag from /home/airflow/.local/lib/python3.7/site-packages/airflow/example_dags/example_bash_operator.py
[2023-02-28T04:02:24.767+0000] {processor.py:753} INFO - DAG(s) dict_keys(['example_bash_operator']) retrieved from /home/airflow/.local/lib/python3.7/site-packages/airflow/example_dags/example_bash_operator.py
[2023-02-28T04:02:24.825+0000] {logging_mixin.py:137} INFO - [2023-02-28T04:02:24.825+0000] {dag.py:2690} INFO - Sync 1 DAGs
[2023-02-28T04:02:24.859+0000] {logging_mixin.py:137} INFO - [2023-02-28T04:02:24.859+0000] {dag.py:3441} INFO - Setting next_dagrun for example_bash_operator to 2023-02-27T00:00:00+00:00, run_after=2023-02-28T00:00:00+00:00
[2023-02-28T04:02:24.880+0000] {processor.py:175} INFO - Processing /home/airflow/.local/lib/python3.7/site-packages/airflow/example_dags/example_bash_operator.py took 0.146 seconds
[2023-02-28T04:02:54.935+0000] {processor.py:153} INFO - Started process (PID=1805) to work on /home/airflow/.local/lib/python3.7/site-packages/airflow/example_dags/example_bash_operator.py
[2023-02-28T04:02:54.936+0000] {processor.py:743} INFO - Processing file /home/airflow/.local/lib/python3.7/site-packages/airflow/example_dags/example_bash_operator.py for tasks to queue
[2023-02-28T04:02:54.937+0000] {logging_mixin.py:137} INFO - [2023-02-28T04:02:54.936+0000] {dagbag.py:538} INFO - Filling up the DagBag from /home/airflow/.local/lib/python3.7/site-packages/airflow/example_dags/example_bash_operator.py
[2023-02-28T04:02:54.962+0000] {processor.py:753} INFO - DAG(s) dict_keys(['example_bash_operator']) retrieved from /home/airflow/.local/lib/python3.7/site-packages/airflow/example_dags/example_bash_operator.py
[2023-02-28T04:02:55.021+0000] {logging_mixin.py:137} INFO - [2023-02-28T04:02:55.021+0000] {dag.py:2690} INFO - Sync 1 DAGs
[2023-02-28T04:02:55.061+0000] {logging_mixin.py:137} INFO - [2023-02-28T04:02:55.061+0000] {dag.py:3441} INFO - Setting next_dagrun for example_bash_operator to 2023-02-27T00:00:00+00:00, run_after=2023-02-28T00:00:00+00:00
[2023-02-28T04:02:55.084+0000] {processor.py:175} INFO - Processing /home/airflow/.local/lib/python3.7/site-packages/airflow/example_dags/example_bash_operator.py took 0.154 seconds
[2023-02-28T04:03:25.258+0000] {processor.py:153} INFO - Started process (PID=1880) to work on /home/airflow/.local/lib/python3.7/site-packages/airflow/example_dags/example_bash_operator.py
[2023-02-28T04:03:25.260+0000] {processor.py:743} INFO - Processing file /home/airflow/.local/lib/python3.7/site-packages/airflow/example_dags/example_bash_operator.py for tasks to queue
[2023-02-28T04:03:25.260+0000] {logging_mixin.py:137} INFO - [2023-02-28T04:03:25.260+0000] {dagbag.py:538} INFO - Filling up the DagBag from /home/airflow/.local/lib/python3.7/site-packages/airflow/example_dags/example_bash_operator.py
[2023-02-28T04:03:25.286+0000] {processor.py:753} INFO - DAG(s) dict_keys(['example_bash_operator']) retrieved from /home/airflow/.local/lib/python3.7/site-packages/airflow/example_dags/example_bash_operator.py
[2023-02-28T04:03:25.332+0000] {logging_mixin.py:137} INFO - [2023-02-28T04:03:25.331+0000] {dag.py:2690} INFO - Sync 1 DAGs
[2023-02-28T04:03:25.361+0000] {logging_mixin.py:137} INFO - [2023-02-28T04:03:25.361+0000] {dag.py:3441} INFO - Setting next_dagrun for example_bash_operator to 2023-02-27T00:00:00+00:00, run_after=2023-02-28T00:00:00+00:00
[2023-02-28T04:03:25.383+0000] {processor.py:175} INFO - Processing /home/airflow/.local/lib/python3.7/site-packages/airflow/example_dags/example_bash_operator.py took 0.130 seconds
[2023-02-28T04:03:55.505+0000] {processor.py:153} INFO - Started process (PID=1944) to work on /home/airflow/.local/lib/python3.7/site-packages/airflow/example_dags/example_bash_operator.py
[2023-02-28T04:03:55.506+0000] {processor.py:743} INFO - Processing file /home/airflow/.local/lib/python3.7/site-packages/airflow/example_dags/example_bash_operator.py for tasks to queue
[2023-02-28T04:03:55.507+0000] {logging_mixin.py:137} INFO - [2023-02-28T04:03:55.507+0000] {dagbag.py:538} INFO - Filling up the DagBag from /home/airflow/.local/lib/python3.7/site-packages/airflow/example_dags/example_bash_operator.py
[2023-02-28T04:03:55.535+0000] {processor.py:753} INFO - DAG(s) dict_keys(['example_bash_operator']) retrieved from /home/airflow/.local/lib/python3.7/site-packages/airflow/example_dags/example_bash_operator.py
[2023-02-28T04:03:55.592+0000] {logging_mixin.py:137} INFO - [2023-02-28T04:03:55.591+0000] {dag.py:2690} INFO - Sync 1 DAGs
[2023-02-28T04:03:55.623+0000] {logging_mixin.py:137} INFO - [2023-02-28T04:03:55.622+0000] {dag.py:3441} INFO - Setting next_dagrun for example_bash_operator to 2023-02-27T00:00:00+00:00, run_after=2023-02-28T00:00:00+00:00
[2023-02-28T04:03:55.643+0000] {processor.py:175} INFO - Processing /home/airflow/.local/lib/python3.7/site-packages/airflow/example_dags/example_bash_operator.py took 0.142 seconds
[2023-02-28T04:04:26.549+0000] {processor.py:153} INFO - Started process (PID=2016) to work on /home/airflow/.local/lib/python3.7/site-packages/airflow/example_dags/example_bash_operator.py
[2023-02-28T04:04:26.554+0000] {processor.py:743} INFO - Processing file /home/airflow/.local/lib/python3.7/site-packages/airflow/example_dags/example_bash_operator.py for tasks to queue
[2023-02-28T04:04:26.556+0000] {logging_mixin.py:137} INFO - [2023-02-28T04:04:26.556+0000] {dagbag.py:538} INFO - Filling up the DagBag from /home/airflow/.local/lib/python3.7/site-packages/airflow/example_dags/example_bash_operator.py
[2023-02-28T04:04:26.596+0000] {processor.py:753} INFO - DAG(s) dict_keys(['example_bash_operator']) retrieved from /home/airflow/.local/lib/python3.7/site-packages/airflow/example_dags/example_bash_operator.py
[2023-02-28T04:04:26.657+0000] {logging_mixin.py:137} INFO - [2023-02-28T04:04:26.657+0000] {dag.py:2690} INFO - Sync 1 DAGs
[2023-02-28T04:04:26.698+0000] {logging_mixin.py:137} INFO - [2023-02-28T04:04:26.698+0000] {dag.py:3441} INFO - Setting next_dagrun for example_bash_operator to 2023-02-27T00:00:00+00:00, run_after=2023-02-28T00:00:00+00:00
[2023-02-28T04:04:26.722+0000] {processor.py:175} INFO - Processing /home/airflow/.local/lib/python3.7/site-packages/airflow/example_dags/example_bash_operator.py took 0.179 seconds
[2023-02-28T04:04:56.838+0000] {processor.py:153} INFO - Started process (PID=2086) to work on /home/airflow/.local/lib/python3.7/site-packages/airflow/example_dags/example_bash_operator.py
[2023-02-28T04:04:56.839+0000] {processor.py:743} INFO - Processing file /home/airflow/.local/lib/python3.7/site-packages/airflow/example_dags/example_bash_operator.py for tasks to queue
[2023-02-28T04:04:56.840+0000] {logging_mixin.py:137} INFO - [2023-02-28T04:04:56.840+0000] {dagbag.py:538} INFO - Filling up the DagBag from /home/airflow/.local/lib/python3.7/site-packages/airflow/example_dags/example_bash_operator.py
[2023-02-28T04:04:56.868+0000] {processor.py:753} INFO - DAG(s) dict_keys(['example_bash_operator']) retrieved from /home/airflow/.local/lib/python3.7/site-packages/airflow/example_dags/example_bash_operator.py
[2023-02-28T04:04:56.913+0000] {logging_mixin.py:137} INFO - [2023-02-28T04:04:56.912+0000] {dag.py:2690} INFO - Sync 1 DAGs
[2023-02-28T04:04:56.941+0000] {logging_mixin.py:137} INFO - [2023-02-28T04:04:56.941+0000] {dag.py:3441} INFO - Setting next_dagrun for example_bash_operator to 2023-02-27T00:00:00+00:00, run_after=2023-02-28T00:00:00+00:00
[2023-02-28T04:04:56.961+0000] {processor.py:175} INFO - Processing /home/airflow/.local/lib/python3.7/site-packages/airflow/example_dags/example_bash_operator.py took 0.128 seconds
[2023-02-28T04:05:27.083+0000] {processor.py:153} INFO - Started process (PID=2150) to work on /home/airflow/.local/lib/python3.7/site-packages/airflow/example_dags/example_bash_operator.py
[2023-02-28T04:05:27.092+0000] {processor.py:743} INFO - Processing file /home/airflow/.local/lib/python3.7/site-packages/airflow/example_dags/example_bash_operator.py for tasks to queue
[2023-02-28T04:05:27.093+0000] {logging_mixin.py:137} INFO - [2023-02-28T04:05:27.093+0000] {dagbag.py:538} INFO - Filling up the DagBag from /home/airflow/.local/lib/python3.7/site-packages/airflow/example_dags/example_bash_operator.py
[2023-02-28T04:05:27.146+0000] {processor.py:753} INFO - DAG(s) dict_keys(['example_bash_operator']) retrieved from /home/airflow/.local/lib/python3.7/site-packages/airflow/example_dags/example_bash_operator.py
[2023-02-28T04:05:27.209+0000] {logging_mixin.py:137} INFO - [2023-02-28T04:05:27.209+0000] {dag.py:2690} INFO - Sync 1 DAGs
[2023-02-28T04:05:27.254+0000] {logging_mixin.py:137} INFO - [2023-02-28T04:05:27.254+0000] {dag.py:3441} INFO - Setting next_dagrun for example_bash_operator to 2023-02-27T00:00:00+00:00, run_after=2023-02-28T00:00:00+00:00
[2023-02-28T04:05:27.281+0000] {processor.py:175} INFO - Processing /home/airflow/.local/lib/python3.7/site-packages/airflow/example_dags/example_bash_operator.py took 0.204 seconds
[2023-02-28T04:05:57.509+0000] {processor.py:153} INFO - Started process (PID=2228) to work on /home/airflow/.local/lib/python3.7/site-packages/airflow/example_dags/example_bash_operator.py
[2023-02-28T04:05:57.510+0000] {processor.py:743} INFO - Processing file /home/airflow/.local/lib/python3.7/site-packages/airflow/example_dags/example_bash_operator.py for tasks to queue
[2023-02-28T04:05:57.511+0000] {logging_mixin.py:137} INFO - [2023-02-28T04:05:57.511+0000] {dagbag.py:538} INFO - Filling up the DagBag from /home/airflow/.local/lib/python3.7/site-packages/airflow/example_dags/example_bash_operator.py
[2023-02-28T04:05:57.537+0000] {processor.py:753} INFO - DAG(s) dict_keys(['example_bash_operator']) retrieved from /home/airflow/.local/lib/python3.7/site-packages/airflow/example_dags/example_bash_operator.py
[2023-02-28T04:05:57.581+0000] {logging_mixin.py:137} INFO - [2023-02-28T04:05:57.581+0000] {dag.py:2690} INFO - Sync 1 DAGs
[2023-02-28T04:05:57.612+0000] {logging_mixin.py:137} INFO - [2023-02-28T04:05:57.612+0000] {dag.py:3441} INFO - Setting next_dagrun for example_bash_operator to 2023-02-27T00:00:00+00:00, run_after=2023-02-28T00:00:00+00:00
[2023-02-28T04:05:57.631+0000] {processor.py:175} INFO - Processing /home/airflow/.local/lib/python3.7/site-packages/airflow/example_dags/example_bash_operator.py took 0.126 seconds
[2023-02-28T04:06:27.652+0000] {processor.py:153} INFO - Started process (PID=2293) to work on /home/airflow/.local/lib/python3.7/site-packages/airflow/example_dags/example_bash_operator.py
[2023-02-28T04:06:27.654+0000] {processor.py:743} INFO - Processing file /home/airflow/.local/lib/python3.7/site-packages/airflow/example_dags/example_bash_operator.py for tasks to queue
[2023-02-28T04:06:27.655+0000] {logging_mixin.py:137} INFO - [2023-02-28T04:06:27.654+0000] {dagbag.py:538} INFO - Filling up the DagBag from /home/airflow/.local/lib/python3.7/site-packages/airflow/example_dags/example_bash_operator.py
[2023-02-28T04:06:27.690+0000] {processor.py:753} INFO - DAG(s) dict_keys(['example_bash_operator']) retrieved from /home/airflow/.local/lib/python3.7/site-packages/airflow/example_dags/example_bash_operator.py
[2023-02-28T04:06:27.754+0000] {logging_mixin.py:137} INFO - [2023-02-28T04:06:27.753+0000] {dag.py:2690} INFO - Sync 1 DAGs
[2023-02-28T04:06:27.797+0000] {logging_mixin.py:137} INFO - [2023-02-28T04:06:27.797+0000] {dag.py:3441} INFO - Setting next_dagrun for example_bash_operator to 2023-02-27T00:00:00+00:00, run_after=2023-02-28T00:00:00+00:00
[2023-02-28T04:06:27.822+0000] {processor.py:175} INFO - Processing /home/airflow/.local/lib/python3.7/site-packages/airflow/example_dags/example_bash_operator.py took 0.175 seconds
[2023-02-28T04:06:57.870+0000] {processor.py:153} INFO - Started process (PID=2368) to work on /home/airflow/.local/lib/python3.7/site-packages/airflow/example_dags/example_bash_operator.py
[2023-02-28T04:06:57.872+0000] {processor.py:743} INFO - Processing file /home/airflow/.local/lib/python3.7/site-packages/airflow/example_dags/example_bash_operator.py for tasks to queue
[2023-02-28T04:06:57.873+0000] {logging_mixin.py:137} INFO - [2023-02-28T04:06:57.873+0000] {dagbag.py:538} INFO - Filling up the DagBag from /home/airflow/.local/lib/python3.7/site-packages/airflow/example_dags/example_bash_operator.py
[2023-02-28T04:06:57.909+0000] {processor.py:753} INFO - DAG(s) dict_keys(['example_bash_operator']) retrieved from /home/airflow/.local/lib/python3.7/site-packages/airflow/example_dags/example_bash_operator.py
[2023-02-28T04:06:57.984+0000] {logging_mixin.py:137} INFO - [2023-02-28T04:06:57.984+0000] {dag.py:2690} INFO - Sync 1 DAGs
[2023-02-28T04:06:58.034+0000] {logging_mixin.py:137} INFO - [2023-02-28T04:06:58.034+0000] {dag.py:3441} INFO - Setting next_dagrun for example_bash_operator to 2023-02-27T00:00:00+00:00, run_after=2023-02-28T00:00:00+00:00
[2023-02-28T04:06:58.063+0000] {processor.py:175} INFO - Processing /home/airflow/.local/lib/python3.7/site-packages/airflow/example_dags/example_bash_operator.py took 0.198 seconds
[2023-02-28T04:07:28.936+0000] {processor.py:153} INFO - Started process (PID=2434) to work on /home/airflow/.local/lib/python3.7/site-packages/airflow/example_dags/example_bash_operator.py
[2023-02-28T04:07:28.937+0000] {processor.py:743} INFO - Processing file /home/airflow/.local/lib/python3.7/site-packages/airflow/example_dags/example_bash_operator.py for tasks to queue
[2023-02-28T04:07:28.938+0000] {logging_mixin.py:137} INFO - [2023-02-28T04:07:28.938+0000] {dagbag.py:538} INFO - Filling up the DagBag from /home/airflow/.local/lib/python3.7/site-packages/airflow/example_dags/example_bash_operator.py
[2023-02-28T04:07:28.977+0000] {processor.py:753} INFO - DAG(s) dict_keys(['example_bash_operator']) retrieved from /home/airflow/.local/lib/python3.7/site-packages/airflow/example_dags/example_bash_operator.py
[2023-02-28T04:07:29.041+0000] {logging_mixin.py:137} INFO - [2023-02-28T04:07:29.040+0000] {dag.py:2690} INFO - Sync 1 DAGs
[2023-02-28T04:07:29.084+0000] {logging_mixin.py:137} INFO - [2023-02-28T04:07:29.084+0000] {dag.py:3441} INFO - Setting next_dagrun for example_bash_operator to 2023-02-27T00:00:00+00:00, run_after=2023-02-28T00:00:00+00:00
[2023-02-28T04:07:29.109+0000] {processor.py:175} INFO - Processing /home/airflow/.local/lib/python3.7/site-packages/airflow/example_dags/example_bash_operator.py took 0.180 seconds
[2023-02-28T04:07:59.498+0000] {processor.py:153} INFO - Started process (PID=2500) to work on /home/airflow/.local/lib/python3.7/site-packages/airflow/example_dags/example_bash_operator.py
[2023-02-28T04:07:59.500+0000] {processor.py:743} INFO - Processing file /home/airflow/.local/lib/python3.7/site-packages/airflow/example_dags/example_bash_operator.py for tasks to queue
[2023-02-28T04:07:59.501+0000] {logging_mixin.py:137} INFO - [2023-02-28T04:07:59.501+0000] {dagbag.py:538} INFO - Filling up the DagBag from /home/airflow/.local/lib/python3.7/site-packages/airflow/example_dags/example_bash_operator.py
[2023-02-28T04:07:59.537+0000] {processor.py:753} INFO - DAG(s) dict_keys(['example_bash_operator']) retrieved from /home/airflow/.local/lib/python3.7/site-packages/airflow/example_dags/example_bash_operator.py
[2023-02-28T04:07:59.594+0000] {logging_mixin.py:137} INFO - [2023-02-28T04:07:59.593+0000] {dag.py:2690} INFO - Sync 1 DAGs
[2023-02-28T04:07:59.624+0000] {logging_mixin.py:137} INFO - [2023-02-28T04:07:59.624+0000] {dag.py:3441} INFO - Setting next_dagrun for example_bash_operator to 2023-02-27T00:00:00+00:00, run_after=2023-02-28T00:00:00+00:00
[2023-02-28T04:07:59.646+0000] {processor.py:175} INFO - Processing /home/airflow/.local/lib/python3.7/site-packages/airflow/example_dags/example_bash_operator.py took 0.154 seconds
[2023-02-28T04:08:29.822+0000] {processor.py:153} INFO - Started process (PID=2576) to work on /home/airflow/.local/lib/python3.7/site-packages/airflow/example_dags/example_bash_operator.py
[2023-02-28T04:08:29.823+0000] {processor.py:743} INFO - Processing file /home/airflow/.local/lib/python3.7/site-packages/airflow/example_dags/example_bash_operator.py for tasks to queue
[2023-02-28T04:08:29.824+0000] {logging_mixin.py:137} INFO - [2023-02-28T04:08:29.824+0000] {dagbag.py:538} INFO - Filling up the DagBag from /home/airflow/.local/lib/python3.7/site-packages/airflow/example_dags/example_bash_operator.py
[2023-02-28T04:08:29.850+0000] {processor.py:753} INFO - DAG(s) dict_keys(['example_bash_operator']) retrieved from /home/airflow/.local/lib/python3.7/site-packages/airflow/example_dags/example_bash_operator.py
[2023-02-28T04:08:29.904+0000] {logging_mixin.py:137} INFO - [2023-02-28T04:08:29.904+0000] {dag.py:2690} INFO - Sync 1 DAGs
[2023-02-28T04:08:29.946+0000] {logging_mixin.py:137} INFO - [2023-02-28T04:08:29.945+0000] {dag.py:3441} INFO - Setting next_dagrun for example_bash_operator to 2023-02-27T00:00:00+00:00, run_after=2023-02-28T00:00:00+00:00
[2023-02-28T04:08:29.967+0000] {processor.py:175} INFO - Processing /home/airflow/.local/lib/python3.7/site-packages/airflow/example_dags/example_bash_operator.py took 0.150 seconds
[2023-02-28T04:08:59.992+0000] {processor.py:153} INFO - Started process (PID=2640) to work on /home/airflow/.local/lib/python3.7/site-packages/airflow/example_dags/example_bash_operator.py
[2023-02-28T04:08:59.994+0000] {processor.py:743} INFO - Processing file /home/airflow/.local/lib/python3.7/site-packages/airflow/example_dags/example_bash_operator.py for tasks to queue
[2023-02-28T04:08:59.994+0000] {logging_mixin.py:137} INFO - [2023-02-28T04:08:59.994+0000] {dagbag.py:538} INFO - Filling up the DagBag from /home/airflow/.local/lib/python3.7/site-packages/airflow/example_dags/example_bash_operator.py
[2023-02-28T04:09:00.020+0000] {processor.py:753} INFO - DAG(s) dict_keys(['example_bash_operator']) retrieved from /home/airflow/.local/lib/python3.7/site-packages/airflow/example_dags/example_bash_operator.py
[2023-02-28T04:09:00.062+0000] {logging_mixin.py:137} INFO - [2023-02-28T04:09:00.062+0000] {dag.py:2690} INFO - Sync 1 DAGs
[2023-02-28T04:09:00.091+0000] {logging_mixin.py:137} INFO - [2023-02-28T04:09:00.091+0000] {dag.py:3441} INFO - Setting next_dagrun for example_bash_operator to 2023-02-27T00:00:00+00:00, run_after=2023-02-28T00:00:00+00:00
[2023-02-28T04:09:00.111+0000] {processor.py:175} INFO - Processing /home/airflow/.local/lib/python3.7/site-packages/airflow/example_dags/example_bash_operator.py took 0.123 seconds
[2023-02-28T04:09:30.207+0000] {processor.py:153} INFO - Started process (PID=2718) to work on /home/airflow/.local/lib/python3.7/site-packages/airflow/example_dags/example_bash_operator.py
[2023-02-28T04:09:30.208+0000] {processor.py:743} INFO - Processing file /home/airflow/.local/lib/python3.7/site-packages/airflow/example_dags/example_bash_operator.py for tasks to queue
[2023-02-28T04:09:30.209+0000] {logging_mixin.py:137} INFO - [2023-02-28T04:09:30.209+0000] {dagbag.py:538} INFO - Filling up the DagBag from /home/airflow/.local/lib/python3.7/site-packages/airflow/example_dags/example_bash_operator.py
[2023-02-28T04:09:30.234+0000] {processor.py:753} INFO - DAG(s) dict_keys(['example_bash_operator']) retrieved from /home/airflow/.local/lib/python3.7/site-packages/airflow/example_dags/example_bash_operator.py
[2023-02-28T04:09:30.277+0000] {logging_mixin.py:137} INFO - [2023-02-28T04:09:30.277+0000] {dag.py:2690} INFO - Sync 1 DAGs
[2023-02-28T04:09:30.307+0000] {logging_mixin.py:137} INFO - [2023-02-28T04:09:30.306+0000] {dag.py:3441} INFO - Setting next_dagrun for example_bash_operator to 2023-02-27T00:00:00+00:00, run_after=2023-02-28T00:00:00+00:00
[2023-02-28T04:09:30.330+0000] {processor.py:175} INFO - Processing /home/airflow/.local/lib/python3.7/site-packages/airflow/example_dags/example_bash_operator.py took 0.127 seconds
[2023-02-28T04:10:00.598+0000] {processor.py:153} INFO - Started process (PID=2783) to work on /home/airflow/.local/lib/python3.7/site-packages/airflow/example_dags/example_bash_operator.py
[2023-02-28T04:10:00.602+0000] {processor.py:743} INFO - Processing file /home/airflow/.local/lib/python3.7/site-packages/airflow/example_dags/example_bash_operator.py for tasks to queue
[2023-02-28T04:10:00.602+0000] {logging_mixin.py:137} INFO - [2023-02-28T04:10:00.602+0000] {dagbag.py:538} INFO - Filling up the DagBag from /home/airflow/.local/lib/python3.7/site-packages/airflow/example_dags/example_bash_operator.py
[2023-02-28T04:10:00.628+0000] {processor.py:753} INFO - DAG(s) dict_keys(['example_bash_operator']) retrieved from /home/airflow/.local/lib/python3.7/site-packages/airflow/example_dags/example_bash_operator.py
[2023-02-28T04:10:00.675+0000] {logging_mixin.py:137} INFO - [2023-02-28T04:10:00.674+0000] {dag.py:2690} INFO - Sync 1 DAGs
[2023-02-28T04:10:00.707+0000] {logging_mixin.py:137} INFO - [2023-02-28T04:10:00.707+0000] {dag.py:3441} INFO - Setting next_dagrun for example_bash_operator to 2023-02-27T00:00:00+00:00, run_after=2023-02-28T00:00:00+00:00
[2023-02-28T04:10:00.729+0000] {processor.py:175} INFO - Processing /home/airflow/.local/lib/python3.7/site-packages/airflow/example_dags/example_bash_operator.py took 0.135 seconds
[2023-02-28T04:10:30.953+0000] {processor.py:153} INFO - Started process (PID=2848) to work on /home/airflow/.local/lib/python3.7/site-packages/airflow/example_dags/example_bash_operator.py
[2023-02-28T04:10:30.954+0000] {processor.py:743} INFO - Processing file /home/airflow/.local/lib/python3.7/site-packages/airflow/example_dags/example_bash_operator.py for tasks to queue
[2023-02-28T04:10:30.955+0000] {logging_mixin.py:137} INFO - [2023-02-28T04:10:30.955+0000] {dagbag.py:538} INFO - Filling up the DagBag from /home/airflow/.local/lib/python3.7/site-packages/airflow/example_dags/example_bash_operator.py
[2023-02-28T04:10:30.993+0000] {processor.py:753} INFO - DAG(s) dict_keys(['example_bash_operator']) retrieved from /home/airflow/.local/lib/python3.7/site-packages/airflow/example_dags/example_bash_operator.py
[2023-02-28T04:10:31.059+0000] {logging_mixin.py:137} INFO - [2023-02-28T04:10:31.058+0000] {dag.py:2690} INFO - Sync 1 DAGs
[2023-02-28T04:10:31.105+0000] {logging_mixin.py:137} INFO - [2023-02-28T04:10:31.105+0000] {dag.py:3441} INFO - Setting next_dagrun for example_bash_operator to 2023-02-27T00:00:00+00:00, run_after=2023-02-28T00:00:00+00:00
[2023-02-28T04:10:31.146+0000] {processor.py:175} INFO - Processing /home/airflow/.local/lib/python3.7/site-packages/airflow/example_dags/example_bash_operator.py took 0.198 seconds
[2023-02-28T04:11:01.601+0000] {processor.py:153} INFO - Started process (PID=2924) to work on /home/airflow/.local/lib/python3.7/site-packages/airflow/example_dags/example_bash_operator.py
[2023-02-28T04:11:01.604+0000] {processor.py:743} INFO - Processing file /home/airflow/.local/lib/python3.7/site-packages/airflow/example_dags/example_bash_operator.py for tasks to queue
[2023-02-28T04:11:01.605+0000] {logging_mixin.py:137} INFO - [2023-02-28T04:11:01.605+0000] {dagbag.py:538} INFO - Filling up the DagBag from /home/airflow/.local/lib/python3.7/site-packages/airflow/example_dags/example_bash_operator.py
[2023-02-28T04:11:01.632+0000] {processor.py:753} INFO - DAG(s) dict_keys(['example_bash_operator']) retrieved from /home/airflow/.local/lib/python3.7/site-packages/airflow/example_dags/example_bash_operator.py
[2023-02-28T04:11:01.678+0000] {logging_mixin.py:137} INFO - [2023-02-28T04:11:01.677+0000] {dag.py:2690} INFO - Sync 1 DAGs
[2023-02-28T04:11:01.708+0000] {logging_mixin.py:137} INFO - [2023-02-28T04:11:01.707+0000] {dag.py:3441} INFO - Setting next_dagrun for example_bash_operator to 2023-02-27T00:00:00+00:00, run_after=2023-02-28T00:00:00+00:00
[2023-02-28T04:11:01.729+0000] {processor.py:175} INFO - Processing /home/airflow/.local/lib/python3.7/site-packages/airflow/example_dags/example_bash_operator.py took 0.133 seconds
[2023-02-28T04:11:32.423+0000] {processor.py:153} INFO - Started process (PID=2989) to work on /home/airflow/.local/lib/python3.7/site-packages/airflow/example_dags/example_bash_operator.py
[2023-02-28T04:11:32.425+0000] {processor.py:743} INFO - Processing file /home/airflow/.local/lib/python3.7/site-packages/airflow/example_dags/example_bash_operator.py for tasks to queue
[2023-02-28T04:11:32.427+0000] {logging_mixin.py:137} INFO - [2023-02-28T04:11:32.426+0000] {dagbag.py:538} INFO - Filling up the DagBag from /home/airflow/.local/lib/python3.7/site-packages/airflow/example_dags/example_bash_operator.py
[2023-02-28T04:11:32.465+0000] {processor.py:753} INFO - DAG(s) dict_keys(['example_bash_operator']) retrieved from /home/airflow/.local/lib/python3.7/site-packages/airflow/example_dags/example_bash_operator.py
[2023-02-28T04:11:32.531+0000] {logging_mixin.py:137} INFO - [2023-02-28T04:11:32.530+0000] {dag.py:2690} INFO - Sync 1 DAGs
[2023-02-28T04:11:32.574+0000] {logging_mixin.py:137} INFO - [2023-02-28T04:11:32.574+0000] {dag.py:3441} INFO - Setting next_dagrun for example_bash_operator to 2023-02-27T00:00:00+00:00, run_after=2023-02-28T00:00:00+00:00
[2023-02-28T04:11:32.600+0000] {processor.py:175} INFO - Processing /home/airflow/.local/lib/python3.7/site-packages/airflow/example_dags/example_bash_operator.py took 0.184 seconds
[2023-02-28T04:12:03.440+0000] {processor.py:153} INFO - Started process (PID=3066) to work on /home/airflow/.local/lib/python3.7/site-packages/airflow/example_dags/example_bash_operator.py
[2023-02-28T04:12:03.441+0000] {processor.py:743} INFO - Processing file /home/airflow/.local/lib/python3.7/site-packages/airflow/example_dags/example_bash_operator.py for tasks to queue
[2023-02-28T04:12:03.442+0000] {logging_mixin.py:137} INFO - [2023-02-28T04:12:03.442+0000] {dagbag.py:538} INFO - Filling up the DagBag from /home/airflow/.local/lib/python3.7/site-packages/airflow/example_dags/example_bash_operator.py
[2023-02-28T04:12:03.470+0000] {processor.py:753} INFO - DAG(s) dict_keys(['example_bash_operator']) retrieved from /home/airflow/.local/lib/python3.7/site-packages/airflow/example_dags/example_bash_operator.py
[2023-02-28T04:12:03.518+0000] {logging_mixin.py:137} INFO - [2023-02-28T04:12:03.518+0000] {dag.py:2690} INFO - Sync 1 DAGs
[2023-02-28T04:12:03.557+0000] {logging_mixin.py:137} INFO - [2023-02-28T04:12:03.557+0000] {dag.py:3441} INFO - Setting next_dagrun for example_bash_operator to 2023-02-27T00:00:00+00:00, run_after=2023-02-28T00:00:00+00:00
[2023-02-28T04:12:03.579+0000] {processor.py:175} INFO - Processing /home/airflow/.local/lib/python3.7/site-packages/airflow/example_dags/example_bash_operator.py took 0.144 seconds
[2023-02-28T04:12:34.189+0000] {processor.py:153} INFO - Started process (PID=3132) to work on /home/airflow/.local/lib/python3.7/site-packages/airflow/example_dags/example_bash_operator.py
[2023-02-28T04:12:34.190+0000] {processor.py:743} INFO - Processing file /home/airflow/.local/lib/python3.7/site-packages/airflow/example_dags/example_bash_operator.py for tasks to queue
[2023-02-28T04:12:34.191+0000] {logging_mixin.py:137} INFO - [2023-02-28T04:12:34.191+0000] {dagbag.py:538} INFO - Filling up the DagBag from /home/airflow/.local/lib/python3.7/site-packages/airflow/example_dags/example_bash_operator.py
[2023-02-28T04:12:34.218+0000] {processor.py:753} INFO - DAG(s) dict_keys(['example_bash_operator']) retrieved from /home/airflow/.local/lib/python3.7/site-packages/airflow/example_dags/example_bash_operator.py
[2023-02-28T04:12:34.270+0000] {logging_mixin.py:137} INFO - [2023-02-28T04:12:34.269+0000] {dag.py:2690} INFO - Sync 1 DAGs
[2023-02-28T04:12:34.311+0000] {logging_mixin.py:137} INFO - [2023-02-28T04:12:34.311+0000] {dag.py:3441} INFO - Setting next_dagrun for example_bash_operator to 2023-02-27T00:00:00+00:00, run_after=2023-02-28T00:00:00+00:00
[2023-02-28T04:12:34.335+0000] {processor.py:175} INFO - Processing /home/airflow/.local/lib/python3.7/site-packages/airflow/example_dags/example_bash_operator.py took 0.151 seconds
[2023-02-28T04:13:04.538+0000] {processor.py:153} INFO - Started process (PID=3209) to work on /home/airflow/.local/lib/python3.7/site-packages/airflow/example_dags/example_bash_operator.py
[2023-02-28T04:13:04.540+0000] {processor.py:743} INFO - Processing file /home/airflow/.local/lib/python3.7/site-packages/airflow/example_dags/example_bash_operator.py for tasks to queue
[2023-02-28T04:13:04.541+0000] {logging_mixin.py:137} INFO - [2023-02-28T04:13:04.541+0000] {dagbag.py:538} INFO - Filling up the DagBag from /home/airflow/.local/lib/python3.7/site-packages/airflow/example_dags/example_bash_operator.py
[2023-02-28T04:13:04.577+0000] {processor.py:753} INFO - DAG(s) dict_keys(['example_bash_operator']) retrieved from /home/airflow/.local/lib/python3.7/site-packages/airflow/example_dags/example_bash_operator.py
[2023-02-28T04:13:04.638+0000] {logging_mixin.py:137} INFO - [2023-02-28T04:13:04.637+0000] {dag.py:2690} INFO - Sync 1 DAGs
[2023-02-28T04:13:04.676+0000] {logging_mixin.py:137} INFO - [2023-02-28T04:13:04.676+0000] {dag.py:3441} INFO - Setting next_dagrun for example_bash_operator to 2023-02-27T00:00:00+00:00, run_after=2023-02-28T00:00:00+00:00
[2023-02-28T04:13:04.698+0000] {processor.py:175} INFO - Processing /home/airflow/.local/lib/python3.7/site-packages/airflow/example_dags/example_bash_operator.py took 0.165 seconds
[2023-02-28T04:13:34.824+0000] {processor.py:153} INFO - Started process (PID=3275) to work on /home/airflow/.local/lib/python3.7/site-packages/airflow/example_dags/example_bash_operator.py
[2023-02-28T04:13:34.826+0000] {processor.py:743} INFO - Processing file /home/airflow/.local/lib/python3.7/site-packages/airflow/example_dags/example_bash_operator.py for tasks to queue
[2023-02-28T04:13:34.827+0000] {logging_mixin.py:137} INFO - [2023-02-28T04:13:34.826+0000] {dagbag.py:538} INFO - Filling up the DagBag from /home/airflow/.local/lib/python3.7/site-packages/airflow/example_dags/example_bash_operator.py
[2023-02-28T04:13:34.856+0000] {processor.py:753} INFO - DAG(s) dict_keys(['example_bash_operator']) retrieved from /home/airflow/.local/lib/python3.7/site-packages/airflow/example_dags/example_bash_operator.py
[2023-02-28T04:13:34.902+0000] {logging_mixin.py:137} INFO - [2023-02-28T04:13:34.902+0000] {dag.py:2690} INFO - Sync 1 DAGs
[2023-02-28T04:13:34.932+0000] {logging_mixin.py:137} INFO - [2023-02-28T04:13:34.932+0000] {dag.py:3441} INFO - Setting next_dagrun for example_bash_operator to 2023-02-27T00:00:00+00:00, run_after=2023-02-28T00:00:00+00:00
[2023-02-28T04:13:34.952+0000] {processor.py:175} INFO - Processing /home/airflow/.local/lib/python3.7/site-packages/airflow/example_dags/example_bash_operator.py took 0.132 seconds
[2023-02-28T04:14:05.097+0000] {processor.py:153} INFO - Started process (PID=3337) to work on /home/airflow/.local/lib/python3.7/site-packages/airflow/example_dags/example_bash_operator.py
[2023-02-28T04:14:05.099+0000] {processor.py:743} INFO - Processing file /home/airflow/.local/lib/python3.7/site-packages/airflow/example_dags/example_bash_operator.py for tasks to queue
[2023-02-28T04:14:05.100+0000] {logging_mixin.py:137} INFO - [2023-02-28T04:14:05.099+0000] {dagbag.py:538} INFO - Filling up the DagBag from /home/airflow/.local/lib/python3.7/site-packages/airflow/example_dags/example_bash_operator.py
[2023-02-28T04:14:05.129+0000] {processor.py:753} INFO - DAG(s) dict_keys(['example_bash_operator']) retrieved from /home/airflow/.local/lib/python3.7/site-packages/airflow/example_dags/example_bash_operator.py
[2023-02-28T04:14:05.186+0000] {logging_mixin.py:137} INFO - [2023-02-28T04:14:05.186+0000] {dag.py:2690} INFO - Sync 1 DAGs
[2023-02-28T04:14:05.226+0000] {logging_mixin.py:137} INFO - [2023-02-28T04:14:05.226+0000] {dag.py:3441} INFO - Setting next_dagrun for example_bash_operator to 2023-02-27T00:00:00+00:00, run_after=2023-02-28T00:00:00+00:00
[2023-02-28T04:14:05.249+0000] {processor.py:175} INFO - Processing /home/airflow/.local/lib/python3.7/site-packages/airflow/example_dags/example_bash_operator.py took 0.157 seconds
[2023-02-28T04:14:35.353+0000] {processor.py:153} INFO - Started process (PID=3413) to work on /home/airflow/.local/lib/python3.7/site-packages/airflow/example_dags/example_bash_operator.py
[2023-02-28T04:14:35.354+0000] {processor.py:743} INFO - Processing file /home/airflow/.local/lib/python3.7/site-packages/airflow/example_dags/example_bash_operator.py for tasks to queue
[2023-02-28T04:14:35.355+0000] {logging_mixin.py:137} INFO - [2023-02-28T04:14:35.355+0000] {dagbag.py:538} INFO - Filling up the DagBag from /home/airflow/.local/lib/python3.7/site-packages/airflow/example_dags/example_bash_operator.py
[2023-02-28T04:14:35.384+0000] {processor.py:753} INFO - DAG(s) dict_keys(['example_bash_operator']) retrieved from /home/airflow/.local/lib/python3.7/site-packages/airflow/example_dags/example_bash_operator.py
[2023-02-28T04:14:35.444+0000] {logging_mixin.py:137} INFO - [2023-02-28T04:14:35.444+0000] {dag.py:2690} INFO - Sync 1 DAGs
[2023-02-28T04:14:35.486+0000] {logging_mixin.py:137} INFO - [2023-02-28T04:14:35.486+0000] {dag.py:3441} INFO - Setting next_dagrun for example_bash_operator to 2023-02-27T00:00:00+00:00, run_after=2023-02-28T00:00:00+00:00
[2023-02-28T04:14:35.513+0000] {processor.py:175} INFO - Processing /home/airflow/.local/lib/python3.7/site-packages/airflow/example_dags/example_bash_operator.py took 0.165 seconds
[2023-02-28T04:15:06.240+0000] {processor.py:153} INFO - Started process (PID=3477) to work on /home/airflow/.local/lib/python3.7/site-packages/airflow/example_dags/example_bash_operator.py
[2023-02-28T04:15:06.242+0000] {processor.py:743} INFO - Processing file /home/airflow/.local/lib/python3.7/site-packages/airflow/example_dags/example_bash_operator.py for tasks to queue
[2023-02-28T04:15:06.243+0000] {logging_mixin.py:137} INFO - [2023-02-28T04:15:06.243+0000] {dagbag.py:538} INFO - Filling up the DagBag from /home/airflow/.local/lib/python3.7/site-packages/airflow/example_dags/example_bash_operator.py
[2023-02-28T04:15:06.274+0000] {processor.py:753} INFO - DAG(s) dict_keys(['example_bash_operator']) retrieved from /home/airflow/.local/lib/python3.7/site-packages/airflow/example_dags/example_bash_operator.py
[2023-02-28T04:15:06.351+0000] {logging_mixin.py:137} INFO - [2023-02-28T04:15:06.350+0000] {dag.py:2690} INFO - Sync 1 DAGs
[2023-02-28T04:15:06.415+0000] {logging_mixin.py:137} INFO - [2023-02-28T04:15:06.415+0000] {dag.py:3441} INFO - Setting next_dagrun for example_bash_operator to 2023-02-27T00:00:00+00:00, run_after=2023-02-28T00:00:00+00:00
[2023-02-28T04:15:06.442+0000] {processor.py:175} INFO - Processing /home/airflow/.local/lib/python3.7/site-packages/airflow/example_dags/example_bash_operator.py took 0.208 seconds
[2023-02-28T04:15:36.515+0000] {processor.py:153} INFO - Started process (PID=3554) to work on /home/airflow/.local/lib/python3.7/site-packages/airflow/example_dags/example_bash_operator.py
[2023-02-28T04:15:36.516+0000] {processor.py:743} INFO - Processing file /home/airflow/.local/lib/python3.7/site-packages/airflow/example_dags/example_bash_operator.py for tasks to queue
[2023-02-28T04:15:36.516+0000] {logging_mixin.py:137} INFO - [2023-02-28T04:15:36.516+0000] {dagbag.py:538} INFO - Filling up the DagBag from /home/airflow/.local/lib/python3.7/site-packages/airflow/example_dags/example_bash_operator.py
[2023-02-28T04:15:36.544+0000] {processor.py:753} INFO - DAG(s) dict_keys(['example_bash_operator']) retrieved from /home/airflow/.local/lib/python3.7/site-packages/airflow/example_dags/example_bash_operator.py
[2023-02-28T04:15:36.593+0000] {logging_mixin.py:137} INFO - [2023-02-28T04:15:36.593+0000] {dag.py:2690} INFO - Sync 1 DAGs
[2023-02-28T04:15:36.621+0000] {logging_mixin.py:137} INFO - [2023-02-28T04:15:36.621+0000] {dag.py:3441} INFO - Setting next_dagrun for example_bash_operator to 2023-02-27T00:00:00+00:00, run_after=2023-02-28T00:00:00+00:00
[2023-02-28T04:15:36.640+0000] {processor.py:175} INFO - Processing /home/airflow/.local/lib/python3.7/site-packages/airflow/example_dags/example_bash_operator.py took 0.130 seconds
[2023-02-28T04:16:07.423+0000] {processor.py:153} INFO - Started process (PID=3617) to work on /home/airflow/.local/lib/python3.7/site-packages/airflow/example_dags/example_bash_operator.py
[2023-02-28T04:16:07.425+0000] {processor.py:743} INFO - Processing file /home/airflow/.local/lib/python3.7/site-packages/airflow/example_dags/example_bash_operator.py for tasks to queue
[2023-02-28T04:16:07.426+0000] {logging_mixin.py:137} INFO - [2023-02-28T04:16:07.425+0000] {dagbag.py:538} INFO - Filling up the DagBag from /home/airflow/.local/lib/python3.7/site-packages/airflow/example_dags/example_bash_operator.py
[2023-02-28T04:16:07.458+0000] {processor.py:753} INFO - DAG(s) dict_keys(['example_bash_operator']) retrieved from /home/airflow/.local/lib/python3.7/site-packages/airflow/example_dags/example_bash_operator.py
[2023-02-28T04:16:07.537+0000] {logging_mixin.py:137} INFO - [2023-02-28T04:16:07.537+0000] {dag.py:2690} INFO - Sync 1 DAGs
[2023-02-28T04:16:07.577+0000] {logging_mixin.py:137} INFO - [2023-02-28T04:16:07.577+0000] {dag.py:3441} INFO - Setting next_dagrun for example_bash_operator to 2023-02-27T00:00:00+00:00, run_after=2023-02-28T00:00:00+00:00
[2023-02-28T04:16:07.603+0000] {processor.py:175} INFO - Processing /home/airflow/.local/lib/python3.7/site-packages/airflow/example_dags/example_bash_operator.py took 0.185 seconds
[2023-02-28T04:16:38.360+0000] {processor.py:153} INFO - Started process (PID=3693) to work on /home/airflow/.local/lib/python3.7/site-packages/airflow/example_dags/example_bash_operator.py
[2023-02-28T04:16:38.361+0000] {processor.py:743} INFO - Processing file /home/airflow/.local/lib/python3.7/site-packages/airflow/example_dags/example_bash_operator.py for tasks to queue
[2023-02-28T04:16:38.362+0000] {logging_mixin.py:137} INFO - [2023-02-28T04:16:38.362+0000] {dagbag.py:538} INFO - Filling up the DagBag from /home/airflow/.local/lib/python3.7/site-packages/airflow/example_dags/example_bash_operator.py
[2023-02-28T04:16:38.387+0000] {processor.py:753} INFO - DAG(s) dict_keys(['example_bash_operator']) retrieved from /home/airflow/.local/lib/python3.7/site-packages/airflow/example_dags/example_bash_operator.py
[2023-02-28T04:16:38.433+0000] {logging_mixin.py:137} INFO - [2023-02-28T04:16:38.433+0000] {dag.py:2690} INFO - Sync 1 DAGs
[2023-02-28T04:16:38.473+0000] {logging_mixin.py:137} INFO - [2023-02-28T04:16:38.473+0000] {dag.py:3441} INFO - Setting next_dagrun for example_bash_operator to 2023-02-27T00:00:00+00:00, run_after=2023-02-28T00:00:00+00:00
[2023-02-28T04:16:38.497+0000] {processor.py:175} INFO - Processing /home/airflow/.local/lib/python3.7/site-packages/airflow/example_dags/example_bash_operator.py took 0.142 seconds
[2023-02-28T04:17:09.237+0000] {processor.py:153} INFO - Started process (PID=3757) to work on /home/airflow/.local/lib/python3.7/site-packages/airflow/example_dags/example_bash_operator.py
[2023-02-28T04:17:09.238+0000] {processor.py:743} INFO - Processing file /home/airflow/.local/lib/python3.7/site-packages/airflow/example_dags/example_bash_operator.py for tasks to queue
[2023-02-28T04:17:09.239+0000] {logging_mixin.py:137} INFO - [2023-02-28T04:17:09.239+0000] {dagbag.py:538} INFO - Filling up the DagBag from /home/airflow/.local/lib/python3.7/site-packages/airflow/example_dags/example_bash_operator.py
[2023-02-28T04:17:09.265+0000] {processor.py:753} INFO - DAG(s) dict_keys(['example_bash_operator']) retrieved from /home/airflow/.local/lib/python3.7/site-packages/airflow/example_dags/example_bash_operator.py
[2023-02-28T04:17:09.317+0000] {logging_mixin.py:137} INFO - [2023-02-28T04:17:09.317+0000] {dag.py:2690} INFO - Sync 1 DAGs
[2023-02-28T04:17:09.347+0000] {logging_mixin.py:137} INFO - [2023-02-28T04:17:09.347+0000] {dag.py:3441} INFO - Setting next_dagrun for example_bash_operator to 2023-02-27T00:00:00+00:00, run_after=2023-02-28T00:00:00+00:00
[2023-02-28T04:17:09.368+0000] {processor.py:175} INFO - Processing /home/airflow/.local/lib/python3.7/site-packages/airflow/example_dags/example_bash_operator.py took 0.136 seconds
[2023-02-28T04:23:13.287+0000] {processor.py:153} INFO - Started process (PID=68) to work on /home/airflow/.local/lib/python3.7/site-packages/airflow/example_dags/example_bash_operator.py
[2023-02-28T04:23:13.288+0000] {processor.py:743} INFO - Processing file /home/airflow/.local/lib/python3.7/site-packages/airflow/example_dags/example_bash_operator.py for tasks to queue
[2023-02-28T04:23:13.289+0000] {logging_mixin.py:137} INFO - [2023-02-28T04:23:13.289+0000] {dagbag.py:538} INFO - Filling up the DagBag from /home/airflow/.local/lib/python3.7/site-packages/airflow/example_dags/example_bash_operator.py
[2023-02-28T04:23:13.322+0000] {processor.py:753} INFO - DAG(s) dict_keys(['example_bash_operator']) retrieved from /home/airflow/.local/lib/python3.7/site-packages/airflow/example_dags/example_bash_operator.py
[2023-02-28T04:23:13.380+0000] {logging_mixin.py:137} INFO - [2023-02-28T04:23:13.380+0000] {dag.py:2690} INFO - Sync 1 DAGs
[2023-02-28T04:23:13.425+0000] {logging_mixin.py:137} INFO - [2023-02-28T04:23:13.425+0000] {dag.py:3441} INFO - Setting next_dagrun for example_bash_operator to 2023-02-27T00:00:00+00:00, run_after=2023-02-28T00:00:00+00:00
[2023-02-28T04:23:13.452+0000] {processor.py:175} INFO - Processing /home/airflow/.local/lib/python3.7/site-packages/airflow/example_dags/example_bash_operator.py took 0.169 seconds
[2023-02-28T04:23:43.845+0000] {processor.py:153} INFO - Started process (PID=131) to work on /home/airflow/.local/lib/python3.7/site-packages/airflow/example_dags/example_bash_operator.py
[2023-02-28T04:23:43.846+0000] {processor.py:743} INFO - Processing file /home/airflow/.local/lib/python3.7/site-packages/airflow/example_dags/example_bash_operator.py for tasks to queue
[2023-02-28T04:23:43.847+0000] {logging_mixin.py:137} INFO - [2023-02-28T04:23:43.847+0000] {dagbag.py:538} INFO - Filling up the DagBag from /home/airflow/.local/lib/python3.7/site-packages/airflow/example_dags/example_bash_operator.py
[2023-02-28T04:23:43.882+0000] {processor.py:753} INFO - DAG(s) dict_keys(['example_bash_operator']) retrieved from /home/airflow/.local/lib/python3.7/site-packages/airflow/example_dags/example_bash_operator.py
[2023-02-28T04:23:43.941+0000] {logging_mixin.py:137} INFO - [2023-02-28T04:23:43.941+0000] {dag.py:2690} INFO - Sync 1 DAGs
[2023-02-28T04:23:43.980+0000] {logging_mixin.py:137} INFO - [2023-02-28T04:23:43.980+0000] {dag.py:3441} INFO - Setting next_dagrun for example_bash_operator to 2023-02-27T00:00:00+00:00, run_after=2023-02-28T00:00:00+00:00
[2023-02-28T04:23:44.004+0000] {processor.py:175} INFO - Processing /home/airflow/.local/lib/python3.7/site-packages/airflow/example_dags/example_bash_operator.py took 0.163 seconds
[2023-02-28T04:24:14.753+0000] {processor.py:153} INFO - Started process (PID=205) to work on /home/airflow/.local/lib/python3.7/site-packages/airflow/example_dags/example_bash_operator.py
[2023-02-28T04:24:14.755+0000] {processor.py:743} INFO - Processing file /home/airflow/.local/lib/python3.7/site-packages/airflow/example_dags/example_bash_operator.py for tasks to queue
[2023-02-28T04:24:14.756+0000] {logging_mixin.py:137} INFO - [2023-02-28T04:24:14.756+0000] {dagbag.py:538} INFO - Filling up the DagBag from /home/airflow/.local/lib/python3.7/site-packages/airflow/example_dags/example_bash_operator.py
[2023-02-28T04:24:14.783+0000] {processor.py:753} INFO - DAG(s) dict_keys(['example_bash_operator']) retrieved from /home/airflow/.local/lib/python3.7/site-packages/airflow/example_dags/example_bash_operator.py
[2023-02-28T04:24:14.832+0000] {logging_mixin.py:137} INFO - [2023-02-28T04:24:14.832+0000] {dag.py:2690} INFO - Sync 1 DAGs
[2023-02-28T04:24:14.865+0000] {logging_mixin.py:137} INFO - [2023-02-28T04:24:14.864+0000] {dag.py:3441} INFO - Setting next_dagrun for example_bash_operator to 2023-02-27T00:00:00+00:00, run_after=2023-02-28T00:00:00+00:00
[2023-02-28T04:24:14.889+0000] {processor.py:175} INFO - Processing /home/airflow/.local/lib/python3.7/site-packages/airflow/example_dags/example_bash_operator.py took 0.140 seconds
[2023-02-28T04:24:44.982+0000] {processor.py:153} INFO - Started process (PID=270) to work on /home/airflow/.local/lib/python3.7/site-packages/airflow/example_dags/example_bash_operator.py
[2023-02-28T04:24:44.983+0000] {processor.py:743} INFO - Processing file /home/airflow/.local/lib/python3.7/site-packages/airflow/example_dags/example_bash_operator.py for tasks to queue
[2023-02-28T04:24:44.984+0000] {logging_mixin.py:137} INFO - [2023-02-28T04:24:44.983+0000] {dagbag.py:538} INFO - Filling up the DagBag from /home/airflow/.local/lib/python3.7/site-packages/airflow/example_dags/example_bash_operator.py
[2023-02-28T04:24:45.010+0000] {processor.py:753} INFO - DAG(s) dict_keys(['example_bash_operator']) retrieved from /home/airflow/.local/lib/python3.7/site-packages/airflow/example_dags/example_bash_operator.py
[2023-02-28T04:24:45.067+0000] {logging_mixin.py:137} INFO - [2023-02-28T04:24:45.067+0000] {dag.py:2690} INFO - Sync 1 DAGs
[2023-02-28T04:24:45.109+0000] {logging_mixin.py:137} INFO - [2023-02-28T04:24:45.109+0000] {dag.py:3441} INFO - Setting next_dagrun for example_bash_operator to 2023-02-27T00:00:00+00:00, run_after=2023-02-28T00:00:00+00:00
[2023-02-28T04:24:45.131+0000] {processor.py:175} INFO - Processing /home/airflow/.local/lib/python3.7/site-packages/airflow/example_dags/example_bash_operator.py took 0.153 seconds
[2023-02-28T04:25:15.346+0000] {processor.py:153} INFO - Started process (PID=347) to work on /home/airflow/.local/lib/python3.7/site-packages/airflow/example_dags/example_bash_operator.py
[2023-02-28T04:25:15.348+0000] {processor.py:743} INFO - Processing file /home/airflow/.local/lib/python3.7/site-packages/airflow/example_dags/example_bash_operator.py for tasks to queue
[2023-02-28T04:25:15.349+0000] {logging_mixin.py:137} INFO - [2023-02-28T04:25:15.348+0000] {dagbag.py:538} INFO - Filling up the DagBag from /home/airflow/.local/lib/python3.7/site-packages/airflow/example_dags/example_bash_operator.py
[2023-02-28T04:25:15.384+0000] {processor.py:753} INFO - DAG(s) dict_keys(['example_bash_operator']) retrieved from /home/airflow/.local/lib/python3.7/site-packages/airflow/example_dags/example_bash_operator.py
[2023-02-28T04:25:15.433+0000] {logging_mixin.py:137} INFO - [2023-02-28T04:25:15.433+0000] {dag.py:2690} INFO - Sync 1 DAGs
[2023-02-28T04:25:15.478+0000] {logging_mixin.py:137} INFO - [2023-02-28T04:25:15.478+0000] {dag.py:3441} INFO - Setting next_dagrun for example_bash_operator to 2023-02-27T00:00:00+00:00, run_after=2023-02-28T00:00:00+00:00
[2023-02-28T04:25:15.512+0000] {processor.py:175} INFO - Processing /home/airflow/.local/lib/python3.7/site-packages/airflow/example_dags/example_bash_operator.py took 0.171 seconds
[2023-02-28T04:25:45.552+0000] {processor.py:153} INFO - Started process (PID=413) to work on /home/airflow/.local/lib/python3.7/site-packages/airflow/example_dags/example_bash_operator.py
[2023-02-28T04:25:45.553+0000] {processor.py:743} INFO - Processing file /home/airflow/.local/lib/python3.7/site-packages/airflow/example_dags/example_bash_operator.py for tasks to queue
[2023-02-28T04:25:45.553+0000] {logging_mixin.py:137} INFO - [2023-02-28T04:25:45.553+0000] {dagbag.py:538} INFO - Filling up the DagBag from /home/airflow/.local/lib/python3.7/site-packages/airflow/example_dags/example_bash_operator.py
[2023-02-28T04:25:45.579+0000] {processor.py:753} INFO - DAG(s) dict_keys(['example_bash_operator']) retrieved from /home/airflow/.local/lib/python3.7/site-packages/airflow/example_dags/example_bash_operator.py
[2023-02-28T04:25:45.625+0000] {logging_mixin.py:137} INFO - [2023-02-28T04:25:45.625+0000] {dag.py:2690} INFO - Sync 1 DAGs
[2023-02-28T04:25:45.658+0000] {logging_mixin.py:137} INFO - [2023-02-28T04:25:45.658+0000] {dag.py:3441} INFO - Setting next_dagrun for example_bash_operator to 2023-02-27T00:00:00+00:00, run_after=2023-02-28T00:00:00+00:00
[2023-02-28T04:25:45.678+0000] {processor.py:175} INFO - Processing /home/airflow/.local/lib/python3.7/site-packages/airflow/example_dags/example_bash_operator.py took 0.130 seconds
[2023-02-28T04:26:15.978+0000] {processor.py:153} INFO - Started process (PID=477) to work on /home/airflow/.local/lib/python3.7/site-packages/airflow/example_dags/example_bash_operator.py
[2023-02-28T04:26:15.980+0000] {processor.py:743} INFO - Processing file /home/airflow/.local/lib/python3.7/site-packages/airflow/example_dags/example_bash_operator.py for tasks to queue
[2023-02-28T04:26:15.981+0000] {logging_mixin.py:137} INFO - [2023-02-28T04:26:15.980+0000] {dagbag.py:538} INFO - Filling up the DagBag from /home/airflow/.local/lib/python3.7/site-packages/airflow/example_dags/example_bash_operator.py
[2023-02-28T04:26:16.020+0000] {processor.py:753} INFO - DAG(s) dict_keys(['example_bash_operator']) retrieved from /home/airflow/.local/lib/python3.7/site-packages/airflow/example_dags/example_bash_operator.py
[2023-02-28T04:26:16.096+0000] {logging_mixin.py:137} INFO - [2023-02-28T04:26:16.096+0000] {dag.py:2690} INFO - Sync 1 DAGs
[2023-02-28T04:26:16.131+0000] {logging_mixin.py:137} INFO - [2023-02-28T04:26:16.131+0000] {dag.py:3441} INFO - Setting next_dagrun for example_bash_operator to 2023-02-27T00:00:00+00:00, run_after=2023-02-28T00:00:00+00:00
[2023-02-28T04:26:16.151+0000] {processor.py:175} INFO - Processing /home/airflow/.local/lib/python3.7/site-packages/airflow/example_dags/example_bash_operator.py took 0.179 seconds
[2023-02-28T04:26:46.346+0000] {processor.py:153} INFO - Started process (PID=553) to work on /home/airflow/.local/lib/python3.7/site-packages/airflow/example_dags/example_bash_operator.py
[2023-02-28T04:26:46.347+0000] {processor.py:743} INFO - Processing file /home/airflow/.local/lib/python3.7/site-packages/airflow/example_dags/example_bash_operator.py for tasks to queue
[2023-02-28T04:26:46.348+0000] {logging_mixin.py:137} INFO - [2023-02-28T04:26:46.348+0000] {dagbag.py:538} INFO - Filling up the DagBag from /home/airflow/.local/lib/python3.7/site-packages/airflow/example_dags/example_bash_operator.py
[2023-02-28T04:26:46.377+0000] {processor.py:753} INFO - DAG(s) dict_keys(['example_bash_operator']) retrieved from /home/airflow/.local/lib/python3.7/site-packages/airflow/example_dags/example_bash_operator.py
[2023-02-28T04:26:46.426+0000] {logging_mixin.py:137} INFO - [2023-02-28T04:26:46.426+0000] {dag.py:2690} INFO - Sync 1 DAGs
[2023-02-28T04:26:46.457+0000] {logging_mixin.py:137} INFO - [2023-02-28T04:26:46.457+0000] {dag.py:3441} INFO - Setting next_dagrun for example_bash_operator to 2023-02-27T00:00:00+00:00, run_after=2023-02-28T00:00:00+00:00
[2023-02-28T04:26:46.479+0000] {processor.py:175} INFO - Processing /home/airflow/.local/lib/python3.7/site-packages/airflow/example_dags/example_bash_operator.py took 0.137 seconds
[2023-02-28T04:27:16.698+0000] {processor.py:153} INFO - Started process (PID=616) to work on /home/airflow/.local/lib/python3.7/site-packages/airflow/example_dags/example_bash_operator.py
[2023-02-28T04:27:16.699+0000] {processor.py:743} INFO - Processing file /home/airflow/.local/lib/python3.7/site-packages/airflow/example_dags/example_bash_operator.py for tasks to queue
[2023-02-28T04:27:16.700+0000] {logging_mixin.py:137} INFO - [2023-02-28T04:27:16.700+0000] {dagbag.py:538} INFO - Filling up the DagBag from /home/airflow/.local/lib/python3.7/site-packages/airflow/example_dags/example_bash_operator.py
[2023-02-28T04:27:16.729+0000] {processor.py:753} INFO - DAG(s) dict_keys(['example_bash_operator']) retrieved from /home/airflow/.local/lib/python3.7/site-packages/airflow/example_dags/example_bash_operator.py
[2023-02-28T04:27:16.776+0000] {logging_mixin.py:137} INFO - [2023-02-28T04:27:16.776+0000] {dag.py:2690} INFO - Sync 1 DAGs
[2023-02-28T04:27:16.809+0000] {logging_mixin.py:137} INFO - [2023-02-28T04:27:16.809+0000] {dag.py:3441} INFO - Setting next_dagrun for example_bash_operator to 2023-02-27T00:00:00+00:00, run_after=2023-02-28T00:00:00+00:00
[2023-02-28T04:27:16.830+0000] {processor.py:175} INFO - Processing /home/airflow/.local/lib/python3.7/site-packages/airflow/example_dags/example_bash_operator.py took 0.137 seconds
[2023-02-28T04:27:47.183+0000] {processor.py:153} INFO - Started process (PID=694) to work on /home/airflow/.local/lib/python3.7/site-packages/airflow/example_dags/example_bash_operator.py
[2023-02-28T04:27:47.184+0000] {processor.py:743} INFO - Processing file /home/airflow/.local/lib/python3.7/site-packages/airflow/example_dags/example_bash_operator.py for tasks to queue
[2023-02-28T04:27:47.185+0000] {logging_mixin.py:137} INFO - [2023-02-28T04:27:47.185+0000] {dagbag.py:538} INFO - Filling up the DagBag from /home/airflow/.local/lib/python3.7/site-packages/airflow/example_dags/example_bash_operator.py
[2023-02-28T04:27:47.211+0000] {processor.py:753} INFO - DAG(s) dict_keys(['example_bash_operator']) retrieved from /home/airflow/.local/lib/python3.7/site-packages/airflow/example_dags/example_bash_operator.py
[2023-02-28T04:27:47.258+0000] {logging_mixin.py:137} INFO - [2023-02-28T04:27:47.258+0000] {dag.py:2690} INFO - Sync 1 DAGs
[2023-02-28T04:27:47.288+0000] {logging_mixin.py:137} INFO - [2023-02-28T04:27:47.288+0000] {dag.py:3441} INFO - Setting next_dagrun for example_bash_operator to 2023-02-27T00:00:00+00:00, run_after=2023-02-28T00:00:00+00:00
[2023-02-28T04:27:47.307+0000] {processor.py:175} INFO - Processing /home/airflow/.local/lib/python3.7/site-packages/airflow/example_dags/example_bash_operator.py took 0.129 seconds
[2023-02-28T04:28:18.131+0000] {processor.py:153} INFO - Started process (PID=760) to work on /home/airflow/.local/lib/python3.7/site-packages/airflow/example_dags/example_bash_operator.py
[2023-02-28T04:28:18.133+0000] {processor.py:743} INFO - Processing file /home/airflow/.local/lib/python3.7/site-packages/airflow/example_dags/example_bash_operator.py for tasks to queue
[2023-02-28T04:28:18.133+0000] {logging_mixin.py:137} INFO - [2023-02-28T04:28:18.133+0000] {dagbag.py:538} INFO - Filling up the DagBag from /home/airflow/.local/lib/python3.7/site-packages/airflow/example_dags/example_bash_operator.py
[2023-02-28T04:28:18.159+0000] {processor.py:753} INFO - DAG(s) dict_keys(['example_bash_operator']) retrieved from /home/airflow/.local/lib/python3.7/site-packages/airflow/example_dags/example_bash_operator.py
[2023-02-28T04:28:18.205+0000] {logging_mixin.py:137} INFO - [2023-02-28T04:28:18.205+0000] {dag.py:2690} INFO - Sync 1 DAGs
[2023-02-28T04:28:18.236+0000] {logging_mixin.py:137} INFO - [2023-02-28T04:28:18.236+0000] {dag.py:3441} INFO - Setting next_dagrun for example_bash_operator to 2023-02-27T00:00:00+00:00, run_after=2023-02-28T00:00:00+00:00
[2023-02-28T04:28:18.257+0000] {processor.py:175} INFO - Processing /home/airflow/.local/lib/python3.7/site-packages/airflow/example_dags/example_bash_operator.py took 0.130 seconds
[2023-02-28T04:28:48.647+0000] {processor.py:153} INFO - Started process (PID=837) to work on /home/airflow/.local/lib/python3.7/site-packages/airflow/example_dags/example_bash_operator.py
[2023-02-28T04:28:48.650+0000] {processor.py:743} INFO - Processing file /home/airflow/.local/lib/python3.7/site-packages/airflow/example_dags/example_bash_operator.py for tasks to queue
[2023-02-28T04:28:48.651+0000] {logging_mixin.py:137} INFO - [2023-02-28T04:28:48.651+0000] {dagbag.py:538} INFO - Filling up the DagBag from /home/airflow/.local/lib/python3.7/site-packages/airflow/example_dags/example_bash_operator.py
[2023-02-28T04:28:48.680+0000] {processor.py:753} INFO - DAG(s) dict_keys(['example_bash_operator']) retrieved from /home/airflow/.local/lib/python3.7/site-packages/airflow/example_dags/example_bash_operator.py
[2023-02-28T04:28:48.738+0000] {logging_mixin.py:137} INFO - [2023-02-28T04:28:48.738+0000] {dag.py:2690} INFO - Sync 1 DAGs
[2023-02-28T04:28:48.780+0000] {logging_mixin.py:137} INFO - [2023-02-28T04:28:48.780+0000] {dag.py:3441} INFO - Setting next_dagrun for example_bash_operator to 2023-02-27T00:00:00+00:00, run_after=2023-02-28T00:00:00+00:00
[2023-02-28T04:28:48.805+0000] {processor.py:175} INFO - Processing /home/airflow/.local/lib/python3.7/site-packages/airflow/example_dags/example_bash_operator.py took 0.162 seconds
[2023-02-28T04:29:18.849+0000] {processor.py:153} INFO - Started process (PID=901) to work on /home/airflow/.local/lib/python3.7/site-packages/airflow/example_dags/example_bash_operator.py
[2023-02-28T04:29:18.850+0000] {processor.py:743} INFO - Processing file /home/airflow/.local/lib/python3.7/site-packages/airflow/example_dags/example_bash_operator.py for tasks to queue
[2023-02-28T04:29:18.851+0000] {logging_mixin.py:137} INFO - [2023-02-28T04:29:18.850+0000] {dagbag.py:538} INFO - Filling up the DagBag from /home/airflow/.local/lib/python3.7/site-packages/airflow/example_dags/example_bash_operator.py
[2023-02-28T04:29:18.876+0000] {processor.py:753} INFO - DAG(s) dict_keys(['example_bash_operator']) retrieved from /home/airflow/.local/lib/python3.7/site-packages/airflow/example_dags/example_bash_operator.py
[2023-02-28T04:29:18.922+0000] {logging_mixin.py:137} INFO - [2023-02-28T04:29:18.922+0000] {dag.py:2690} INFO - Sync 1 DAGs
[2023-02-28T04:29:18.957+0000] {logging_mixin.py:137} INFO - [2023-02-28T04:29:18.957+0000] {dag.py:3441} INFO - Setting next_dagrun for example_bash_operator to 2023-02-27T00:00:00+00:00, run_after=2023-02-28T00:00:00+00:00
[2023-02-28T04:29:18.980+0000] {processor.py:175} INFO - Processing /home/airflow/.local/lib/python3.7/site-packages/airflow/example_dags/example_bash_operator.py took 0.135 seconds
[2023-02-28T04:29:49.165+0000] {processor.py:153} INFO - Started process (PID=966) to work on /home/airflow/.local/lib/python3.7/site-packages/airflow/example_dags/example_bash_operator.py
[2023-02-28T04:29:49.167+0000] {processor.py:743} INFO - Processing file /home/airflow/.local/lib/python3.7/site-packages/airflow/example_dags/example_bash_operator.py for tasks to queue
[2023-02-28T04:29:49.168+0000] {logging_mixin.py:137} INFO - [2023-02-28T04:29:49.168+0000] {dagbag.py:538} INFO - Filling up the DagBag from /home/airflow/.local/lib/python3.7/site-packages/airflow/example_dags/example_bash_operator.py
[2023-02-28T04:29:49.195+0000] {processor.py:753} INFO - DAG(s) dict_keys(['example_bash_operator']) retrieved from /home/airflow/.local/lib/python3.7/site-packages/airflow/example_dags/example_bash_operator.py
[2023-02-28T04:29:49.242+0000] {logging_mixin.py:137} INFO - [2023-02-28T04:29:49.242+0000] {dag.py:2690} INFO - Sync 1 DAGs
[2023-02-28T04:29:49.282+0000] {logging_mixin.py:137} INFO - [2023-02-28T04:29:49.282+0000] {dag.py:3441} INFO - Setting next_dagrun for example_bash_operator to 2023-02-27T00:00:00+00:00, run_after=2023-02-28T00:00:00+00:00
[2023-02-28T04:29:49.308+0000] {processor.py:175} INFO - Processing /home/airflow/.local/lib/python3.7/site-packages/airflow/example_dags/example_bash_operator.py took 0.150 seconds
[2023-02-28T04:30:19.542+0000] {processor.py:153} INFO - Started process (PID=1043) to work on /home/airflow/.local/lib/python3.7/site-packages/airflow/example_dags/example_bash_operator.py
[2023-02-28T04:30:19.543+0000] {processor.py:743} INFO - Processing file /home/airflow/.local/lib/python3.7/site-packages/airflow/example_dags/example_bash_operator.py for tasks to queue
[2023-02-28T04:30:19.544+0000] {logging_mixin.py:137} INFO - [2023-02-28T04:30:19.544+0000] {dagbag.py:538} INFO - Filling up the DagBag from /home/airflow/.local/lib/python3.7/site-packages/airflow/example_dags/example_bash_operator.py
[2023-02-28T04:30:19.570+0000] {processor.py:753} INFO - DAG(s) dict_keys(['example_bash_operator']) retrieved from /home/airflow/.local/lib/python3.7/site-packages/airflow/example_dags/example_bash_operator.py
[2023-02-28T04:30:19.617+0000] {logging_mixin.py:137} INFO - [2023-02-28T04:30:19.617+0000] {dag.py:2690} INFO - Sync 1 DAGs
[2023-02-28T04:30:19.646+0000] {logging_mixin.py:137} INFO - [2023-02-28T04:30:19.646+0000] {dag.py:3441} INFO - Setting next_dagrun for example_bash_operator to 2023-02-27T00:00:00+00:00, run_after=2023-02-28T00:00:00+00:00
[2023-02-28T04:30:19.666+0000] {processor.py:175} INFO - Processing /home/airflow/.local/lib/python3.7/site-packages/airflow/example_dags/example_bash_operator.py took 0.128 seconds
[2023-02-28T04:30:49.805+0000] {processor.py:153} INFO - Started process (PID=1108) to work on /home/airflow/.local/lib/python3.7/site-packages/airflow/example_dags/example_bash_operator.py
[2023-02-28T04:30:49.808+0000] {processor.py:743} INFO - Processing file /home/airflow/.local/lib/python3.7/site-packages/airflow/example_dags/example_bash_operator.py for tasks to queue
[2023-02-28T04:30:49.809+0000] {logging_mixin.py:137} INFO - [2023-02-28T04:30:49.809+0000] {dagbag.py:538} INFO - Filling up the DagBag from /home/airflow/.local/lib/python3.7/site-packages/airflow/example_dags/example_bash_operator.py
[2023-02-28T04:30:49.843+0000] {processor.py:753} INFO - DAG(s) dict_keys(['example_bash_operator']) retrieved from /home/airflow/.local/lib/python3.7/site-packages/airflow/example_dags/example_bash_operator.py
[2023-02-28T04:30:49.900+0000] {logging_mixin.py:137} INFO - [2023-02-28T04:30:49.900+0000] {dag.py:2690} INFO - Sync 1 DAGs
[2023-02-28T04:30:49.938+0000] {logging_mixin.py:137} INFO - [2023-02-28T04:30:49.938+0000] {dag.py:3441} INFO - Setting next_dagrun for example_bash_operator to 2023-02-27T00:00:00+00:00, run_after=2023-02-28T00:00:00+00:00
[2023-02-28T04:30:49.957+0000] {processor.py:175} INFO - Processing /home/airflow/.local/lib/python3.7/site-packages/airflow/example_dags/example_bash_operator.py took 0.157 seconds
[2023-02-28T04:31:20.421+0000] {processor.py:153} INFO - Started process (PID=1183) to work on /home/airflow/.local/lib/python3.7/site-packages/airflow/example_dags/example_bash_operator.py
[2023-02-28T04:31:20.422+0000] {processor.py:743} INFO - Processing file /home/airflow/.local/lib/python3.7/site-packages/airflow/example_dags/example_bash_operator.py for tasks to queue
[2023-02-28T04:31:20.423+0000] {logging_mixin.py:137} INFO - [2023-02-28T04:31:20.423+0000] {dagbag.py:538} INFO - Filling up the DagBag from /home/airflow/.local/lib/python3.7/site-packages/airflow/example_dags/example_bash_operator.py
[2023-02-28T04:31:20.464+0000] {processor.py:753} INFO - DAG(s) dict_keys(['example_bash_operator']) retrieved from /home/airflow/.local/lib/python3.7/site-packages/airflow/example_dags/example_bash_operator.py
[2023-02-28T04:31:20.530+0000] {logging_mixin.py:137} INFO - [2023-02-28T04:31:20.529+0000] {dag.py:2690} INFO - Sync 1 DAGs
[2023-02-28T04:31:20.577+0000] {logging_mixin.py:137} INFO - [2023-02-28T04:31:20.576+0000] {dag.py:3441} INFO - Setting next_dagrun for example_bash_operator to 2023-02-27T00:00:00+00:00, run_after=2023-02-28T00:00:00+00:00
[2023-02-28T04:31:20.624+0000] {processor.py:175} INFO - Processing /home/airflow/.local/lib/python3.7/site-packages/airflow/example_dags/example_bash_operator.py took 0.208 seconds
