[2023-02-28T03:50:09.190+0000] {processor.py:153} INFO - Started process (PID=79) to work on /home/airflow/.local/lib/python3.7/site-packages/airflow/example_dags/example_branch_labels.py
[2023-02-28T03:50:09.191+0000] {processor.py:743} INFO - Processing file /home/airflow/.local/lib/python3.7/site-packages/airflow/example_dags/example_branch_labels.py for tasks to queue
[2023-02-28T03:50:09.192+0000] {logging_mixin.py:137} INFO - [2023-02-28T03:50:09.192+0000] {dagbag.py:538} INFO - Filling up the DagBag from /home/airflow/.local/lib/python3.7/site-packages/airflow/example_dags/example_branch_labels.py
[2023-02-28T03:50:09.211+0000] {processor.py:753} INFO - DAG(s) dict_keys(['example_branch_labels']) retrieved from /home/airflow/.local/lib/python3.7/site-packages/airflow/example_dags/example_branch_labels.py
[2023-02-28T03:50:09.241+0000] {logging_mixin.py:137} INFO - [2023-02-28T03:50:09.241+0000] {dag.py:2690} INFO - Sync 1 DAGs
[2023-02-28T03:50:09.273+0000] {logging_mixin.py:137} INFO - [2023-02-28T03:50:09.273+0000] {dag.py:3441} INFO - Setting next_dagrun for example_branch_labels to 2023-02-27T00:00:00+00:00, run_after=2023-02-28T00:00:00+00:00
[2023-02-28T03:50:09.293+0000] {processor.py:175} INFO - Processing /home/airflow/.local/lib/python3.7/site-packages/airflow/example_dags/example_branch_labels.py took 0.107 seconds
[2023-02-28T03:50:39.392+0000] {processor.py:153} INFO - Started process (PID=144) to work on /home/airflow/.local/lib/python3.7/site-packages/airflow/example_dags/example_branch_labels.py
[2023-02-28T03:50:39.393+0000] {processor.py:743} INFO - Processing file /home/airflow/.local/lib/python3.7/site-packages/airflow/example_dags/example_branch_labels.py for tasks to queue
[2023-02-28T03:50:39.394+0000] {logging_mixin.py:137} INFO - [2023-02-28T03:50:39.393+0000] {dagbag.py:538} INFO - Filling up the DagBag from /home/airflow/.local/lib/python3.7/site-packages/airflow/example_dags/example_branch_labels.py
[2023-02-28T03:50:39.411+0000] {processor.py:753} INFO - DAG(s) dict_keys(['example_branch_labels']) retrieved from /home/airflow/.local/lib/python3.7/site-packages/airflow/example_dags/example_branch_labels.py
[2023-02-28T03:50:39.446+0000] {logging_mixin.py:137} INFO - [2023-02-28T03:50:39.446+0000] {dag.py:2690} INFO - Sync 1 DAGs
[2023-02-28T03:50:39.478+0000] {logging_mixin.py:137} INFO - [2023-02-28T03:50:39.478+0000] {dag.py:3441} INFO - Setting next_dagrun for example_branch_labels to 2023-02-27T00:00:00+00:00, run_after=2023-02-28T00:00:00+00:00
[2023-02-28T03:50:39.499+0000] {processor.py:175} INFO - Processing /home/airflow/.local/lib/python3.7/site-packages/airflow/example_dags/example_branch_labels.py took 0.112 seconds
[2023-02-28T03:51:10.641+0000] {processor.py:153} INFO - Started process (PID=221) to work on /home/airflow/.local/lib/python3.7/site-packages/airflow/example_dags/example_branch_labels.py
[2023-02-28T03:51:10.642+0000] {processor.py:743} INFO - Processing file /home/airflow/.local/lib/python3.7/site-packages/airflow/example_dags/example_branch_labels.py for tasks to queue
[2023-02-28T03:51:10.643+0000] {logging_mixin.py:137} INFO - [2023-02-28T03:51:10.643+0000] {dagbag.py:538} INFO - Filling up the DagBag from /home/airflow/.local/lib/python3.7/site-packages/airflow/example_dags/example_branch_labels.py
[2023-02-28T03:51:10.660+0000] {processor.py:753} INFO - DAG(s) dict_keys(['example_branch_labels']) retrieved from /home/airflow/.local/lib/python3.7/site-packages/airflow/example_dags/example_branch_labels.py
[2023-02-28T03:51:10.695+0000] {logging_mixin.py:137} INFO - [2023-02-28T03:51:10.695+0000] {dag.py:2690} INFO - Sync 1 DAGs
[2023-02-28T03:51:10.738+0000] {logging_mixin.py:137} INFO - [2023-02-28T03:51:10.738+0000] {dag.py:3441} INFO - Setting next_dagrun for example_branch_labels to 2023-02-27T00:00:00+00:00, run_after=2023-02-28T00:00:00+00:00
[2023-02-28T03:51:10.759+0000] {processor.py:175} INFO - Processing /home/airflow/.local/lib/python3.7/site-packages/airflow/example_dags/example_branch_labels.py took 0.122 seconds
[2023-02-28T03:51:41.479+0000] {processor.py:153} INFO - Started process (PID=284) to work on /home/airflow/.local/lib/python3.7/site-packages/airflow/example_dags/example_branch_labels.py
[2023-02-28T03:51:41.480+0000] {processor.py:743} INFO - Processing file /home/airflow/.local/lib/python3.7/site-packages/airflow/example_dags/example_branch_labels.py for tasks to queue
[2023-02-28T03:51:41.481+0000] {logging_mixin.py:137} INFO - [2023-02-28T03:51:41.481+0000] {dagbag.py:538} INFO - Filling up the DagBag from /home/airflow/.local/lib/python3.7/site-packages/airflow/example_dags/example_branch_labels.py
[2023-02-28T03:51:41.498+0000] {processor.py:753} INFO - DAG(s) dict_keys(['example_branch_labels']) retrieved from /home/airflow/.local/lib/python3.7/site-packages/airflow/example_dags/example_branch_labels.py
[2023-02-28T03:51:41.530+0000] {logging_mixin.py:137} INFO - [2023-02-28T03:51:41.530+0000] {dag.py:2690} INFO - Sync 1 DAGs
[2023-02-28T03:51:41.560+0000] {logging_mixin.py:137} INFO - [2023-02-28T03:51:41.560+0000] {dag.py:3441} INFO - Setting next_dagrun for example_branch_labels to 2023-02-27T00:00:00+00:00, run_after=2023-02-28T00:00:00+00:00
[2023-02-28T03:51:41.580+0000] {processor.py:175} INFO - Processing /home/airflow/.local/lib/python3.7/site-packages/airflow/example_dags/example_branch_labels.py took 0.105 seconds
[2023-02-28T03:52:12.944+0000] {processor.py:153} INFO - Started process (PID=361) to work on /home/airflow/.local/lib/python3.7/site-packages/airflow/example_dags/example_branch_labels.py
[2023-02-28T03:52:12.946+0000] {processor.py:743} INFO - Processing file /home/airflow/.local/lib/python3.7/site-packages/airflow/example_dags/example_branch_labels.py for tasks to queue
[2023-02-28T03:52:12.947+0000] {logging_mixin.py:137} INFO - [2023-02-28T03:52:12.947+0000] {dagbag.py:538} INFO - Filling up the DagBag from /home/airflow/.local/lib/python3.7/site-packages/airflow/example_dags/example_branch_labels.py
[2023-02-28T03:52:12.972+0000] {processor.py:753} INFO - DAG(s) dict_keys(['example_branch_labels']) retrieved from /home/airflow/.local/lib/python3.7/site-packages/airflow/example_dags/example_branch_labels.py
[2023-02-28T03:52:13.010+0000] {logging_mixin.py:137} INFO - [2023-02-28T03:52:13.009+0000] {dag.py:2690} INFO - Sync 1 DAGs
[2023-02-28T03:52:13.044+0000] {logging_mixin.py:137} INFO - [2023-02-28T03:52:13.044+0000] {dag.py:3441} INFO - Setting next_dagrun for example_branch_labels to 2023-02-27T00:00:00+00:00, run_after=2023-02-28T00:00:00+00:00
[2023-02-28T03:52:13.071+0000] {processor.py:175} INFO - Processing /home/airflow/.local/lib/python3.7/site-packages/airflow/example_dags/example_branch_labels.py took 0.132 seconds
[2023-02-28T03:52:43.736+0000] {processor.py:153} INFO - Started process (PID=427) to work on /home/airflow/.local/lib/python3.7/site-packages/airflow/example_dags/example_branch_labels.py
[2023-02-28T03:52:43.737+0000] {processor.py:743} INFO - Processing file /home/airflow/.local/lib/python3.7/site-packages/airflow/example_dags/example_branch_labels.py for tasks to queue
[2023-02-28T03:52:43.738+0000] {logging_mixin.py:137} INFO - [2023-02-28T03:52:43.738+0000] {dagbag.py:538} INFO - Filling up the DagBag from /home/airflow/.local/lib/python3.7/site-packages/airflow/example_dags/example_branch_labels.py
[2023-02-28T03:52:43.755+0000] {processor.py:753} INFO - DAG(s) dict_keys(['example_branch_labels']) retrieved from /home/airflow/.local/lib/python3.7/site-packages/airflow/example_dags/example_branch_labels.py
[2023-02-28T03:52:43.783+0000] {logging_mixin.py:137} INFO - [2023-02-28T03:52:43.783+0000] {dag.py:2690} INFO - Sync 1 DAGs
[2023-02-28T03:52:43.816+0000] {logging_mixin.py:137} INFO - [2023-02-28T03:52:43.816+0000] {dag.py:3441} INFO - Setting next_dagrun for example_branch_labels to 2023-02-27T00:00:00+00:00, run_after=2023-02-28T00:00:00+00:00
[2023-02-28T03:52:43.843+0000] {processor.py:175} INFO - Processing /home/airflow/.local/lib/python3.7/site-packages/airflow/example_dags/example_branch_labels.py took 0.112 seconds
[2023-02-28T03:53:15.089+0000] {processor.py:153} INFO - Started process (PID=502) to work on /home/airflow/.local/lib/python3.7/site-packages/airflow/example_dags/example_branch_labels.py
[2023-02-28T03:53:15.092+0000] {processor.py:743} INFO - Processing file /home/airflow/.local/lib/python3.7/site-packages/airflow/example_dags/example_branch_labels.py for tasks to queue
[2023-02-28T03:53:15.094+0000] {logging_mixin.py:137} INFO - [2023-02-28T03:53:15.093+0000] {dagbag.py:538} INFO - Filling up the DagBag from /home/airflow/.local/lib/python3.7/site-packages/airflow/example_dags/example_branch_labels.py
[2023-02-28T03:53:15.117+0000] {processor.py:753} INFO - DAG(s) dict_keys(['example_branch_labels']) retrieved from /home/airflow/.local/lib/python3.7/site-packages/airflow/example_dags/example_branch_labels.py
[2023-02-28T03:53:15.175+0000] {logging_mixin.py:137} INFO - [2023-02-28T03:53:15.175+0000] {dag.py:2690} INFO - Sync 1 DAGs
[2023-02-28T03:53:15.242+0000] {logging_mixin.py:137} INFO - [2023-02-28T03:53:15.242+0000] {dag.py:3441} INFO - Setting next_dagrun for example_branch_labels to 2023-02-27T00:00:00+00:00, run_after=2023-02-28T00:00:00+00:00
[2023-02-28T03:53:15.270+0000] {processor.py:175} INFO - Processing /home/airflow/.local/lib/python3.7/site-packages/airflow/example_dags/example_branch_labels.py took 0.186 seconds
[2023-02-28T03:53:45.467+0000] {processor.py:153} INFO - Started process (PID=570) to work on /home/airflow/.local/lib/python3.7/site-packages/airflow/example_dags/example_branch_labels.py
[2023-02-28T03:53:45.469+0000] {processor.py:743} INFO - Processing file /home/airflow/.local/lib/python3.7/site-packages/airflow/example_dags/example_branch_labels.py for tasks to queue
[2023-02-28T03:53:45.470+0000] {logging_mixin.py:137} INFO - [2023-02-28T03:53:45.470+0000] {dagbag.py:538} INFO - Filling up the DagBag from /home/airflow/.local/lib/python3.7/site-packages/airflow/example_dags/example_branch_labels.py
[2023-02-28T03:53:45.494+0000] {processor.py:753} INFO - DAG(s) dict_keys(['example_branch_labels']) retrieved from /home/airflow/.local/lib/python3.7/site-packages/airflow/example_dags/example_branch_labels.py
[2023-02-28T03:53:45.532+0000] {logging_mixin.py:137} INFO - [2023-02-28T03:53:45.532+0000] {dag.py:2690} INFO - Sync 1 DAGs
[2023-02-28T03:53:45.578+0000] {logging_mixin.py:137} INFO - [2023-02-28T03:53:45.578+0000] {dag.py:3441} INFO - Setting next_dagrun for example_branch_labels to 2023-02-27T00:00:00+00:00, run_after=2023-02-28T00:00:00+00:00
[2023-02-28T03:53:45.603+0000] {processor.py:175} INFO - Processing /home/airflow/.local/lib/python3.7/site-packages/airflow/example_dags/example_branch_labels.py took 0.141 seconds
[2023-02-28T03:54:15.633+0000] {processor.py:153} INFO - Started process (PID=636) to work on /home/airflow/.local/lib/python3.7/site-packages/airflow/example_dags/example_branch_labels.py
[2023-02-28T03:54:15.634+0000] {processor.py:743} INFO - Processing file /home/airflow/.local/lib/python3.7/site-packages/airflow/example_dags/example_branch_labels.py for tasks to queue
[2023-02-28T03:54:15.635+0000] {logging_mixin.py:137} INFO - [2023-02-28T03:54:15.635+0000] {dagbag.py:538} INFO - Filling up the DagBag from /home/airflow/.local/lib/python3.7/site-packages/airflow/example_dags/example_branch_labels.py
[2023-02-28T03:54:15.653+0000] {processor.py:753} INFO - DAG(s) dict_keys(['example_branch_labels']) retrieved from /home/airflow/.local/lib/python3.7/site-packages/airflow/example_dags/example_branch_labels.py
[2023-02-28T03:54:15.685+0000] {logging_mixin.py:137} INFO - [2023-02-28T03:54:15.684+0000] {dag.py:2690} INFO - Sync 1 DAGs
[2023-02-28T03:54:15.714+0000] {logging_mixin.py:137} INFO - [2023-02-28T03:54:15.714+0000] {dag.py:3441} INFO - Setting next_dagrun for example_branch_labels to 2023-02-27T00:00:00+00:00, run_after=2023-02-28T00:00:00+00:00
[2023-02-28T03:54:15.733+0000] {processor.py:175} INFO - Processing /home/airflow/.local/lib/python3.7/site-packages/airflow/example_dags/example_branch_labels.py took 0.105 seconds
[2023-02-28T03:54:46.193+0000] {processor.py:153} INFO - Started process (PID=711) to work on /home/airflow/.local/lib/python3.7/site-packages/airflow/example_dags/example_branch_labels.py
[2023-02-28T03:54:46.195+0000] {processor.py:743} INFO - Processing file /home/airflow/.local/lib/python3.7/site-packages/airflow/example_dags/example_branch_labels.py for tasks to queue
[2023-02-28T03:54:46.196+0000] {logging_mixin.py:137} INFO - [2023-02-28T03:54:46.196+0000] {dagbag.py:538} INFO - Filling up the DagBag from /home/airflow/.local/lib/python3.7/site-packages/airflow/example_dags/example_branch_labels.py
[2023-02-28T03:54:46.220+0000] {processor.py:753} INFO - DAG(s) dict_keys(['example_branch_labels']) retrieved from /home/airflow/.local/lib/python3.7/site-packages/airflow/example_dags/example_branch_labels.py
[2023-02-28T03:54:46.252+0000] {logging_mixin.py:137} INFO - [2023-02-28T03:54:46.252+0000] {dag.py:2690} INFO - Sync 1 DAGs
[2023-02-28T03:54:46.296+0000] {logging_mixin.py:137} INFO - [2023-02-28T03:54:46.295+0000] {dag.py:3441} INFO - Setting next_dagrun for example_branch_labels to 2023-02-27T00:00:00+00:00, run_after=2023-02-28T00:00:00+00:00
[2023-02-28T03:54:46.315+0000] {processor.py:175} INFO - Processing /home/airflow/.local/lib/python3.7/site-packages/airflow/example_dags/example_branch_labels.py took 0.127 seconds
[2023-02-28T03:55:16.370+0000] {processor.py:153} INFO - Started process (PID=775) to work on /home/airflow/.local/lib/python3.7/site-packages/airflow/example_dags/example_branch_labels.py
[2023-02-28T03:55:16.374+0000] {processor.py:743} INFO - Processing file /home/airflow/.local/lib/python3.7/site-packages/airflow/example_dags/example_branch_labels.py for tasks to queue
[2023-02-28T03:55:16.375+0000] {logging_mixin.py:137} INFO - [2023-02-28T03:55:16.375+0000] {dagbag.py:538} INFO - Filling up the DagBag from /home/airflow/.local/lib/python3.7/site-packages/airflow/example_dags/example_branch_labels.py
[2023-02-28T03:55:16.402+0000] {processor.py:753} INFO - DAG(s) dict_keys(['example_branch_labels']) retrieved from /home/airflow/.local/lib/python3.7/site-packages/airflow/example_dags/example_branch_labels.py
[2023-02-28T03:55:16.442+0000] {logging_mixin.py:137} INFO - [2023-02-28T03:55:16.442+0000] {dag.py:2690} INFO - Sync 1 DAGs
[2023-02-28T03:55:16.481+0000] {logging_mixin.py:137} INFO - [2023-02-28T03:55:16.481+0000] {dag.py:3441} INFO - Setting next_dagrun for example_branch_labels to 2023-02-27T00:00:00+00:00, run_after=2023-02-28T00:00:00+00:00
[2023-02-28T03:55:16.502+0000] {processor.py:175} INFO - Processing /home/airflow/.local/lib/python3.7/site-packages/airflow/example_dags/example_branch_labels.py took 0.137 seconds
[2023-02-28T03:55:46.913+0000] {processor.py:153} INFO - Started process (PID=848) to work on /home/airflow/.local/lib/python3.7/site-packages/airflow/example_dags/example_branch_labels.py
[2023-02-28T03:55:46.915+0000] {processor.py:743} INFO - Processing file /home/airflow/.local/lib/python3.7/site-packages/airflow/example_dags/example_branch_labels.py for tasks to queue
[2023-02-28T03:55:46.916+0000] {logging_mixin.py:137} INFO - [2023-02-28T03:55:46.916+0000] {dagbag.py:538} INFO - Filling up the DagBag from /home/airflow/.local/lib/python3.7/site-packages/airflow/example_dags/example_branch_labels.py
[2023-02-28T03:55:46.943+0000] {processor.py:753} INFO - DAG(s) dict_keys(['example_branch_labels']) retrieved from /home/airflow/.local/lib/python3.7/site-packages/airflow/example_dags/example_branch_labels.py
[2023-02-28T03:55:47.006+0000] {logging_mixin.py:137} INFO - [2023-02-28T03:55:47.006+0000] {dag.py:2690} INFO - Sync 1 DAGs
[2023-02-28T03:55:47.054+0000] {logging_mixin.py:137} INFO - [2023-02-28T03:55:47.053+0000] {dag.py:3441} INFO - Setting next_dagrun for example_branch_labels to 2023-02-27T00:00:00+00:00, run_after=2023-02-28T00:00:00+00:00
[2023-02-28T03:55:47.112+0000] {processor.py:175} INFO - Processing /home/airflow/.local/lib/python3.7/site-packages/airflow/example_dags/example_branch_labels.py took 0.205 seconds
[2023-02-28T03:56:17.232+0000] {processor.py:153} INFO - Started process (PID=915) to work on /home/airflow/.local/lib/python3.7/site-packages/airflow/example_dags/example_branch_labels.py
[2023-02-28T03:56:17.233+0000] {processor.py:743} INFO - Processing file /home/airflow/.local/lib/python3.7/site-packages/airflow/example_dags/example_branch_labels.py for tasks to queue
[2023-02-28T03:56:17.234+0000] {logging_mixin.py:137} INFO - [2023-02-28T03:56:17.233+0000] {dagbag.py:538} INFO - Filling up the DagBag from /home/airflow/.local/lib/python3.7/site-packages/airflow/example_dags/example_branch_labels.py
[2023-02-28T03:56:17.251+0000] {processor.py:753} INFO - DAG(s) dict_keys(['example_branch_labels']) retrieved from /home/airflow/.local/lib/python3.7/site-packages/airflow/example_dags/example_branch_labels.py
[2023-02-28T03:56:17.280+0000] {logging_mixin.py:137} INFO - [2023-02-28T03:56:17.280+0000] {dag.py:2690} INFO - Sync 1 DAGs
[2023-02-28T03:56:17.308+0000] {logging_mixin.py:137} INFO - [2023-02-28T03:56:17.308+0000] {dag.py:3441} INFO - Setting next_dagrun for example_branch_labels to 2023-02-27T00:00:00+00:00, run_after=2023-02-28T00:00:00+00:00
[2023-02-28T03:56:17.327+0000] {processor.py:175} INFO - Processing /home/airflow/.local/lib/python3.7/site-packages/airflow/example_dags/example_branch_labels.py took 0.100 seconds
[2023-02-28T03:56:47.919+0000] {processor.py:153} INFO - Started process (PID=980) to work on /home/airflow/.local/lib/python3.7/site-packages/airflow/example_dags/example_branch_labels.py
[2023-02-28T03:56:47.920+0000] {processor.py:743} INFO - Processing file /home/airflow/.local/lib/python3.7/site-packages/airflow/example_dags/example_branch_labels.py for tasks to queue
[2023-02-28T03:56:47.922+0000] {logging_mixin.py:137} INFO - [2023-02-28T03:56:47.922+0000] {dagbag.py:538} INFO - Filling up the DagBag from /home/airflow/.local/lib/python3.7/site-packages/airflow/example_dags/example_branch_labels.py
[2023-02-28T03:56:47.940+0000] {processor.py:753} INFO - DAG(s) dict_keys(['example_branch_labels']) retrieved from /home/airflow/.local/lib/python3.7/site-packages/airflow/example_dags/example_branch_labels.py
[2023-02-28T03:56:47.969+0000] {logging_mixin.py:137} INFO - [2023-02-28T03:56:47.969+0000] {dag.py:2690} INFO - Sync 1 DAGs
[2023-02-28T03:56:47.999+0000] {logging_mixin.py:137} INFO - [2023-02-28T03:56:47.999+0000] {dag.py:3441} INFO - Setting next_dagrun for example_branch_labels to 2023-02-27T00:00:00+00:00, run_after=2023-02-28T00:00:00+00:00
[2023-02-28T03:56:48.019+0000] {processor.py:175} INFO - Processing /home/airflow/.local/lib/python3.7/site-packages/airflow/example_dags/example_branch_labels.py took 0.104 seconds
[2023-02-28T03:57:18.601+0000] {processor.py:153} INFO - Started process (PID=1055) to work on /home/airflow/.local/lib/python3.7/site-packages/airflow/example_dags/example_branch_labels.py
[2023-02-28T03:57:18.602+0000] {processor.py:743} INFO - Processing file /home/airflow/.local/lib/python3.7/site-packages/airflow/example_dags/example_branch_labels.py for tasks to queue
[2023-02-28T03:57:18.603+0000] {logging_mixin.py:137} INFO - [2023-02-28T03:57:18.603+0000] {dagbag.py:538} INFO - Filling up the DagBag from /home/airflow/.local/lib/python3.7/site-packages/airflow/example_dags/example_branch_labels.py
[2023-02-28T03:57:18.623+0000] {processor.py:753} INFO - DAG(s) dict_keys(['example_branch_labels']) retrieved from /home/airflow/.local/lib/python3.7/site-packages/airflow/example_dags/example_branch_labels.py
[2023-02-28T03:57:18.657+0000] {logging_mixin.py:137} INFO - [2023-02-28T03:57:18.657+0000] {dag.py:2690} INFO - Sync 1 DAGs
[2023-02-28T03:57:18.687+0000] {logging_mixin.py:137} INFO - [2023-02-28T03:57:18.687+0000] {dag.py:3441} INFO - Setting next_dagrun for example_branch_labels to 2023-02-27T00:00:00+00:00, run_after=2023-02-28T00:00:00+00:00
[2023-02-28T03:57:18.706+0000] {processor.py:175} INFO - Processing /home/airflow/.local/lib/python3.7/site-packages/airflow/example_dags/example_branch_labels.py took 0.110 seconds
[2023-02-28T03:57:49.478+0000] {processor.py:153} INFO - Started process (PID=1120) to work on /home/airflow/.local/lib/python3.7/site-packages/airflow/example_dags/example_branch_labels.py
[2023-02-28T03:57:49.480+0000] {processor.py:743} INFO - Processing file /home/airflow/.local/lib/python3.7/site-packages/airflow/example_dags/example_branch_labels.py for tasks to queue
[2023-02-28T03:57:49.481+0000] {logging_mixin.py:137} INFO - [2023-02-28T03:57:49.481+0000] {dagbag.py:538} INFO - Filling up the DagBag from /home/airflow/.local/lib/python3.7/site-packages/airflow/example_dags/example_branch_labels.py
[2023-02-28T03:57:49.503+0000] {processor.py:753} INFO - DAG(s) dict_keys(['example_branch_labels']) retrieved from /home/airflow/.local/lib/python3.7/site-packages/airflow/example_dags/example_branch_labels.py
[2023-02-28T03:57:49.534+0000] {logging_mixin.py:137} INFO - [2023-02-28T03:57:49.534+0000] {dag.py:2690} INFO - Sync 1 DAGs
[2023-02-28T03:57:49.563+0000] {logging_mixin.py:137} INFO - [2023-02-28T03:57:49.563+0000] {dag.py:3441} INFO - Setting next_dagrun for example_branch_labels to 2023-02-27T00:00:00+00:00, run_after=2023-02-28T00:00:00+00:00
[2023-02-28T03:57:49.583+0000] {processor.py:175} INFO - Processing /home/airflow/.local/lib/python3.7/site-packages/airflow/example_dags/example_branch_labels.py took 0.110 seconds
[2023-02-28T03:58:20.840+0000] {processor.py:153} INFO - Started process (PID=1194) to work on /home/airflow/.local/lib/python3.7/site-packages/airflow/example_dags/example_branch_labels.py
[2023-02-28T03:58:20.841+0000] {processor.py:743} INFO - Processing file /home/airflow/.local/lib/python3.7/site-packages/airflow/example_dags/example_branch_labels.py for tasks to queue
[2023-02-28T03:58:20.842+0000] {logging_mixin.py:137} INFO - [2023-02-28T03:58:20.842+0000] {dagbag.py:538} INFO - Filling up the DagBag from /home/airflow/.local/lib/python3.7/site-packages/airflow/example_dags/example_branch_labels.py
[2023-02-28T03:58:20.865+0000] {processor.py:753} INFO - DAG(s) dict_keys(['example_branch_labels']) retrieved from /home/airflow/.local/lib/python3.7/site-packages/airflow/example_dags/example_branch_labels.py
[2023-02-28T03:58:20.909+0000] {logging_mixin.py:137} INFO - [2023-02-28T03:58:20.909+0000] {dag.py:2690} INFO - Sync 1 DAGs
[2023-02-28T03:58:20.960+0000] {logging_mixin.py:137} INFO - [2023-02-28T03:58:20.960+0000] {dag.py:3441} INFO - Setting next_dagrun for example_branch_labels to 2023-02-27T00:00:00+00:00, run_after=2023-02-28T00:00:00+00:00
[2023-02-28T03:58:20.988+0000] {processor.py:175} INFO - Processing /home/airflow/.local/lib/python3.7/site-packages/airflow/example_dags/example_branch_labels.py took 0.154 seconds
[2023-02-28T03:58:51.049+0000] {processor.py:153} INFO - Started process (PID=1262) to work on /home/airflow/.local/lib/python3.7/site-packages/airflow/example_dags/example_branch_labels.py
[2023-02-28T03:58:51.051+0000] {processor.py:743} INFO - Processing file /home/airflow/.local/lib/python3.7/site-packages/airflow/example_dags/example_branch_labels.py for tasks to queue
[2023-02-28T03:58:51.051+0000] {logging_mixin.py:137} INFO - [2023-02-28T03:58:51.051+0000] {dagbag.py:538} INFO - Filling up the DagBag from /home/airflow/.local/lib/python3.7/site-packages/airflow/example_dags/example_branch_labels.py
[2023-02-28T03:58:51.072+0000] {processor.py:753} INFO - DAG(s) dict_keys(['example_branch_labels']) retrieved from /home/airflow/.local/lib/python3.7/site-packages/airflow/example_dags/example_branch_labels.py
[2023-02-28T03:58:51.109+0000] {logging_mixin.py:137} INFO - [2023-02-28T03:58:51.109+0000] {dag.py:2690} INFO - Sync 1 DAGs
[2023-02-28T03:58:51.142+0000] {logging_mixin.py:137} INFO - [2023-02-28T03:58:51.142+0000] {dag.py:3441} INFO - Setting next_dagrun for example_branch_labels to 2023-02-27T00:00:00+00:00, run_after=2023-02-28T00:00:00+00:00
[2023-02-28T03:58:51.166+0000] {processor.py:175} INFO - Processing /home/airflow/.local/lib/python3.7/site-packages/airflow/example_dags/example_branch_labels.py took 0.121 seconds
[2023-02-28T03:59:22.147+0000] {processor.py:153} INFO - Started process (PID=1326) to work on /home/airflow/.local/lib/python3.7/site-packages/airflow/example_dags/example_branch_labels.py
[2023-02-28T03:59:22.148+0000] {processor.py:743} INFO - Processing file /home/airflow/.local/lib/python3.7/site-packages/airflow/example_dags/example_branch_labels.py for tasks to queue
[2023-02-28T03:59:22.149+0000] {logging_mixin.py:137} INFO - [2023-02-28T03:59:22.148+0000] {dagbag.py:538} INFO - Filling up the DagBag from /home/airflow/.local/lib/python3.7/site-packages/airflow/example_dags/example_branch_labels.py
[2023-02-28T03:59:22.168+0000] {processor.py:753} INFO - DAG(s) dict_keys(['example_branch_labels']) retrieved from /home/airflow/.local/lib/python3.7/site-packages/airflow/example_dags/example_branch_labels.py
[2023-02-28T03:59:22.205+0000] {logging_mixin.py:137} INFO - [2023-02-28T03:59:22.205+0000] {dag.py:2690} INFO - Sync 1 DAGs
[2023-02-28T03:59:22.247+0000] {logging_mixin.py:137} INFO - [2023-02-28T03:59:22.247+0000] {dag.py:3441} INFO - Setting next_dagrun for example_branch_labels to 2023-02-27T00:00:00+00:00, run_after=2023-02-28T00:00:00+00:00
[2023-02-28T03:59:22.271+0000] {processor.py:175} INFO - Processing /home/airflow/.local/lib/python3.7/site-packages/airflow/example_dags/example_branch_labels.py took 0.130 seconds
[2023-02-28T03:59:52.563+0000] {processor.py:153} INFO - Started process (PID=1404) to work on /home/airflow/.local/lib/python3.7/site-packages/airflow/example_dags/example_branch_labels.py
[2023-02-28T03:59:52.564+0000] {processor.py:743} INFO - Processing file /home/airflow/.local/lib/python3.7/site-packages/airflow/example_dags/example_branch_labels.py for tasks to queue
[2023-02-28T03:59:52.565+0000] {logging_mixin.py:137} INFO - [2023-02-28T03:59:52.565+0000] {dagbag.py:538} INFO - Filling up the DagBag from /home/airflow/.local/lib/python3.7/site-packages/airflow/example_dags/example_branch_labels.py
[2023-02-28T03:59:52.582+0000] {processor.py:753} INFO - DAG(s) dict_keys(['example_branch_labels']) retrieved from /home/airflow/.local/lib/python3.7/site-packages/airflow/example_dags/example_branch_labels.py
[2023-02-28T03:59:52.611+0000] {logging_mixin.py:137} INFO - [2023-02-28T03:59:52.611+0000] {dag.py:2690} INFO - Sync 1 DAGs
[2023-02-28T03:59:52.639+0000] {logging_mixin.py:137} INFO - [2023-02-28T03:59:52.639+0000] {dag.py:3441} INFO - Setting next_dagrun for example_branch_labels to 2023-02-27T00:00:00+00:00, run_after=2023-02-28T00:00:00+00:00
[2023-02-28T03:59:52.658+0000] {processor.py:175} INFO - Processing /home/airflow/.local/lib/python3.7/site-packages/airflow/example_dags/example_branch_labels.py took 0.100 seconds
[2023-02-28T04:00:22.795+0000] {processor.py:153} INFO - Started process (PID=1468) to work on /home/airflow/.local/lib/python3.7/site-packages/airflow/example_dags/example_branch_labels.py
[2023-02-28T04:00:22.796+0000] {processor.py:743} INFO - Processing file /home/airflow/.local/lib/python3.7/site-packages/airflow/example_dags/example_branch_labels.py for tasks to queue
[2023-02-28T04:00:22.797+0000] {logging_mixin.py:137} INFO - [2023-02-28T04:00:22.797+0000] {dagbag.py:538} INFO - Filling up the DagBag from /home/airflow/.local/lib/python3.7/site-packages/airflow/example_dags/example_branch_labels.py
[2023-02-28T04:00:22.814+0000] {processor.py:753} INFO - DAG(s) dict_keys(['example_branch_labels']) retrieved from /home/airflow/.local/lib/python3.7/site-packages/airflow/example_dags/example_branch_labels.py
[2023-02-28T04:00:22.843+0000] {logging_mixin.py:137} INFO - [2023-02-28T04:00:22.843+0000] {dag.py:2690} INFO - Sync 1 DAGs
[2023-02-28T04:00:22.872+0000] {logging_mixin.py:137} INFO - [2023-02-28T04:00:22.872+0000] {dag.py:3441} INFO - Setting next_dagrun for example_branch_labels to 2023-02-27T00:00:00+00:00, run_after=2023-02-28T00:00:00+00:00
[2023-02-28T04:00:22.891+0000] {processor.py:175} INFO - Processing /home/airflow/.local/lib/python3.7/site-packages/airflow/example_dags/example_branch_labels.py took 0.100 seconds
[2023-02-28T04:00:53.246+0000] {processor.py:153} INFO - Started process (PID=1544) to work on /home/airflow/.local/lib/python3.7/site-packages/airflow/example_dags/example_branch_labels.py
[2023-02-28T04:00:53.248+0000] {processor.py:743} INFO - Processing file /home/airflow/.local/lib/python3.7/site-packages/airflow/example_dags/example_branch_labels.py for tasks to queue
[2023-02-28T04:00:53.249+0000] {logging_mixin.py:137} INFO - [2023-02-28T04:00:53.248+0000] {dagbag.py:538} INFO - Filling up the DagBag from /home/airflow/.local/lib/python3.7/site-packages/airflow/example_dags/example_branch_labels.py
[2023-02-28T04:00:53.271+0000] {processor.py:753} INFO - DAG(s) dict_keys(['example_branch_labels']) retrieved from /home/airflow/.local/lib/python3.7/site-packages/airflow/example_dags/example_branch_labels.py
[2023-02-28T04:00:53.312+0000] {logging_mixin.py:137} INFO - [2023-02-28T04:00:53.312+0000] {dag.py:2690} INFO - Sync 1 DAGs
[2023-02-28T04:00:53.351+0000] {logging_mixin.py:137} INFO - [2023-02-28T04:00:53.350+0000] {dag.py:3441} INFO - Setting next_dagrun for example_branch_labels to 2023-02-27T00:00:00+00:00, run_after=2023-02-28T00:00:00+00:00
[2023-02-28T04:00:53.372+0000] {processor.py:175} INFO - Processing /home/airflow/.local/lib/python3.7/site-packages/airflow/example_dags/example_branch_labels.py took 0.132 seconds
[2023-02-28T04:01:24.343+0000] {processor.py:153} INFO - Started process (PID=1608) to work on /home/airflow/.local/lib/python3.7/site-packages/airflow/example_dags/example_branch_labels.py
[2023-02-28T04:01:24.344+0000] {processor.py:743} INFO - Processing file /home/airflow/.local/lib/python3.7/site-packages/airflow/example_dags/example_branch_labels.py for tasks to queue
[2023-02-28T04:01:24.345+0000] {logging_mixin.py:137} INFO - [2023-02-28T04:01:24.345+0000] {dagbag.py:538} INFO - Filling up the DagBag from /home/airflow/.local/lib/python3.7/site-packages/airflow/example_dags/example_branch_labels.py
[2023-02-28T04:01:24.364+0000] {processor.py:753} INFO - DAG(s) dict_keys(['example_branch_labels']) retrieved from /home/airflow/.local/lib/python3.7/site-packages/airflow/example_dags/example_branch_labels.py
[2023-02-28T04:01:24.399+0000] {logging_mixin.py:137} INFO - [2023-02-28T04:01:24.399+0000] {dag.py:2690} INFO - Sync 1 DAGs
[2023-02-28T04:01:24.444+0000] {logging_mixin.py:137} INFO - [2023-02-28T04:01:24.444+0000] {dag.py:3441} INFO - Setting next_dagrun for example_branch_labels to 2023-02-27T00:00:00+00:00, run_after=2023-02-28T00:00:00+00:00
[2023-02-28T04:01:24.463+0000] {processor.py:175} INFO - Processing /home/airflow/.local/lib/python3.7/site-packages/airflow/example_dags/example_branch_labels.py took 0.124 seconds
[2023-02-28T04:01:55.018+0000] {processor.py:153} INFO - Started process (PID=1681) to work on /home/airflow/.local/lib/python3.7/site-packages/airflow/example_dags/example_branch_labels.py
[2023-02-28T04:01:55.024+0000] {processor.py:743} INFO - Processing file /home/airflow/.local/lib/python3.7/site-packages/airflow/example_dags/example_branch_labels.py for tasks to queue
[2023-02-28T04:01:55.025+0000] {logging_mixin.py:137} INFO - [2023-02-28T04:01:55.025+0000] {dagbag.py:538} INFO - Filling up the DagBag from /home/airflow/.local/lib/python3.7/site-packages/airflow/example_dags/example_branch_labels.py
[2023-02-28T04:01:55.082+0000] {processor.py:753} INFO - DAG(s) dict_keys(['example_branch_labels']) retrieved from /home/airflow/.local/lib/python3.7/site-packages/airflow/example_dags/example_branch_labels.py
[2023-02-28T04:01:55.134+0000] {logging_mixin.py:137} INFO - [2023-02-28T04:01:55.133+0000] {dag.py:2690} INFO - Sync 1 DAGs
[2023-02-28T04:01:55.179+0000] {logging_mixin.py:137} INFO - [2023-02-28T04:01:55.179+0000] {dag.py:3441} INFO - Setting next_dagrun for example_branch_labels to 2023-02-27T00:00:00+00:00, run_after=2023-02-28T00:00:00+00:00
[2023-02-28T04:01:55.205+0000] {processor.py:175} INFO - Processing /home/airflow/.local/lib/python3.7/site-packages/airflow/example_dags/example_branch_labels.py took 0.194 seconds
[2023-02-28T04:02:25.338+0000] {processor.py:153} INFO - Started process (PID=1749) to work on /home/airflow/.local/lib/python3.7/site-packages/airflow/example_dags/example_branch_labels.py
[2023-02-28T04:02:25.339+0000] {processor.py:743} INFO - Processing file /home/airflow/.local/lib/python3.7/site-packages/airflow/example_dags/example_branch_labels.py for tasks to queue
[2023-02-28T04:02:25.340+0000] {logging_mixin.py:137} INFO - [2023-02-28T04:02:25.340+0000] {dagbag.py:538} INFO - Filling up the DagBag from /home/airflow/.local/lib/python3.7/site-packages/airflow/example_dags/example_branch_labels.py
[2023-02-28T04:02:25.357+0000] {processor.py:753} INFO - DAG(s) dict_keys(['example_branch_labels']) retrieved from /home/airflow/.local/lib/python3.7/site-packages/airflow/example_dags/example_branch_labels.py
[2023-02-28T04:02:25.394+0000] {logging_mixin.py:137} INFO - [2023-02-28T04:02:25.394+0000] {dag.py:2690} INFO - Sync 1 DAGs
[2023-02-28T04:02:25.426+0000] {logging_mixin.py:137} INFO - [2023-02-28T04:02:25.426+0000] {dag.py:3441} INFO - Setting next_dagrun for example_branch_labels to 2023-02-27T00:00:00+00:00, run_after=2023-02-28T00:00:00+00:00
[2023-02-28T04:02:25.450+0000] {processor.py:175} INFO - Processing /home/airflow/.local/lib/python3.7/site-packages/airflow/example_dags/example_branch_labels.py took 0.115 seconds
[2023-02-28T04:02:55.637+0000] {processor.py:153} INFO - Started process (PID=1814) to work on /home/airflow/.local/lib/python3.7/site-packages/airflow/example_dags/example_branch_labels.py
[2023-02-28T04:02:55.639+0000] {processor.py:743} INFO - Processing file /home/airflow/.local/lib/python3.7/site-packages/airflow/example_dags/example_branch_labels.py for tasks to queue
[2023-02-28T04:02:55.640+0000] {logging_mixin.py:137} INFO - [2023-02-28T04:02:55.640+0000] {dagbag.py:538} INFO - Filling up the DagBag from /home/airflow/.local/lib/python3.7/site-packages/airflow/example_dags/example_branch_labels.py
[2023-02-28T04:02:55.657+0000] {processor.py:753} INFO - DAG(s) dict_keys(['example_branch_labels']) retrieved from /home/airflow/.local/lib/python3.7/site-packages/airflow/example_dags/example_branch_labels.py
[2023-02-28T04:02:55.694+0000] {logging_mixin.py:137} INFO - [2023-02-28T04:02:55.694+0000] {dag.py:2690} INFO - Sync 1 DAGs
[2023-02-28T04:02:55.734+0000] {logging_mixin.py:137} INFO - [2023-02-28T04:02:55.733+0000] {dag.py:3441} INFO - Setting next_dagrun for example_branch_labels to 2023-02-27T00:00:00+00:00, run_after=2023-02-28T00:00:00+00:00
[2023-02-28T04:02:55.757+0000] {processor.py:175} INFO - Processing /home/airflow/.local/lib/python3.7/site-packages/airflow/example_dags/example_branch_labels.py took 0.124 seconds
[2023-02-28T04:03:25.913+0000] {processor.py:153} INFO - Started process (PID=1889) to work on /home/airflow/.local/lib/python3.7/site-packages/airflow/example_dags/example_branch_labels.py
[2023-02-28T04:03:25.915+0000] {processor.py:743} INFO - Processing file /home/airflow/.local/lib/python3.7/site-packages/airflow/example_dags/example_branch_labels.py for tasks to queue
[2023-02-28T04:03:25.915+0000] {logging_mixin.py:137} INFO - [2023-02-28T04:03:25.915+0000] {dagbag.py:538} INFO - Filling up the DagBag from /home/airflow/.local/lib/python3.7/site-packages/airflow/example_dags/example_branch_labels.py
[2023-02-28T04:03:25.934+0000] {processor.py:753} INFO - DAG(s) dict_keys(['example_branch_labels']) retrieved from /home/airflow/.local/lib/python3.7/site-packages/airflow/example_dags/example_branch_labels.py
[2023-02-28T04:03:25.971+0000] {logging_mixin.py:137} INFO - [2023-02-28T04:03:25.971+0000] {dag.py:2690} INFO - Sync 1 DAGs
[2023-02-28T04:03:26.011+0000] {logging_mixin.py:137} INFO - [2023-02-28T04:03:26.011+0000] {dag.py:3441} INFO - Setting next_dagrun for example_branch_labels to 2023-02-27T00:00:00+00:00, run_after=2023-02-28T00:00:00+00:00
[2023-02-28T04:03:26.038+0000] {processor.py:175} INFO - Processing /home/airflow/.local/lib/python3.7/site-packages/airflow/example_dags/example_branch_labels.py took 0.130 seconds
[2023-02-28T04:03:56.321+0000] {processor.py:153} INFO - Started process (PID=1953) to work on /home/airflow/.local/lib/python3.7/site-packages/airflow/example_dags/example_branch_labels.py
[2023-02-28T04:03:56.322+0000] {processor.py:743} INFO - Processing file /home/airflow/.local/lib/python3.7/site-packages/airflow/example_dags/example_branch_labels.py for tasks to queue
[2023-02-28T04:03:56.323+0000] {logging_mixin.py:137} INFO - [2023-02-28T04:03:56.322+0000] {dagbag.py:538} INFO - Filling up the DagBag from /home/airflow/.local/lib/python3.7/site-packages/airflow/example_dags/example_branch_labels.py
[2023-02-28T04:03:56.339+0000] {processor.py:753} INFO - DAG(s) dict_keys(['example_branch_labels']) retrieved from /home/airflow/.local/lib/python3.7/site-packages/airflow/example_dags/example_branch_labels.py
[2023-02-28T04:03:56.372+0000] {logging_mixin.py:137} INFO - [2023-02-28T04:03:56.371+0000] {dag.py:2690} INFO - Sync 1 DAGs
[2023-02-28T04:03:56.412+0000] {logging_mixin.py:137} INFO - [2023-02-28T04:03:56.412+0000] {dag.py:3441} INFO - Setting next_dagrun for example_branch_labels to 2023-02-27T00:00:00+00:00, run_after=2023-02-28T00:00:00+00:00
[2023-02-28T04:03:56.431+0000] {processor.py:175} INFO - Processing /home/airflow/.local/lib/python3.7/site-packages/airflow/example_dags/example_branch_labels.py took 0.115 seconds
[2023-02-28T04:04:27.366+0000] {processor.py:153} INFO - Started process (PID=2027) to work on /home/airflow/.local/lib/python3.7/site-packages/airflow/example_dags/example_branch_labels.py
[2023-02-28T04:04:27.368+0000] {processor.py:743} INFO - Processing file /home/airflow/.local/lib/python3.7/site-packages/airflow/example_dags/example_branch_labels.py for tasks to queue
[2023-02-28T04:04:27.369+0000] {logging_mixin.py:137} INFO - [2023-02-28T04:04:27.369+0000] {dagbag.py:538} INFO - Filling up the DagBag from /home/airflow/.local/lib/python3.7/site-packages/airflow/example_dags/example_branch_labels.py
[2023-02-28T04:04:27.386+0000] {processor.py:753} INFO - DAG(s) dict_keys(['example_branch_labels']) retrieved from /home/airflow/.local/lib/python3.7/site-packages/airflow/example_dags/example_branch_labels.py
[2023-02-28T04:04:27.421+0000] {logging_mixin.py:137} INFO - [2023-02-28T04:04:27.421+0000] {dag.py:2690} INFO - Sync 1 DAGs
[2023-02-28T04:04:27.459+0000] {logging_mixin.py:137} INFO - [2023-02-28T04:04:27.458+0000] {dag.py:3441} INFO - Setting next_dagrun for example_branch_labels to 2023-02-27T00:00:00+00:00, run_after=2023-02-28T00:00:00+00:00
[2023-02-28T04:04:27.483+0000] {processor.py:175} INFO - Processing /home/airflow/.local/lib/python3.7/site-packages/airflow/example_dags/example_branch_labels.py took 0.122 seconds
[2023-02-28T04:04:57.621+0000] {processor.py:153} INFO - Started process (PID=2095) to work on /home/airflow/.local/lib/python3.7/site-packages/airflow/example_dags/example_branch_labels.py
[2023-02-28T04:04:57.622+0000] {processor.py:743} INFO - Processing file /home/airflow/.local/lib/python3.7/site-packages/airflow/example_dags/example_branch_labels.py for tasks to queue
[2023-02-28T04:04:57.622+0000] {logging_mixin.py:137} INFO - [2023-02-28T04:04:57.622+0000] {dagbag.py:538} INFO - Filling up the DagBag from /home/airflow/.local/lib/python3.7/site-packages/airflow/example_dags/example_branch_labels.py
[2023-02-28T04:04:57.640+0000] {processor.py:753} INFO - DAG(s) dict_keys(['example_branch_labels']) retrieved from /home/airflow/.local/lib/python3.7/site-packages/airflow/example_dags/example_branch_labels.py
[2023-02-28T04:04:57.683+0000] {logging_mixin.py:137} INFO - [2023-02-28T04:04:57.682+0000] {dag.py:2690} INFO - Sync 1 DAGs
[2023-02-28T04:04:57.712+0000] {logging_mixin.py:137} INFO - [2023-02-28T04:04:57.712+0000] {dag.py:3441} INFO - Setting next_dagrun for example_branch_labels to 2023-02-27T00:00:00+00:00, run_after=2023-02-28T00:00:00+00:00
[2023-02-28T04:04:57.732+0000] {processor.py:175} INFO - Processing /home/airflow/.local/lib/python3.7/site-packages/airflow/example_dags/example_branch_labels.py took 0.116 seconds
[2023-02-28T04:05:27.902+0000] {processor.py:153} INFO - Started process (PID=2159) to work on /home/airflow/.local/lib/python3.7/site-packages/airflow/example_dags/example_branch_labels.py
[2023-02-28T04:05:27.903+0000] {processor.py:743} INFO - Processing file /home/airflow/.local/lib/python3.7/site-packages/airflow/example_dags/example_branch_labels.py for tasks to queue
[2023-02-28T04:05:27.905+0000] {logging_mixin.py:137} INFO - [2023-02-28T04:05:27.905+0000] {dagbag.py:538} INFO - Filling up the DagBag from /home/airflow/.local/lib/python3.7/site-packages/airflow/example_dags/example_branch_labels.py
[2023-02-28T04:05:27.930+0000] {processor.py:753} INFO - DAG(s) dict_keys(['example_branch_labels']) retrieved from /home/airflow/.local/lib/python3.7/site-packages/airflow/example_dags/example_branch_labels.py
[2023-02-28T04:05:27.973+0000] {logging_mixin.py:137} INFO - [2023-02-28T04:05:27.973+0000] {dag.py:2690} INFO - Sync 1 DAGs
[2023-02-28T04:05:28.019+0000] {logging_mixin.py:137} INFO - [2023-02-28T04:05:28.019+0000] {dag.py:3441} INFO - Setting next_dagrun for example_branch_labels to 2023-02-27T00:00:00+00:00, run_after=2023-02-28T00:00:00+00:00
[2023-02-28T04:05:28.078+0000] {processor.py:175} INFO - Processing /home/airflow/.local/lib/python3.7/site-packages/airflow/example_dags/example_branch_labels.py took 0.182 seconds
[2023-02-28T04:05:58.198+0000] {processor.py:153} INFO - Started process (PID=2237) to work on /home/airflow/.local/lib/python3.7/site-packages/airflow/example_dags/example_branch_labels.py
[2023-02-28T04:05:58.199+0000] {processor.py:743} INFO - Processing file /home/airflow/.local/lib/python3.7/site-packages/airflow/example_dags/example_branch_labels.py for tasks to queue
[2023-02-28T04:05:58.200+0000] {logging_mixin.py:137} INFO - [2023-02-28T04:05:58.200+0000] {dagbag.py:538} INFO - Filling up the DagBag from /home/airflow/.local/lib/python3.7/site-packages/airflow/example_dags/example_branch_labels.py
[2023-02-28T04:05:58.216+0000] {processor.py:753} INFO - DAG(s) dict_keys(['example_branch_labels']) retrieved from /home/airflow/.local/lib/python3.7/site-packages/airflow/example_dags/example_branch_labels.py
[2023-02-28T04:05:58.245+0000] {logging_mixin.py:137} INFO - [2023-02-28T04:05:58.245+0000] {dag.py:2690} INFO - Sync 1 DAGs
[2023-02-28T04:05:58.275+0000] {logging_mixin.py:137} INFO - [2023-02-28T04:05:58.274+0000] {dag.py:3441} INFO - Setting next_dagrun for example_branch_labels to 2023-02-27T00:00:00+00:00, run_after=2023-02-28T00:00:00+00:00
[2023-02-28T04:05:58.293+0000] {processor.py:175} INFO - Processing /home/airflow/.local/lib/python3.7/site-packages/airflow/example_dags/example_branch_labels.py took 0.100 seconds
[2023-02-28T04:06:28.488+0000] {processor.py:153} INFO - Started process (PID=2302) to work on /home/airflow/.local/lib/python3.7/site-packages/airflow/example_dags/example_branch_labels.py
[2023-02-28T04:06:28.489+0000] {processor.py:743} INFO - Processing file /home/airflow/.local/lib/python3.7/site-packages/airflow/example_dags/example_branch_labels.py for tasks to queue
[2023-02-28T04:06:28.490+0000] {logging_mixin.py:137} INFO - [2023-02-28T04:06:28.490+0000] {dagbag.py:538} INFO - Filling up the DagBag from /home/airflow/.local/lib/python3.7/site-packages/airflow/example_dags/example_branch_labels.py
[2023-02-28T04:06:28.512+0000] {processor.py:753} INFO - DAG(s) dict_keys(['example_branch_labels']) retrieved from /home/airflow/.local/lib/python3.7/site-packages/airflow/example_dags/example_branch_labels.py
[2023-02-28T04:06:28.554+0000] {logging_mixin.py:137} INFO - [2023-02-28T04:06:28.554+0000] {dag.py:2690} INFO - Sync 1 DAGs
[2023-02-28T04:06:28.594+0000] {logging_mixin.py:137} INFO - [2023-02-28T04:06:28.594+0000] {dag.py:3441} INFO - Setting next_dagrun for example_branch_labels to 2023-02-27T00:00:00+00:00, run_after=2023-02-28T00:00:00+00:00
[2023-02-28T04:06:28.618+0000] {processor.py:175} INFO - Processing /home/airflow/.local/lib/python3.7/site-packages/airflow/example_dags/example_branch_labels.py took 0.136 seconds
[2023-02-28T04:06:58.673+0000] {processor.py:153} INFO - Started process (PID=2380) to work on /home/airflow/.local/lib/python3.7/site-packages/airflow/example_dags/example_branch_labels.py
[2023-02-28T04:06:58.675+0000] {processor.py:743} INFO - Processing file /home/airflow/.local/lib/python3.7/site-packages/airflow/example_dags/example_branch_labels.py for tasks to queue
[2023-02-28T04:06:58.676+0000] {logging_mixin.py:137} INFO - [2023-02-28T04:06:58.676+0000] {dagbag.py:538} INFO - Filling up the DagBag from /home/airflow/.local/lib/python3.7/site-packages/airflow/example_dags/example_branch_labels.py
[2023-02-28T04:06:58.699+0000] {processor.py:753} INFO - DAG(s) dict_keys(['example_branch_labels']) retrieved from /home/airflow/.local/lib/python3.7/site-packages/airflow/example_dags/example_branch_labels.py
[2023-02-28T04:06:58.739+0000] {logging_mixin.py:137} INFO - [2023-02-28T04:06:58.738+0000] {dag.py:2690} INFO - Sync 1 DAGs
[2023-02-28T04:06:58.780+0000] {logging_mixin.py:137} INFO - [2023-02-28T04:06:58.780+0000] {dag.py:3441} INFO - Setting next_dagrun for example_branch_labels to 2023-02-27T00:00:00+00:00, run_after=2023-02-28T00:00:00+00:00
[2023-02-28T04:06:58.806+0000] {processor.py:175} INFO - Processing /home/airflow/.local/lib/python3.7/site-packages/airflow/example_dags/example_branch_labels.py took 0.138 seconds
[2023-02-28T04:07:29.795+0000] {processor.py:153} INFO - Started process (PID=2443) to work on /home/airflow/.local/lib/python3.7/site-packages/airflow/example_dags/example_branch_labels.py
[2023-02-28T04:07:29.796+0000] {processor.py:743} INFO - Processing file /home/airflow/.local/lib/python3.7/site-packages/airflow/example_dags/example_branch_labels.py for tasks to queue
[2023-02-28T04:07:29.797+0000] {logging_mixin.py:137} INFO - [2023-02-28T04:07:29.797+0000] {dagbag.py:538} INFO - Filling up the DagBag from /home/airflow/.local/lib/python3.7/site-packages/airflow/example_dags/example_branch_labels.py
[2023-02-28T04:07:29.820+0000] {processor.py:753} INFO - DAG(s) dict_keys(['example_branch_labels']) retrieved from /home/airflow/.local/lib/python3.7/site-packages/airflow/example_dags/example_branch_labels.py
[2023-02-28T04:07:29.859+0000] {logging_mixin.py:137} INFO - [2023-02-28T04:07:29.858+0000] {dag.py:2690} INFO - Sync 1 DAGs
[2023-02-28T04:07:29.900+0000] {logging_mixin.py:137} INFO - [2023-02-28T04:07:29.900+0000] {dag.py:3441} INFO - Setting next_dagrun for example_branch_labels to 2023-02-27T00:00:00+00:00, run_after=2023-02-28T00:00:00+00:00
[2023-02-28T04:07:29.926+0000] {processor.py:175} INFO - Processing /home/airflow/.local/lib/python3.7/site-packages/airflow/example_dags/example_branch_labels.py took 0.136 seconds
[2023-02-28T04:08:00.398+0000] {processor.py:153} INFO - Started process (PID=2518) to work on /home/airflow/.local/lib/python3.7/site-packages/airflow/example_dags/example_branch_labels.py
[2023-02-28T04:08:00.400+0000] {processor.py:743} INFO - Processing file /home/airflow/.local/lib/python3.7/site-packages/airflow/example_dags/example_branch_labels.py for tasks to queue
[2023-02-28T04:08:00.401+0000] {logging_mixin.py:137} INFO - [2023-02-28T04:08:00.401+0000] {dagbag.py:538} INFO - Filling up the DagBag from /home/airflow/.local/lib/python3.7/site-packages/airflow/example_dags/example_branch_labels.py
[2023-02-28T04:08:00.429+0000] {processor.py:753} INFO - DAG(s) dict_keys(['example_branch_labels']) retrieved from /home/airflow/.local/lib/python3.7/site-packages/airflow/example_dags/example_branch_labels.py
[2023-02-28T04:08:00.467+0000] {logging_mixin.py:137} INFO - [2023-02-28T04:08:00.466+0000] {dag.py:2690} INFO - Sync 1 DAGs
[2023-02-28T04:08:00.518+0000] {logging_mixin.py:137} INFO - [2023-02-28T04:08:00.517+0000] {dag.py:3441} INFO - Setting next_dagrun for example_branch_labels to 2023-02-27T00:00:00+00:00, run_after=2023-02-28T00:00:00+00:00
[2023-02-28T04:08:00.545+0000] {processor.py:175} INFO - Processing /home/airflow/.local/lib/python3.7/site-packages/airflow/example_dags/example_branch_labels.py took 0.153 seconds
[2023-02-28T04:08:30.762+0000] {processor.py:153} INFO - Started process (PID=2585) to work on /home/airflow/.local/lib/python3.7/site-packages/airflow/example_dags/example_branch_labels.py
[2023-02-28T04:08:30.763+0000] {processor.py:743} INFO - Processing file /home/airflow/.local/lib/python3.7/site-packages/airflow/example_dags/example_branch_labels.py for tasks to queue
[2023-02-28T04:08:30.764+0000] {logging_mixin.py:137} INFO - [2023-02-28T04:08:30.764+0000] {dagbag.py:538} INFO - Filling up the DagBag from /home/airflow/.local/lib/python3.7/site-packages/airflow/example_dags/example_branch_labels.py
[2023-02-28T04:08:30.783+0000] {processor.py:753} INFO - DAG(s) dict_keys(['example_branch_labels']) retrieved from /home/airflow/.local/lib/python3.7/site-packages/airflow/example_dags/example_branch_labels.py
[2023-02-28T04:08:30.823+0000] {logging_mixin.py:137} INFO - [2023-02-28T04:08:30.822+0000] {dag.py:2690} INFO - Sync 1 DAGs
[2023-02-28T04:08:30.855+0000] {logging_mixin.py:137} INFO - [2023-02-28T04:08:30.855+0000] {dag.py:3441} INFO - Setting next_dagrun for example_branch_labels to 2023-02-27T00:00:00+00:00, run_after=2023-02-28T00:00:00+00:00
[2023-02-28T04:08:30.875+0000] {processor.py:175} INFO - Processing /home/airflow/.local/lib/python3.7/site-packages/airflow/example_dags/example_branch_labels.py took 0.117 seconds
[2023-02-28T04:09:01.694+0000] {processor.py:153} INFO - Started process (PID=2649) to work on /home/airflow/.local/lib/python3.7/site-packages/airflow/example_dags/example_branch_labels.py
[2023-02-28T04:09:01.696+0000] {processor.py:743} INFO - Processing file /home/airflow/.local/lib/python3.7/site-packages/airflow/example_dags/example_branch_labels.py for tasks to queue
[2023-02-28T04:09:01.697+0000] {logging_mixin.py:137} INFO - [2023-02-28T04:09:01.696+0000] {dagbag.py:538} INFO - Filling up the DagBag from /home/airflow/.local/lib/python3.7/site-packages/airflow/example_dags/example_branch_labels.py
[2023-02-28T04:09:01.720+0000] {processor.py:753} INFO - DAG(s) dict_keys(['example_branch_labels']) retrieved from /home/airflow/.local/lib/python3.7/site-packages/airflow/example_dags/example_branch_labels.py
[2023-02-28T04:09:01.760+0000] {logging_mixin.py:137} INFO - [2023-02-28T04:09:01.760+0000] {dag.py:2690} INFO - Sync 1 DAGs
[2023-02-28T04:09:01.803+0000] {logging_mixin.py:137} INFO - [2023-02-28T04:09:01.803+0000] {dag.py:3441} INFO - Setting next_dagrun for example_branch_labels to 2023-02-27T00:00:00+00:00, run_after=2023-02-28T00:00:00+00:00
[2023-02-28T04:09:01.827+0000] {processor.py:175} INFO - Processing /home/airflow/.local/lib/python3.7/site-packages/airflow/example_dags/example_branch_labels.py took 0.139 seconds
[2023-02-28T04:09:32.161+0000] {processor.py:153} INFO - Started process (PID=2727) to work on /home/airflow/.local/lib/python3.7/site-packages/airflow/example_dags/example_branch_labels.py
[2023-02-28T04:09:32.162+0000] {processor.py:743} INFO - Processing file /home/airflow/.local/lib/python3.7/site-packages/airflow/example_dags/example_branch_labels.py for tasks to queue
[2023-02-28T04:09:32.163+0000] {logging_mixin.py:137} INFO - [2023-02-28T04:09:32.163+0000] {dagbag.py:538} INFO - Filling up the DagBag from /home/airflow/.local/lib/python3.7/site-packages/airflow/example_dags/example_branch_labels.py
[2023-02-28T04:09:32.180+0000] {processor.py:753} INFO - DAG(s) dict_keys(['example_branch_labels']) retrieved from /home/airflow/.local/lib/python3.7/site-packages/airflow/example_dags/example_branch_labels.py
[2023-02-28T04:09:32.218+0000] {logging_mixin.py:137} INFO - [2023-02-28T04:09:32.217+0000] {dag.py:2690} INFO - Sync 1 DAGs
[2023-02-28T04:09:32.261+0000] {logging_mixin.py:137} INFO - [2023-02-28T04:09:32.261+0000] {dag.py:3441} INFO - Setting next_dagrun for example_branch_labels to 2023-02-27T00:00:00+00:00, run_after=2023-02-28T00:00:00+00:00
[2023-02-28T04:09:32.286+0000] {processor.py:175} INFO - Processing /home/airflow/.local/lib/python3.7/site-packages/airflow/example_dags/example_branch_labels.py took 0.129 seconds
[2023-02-28T04:10:02.433+0000] {processor.py:153} INFO - Started process (PID=2792) to work on /home/airflow/.local/lib/python3.7/site-packages/airflow/example_dags/example_branch_labels.py
[2023-02-28T04:10:02.435+0000] {processor.py:743} INFO - Processing file /home/airflow/.local/lib/python3.7/site-packages/airflow/example_dags/example_branch_labels.py for tasks to queue
[2023-02-28T04:10:02.436+0000] {logging_mixin.py:137} INFO - [2023-02-28T04:10:02.436+0000] {dagbag.py:538} INFO - Filling up the DagBag from /home/airflow/.local/lib/python3.7/site-packages/airflow/example_dags/example_branch_labels.py
[2023-02-28T04:10:02.453+0000] {processor.py:753} INFO - DAG(s) dict_keys(['example_branch_labels']) retrieved from /home/airflow/.local/lib/python3.7/site-packages/airflow/example_dags/example_branch_labels.py
[2023-02-28T04:10:02.482+0000] {logging_mixin.py:137} INFO - [2023-02-28T04:10:02.482+0000] {dag.py:2690} INFO - Sync 1 DAGs
[2023-02-28T04:10:02.510+0000] {logging_mixin.py:137} INFO - [2023-02-28T04:10:02.510+0000] {dag.py:3441} INFO - Setting next_dagrun for example_branch_labels to 2023-02-27T00:00:00+00:00, run_after=2023-02-28T00:00:00+00:00
[2023-02-28T04:10:02.529+0000] {processor.py:175} INFO - Processing /home/airflow/.local/lib/python3.7/site-packages/airflow/example_dags/example_branch_labels.py took 0.100 seconds
[2023-02-28T04:10:32.982+0000] {processor.py:153} INFO - Started process (PID=2868) to work on /home/airflow/.local/lib/python3.7/site-packages/airflow/example_dags/example_branch_labels.py
[2023-02-28T04:10:32.984+0000] {processor.py:743} INFO - Processing file /home/airflow/.local/lib/python3.7/site-packages/airflow/example_dags/example_branch_labels.py for tasks to queue
[2023-02-28T04:10:32.985+0000] {logging_mixin.py:137} INFO - [2023-02-28T04:10:32.984+0000] {dagbag.py:538} INFO - Filling up the DagBag from /home/airflow/.local/lib/python3.7/site-packages/airflow/example_dags/example_branch_labels.py
[2023-02-28T04:10:33.010+0000] {processor.py:753} INFO - DAG(s) dict_keys(['example_branch_labels']) retrieved from /home/airflow/.local/lib/python3.7/site-packages/airflow/example_dags/example_branch_labels.py
[2023-02-28T04:10:33.051+0000] {logging_mixin.py:137} INFO - [2023-02-28T04:10:33.051+0000] {dag.py:2690} INFO - Sync 1 DAGs
[2023-02-28T04:10:33.095+0000] {logging_mixin.py:137} INFO - [2023-02-28T04:10:33.094+0000] {dag.py:3441} INFO - Setting next_dagrun for example_branch_labels to 2023-02-27T00:00:00+00:00, run_after=2023-02-28T00:00:00+00:00
[2023-02-28T04:10:33.121+0000] {processor.py:175} INFO - Processing /home/airflow/.local/lib/python3.7/site-packages/airflow/example_dags/example_branch_labels.py took 0.145 seconds
[2023-02-28T04:11:03.188+0000] {processor.py:153} INFO - Started process (PID=2933) to work on /home/airflow/.local/lib/python3.7/site-packages/airflow/example_dags/example_branch_labels.py
[2023-02-28T04:11:03.189+0000] {processor.py:743} INFO - Processing file /home/airflow/.local/lib/python3.7/site-packages/airflow/example_dags/example_branch_labels.py for tasks to queue
[2023-02-28T04:11:03.190+0000] {logging_mixin.py:137} INFO - [2023-02-28T04:11:03.190+0000] {dagbag.py:538} INFO - Filling up the DagBag from /home/airflow/.local/lib/python3.7/site-packages/airflow/example_dags/example_branch_labels.py
[2023-02-28T04:11:03.209+0000] {processor.py:753} INFO - DAG(s) dict_keys(['example_branch_labels']) retrieved from /home/airflow/.local/lib/python3.7/site-packages/airflow/example_dags/example_branch_labels.py
[2023-02-28T04:11:03.236+0000] {logging_mixin.py:137} INFO - [2023-02-28T04:11:03.236+0000] {dag.py:2690} INFO - Sync 1 DAGs
[2023-02-28T04:11:03.264+0000] {logging_mixin.py:137} INFO - [2023-02-28T04:11:03.264+0000] {dag.py:3441} INFO - Setting next_dagrun for example_branch_labels to 2023-02-27T00:00:00+00:00, run_after=2023-02-28T00:00:00+00:00
[2023-02-28T04:11:03.282+0000] {processor.py:175} INFO - Processing /home/airflow/.local/lib/python3.7/site-packages/airflow/example_dags/example_branch_labels.py took 0.099 seconds
[2023-02-28T04:11:34.101+0000] {processor.py:153} INFO - Started process (PID=2998) to work on /home/airflow/.local/lib/python3.7/site-packages/airflow/example_dags/example_branch_labels.py
[2023-02-28T04:11:34.103+0000] {processor.py:743} INFO - Processing file /home/airflow/.local/lib/python3.7/site-packages/airflow/example_dags/example_branch_labels.py for tasks to queue
[2023-02-28T04:11:34.104+0000] {logging_mixin.py:137} INFO - [2023-02-28T04:11:34.103+0000] {dagbag.py:538} INFO - Filling up the DagBag from /home/airflow/.local/lib/python3.7/site-packages/airflow/example_dags/example_branch_labels.py
[2023-02-28T04:11:34.121+0000] {processor.py:753} INFO - DAG(s) dict_keys(['example_branch_labels']) retrieved from /home/airflow/.local/lib/python3.7/site-packages/airflow/example_dags/example_branch_labels.py
[2023-02-28T04:11:34.154+0000] {logging_mixin.py:137} INFO - [2023-02-28T04:11:34.154+0000] {dag.py:2690} INFO - Sync 1 DAGs
[2023-02-28T04:11:34.184+0000] {logging_mixin.py:137} INFO - [2023-02-28T04:11:34.184+0000] {dag.py:3441} INFO - Setting next_dagrun for example_branch_labels to 2023-02-27T00:00:00+00:00, run_after=2023-02-28T00:00:00+00:00
[2023-02-28T04:11:34.202+0000] {processor.py:175} INFO - Processing /home/airflow/.local/lib/python3.7/site-packages/airflow/example_dags/example_branch_labels.py took 0.106 seconds
[2023-02-28T04:12:05.004+0000] {processor.py:153} INFO - Started process (PID=3075) to work on /home/airflow/.local/lib/python3.7/site-packages/airflow/example_dags/example_branch_labels.py
[2023-02-28T04:12:05.006+0000] {processor.py:743} INFO - Processing file /home/airflow/.local/lib/python3.7/site-packages/airflow/example_dags/example_branch_labels.py for tasks to queue
[2023-02-28T04:12:05.006+0000] {logging_mixin.py:137} INFO - [2023-02-28T04:12:05.006+0000] {dagbag.py:538} INFO - Filling up the DagBag from /home/airflow/.local/lib/python3.7/site-packages/airflow/example_dags/example_branch_labels.py
[2023-02-28T04:12:05.024+0000] {processor.py:753} INFO - DAG(s) dict_keys(['example_branch_labels']) retrieved from /home/airflow/.local/lib/python3.7/site-packages/airflow/example_dags/example_branch_labels.py
[2023-02-28T04:12:05.054+0000] {logging_mixin.py:137} INFO - [2023-02-28T04:12:05.054+0000] {dag.py:2690} INFO - Sync 1 DAGs
[2023-02-28T04:12:05.082+0000] {logging_mixin.py:137} INFO - [2023-02-28T04:12:05.082+0000] {dag.py:3441} INFO - Setting next_dagrun for example_branch_labels to 2023-02-27T00:00:00+00:00, run_after=2023-02-28T00:00:00+00:00
[2023-02-28T04:12:05.100+0000] {processor.py:175} INFO - Processing /home/airflow/.local/lib/python3.7/site-packages/airflow/example_dags/example_branch_labels.py took 0.101 seconds
[2023-02-28T04:12:35.984+0000] {processor.py:153} INFO - Started process (PID=3141) to work on /home/airflow/.local/lib/python3.7/site-packages/airflow/example_dags/example_branch_labels.py
[2023-02-28T04:12:35.985+0000] {processor.py:743} INFO - Processing file /home/airflow/.local/lib/python3.7/site-packages/airflow/example_dags/example_branch_labels.py for tasks to queue
[2023-02-28T04:12:35.986+0000] {logging_mixin.py:137} INFO - [2023-02-28T04:12:35.986+0000] {dagbag.py:538} INFO - Filling up the DagBag from /home/airflow/.local/lib/python3.7/site-packages/airflow/example_dags/example_branch_labels.py
[2023-02-28T04:12:36.003+0000] {processor.py:753} INFO - DAG(s) dict_keys(['example_branch_labels']) retrieved from /home/airflow/.local/lib/python3.7/site-packages/airflow/example_dags/example_branch_labels.py
[2023-02-28T04:12:36.035+0000] {logging_mixin.py:137} INFO - [2023-02-28T04:12:36.034+0000] {dag.py:2690} INFO - Sync 1 DAGs
[2023-02-28T04:12:36.064+0000] {logging_mixin.py:137} INFO - [2023-02-28T04:12:36.064+0000] {dag.py:3441} INFO - Setting next_dagrun for example_branch_labels to 2023-02-27T00:00:00+00:00, run_after=2023-02-28T00:00:00+00:00
[2023-02-28T04:12:36.084+0000] {processor.py:175} INFO - Processing /home/airflow/.local/lib/python3.7/site-packages/airflow/example_dags/example_branch_labels.py took 0.106 seconds
[2023-02-28T04:13:06.145+0000] {processor.py:153} INFO - Started process (PID=3218) to work on /home/airflow/.local/lib/python3.7/site-packages/airflow/example_dags/example_branch_labels.py
[2023-02-28T04:13:06.147+0000] {processor.py:743} INFO - Processing file /home/airflow/.local/lib/python3.7/site-packages/airflow/example_dags/example_branch_labels.py for tasks to queue
[2023-02-28T04:13:06.148+0000] {logging_mixin.py:137} INFO - [2023-02-28T04:13:06.148+0000] {dagbag.py:538} INFO - Filling up the DagBag from /home/airflow/.local/lib/python3.7/site-packages/airflow/example_dags/example_branch_labels.py
[2023-02-28T04:13:06.165+0000] {processor.py:753} INFO - DAG(s) dict_keys(['example_branch_labels']) retrieved from /home/airflow/.local/lib/python3.7/site-packages/airflow/example_dags/example_branch_labels.py
[2023-02-28T04:13:06.195+0000] {logging_mixin.py:137} INFO - [2023-02-28T04:13:06.194+0000] {dag.py:2690} INFO - Sync 1 DAGs
[2023-02-28T04:13:06.225+0000] {logging_mixin.py:137} INFO - [2023-02-28T04:13:06.225+0000] {dag.py:3441} INFO - Setting next_dagrun for example_branch_labels to 2023-02-27T00:00:00+00:00, run_after=2023-02-28T00:00:00+00:00
[2023-02-28T04:13:06.243+0000] {processor.py:175} INFO - Processing /home/airflow/.local/lib/python3.7/site-packages/airflow/example_dags/example_branch_labels.py took 0.102 seconds
[2023-02-28T04:13:36.404+0000] {processor.py:153} INFO - Started process (PID=3283) to work on /home/airflow/.local/lib/python3.7/site-packages/airflow/example_dags/example_branch_labels.py
[2023-02-28T04:13:36.405+0000] {processor.py:743} INFO - Processing file /home/airflow/.local/lib/python3.7/site-packages/airflow/example_dags/example_branch_labels.py for tasks to queue
[2023-02-28T04:13:36.406+0000] {logging_mixin.py:137} INFO - [2023-02-28T04:13:36.406+0000] {dagbag.py:538} INFO - Filling up the DagBag from /home/airflow/.local/lib/python3.7/site-packages/airflow/example_dags/example_branch_labels.py
[2023-02-28T04:13:36.423+0000] {processor.py:753} INFO - DAG(s) dict_keys(['example_branch_labels']) retrieved from /home/airflow/.local/lib/python3.7/site-packages/airflow/example_dags/example_branch_labels.py
[2023-02-28T04:13:36.453+0000] {logging_mixin.py:137} INFO - [2023-02-28T04:13:36.453+0000] {dag.py:2690} INFO - Sync 1 DAGs
[2023-02-28T04:13:36.482+0000] {logging_mixin.py:137} INFO - [2023-02-28T04:13:36.482+0000] {dag.py:3441} INFO - Setting next_dagrun for example_branch_labels to 2023-02-27T00:00:00+00:00, run_after=2023-02-28T00:00:00+00:00
[2023-02-28T04:13:36.501+0000] {processor.py:175} INFO - Processing /home/airflow/.local/lib/python3.7/site-packages/airflow/example_dags/example_branch_labels.py took 0.101 seconds
[2023-02-28T04:14:06.800+0000] {processor.py:153} INFO - Started process (PID=3358) to work on /home/airflow/.local/lib/python3.7/site-packages/airflow/example_dags/example_branch_labels.py
[2023-02-28T04:14:06.802+0000] {processor.py:743} INFO - Processing file /home/airflow/.local/lib/python3.7/site-packages/airflow/example_dags/example_branch_labels.py for tasks to queue
[2023-02-28T04:14:06.803+0000] {logging_mixin.py:137} INFO - [2023-02-28T04:14:06.803+0000] {dagbag.py:538} INFO - Filling up the DagBag from /home/airflow/.local/lib/python3.7/site-packages/airflow/example_dags/example_branch_labels.py
[2023-02-28T04:14:06.823+0000] {processor.py:753} INFO - DAG(s) dict_keys(['example_branch_labels']) retrieved from /home/airflow/.local/lib/python3.7/site-packages/airflow/example_dags/example_branch_labels.py
[2023-02-28T04:14:06.851+0000] {logging_mixin.py:137} INFO - [2023-02-28T04:14:06.851+0000] {dag.py:2690} INFO - Sync 1 DAGs
[2023-02-28T04:14:06.882+0000] {logging_mixin.py:137} INFO - [2023-02-28T04:14:06.882+0000] {dag.py:3441} INFO - Setting next_dagrun for example_branch_labels to 2023-02-27T00:00:00+00:00, run_after=2023-02-28T00:00:00+00:00
[2023-02-28T04:14:06.901+0000] {processor.py:175} INFO - Processing /home/airflow/.local/lib/python3.7/site-packages/airflow/example_dags/example_branch_labels.py took 0.106 seconds
[2023-02-28T04:14:36.966+0000] {processor.py:153} INFO - Started process (PID=3422) to work on /home/airflow/.local/lib/python3.7/site-packages/airflow/example_dags/example_branch_labels.py
[2023-02-28T04:14:36.967+0000] {processor.py:743} INFO - Processing file /home/airflow/.local/lib/python3.7/site-packages/airflow/example_dags/example_branch_labels.py for tasks to queue
[2023-02-28T04:14:36.968+0000] {logging_mixin.py:137} INFO - [2023-02-28T04:14:36.967+0000] {dagbag.py:538} INFO - Filling up the DagBag from /home/airflow/.local/lib/python3.7/site-packages/airflow/example_dags/example_branch_labels.py
[2023-02-28T04:14:36.987+0000] {processor.py:753} INFO - DAG(s) dict_keys(['example_branch_labels']) retrieved from /home/airflow/.local/lib/python3.7/site-packages/airflow/example_dags/example_branch_labels.py
[2023-02-28T04:14:37.015+0000] {logging_mixin.py:137} INFO - [2023-02-28T04:14:37.015+0000] {dag.py:2690} INFO - Sync 1 DAGs
[2023-02-28T04:14:37.043+0000] {logging_mixin.py:137} INFO - [2023-02-28T04:14:37.043+0000] {dag.py:3441} INFO - Setting next_dagrun for example_branch_labels to 2023-02-27T00:00:00+00:00, run_after=2023-02-28T00:00:00+00:00
[2023-02-28T04:14:37.061+0000] {processor.py:175} INFO - Processing /home/airflow/.local/lib/python3.7/site-packages/airflow/example_dags/example_branch_labels.py took 0.099 seconds
[2023-02-28T04:15:07.986+0000] {processor.py:153} INFO - Started process (PID=3494) to work on /home/airflow/.local/lib/python3.7/site-packages/airflow/example_dags/example_branch_labels.py
[2023-02-28T04:15:07.988+0000] {processor.py:743} INFO - Processing file /home/airflow/.local/lib/python3.7/site-packages/airflow/example_dags/example_branch_labels.py for tasks to queue
[2023-02-28T04:15:07.989+0000] {logging_mixin.py:137} INFO - [2023-02-28T04:15:07.988+0000] {dagbag.py:538} INFO - Filling up the DagBag from /home/airflow/.local/lib/python3.7/site-packages/airflow/example_dags/example_branch_labels.py
[2023-02-28T04:15:08.011+0000] {processor.py:753} INFO - DAG(s) dict_keys(['example_branch_labels']) retrieved from /home/airflow/.local/lib/python3.7/site-packages/airflow/example_dags/example_branch_labels.py
[2023-02-28T04:15:08.051+0000] {logging_mixin.py:137} INFO - [2023-02-28T04:15:08.051+0000] {dag.py:2690} INFO - Sync 1 DAGs
[2023-02-28T04:15:08.096+0000] {logging_mixin.py:137} INFO - [2023-02-28T04:15:08.096+0000] {dag.py:3441} INFO - Setting next_dagrun for example_branch_labels to 2023-02-27T00:00:00+00:00, run_after=2023-02-28T00:00:00+00:00
[2023-02-28T04:15:08.120+0000] {processor.py:175} INFO - Processing /home/airflow/.local/lib/python3.7/site-packages/airflow/example_dags/example_branch_labels.py took 0.140 seconds
[2023-02-28T04:15:38.977+0000] {processor.py:153} INFO - Started process (PID=3563) to work on /home/airflow/.local/lib/python3.7/site-packages/airflow/example_dags/example_branch_labels.py
[2023-02-28T04:15:38.977+0000] {processor.py:743} INFO - Processing file /home/airflow/.local/lib/python3.7/site-packages/airflow/example_dags/example_branch_labels.py for tasks to queue
[2023-02-28T04:15:38.978+0000] {logging_mixin.py:137} INFO - [2023-02-28T04:15:38.978+0000] {dagbag.py:538} INFO - Filling up the DagBag from /home/airflow/.local/lib/python3.7/site-packages/airflow/example_dags/example_branch_labels.py
[2023-02-28T04:15:38.995+0000] {processor.py:753} INFO - DAG(s) dict_keys(['example_branch_labels']) retrieved from /home/airflow/.local/lib/python3.7/site-packages/airflow/example_dags/example_branch_labels.py
[2023-02-28T04:15:39.025+0000] {logging_mixin.py:137} INFO - [2023-02-28T04:15:39.025+0000] {dag.py:2690} INFO - Sync 1 DAGs
[2023-02-28T04:15:39.061+0000] {logging_mixin.py:137} INFO - [2023-02-28T04:15:39.061+0000] {dag.py:3441} INFO - Setting next_dagrun for example_branch_labels to 2023-02-27T00:00:00+00:00, run_after=2023-02-28T00:00:00+00:00
[2023-02-28T04:15:39.080+0000] {processor.py:175} INFO - Processing /home/airflow/.local/lib/python3.7/site-packages/airflow/example_dags/example_branch_labels.py took 0.108 seconds
[2023-02-28T04:16:10.012+0000] {processor.py:153} INFO - Started process (PID=3626) to work on /home/airflow/.local/lib/python3.7/site-packages/airflow/example_dags/example_branch_labels.py
[2023-02-28T04:16:10.014+0000] {processor.py:743} INFO - Processing file /home/airflow/.local/lib/python3.7/site-packages/airflow/example_dags/example_branch_labels.py for tasks to queue
[2023-02-28T04:16:10.016+0000] {logging_mixin.py:137} INFO - [2023-02-28T04:16:10.015+0000] {dagbag.py:538} INFO - Filling up the DagBag from /home/airflow/.local/lib/python3.7/site-packages/airflow/example_dags/example_branch_labels.py
[2023-02-28T04:16:10.034+0000] {processor.py:753} INFO - DAG(s) dict_keys(['example_branch_labels']) retrieved from /home/airflow/.local/lib/python3.7/site-packages/airflow/example_dags/example_branch_labels.py
[2023-02-28T04:16:10.083+0000] {logging_mixin.py:137} INFO - [2023-02-28T04:16:10.083+0000] {dag.py:2690} INFO - Sync 1 DAGs
[2023-02-28T04:16:10.123+0000] {logging_mixin.py:137} INFO - [2023-02-28T04:16:10.123+0000] {dag.py:3441} INFO - Setting next_dagrun for example_branch_labels to 2023-02-27T00:00:00+00:00, run_after=2023-02-28T00:00:00+00:00
[2023-02-28T04:16:10.153+0000] {processor.py:175} INFO - Processing /home/airflow/.local/lib/python3.7/site-packages/airflow/example_dags/example_branch_labels.py took 0.147 seconds
[2023-02-28T04:16:40.839+0000] {processor.py:153} INFO - Started process (PID=3702) to work on /home/airflow/.local/lib/python3.7/site-packages/airflow/example_dags/example_branch_labels.py
[2023-02-28T04:16:40.840+0000] {processor.py:743} INFO - Processing file /home/airflow/.local/lib/python3.7/site-packages/airflow/example_dags/example_branch_labels.py for tasks to queue
[2023-02-28T04:16:40.841+0000] {logging_mixin.py:137} INFO - [2023-02-28T04:16:40.840+0000] {dagbag.py:538} INFO - Filling up the DagBag from /home/airflow/.local/lib/python3.7/site-packages/airflow/example_dags/example_branch_labels.py
[2023-02-28T04:16:40.857+0000] {processor.py:753} INFO - DAG(s) dict_keys(['example_branch_labels']) retrieved from /home/airflow/.local/lib/python3.7/site-packages/airflow/example_dags/example_branch_labels.py
[2023-02-28T04:16:40.888+0000] {logging_mixin.py:137} INFO - [2023-02-28T04:16:40.887+0000] {dag.py:2690} INFO - Sync 1 DAGs
[2023-02-28T04:16:40.917+0000] {logging_mixin.py:137} INFO - [2023-02-28T04:16:40.917+0000] {dag.py:3441} INFO - Setting next_dagrun for example_branch_labels to 2023-02-27T00:00:00+00:00, run_after=2023-02-28T00:00:00+00:00
[2023-02-28T04:16:40.939+0000] {processor.py:175} INFO - Processing /home/airflow/.local/lib/python3.7/site-packages/airflow/example_dags/example_branch_labels.py took 0.104 seconds
[2023-02-28T04:17:11.801+0000] {processor.py:153} INFO - Started process (PID=3766) to work on /home/airflow/.local/lib/python3.7/site-packages/airflow/example_dags/example_branch_labels.py
[2023-02-28T04:17:11.803+0000] {processor.py:743} INFO - Processing file /home/airflow/.local/lib/python3.7/site-packages/airflow/example_dags/example_branch_labels.py for tasks to queue
[2023-02-28T04:17:11.804+0000] {logging_mixin.py:137} INFO - [2023-02-28T04:17:11.804+0000] {dagbag.py:538} INFO - Filling up the DagBag from /home/airflow/.local/lib/python3.7/site-packages/airflow/example_dags/example_branch_labels.py
[2023-02-28T04:17:11.827+0000] {processor.py:753} INFO - DAG(s) dict_keys(['example_branch_labels']) retrieved from /home/airflow/.local/lib/python3.7/site-packages/airflow/example_dags/example_branch_labels.py
[2023-02-28T04:17:11.866+0000] {logging_mixin.py:137} INFO - [2023-02-28T04:17:11.866+0000] {dag.py:2690} INFO - Sync 1 DAGs
[2023-02-28T04:17:11.910+0000] {logging_mixin.py:137} INFO - [2023-02-28T04:17:11.910+0000] {dag.py:3441} INFO - Setting next_dagrun for example_branch_labels to 2023-02-27T00:00:00+00:00, run_after=2023-02-28T00:00:00+00:00
[2023-02-28T04:17:11.937+0000] {processor.py:175} INFO - Processing /home/airflow/.local/lib/python3.7/site-packages/airflow/example_dags/example_branch_labels.py took 0.141 seconds
[2023-02-28T04:23:14.381+0000] {processor.py:153} INFO - Started process (PID=78) to work on /home/airflow/.local/lib/python3.7/site-packages/airflow/example_dags/example_branch_labels.py
[2023-02-28T04:23:14.383+0000] {processor.py:743} INFO - Processing file /home/airflow/.local/lib/python3.7/site-packages/airflow/example_dags/example_branch_labels.py for tasks to queue
[2023-02-28T04:23:14.384+0000] {logging_mixin.py:137} INFO - [2023-02-28T04:23:14.384+0000] {dagbag.py:538} INFO - Filling up the DagBag from /home/airflow/.local/lib/python3.7/site-packages/airflow/example_dags/example_branch_labels.py
[2023-02-28T04:23:14.402+0000] {processor.py:753} INFO - DAG(s) dict_keys(['example_branch_labels']) retrieved from /home/airflow/.local/lib/python3.7/site-packages/airflow/example_dags/example_branch_labels.py
[2023-02-28T04:23:14.443+0000] {logging_mixin.py:137} INFO - [2023-02-28T04:23:14.443+0000] {dag.py:2690} INFO - Sync 1 DAGs
[2023-02-28T04:23:14.486+0000] {logging_mixin.py:137} INFO - [2023-02-28T04:23:14.486+0000] {dag.py:3441} INFO - Setting next_dagrun for example_branch_labels to 2023-02-27T00:00:00+00:00, run_after=2023-02-28T00:00:00+00:00
[2023-02-28T04:23:14.512+0000] {processor.py:175} INFO - Processing /home/airflow/.local/lib/python3.7/site-packages/airflow/example_dags/example_branch_labels.py took 0.135 seconds
[2023-02-28T04:23:44.979+0000] {processor.py:153} INFO - Started process (PID=149) to work on /home/airflow/.local/lib/python3.7/site-packages/airflow/example_dags/example_branch_labels.py
[2023-02-28T04:23:44.988+0000] {processor.py:743} INFO - Processing file /home/airflow/.local/lib/python3.7/site-packages/airflow/example_dags/example_branch_labels.py for tasks to queue
[2023-02-28T04:23:44.989+0000] {logging_mixin.py:137} INFO - [2023-02-28T04:23:44.989+0000] {dagbag.py:538} INFO - Filling up the DagBag from /home/airflow/.local/lib/python3.7/site-packages/airflow/example_dags/example_branch_labels.py
[2023-02-28T04:23:45.033+0000] {processor.py:753} INFO - DAG(s) dict_keys(['example_branch_labels']) retrieved from /home/airflow/.local/lib/python3.7/site-packages/airflow/example_dags/example_branch_labels.py
[2023-02-28T04:23:45.092+0000] {logging_mixin.py:137} INFO - [2023-02-28T04:23:45.092+0000] {dag.py:2690} INFO - Sync 1 DAGs
[2023-02-28T04:23:45.138+0000] {logging_mixin.py:137} INFO - [2023-02-28T04:23:45.138+0000] {dag.py:3441} INFO - Setting next_dagrun for example_branch_labels to 2023-02-27T00:00:00+00:00, run_after=2023-02-28T00:00:00+00:00
[2023-02-28T04:23:45.170+0000] {processor.py:175} INFO - Processing /home/airflow/.local/lib/python3.7/site-packages/airflow/example_dags/example_branch_labels.py took 0.203 seconds
[2023-02-28T04:24:15.491+0000] {processor.py:153} INFO - Started process (PID=215) to work on /home/airflow/.local/lib/python3.7/site-packages/airflow/example_dags/example_branch_labels.py
[2023-02-28T04:24:15.493+0000] {processor.py:743} INFO - Processing file /home/airflow/.local/lib/python3.7/site-packages/airflow/example_dags/example_branch_labels.py for tasks to queue
[2023-02-28T04:24:15.494+0000] {logging_mixin.py:137} INFO - [2023-02-28T04:24:15.494+0000] {dagbag.py:538} INFO - Filling up the DagBag from /home/airflow/.local/lib/python3.7/site-packages/airflow/example_dags/example_branch_labels.py
[2023-02-28T04:24:15.513+0000] {processor.py:753} INFO - DAG(s) dict_keys(['example_branch_labels']) retrieved from /home/airflow/.local/lib/python3.7/site-packages/airflow/example_dags/example_branch_labels.py
[2023-02-28T04:24:15.543+0000] {logging_mixin.py:137} INFO - [2023-02-28T04:24:15.543+0000] {dag.py:2690} INFO - Sync 1 DAGs
[2023-02-28T04:24:15.573+0000] {logging_mixin.py:137} INFO - [2023-02-28T04:24:15.573+0000] {dag.py:3441} INFO - Setting next_dagrun for example_branch_labels to 2023-02-27T00:00:00+00:00, run_after=2023-02-28T00:00:00+00:00
[2023-02-28T04:24:15.591+0000] {processor.py:175} INFO - Processing /home/airflow/.local/lib/python3.7/site-packages/airflow/example_dags/example_branch_labels.py took 0.105 seconds
[2023-02-28T04:24:45.750+0000] {processor.py:153} INFO - Started process (PID=280) to work on /home/airflow/.local/lib/python3.7/site-packages/airflow/example_dags/example_branch_labels.py
[2023-02-28T04:24:45.751+0000] {processor.py:743} INFO - Processing file /home/airflow/.local/lib/python3.7/site-packages/airflow/example_dags/example_branch_labels.py for tasks to queue
[2023-02-28T04:24:45.752+0000] {logging_mixin.py:137} INFO - [2023-02-28T04:24:45.752+0000] {dagbag.py:538} INFO - Filling up the DagBag from /home/airflow/.local/lib/python3.7/site-packages/airflow/example_dags/example_branch_labels.py
[2023-02-28T04:24:45.776+0000] {processor.py:753} INFO - DAG(s) dict_keys(['example_branch_labels']) retrieved from /home/airflow/.local/lib/python3.7/site-packages/airflow/example_dags/example_branch_labels.py
[2023-02-28T04:24:45.811+0000] {logging_mixin.py:137} INFO - [2023-02-28T04:24:45.810+0000] {dag.py:2690} INFO - Sync 1 DAGs
[2023-02-28T04:24:45.841+0000] {logging_mixin.py:137} INFO - [2023-02-28T04:24:45.841+0000] {dag.py:3441} INFO - Setting next_dagrun for example_branch_labels to 2023-02-27T00:00:00+00:00, run_after=2023-02-28T00:00:00+00:00
[2023-02-28T04:24:45.867+0000] {processor.py:175} INFO - Processing /home/airflow/.local/lib/python3.7/site-packages/airflow/example_dags/example_branch_labels.py took 0.122 seconds
[2023-02-28T04:25:16.191+0000] {processor.py:153} INFO - Started process (PID=357) to work on /home/airflow/.local/lib/python3.7/site-packages/airflow/example_dags/example_branch_labels.py
[2023-02-28T04:25:16.193+0000] {processor.py:743} INFO - Processing file /home/airflow/.local/lib/python3.7/site-packages/airflow/example_dags/example_branch_labels.py for tasks to queue
[2023-02-28T04:25:16.194+0000] {logging_mixin.py:137} INFO - [2023-02-28T04:25:16.194+0000] {dagbag.py:538} INFO - Filling up the DagBag from /home/airflow/.local/lib/python3.7/site-packages/airflow/example_dags/example_branch_labels.py
[2023-02-28T04:25:16.216+0000] {processor.py:753} INFO - DAG(s) dict_keys(['example_branch_labels']) retrieved from /home/airflow/.local/lib/python3.7/site-packages/airflow/example_dags/example_branch_labels.py
[2023-02-28T04:25:16.248+0000] {logging_mixin.py:137} INFO - [2023-02-28T04:25:16.248+0000] {dag.py:2690} INFO - Sync 1 DAGs
[2023-02-28T04:25:16.286+0000] {logging_mixin.py:137} INFO - [2023-02-28T04:25:16.286+0000] {dag.py:3441} INFO - Setting next_dagrun for example_branch_labels to 2023-02-27T00:00:00+00:00, run_after=2023-02-28T00:00:00+00:00
[2023-02-28T04:25:16.311+0000] {processor.py:175} INFO - Processing /home/airflow/.local/lib/python3.7/site-packages/airflow/example_dags/example_branch_labels.py took 0.124 seconds
[2023-02-28T04:25:46.452+0000] {processor.py:153} INFO - Started process (PID=423) to work on /home/airflow/.local/lib/python3.7/site-packages/airflow/example_dags/example_branch_labels.py
[2023-02-28T04:25:46.453+0000] {processor.py:743} INFO - Processing file /home/airflow/.local/lib/python3.7/site-packages/airflow/example_dags/example_branch_labels.py for tasks to queue
[2023-02-28T04:25:46.453+0000] {logging_mixin.py:137} INFO - [2023-02-28T04:25:46.453+0000] {dagbag.py:538} INFO - Filling up the DagBag from /home/airflow/.local/lib/python3.7/site-packages/airflow/example_dags/example_branch_labels.py
[2023-02-28T04:25:46.472+0000] {processor.py:753} INFO - DAG(s) dict_keys(['example_branch_labels']) retrieved from /home/airflow/.local/lib/python3.7/site-packages/airflow/example_dags/example_branch_labels.py
[2023-02-28T04:25:46.503+0000] {logging_mixin.py:137} INFO - [2023-02-28T04:25:46.503+0000] {dag.py:2690} INFO - Sync 1 DAGs
[2023-02-28T04:25:46.531+0000] {logging_mixin.py:137} INFO - [2023-02-28T04:25:46.531+0000] {dag.py:3441} INFO - Setting next_dagrun for example_branch_labels to 2023-02-27T00:00:00+00:00, run_after=2023-02-28T00:00:00+00:00
[2023-02-28T04:25:46.551+0000] {processor.py:175} INFO - Processing /home/airflow/.local/lib/python3.7/site-packages/airflow/example_dags/example_branch_labels.py took 0.104 seconds
[2023-02-28T04:26:16.999+0000] {processor.py:153} INFO - Started process (PID=496) to work on /home/airflow/.local/lib/python3.7/site-packages/airflow/example_dags/example_branch_labels.py
[2023-02-28T04:26:17.002+0000] {processor.py:743} INFO - Processing file /home/airflow/.local/lib/python3.7/site-packages/airflow/example_dags/example_branch_labels.py for tasks to queue
[2023-02-28T04:26:17.003+0000] {logging_mixin.py:137} INFO - [2023-02-28T04:26:17.003+0000] {dagbag.py:538} INFO - Filling up the DagBag from /home/airflow/.local/lib/python3.7/site-packages/airflow/example_dags/example_branch_labels.py
[2023-02-28T04:26:17.029+0000] {processor.py:753} INFO - DAG(s) dict_keys(['example_branch_labels']) retrieved from /home/airflow/.local/lib/python3.7/site-packages/airflow/example_dags/example_branch_labels.py
[2023-02-28T04:26:17.073+0000] {logging_mixin.py:137} INFO - [2023-02-28T04:26:17.072+0000] {dag.py:2690} INFO - Sync 1 DAGs
[2023-02-28T04:26:17.125+0000] {logging_mixin.py:137} INFO - [2023-02-28T04:26:17.124+0000] {dag.py:3441} INFO - Setting next_dagrun for example_branch_labels to 2023-02-27T00:00:00+00:00, run_after=2023-02-28T00:00:00+00:00
[2023-02-28T04:26:17.153+0000] {processor.py:175} INFO - Processing /home/airflow/.local/lib/python3.7/site-packages/airflow/example_dags/example_branch_labels.py took 0.160 seconds
[2023-02-28T04:26:47.302+0000] {processor.py:153} INFO - Started process (PID=563) to work on /home/airflow/.local/lib/python3.7/site-packages/airflow/example_dags/example_branch_labels.py
[2023-02-28T04:26:47.304+0000] {processor.py:743} INFO - Processing file /home/airflow/.local/lib/python3.7/site-packages/airflow/example_dags/example_branch_labels.py for tasks to queue
[2023-02-28T04:26:47.305+0000] {logging_mixin.py:137} INFO - [2023-02-28T04:26:47.305+0000] {dagbag.py:538} INFO - Filling up the DagBag from /home/airflow/.local/lib/python3.7/site-packages/airflow/example_dags/example_branch_labels.py
[2023-02-28T04:26:47.325+0000] {processor.py:753} INFO - DAG(s) dict_keys(['example_branch_labels']) retrieved from /home/airflow/.local/lib/python3.7/site-packages/airflow/example_dags/example_branch_labels.py
[2023-02-28T04:26:47.356+0000] {logging_mixin.py:137} INFO - [2023-02-28T04:26:47.356+0000] {dag.py:2690} INFO - Sync 1 DAGs
[2023-02-28T04:26:47.385+0000] {logging_mixin.py:137} INFO - [2023-02-28T04:26:47.385+0000] {dag.py:3441} INFO - Setting next_dagrun for example_branch_labels to 2023-02-27T00:00:00+00:00, run_after=2023-02-28T00:00:00+00:00
[2023-02-28T04:26:47.405+0000] {processor.py:175} INFO - Processing /home/airflow/.local/lib/python3.7/site-packages/airflow/example_dags/example_branch_labels.py took 0.108 seconds
[2023-02-28T04:27:17.472+0000] {processor.py:153} INFO - Started process (PID=626) to work on /home/airflow/.local/lib/python3.7/site-packages/airflow/example_dags/example_branch_labels.py
[2023-02-28T04:27:17.473+0000] {processor.py:743} INFO - Processing file /home/airflow/.local/lib/python3.7/site-packages/airflow/example_dags/example_branch_labels.py for tasks to queue
[2023-02-28T04:27:17.474+0000] {logging_mixin.py:137} INFO - [2023-02-28T04:27:17.474+0000] {dagbag.py:538} INFO - Filling up the DagBag from /home/airflow/.local/lib/python3.7/site-packages/airflow/example_dags/example_branch_labels.py
[2023-02-28T04:27:17.495+0000] {processor.py:753} INFO - DAG(s) dict_keys(['example_branch_labels']) retrieved from /home/airflow/.local/lib/python3.7/site-packages/airflow/example_dags/example_branch_labels.py
[2023-02-28T04:27:17.526+0000] {logging_mixin.py:137} INFO - [2023-02-28T04:27:17.526+0000] {dag.py:2690} INFO - Sync 1 DAGs
[2023-02-28T04:27:17.555+0000] {logging_mixin.py:137} INFO - [2023-02-28T04:27:17.555+0000] {dag.py:3441} INFO - Setting next_dagrun for example_branch_labels to 2023-02-27T00:00:00+00:00, run_after=2023-02-28T00:00:00+00:00
[2023-02-28T04:27:17.574+0000] {processor.py:175} INFO - Processing /home/airflow/.local/lib/python3.7/site-packages/airflow/example_dags/example_branch_labels.py took 0.106 seconds
[2023-02-28T04:27:47.879+0000] {processor.py:153} INFO - Started process (PID=704) to work on /home/airflow/.local/lib/python3.7/site-packages/airflow/example_dags/example_branch_labels.py
[2023-02-28T04:27:47.881+0000] {processor.py:743} INFO - Processing file /home/airflow/.local/lib/python3.7/site-packages/airflow/example_dags/example_branch_labels.py for tasks to queue
[2023-02-28T04:27:47.882+0000] {logging_mixin.py:137} INFO - [2023-02-28T04:27:47.882+0000] {dagbag.py:538} INFO - Filling up the DagBag from /home/airflow/.local/lib/python3.7/site-packages/airflow/example_dags/example_branch_labels.py
[2023-02-28T04:27:47.898+0000] {processor.py:753} INFO - DAG(s) dict_keys(['example_branch_labels']) retrieved from /home/airflow/.local/lib/python3.7/site-packages/airflow/example_dags/example_branch_labels.py
[2023-02-28T04:27:47.931+0000] {logging_mixin.py:137} INFO - [2023-02-28T04:27:47.931+0000] {dag.py:2690} INFO - Sync 1 DAGs
[2023-02-28T04:27:47.962+0000] {logging_mixin.py:137} INFO - [2023-02-28T04:27:47.961+0000] {dag.py:3441} INFO - Setting next_dagrun for example_branch_labels to 2023-02-27T00:00:00+00:00, run_after=2023-02-28T00:00:00+00:00
[2023-02-28T04:27:47.983+0000] {processor.py:175} INFO - Processing /home/airflow/.local/lib/python3.7/site-packages/airflow/example_dags/example_branch_labels.py took 0.107 seconds
[2023-02-28T04:28:18.856+0000] {processor.py:153} INFO - Started process (PID=770) to work on /home/airflow/.local/lib/python3.7/site-packages/airflow/example_dags/example_branch_labels.py
[2023-02-28T04:28:18.857+0000] {processor.py:743} INFO - Processing file /home/airflow/.local/lib/python3.7/site-packages/airflow/example_dags/example_branch_labels.py for tasks to queue
[2023-02-28T04:28:18.858+0000] {logging_mixin.py:137} INFO - [2023-02-28T04:28:18.857+0000] {dagbag.py:538} INFO - Filling up the DagBag from /home/airflow/.local/lib/python3.7/site-packages/airflow/example_dags/example_branch_labels.py
[2023-02-28T04:28:18.874+0000] {processor.py:753} INFO - DAG(s) dict_keys(['example_branch_labels']) retrieved from /home/airflow/.local/lib/python3.7/site-packages/airflow/example_dags/example_branch_labels.py
[2023-02-28T04:28:18.904+0000] {logging_mixin.py:137} INFO - [2023-02-28T04:28:18.903+0000] {dag.py:2690} INFO - Sync 1 DAGs
[2023-02-28T04:28:18.932+0000] {logging_mixin.py:137} INFO - [2023-02-28T04:28:18.932+0000] {dag.py:3441} INFO - Setting next_dagrun for example_branch_labels to 2023-02-27T00:00:00+00:00, run_after=2023-02-28T00:00:00+00:00
[2023-02-28T04:28:18.951+0000] {processor.py:175} INFO - Processing /home/airflow/.local/lib/python3.7/site-packages/airflow/example_dags/example_branch_labels.py took 0.099 seconds
[2023-02-28T04:28:49.577+0000] {processor.py:153} INFO - Started process (PID=847) to work on /home/airflow/.local/lib/python3.7/site-packages/airflow/example_dags/example_branch_labels.py
[2023-02-28T04:28:49.579+0000] {processor.py:743} INFO - Processing file /home/airflow/.local/lib/python3.7/site-packages/airflow/example_dags/example_branch_labels.py for tasks to queue
[2023-02-28T04:28:49.580+0000] {logging_mixin.py:137} INFO - [2023-02-28T04:28:49.580+0000] {dagbag.py:538} INFO - Filling up the DagBag from /home/airflow/.local/lib/python3.7/site-packages/airflow/example_dags/example_branch_labels.py
[2023-02-28T04:28:49.601+0000] {processor.py:753} INFO - DAG(s) dict_keys(['example_branch_labels']) retrieved from /home/airflow/.local/lib/python3.7/site-packages/airflow/example_dags/example_branch_labels.py
[2023-02-28T04:28:49.630+0000] {logging_mixin.py:137} INFO - [2023-02-28T04:28:49.629+0000] {dag.py:2690} INFO - Sync 1 DAGs
[2023-02-28T04:28:49.667+0000] {logging_mixin.py:137} INFO - [2023-02-28T04:28:49.666+0000] {dag.py:3441} INFO - Setting next_dagrun for example_branch_labels to 2023-02-27T00:00:00+00:00, run_after=2023-02-28T00:00:00+00:00
[2023-02-28T04:28:49.691+0000] {processor.py:175} INFO - Processing /home/airflow/.local/lib/python3.7/site-packages/airflow/example_dags/example_branch_labels.py took 0.118 seconds
[2023-02-28T04:29:20.604+0000] {processor.py:153} INFO - Started process (PID=911) to work on /home/airflow/.local/lib/python3.7/site-packages/airflow/example_dags/example_branch_labels.py
[2023-02-28T04:29:20.605+0000] {processor.py:743} INFO - Processing file /home/airflow/.local/lib/python3.7/site-packages/airflow/example_dags/example_branch_labels.py for tasks to queue
[2023-02-28T04:29:20.606+0000] {logging_mixin.py:137} INFO - [2023-02-28T04:29:20.606+0000] {dagbag.py:538} INFO - Filling up the DagBag from /home/airflow/.local/lib/python3.7/site-packages/airflow/example_dags/example_branch_labels.py
[2023-02-28T04:29:20.624+0000] {processor.py:753} INFO - DAG(s) dict_keys(['example_branch_labels']) retrieved from /home/airflow/.local/lib/python3.7/site-packages/airflow/example_dags/example_branch_labels.py
[2023-02-28T04:29:20.658+0000] {logging_mixin.py:137} INFO - [2023-02-28T04:29:20.658+0000] {dag.py:2690} INFO - Sync 1 DAGs
[2023-02-28T04:29:20.693+0000] {logging_mixin.py:137} INFO - [2023-02-28T04:29:20.693+0000] {dag.py:3441} INFO - Setting next_dagrun for example_branch_labels to 2023-02-27T00:00:00+00:00, run_after=2023-02-28T00:00:00+00:00
[2023-02-28T04:29:20.718+0000] {processor.py:175} INFO - Processing /home/airflow/.local/lib/python3.7/site-packages/airflow/example_dags/example_branch_labels.py took 0.119 seconds
[2023-02-28T04:29:51.054+0000] {processor.py:153} INFO - Started process (PID=988) to work on /home/airflow/.local/lib/python3.7/site-packages/airflow/example_dags/example_branch_labels.py
[2023-02-28T04:29:51.055+0000] {processor.py:743} INFO - Processing file /home/airflow/.local/lib/python3.7/site-packages/airflow/example_dags/example_branch_labels.py for tasks to queue
[2023-02-28T04:29:51.056+0000] {logging_mixin.py:137} INFO - [2023-02-28T04:29:51.056+0000] {dagbag.py:538} INFO - Filling up the DagBag from /home/airflow/.local/lib/python3.7/site-packages/airflow/example_dags/example_branch_labels.py
[2023-02-28T04:29:51.081+0000] {processor.py:753} INFO - DAG(s) dict_keys(['example_branch_labels']) retrieved from /home/airflow/.local/lib/python3.7/site-packages/airflow/example_dags/example_branch_labels.py
[2023-02-28T04:29:51.128+0000] {logging_mixin.py:137} INFO - [2023-02-28T04:29:51.127+0000] {dag.py:2690} INFO - Sync 1 DAGs
[2023-02-28T04:29:51.171+0000] {logging_mixin.py:137} INFO - [2023-02-28T04:29:51.171+0000] {dag.py:3441} INFO - Setting next_dagrun for example_branch_labels to 2023-02-27T00:00:00+00:00, run_after=2023-02-28T00:00:00+00:00
[2023-02-28T04:29:51.193+0000] {processor.py:175} INFO - Processing /home/airflow/.local/lib/python3.7/site-packages/airflow/example_dags/example_branch_labels.py took 0.145 seconds
[2023-02-28T04:30:21.268+0000] {processor.py:153} INFO - Started process (PID=1053) to work on /home/airflow/.local/lib/python3.7/site-packages/airflow/example_dags/example_branch_labels.py
[2023-02-28T04:30:21.269+0000] {processor.py:743} INFO - Processing file /home/airflow/.local/lib/python3.7/site-packages/airflow/example_dags/example_branch_labels.py for tasks to queue
[2023-02-28T04:30:21.270+0000] {logging_mixin.py:137} INFO - [2023-02-28T04:30:21.270+0000] {dagbag.py:538} INFO - Filling up the DagBag from /home/airflow/.local/lib/python3.7/site-packages/airflow/example_dags/example_branch_labels.py
[2023-02-28T04:30:21.289+0000] {processor.py:753} INFO - DAG(s) dict_keys(['example_branch_labels']) retrieved from /home/airflow/.local/lib/python3.7/site-packages/airflow/example_dags/example_branch_labels.py
[2023-02-28T04:30:21.324+0000] {logging_mixin.py:137} INFO - [2023-02-28T04:30:21.324+0000] {dag.py:2690} INFO - Sync 1 DAGs
[2023-02-28T04:30:21.361+0000] {logging_mixin.py:137} INFO - [2023-02-28T04:30:21.360+0000] {dag.py:3441} INFO - Setting next_dagrun for example_branch_labels to 2023-02-27T00:00:00+00:00, run_after=2023-02-28T00:00:00+00:00
[2023-02-28T04:30:21.381+0000] {processor.py:175} INFO - Processing /home/airflow/.local/lib/python3.7/site-packages/airflow/example_dags/example_branch_labels.py took 0.118 seconds
[2023-02-28T04:30:51.631+0000] {processor.py:153} INFO - Started process (PID=1118) to work on /home/airflow/.local/lib/python3.7/site-packages/airflow/example_dags/example_branch_labels.py
[2023-02-28T04:30:51.633+0000] {processor.py:743} INFO - Processing file /home/airflow/.local/lib/python3.7/site-packages/airflow/example_dags/example_branch_labels.py for tasks to queue
[2023-02-28T04:30:51.634+0000] {logging_mixin.py:137} INFO - [2023-02-28T04:30:51.634+0000] {dagbag.py:538} INFO - Filling up the DagBag from /home/airflow/.local/lib/python3.7/site-packages/airflow/example_dags/example_branch_labels.py
[2023-02-28T04:30:51.656+0000] {processor.py:753} INFO - DAG(s) dict_keys(['example_branch_labels']) retrieved from /home/airflow/.local/lib/python3.7/site-packages/airflow/example_dags/example_branch_labels.py
[2023-02-28T04:30:51.694+0000] {logging_mixin.py:137} INFO - [2023-02-28T04:30:51.694+0000] {dag.py:2690} INFO - Sync 1 DAGs
[2023-02-28T04:30:51.737+0000] {logging_mixin.py:137} INFO - [2023-02-28T04:30:51.737+0000] {dag.py:3441} INFO - Setting next_dagrun for example_branch_labels to 2023-02-27T00:00:00+00:00, run_after=2023-02-28T00:00:00+00:00
[2023-02-28T04:30:51.760+0000] {processor.py:175} INFO - Processing /home/airflow/.local/lib/python3.7/site-packages/airflow/example_dags/example_branch_labels.py took 0.134 seconds
[2023-02-28T04:31:22.331+0000] {processor.py:153} INFO - Started process (PID=1193) to work on /home/airflow/.local/lib/python3.7/site-packages/airflow/example_dags/example_branch_labels.py
[2023-02-28T04:31:22.332+0000] {processor.py:743} INFO - Processing file /home/airflow/.local/lib/python3.7/site-packages/airflow/example_dags/example_branch_labels.py for tasks to queue
[2023-02-28T04:31:22.333+0000] {logging_mixin.py:137} INFO - [2023-02-28T04:31:22.333+0000] {dagbag.py:538} INFO - Filling up the DagBag from /home/airflow/.local/lib/python3.7/site-packages/airflow/example_dags/example_branch_labels.py
[2023-02-28T04:31:22.351+0000] {processor.py:753} INFO - DAG(s) dict_keys(['example_branch_labels']) retrieved from /home/airflow/.local/lib/python3.7/site-packages/airflow/example_dags/example_branch_labels.py
[2023-02-28T04:31:22.381+0000] {logging_mixin.py:137} INFO - [2023-02-28T04:31:22.381+0000] {dag.py:2690} INFO - Sync 1 DAGs
[2023-02-28T04:31:22.410+0000] {logging_mixin.py:137} INFO - [2023-02-28T04:31:22.410+0000] {dag.py:3441} INFO - Setting next_dagrun for example_branch_labels to 2023-02-27T00:00:00+00:00, run_after=2023-02-28T00:00:00+00:00
[2023-02-28T04:31:22.431+0000] {processor.py:175} INFO - Processing /home/airflow/.local/lib/python3.7/site-packages/airflow/example_dags/example_branch_labels.py took 0.105 seconds
