[2023-02-28T03:50:08.265+0000] {processor.py:153} INFO - Started process (PID=70) to work on /home/airflow/.local/lib/python3.7/site-packages/airflow/example_dags/example_branch_operator.py
[2023-02-28T03:50:08.266+0000] {processor.py:743} INFO - Processing file /home/airflow/.local/lib/python3.7/site-packages/airflow/example_dags/example_branch_operator.py for tasks to queue
[2023-02-28T03:50:08.267+0000] {logging_mixin.py:137} INFO - [2023-02-28T03:50:08.267+0000] {dagbag.py:538} INFO - Filling up the DagBag from /home/airflow/.local/lib/python3.7/site-packages/airflow/example_dags/example_branch_operator.py
[2023-02-28T03:50:08.299+0000] {processor.py:753} INFO - DAG(s) dict_keys(['example_branch_operator']) retrieved from /home/airflow/.local/lib/python3.7/site-packages/airflow/example_dags/example_branch_operator.py
[2023-02-28T03:50:08.339+0000] {logging_mixin.py:137} INFO - [2023-02-28T03:50:08.339+0000] {dag.py:2690} INFO - Sync 1 DAGs
[2023-02-28T03:50:08.407+0000] {logging_mixin.py:137} INFO - [2023-02-28T03:50:08.407+0000] {dag.py:3441} INFO - Setting next_dagrun for example_branch_operator to 2023-02-27T00:00:00+00:00, run_after=2023-02-28T00:00:00+00:00
[2023-02-28T03:50:08.433+0000] {processor.py:175} INFO - Processing /home/airflow/.local/lib/python3.7/site-packages/airflow/example_dags/example_branch_operator.py took 0.186 seconds
[2023-02-28T03:50:38.579+0000] {processor.py:153} INFO - Started process (PID=135) to work on /home/airflow/.local/lib/python3.7/site-packages/airflow/example_dags/example_branch_operator.py
[2023-02-28T03:50:38.580+0000] {processor.py:743} INFO - Processing file /home/airflow/.local/lib/python3.7/site-packages/airflow/example_dags/example_branch_operator.py for tasks to queue
[2023-02-28T03:50:38.581+0000] {logging_mixin.py:137} INFO - [2023-02-28T03:50:38.581+0000] {dagbag.py:538} INFO - Filling up the DagBag from /home/airflow/.local/lib/python3.7/site-packages/airflow/example_dags/example_branch_operator.py
[2023-02-28T03:50:38.601+0000] {processor.py:753} INFO - DAG(s) dict_keys(['example_branch_operator']) retrieved from /home/airflow/.local/lib/python3.7/site-packages/airflow/example_dags/example_branch_operator.py
[2023-02-28T03:50:38.634+0000] {logging_mixin.py:137} INFO - [2023-02-28T03:50:38.634+0000] {dag.py:2690} INFO - Sync 1 DAGs
[2023-02-28T03:50:38.673+0000] {logging_mixin.py:137} INFO - [2023-02-28T03:50:38.672+0000] {dag.py:3441} INFO - Setting next_dagrun for example_branch_operator to 2023-02-27T00:00:00+00:00, run_after=2023-02-28T00:00:00+00:00
[2023-02-28T03:50:38.699+0000] {processor.py:175} INFO - Processing /home/airflow/.local/lib/python3.7/site-packages/airflow/example_dags/example_branch_operator.py took 0.125 seconds
[2023-02-28T03:51:09.848+0000] {processor.py:153} INFO - Started process (PID=212) to work on /home/airflow/.local/lib/python3.7/site-packages/airflow/example_dags/example_branch_operator.py
[2023-02-28T03:51:09.850+0000] {processor.py:743} INFO - Processing file /home/airflow/.local/lib/python3.7/site-packages/airflow/example_dags/example_branch_operator.py for tasks to queue
[2023-02-28T03:51:09.850+0000] {logging_mixin.py:137} INFO - [2023-02-28T03:51:09.850+0000] {dagbag.py:538} INFO - Filling up the DagBag from /home/airflow/.local/lib/python3.7/site-packages/airflow/example_dags/example_branch_operator.py
[2023-02-28T03:51:09.872+0000] {processor.py:753} INFO - DAG(s) dict_keys(['example_branch_operator']) retrieved from /home/airflow/.local/lib/python3.7/site-packages/airflow/example_dags/example_branch_operator.py
[2023-02-28T03:51:09.907+0000] {logging_mixin.py:137} INFO - [2023-02-28T03:51:09.907+0000] {dag.py:2690} INFO - Sync 1 DAGs
[2023-02-28T03:51:09.937+0000] {logging_mixin.py:137} INFO - [2023-02-28T03:51:09.936+0000] {dag.py:3441} INFO - Setting next_dagrun for example_branch_operator to 2023-02-27T00:00:00+00:00, run_after=2023-02-28T00:00:00+00:00
[2023-02-28T03:51:09.956+0000] {processor.py:175} INFO - Processing /home/airflow/.local/lib/python3.7/site-packages/airflow/example_dags/example_branch_operator.py took 0.112 seconds
[2023-02-28T03:51:40.940+0000] {processor.py:153} INFO - Started process (PID=276) to work on /home/airflow/.local/lib/python3.7/site-packages/airflow/example_dags/example_branch_operator.py
[2023-02-28T03:51:40.941+0000] {processor.py:743} INFO - Processing file /home/airflow/.local/lib/python3.7/site-packages/airflow/example_dags/example_branch_operator.py for tasks to queue
[2023-02-28T03:51:40.941+0000] {logging_mixin.py:137} INFO - [2023-02-28T03:51:40.941+0000] {dagbag.py:538} INFO - Filling up the DagBag from /home/airflow/.local/lib/python3.7/site-packages/airflow/example_dags/example_branch_operator.py
[2023-02-28T03:51:40.961+0000] {processor.py:753} INFO - DAG(s) dict_keys(['example_branch_operator']) retrieved from /home/airflow/.local/lib/python3.7/site-packages/airflow/example_dags/example_branch_operator.py
[2023-02-28T03:51:40.992+0000] {logging_mixin.py:137} INFO - [2023-02-28T03:51:40.991+0000] {dag.py:2690} INFO - Sync 1 DAGs
[2023-02-28T03:51:41.023+0000] {logging_mixin.py:137} INFO - [2023-02-28T03:51:41.023+0000] {dag.py:3441} INFO - Setting next_dagrun for example_branch_operator to 2023-02-27T00:00:00+00:00, run_after=2023-02-28T00:00:00+00:00
[2023-02-28T03:51:41.043+0000] {processor.py:175} INFO - Processing /home/airflow/.local/lib/python3.7/site-packages/airflow/example_dags/example_branch_operator.py took 0.108 seconds
[2023-02-28T03:52:12.077+0000] {processor.py:153} INFO - Started process (PID=352) to work on /home/airflow/.local/lib/python3.7/site-packages/airflow/example_dags/example_branch_operator.py
[2023-02-28T03:52:12.078+0000] {processor.py:743} INFO - Processing file /home/airflow/.local/lib/python3.7/site-packages/airflow/example_dags/example_branch_operator.py for tasks to queue
[2023-02-28T03:52:12.079+0000] {logging_mixin.py:137} INFO - [2023-02-28T03:52:12.079+0000] {dagbag.py:538} INFO - Filling up the DagBag from /home/airflow/.local/lib/python3.7/site-packages/airflow/example_dags/example_branch_operator.py
[2023-02-28T03:52:12.105+0000] {processor.py:753} INFO - DAG(s) dict_keys(['example_branch_operator']) retrieved from /home/airflow/.local/lib/python3.7/site-packages/airflow/example_dags/example_branch_operator.py
[2023-02-28T03:52:12.145+0000] {logging_mixin.py:137} INFO - [2023-02-28T03:52:12.145+0000] {dag.py:2690} INFO - Sync 1 DAGs
[2023-02-28T03:52:12.187+0000] {logging_mixin.py:137} INFO - [2023-02-28T03:52:12.187+0000] {dag.py:3441} INFO - Setting next_dagrun for example_branch_operator to 2023-02-27T00:00:00+00:00, run_after=2023-02-28T00:00:00+00:00
[2023-02-28T03:52:12.214+0000] {processor.py:175} INFO - Processing /home/airflow/.local/lib/python3.7/site-packages/airflow/example_dags/example_branch_operator.py took 0.142 seconds
[2023-02-28T03:52:43.146+0000] {processor.py:153} INFO - Started process (PID=418) to work on /home/airflow/.local/lib/python3.7/site-packages/airflow/example_dags/example_branch_operator.py
[2023-02-28T03:52:43.147+0000] {processor.py:743} INFO - Processing file /home/airflow/.local/lib/python3.7/site-packages/airflow/example_dags/example_branch_operator.py for tasks to queue
[2023-02-28T03:52:43.147+0000] {logging_mixin.py:137} INFO - [2023-02-28T03:52:43.147+0000] {dagbag.py:538} INFO - Filling up the DagBag from /home/airflow/.local/lib/python3.7/site-packages/airflow/example_dags/example_branch_operator.py
[2023-02-28T03:52:43.167+0000] {processor.py:753} INFO - DAG(s) dict_keys(['example_branch_operator']) retrieved from /home/airflow/.local/lib/python3.7/site-packages/airflow/example_dags/example_branch_operator.py
[2023-02-28T03:52:43.196+0000] {logging_mixin.py:137} INFO - [2023-02-28T03:52:43.196+0000] {dag.py:2690} INFO - Sync 1 DAGs
[2023-02-28T03:52:43.232+0000] {logging_mixin.py:137} INFO - [2023-02-28T03:52:43.232+0000] {dag.py:3441} INFO - Setting next_dagrun for example_branch_operator to 2023-02-27T00:00:00+00:00, run_after=2023-02-28T00:00:00+00:00
[2023-02-28T03:52:43.252+0000] {processor.py:175} INFO - Processing /home/airflow/.local/lib/python3.7/site-packages/airflow/example_dags/example_branch_operator.py took 0.111 seconds
[2023-02-28T03:53:14.278+0000] {processor.py:153} INFO - Started process (PID=493) to work on /home/airflow/.local/lib/python3.7/site-packages/airflow/example_dags/example_branch_operator.py
[2023-02-28T03:53:14.280+0000] {processor.py:743} INFO - Processing file /home/airflow/.local/lib/python3.7/site-packages/airflow/example_dags/example_branch_operator.py for tasks to queue
[2023-02-28T03:53:14.283+0000] {logging_mixin.py:137} INFO - [2023-02-28T03:53:14.283+0000] {dagbag.py:538} INFO - Filling up the DagBag from /home/airflow/.local/lib/python3.7/site-packages/airflow/example_dags/example_branch_operator.py
[2023-02-28T03:53:14.309+0000] {processor.py:753} INFO - DAG(s) dict_keys(['example_branch_operator']) retrieved from /home/airflow/.local/lib/python3.7/site-packages/airflow/example_dags/example_branch_operator.py
[2023-02-28T03:53:14.347+0000] {logging_mixin.py:137} INFO - [2023-02-28T03:53:14.347+0000] {dag.py:2690} INFO - Sync 1 DAGs
[2023-02-28T03:53:14.395+0000] {logging_mixin.py:137} INFO - [2023-02-28T03:53:14.394+0000] {dag.py:3441} INFO - Setting next_dagrun for example_branch_operator to 2023-02-27T00:00:00+00:00, run_after=2023-02-28T00:00:00+00:00
[2023-02-28T03:53:14.420+0000] {processor.py:175} INFO - Processing /home/airflow/.local/lib/python3.7/site-packages/airflow/example_dags/example_branch_operator.py took 0.149 seconds
[2023-02-28T03:53:44.753+0000] {processor.py:153} INFO - Started process (PID=561) to work on /home/airflow/.local/lib/python3.7/site-packages/airflow/example_dags/example_branch_operator.py
[2023-02-28T03:53:44.755+0000] {processor.py:743} INFO - Processing file /home/airflow/.local/lib/python3.7/site-packages/airflow/example_dags/example_branch_operator.py for tasks to queue
[2023-02-28T03:53:44.757+0000] {logging_mixin.py:137} INFO - [2023-02-28T03:53:44.756+0000] {dagbag.py:538} INFO - Filling up the DagBag from /home/airflow/.local/lib/python3.7/site-packages/airflow/example_dags/example_branch_operator.py
[2023-02-28T03:53:44.785+0000] {processor.py:753} INFO - DAG(s) dict_keys(['example_branch_operator']) retrieved from /home/airflow/.local/lib/python3.7/site-packages/airflow/example_dags/example_branch_operator.py
[2023-02-28T03:53:44.829+0000] {logging_mixin.py:137} INFO - [2023-02-28T03:53:44.829+0000] {dag.py:2690} INFO - Sync 1 DAGs
[2023-02-28T03:53:44.864+0000] {logging_mixin.py:137} INFO - [2023-02-28T03:53:44.864+0000] {dag.py:3441} INFO - Setting next_dagrun for example_branch_operator to 2023-02-27T00:00:00+00:00, run_after=2023-02-28T00:00:00+00:00
[2023-02-28T03:53:44.886+0000] {processor.py:175} INFO - Processing /home/airflow/.local/lib/python3.7/site-packages/airflow/example_dags/example_branch_operator.py took 0.138 seconds
[2023-02-28T03:54:15.011+0000] {processor.py:153} INFO - Started process (PID=627) to work on /home/airflow/.local/lib/python3.7/site-packages/airflow/example_dags/example_branch_operator.py
[2023-02-28T03:54:15.012+0000] {processor.py:743} INFO - Processing file /home/airflow/.local/lib/python3.7/site-packages/airflow/example_dags/example_branch_operator.py for tasks to queue
[2023-02-28T03:54:15.013+0000] {logging_mixin.py:137} INFO - [2023-02-28T03:54:15.013+0000] {dagbag.py:538} INFO - Filling up the DagBag from /home/airflow/.local/lib/python3.7/site-packages/airflow/example_dags/example_branch_operator.py
[2023-02-28T03:54:15.033+0000] {processor.py:753} INFO - DAG(s) dict_keys(['example_branch_operator']) retrieved from /home/airflow/.local/lib/python3.7/site-packages/airflow/example_dags/example_branch_operator.py
[2023-02-28T03:54:15.063+0000] {logging_mixin.py:137} INFO - [2023-02-28T03:54:15.063+0000] {dag.py:2690} INFO - Sync 1 DAGs
[2023-02-28T03:54:15.101+0000] {logging_mixin.py:137} INFO - [2023-02-28T03:54:15.101+0000] {dag.py:3441} INFO - Setting next_dagrun for example_branch_operator to 2023-02-27T00:00:00+00:00, run_after=2023-02-28T00:00:00+00:00
[2023-02-28T03:54:15.125+0000] {processor.py:175} INFO - Processing /home/airflow/.local/lib/python3.7/site-packages/airflow/example_dags/example_branch_operator.py took 0.119 seconds
[2023-02-28T03:54:45.492+0000] {processor.py:153} INFO - Started process (PID=702) to work on /home/airflow/.local/lib/python3.7/site-packages/airflow/example_dags/example_branch_operator.py
[2023-02-28T03:54:45.494+0000] {processor.py:743} INFO - Processing file /home/airflow/.local/lib/python3.7/site-packages/airflow/example_dags/example_branch_operator.py for tasks to queue
[2023-02-28T03:54:45.495+0000] {logging_mixin.py:137} INFO - [2023-02-28T03:54:45.495+0000] {dagbag.py:538} INFO - Filling up the DagBag from /home/airflow/.local/lib/python3.7/site-packages/airflow/example_dags/example_branch_operator.py
[2023-02-28T03:54:45.517+0000] {processor.py:753} INFO - DAG(s) dict_keys(['example_branch_operator']) retrieved from /home/airflow/.local/lib/python3.7/site-packages/airflow/example_dags/example_branch_operator.py
[2023-02-28T03:54:45.548+0000] {logging_mixin.py:137} INFO - [2023-02-28T03:54:45.548+0000] {dag.py:2690} INFO - Sync 1 DAGs
[2023-02-28T03:54:45.590+0000] {logging_mixin.py:137} INFO - [2023-02-28T03:54:45.590+0000] {dag.py:3441} INFO - Setting next_dagrun for example_branch_operator to 2023-02-27T00:00:00+00:00, run_after=2023-02-28T00:00:00+00:00
[2023-02-28T03:54:45.609+0000] {processor.py:175} INFO - Processing /home/airflow/.local/lib/python3.7/site-packages/airflow/example_dags/example_branch_operator.py took 0.121 seconds
[2023-02-28T03:55:15.646+0000] {processor.py:153} INFO - Started process (PID=766) to work on /home/airflow/.local/lib/python3.7/site-packages/airflow/example_dags/example_branch_operator.py
[2023-02-28T03:55:15.647+0000] {processor.py:743} INFO - Processing file /home/airflow/.local/lib/python3.7/site-packages/airflow/example_dags/example_branch_operator.py for tasks to queue
[2023-02-28T03:55:15.648+0000] {logging_mixin.py:137} INFO - [2023-02-28T03:55:15.648+0000] {dagbag.py:538} INFO - Filling up the DagBag from /home/airflow/.local/lib/python3.7/site-packages/airflow/example_dags/example_branch_operator.py
[2023-02-28T03:55:15.671+0000] {processor.py:753} INFO - DAG(s) dict_keys(['example_branch_operator']) retrieved from /home/airflow/.local/lib/python3.7/site-packages/airflow/example_dags/example_branch_operator.py
[2023-02-28T03:55:15.702+0000] {logging_mixin.py:137} INFO - [2023-02-28T03:55:15.702+0000] {dag.py:2690} INFO - Sync 1 DAGs
[2023-02-28T03:55:15.734+0000] {logging_mixin.py:137} INFO - [2023-02-28T03:55:15.734+0000] {dag.py:3441} INFO - Setting next_dagrun for example_branch_operator to 2023-02-27T00:00:00+00:00, run_after=2023-02-28T00:00:00+00:00
[2023-02-28T03:55:15.753+0000] {processor.py:175} INFO - Processing /home/airflow/.local/lib/python3.7/site-packages/airflow/example_dags/example_branch_operator.py took 0.112 seconds
[2023-02-28T03:55:46.027+0000] {processor.py:153} INFO - Started process (PID=837) to work on /home/airflow/.local/lib/python3.7/site-packages/airflow/example_dags/example_branch_operator.py
[2023-02-28T03:55:46.031+0000] {processor.py:743} INFO - Processing file /home/airflow/.local/lib/python3.7/site-packages/airflow/example_dags/example_branch_operator.py for tasks to queue
[2023-02-28T03:55:46.032+0000] {logging_mixin.py:137} INFO - [2023-02-28T03:55:46.032+0000] {dagbag.py:538} INFO - Filling up the DagBag from /home/airflow/.local/lib/python3.7/site-packages/airflow/example_dags/example_branch_operator.py
[2023-02-28T03:55:46.061+0000] {processor.py:753} INFO - DAG(s) dict_keys(['example_branch_operator']) retrieved from /home/airflow/.local/lib/python3.7/site-packages/airflow/example_dags/example_branch_operator.py
[2023-02-28T03:55:46.102+0000] {logging_mixin.py:137} INFO - [2023-02-28T03:55:46.102+0000] {dag.py:2690} INFO - Sync 1 DAGs
[2023-02-28T03:55:46.157+0000] {logging_mixin.py:137} INFO - [2023-02-28T03:55:46.157+0000] {dag.py:3441} INFO - Setting next_dagrun for example_branch_operator to 2023-02-27T00:00:00+00:00, run_after=2023-02-28T00:00:00+00:00
[2023-02-28T03:55:46.184+0000] {processor.py:175} INFO - Processing /home/airflow/.local/lib/python3.7/site-packages/airflow/example_dags/example_branch_operator.py took 0.164 seconds
[2023-02-28T03:56:16.394+0000] {processor.py:153} INFO - Started process (PID=906) to work on /home/airflow/.local/lib/python3.7/site-packages/airflow/example_dags/example_branch_operator.py
[2023-02-28T03:56:16.394+0000] {processor.py:743} INFO - Processing file /home/airflow/.local/lib/python3.7/site-packages/airflow/example_dags/example_branch_operator.py for tasks to queue
[2023-02-28T03:56:16.395+0000] {logging_mixin.py:137} INFO - [2023-02-28T03:56:16.395+0000] {dagbag.py:538} INFO - Filling up the DagBag from /home/airflow/.local/lib/python3.7/site-packages/airflow/example_dags/example_branch_operator.py
[2023-02-28T03:56:16.415+0000] {processor.py:753} INFO - DAG(s) dict_keys(['example_branch_operator']) retrieved from /home/airflow/.local/lib/python3.7/site-packages/airflow/example_dags/example_branch_operator.py
[2023-02-28T03:56:16.446+0000] {logging_mixin.py:137} INFO - [2023-02-28T03:56:16.446+0000] {dag.py:2690} INFO - Sync 1 DAGs
[2023-02-28T03:56:16.475+0000] {logging_mixin.py:137} INFO - [2023-02-28T03:56:16.475+0000] {dag.py:3441} INFO - Setting next_dagrun for example_branch_operator to 2023-02-27T00:00:00+00:00, run_after=2023-02-28T00:00:00+00:00
[2023-02-28T03:56:16.496+0000] {processor.py:175} INFO - Processing /home/airflow/.local/lib/python3.7/site-packages/airflow/example_dags/example_branch_operator.py took 0.106 seconds
[2023-02-28T03:56:47.303+0000] {processor.py:153} INFO - Started process (PID=971) to work on /home/airflow/.local/lib/python3.7/site-packages/airflow/example_dags/example_branch_operator.py
[2023-02-28T03:56:47.305+0000] {processor.py:743} INFO - Processing file /home/airflow/.local/lib/python3.7/site-packages/airflow/example_dags/example_branch_operator.py for tasks to queue
[2023-02-28T03:56:47.306+0000] {logging_mixin.py:137} INFO - [2023-02-28T03:56:47.306+0000] {dagbag.py:538} INFO - Filling up the DagBag from /home/airflow/.local/lib/python3.7/site-packages/airflow/example_dags/example_branch_operator.py
[2023-02-28T03:56:47.327+0000] {processor.py:753} INFO - DAG(s) dict_keys(['example_branch_operator']) retrieved from /home/airflow/.local/lib/python3.7/site-packages/airflow/example_dags/example_branch_operator.py
[2023-02-28T03:56:47.357+0000] {logging_mixin.py:137} INFO - [2023-02-28T03:56:47.357+0000] {dag.py:2690} INFO - Sync 1 DAGs
[2023-02-28T03:56:47.393+0000] {logging_mixin.py:137} INFO - [2023-02-28T03:56:47.392+0000] {dag.py:3441} INFO - Setting next_dagrun for example_branch_operator to 2023-02-27T00:00:00+00:00, run_after=2023-02-28T00:00:00+00:00
[2023-02-28T03:56:47.412+0000] {processor.py:175} INFO - Processing /home/airflow/.local/lib/python3.7/site-packages/airflow/example_dags/example_branch_operator.py took 0.114 seconds
[2023-02-28T03:57:17.860+0000] {processor.py:153} INFO - Started process (PID=1043) to work on /home/airflow/.local/lib/python3.7/site-packages/airflow/example_dags/example_branch_operator.py
[2023-02-28T03:57:17.861+0000] {processor.py:743} INFO - Processing file /home/airflow/.local/lib/python3.7/site-packages/airflow/example_dags/example_branch_operator.py for tasks to queue
[2023-02-28T03:57:17.862+0000] {logging_mixin.py:137} INFO - [2023-02-28T03:57:17.862+0000] {dagbag.py:538} INFO - Filling up the DagBag from /home/airflow/.local/lib/python3.7/site-packages/airflow/example_dags/example_branch_operator.py
[2023-02-28T03:57:17.890+0000] {processor.py:753} INFO - DAG(s) dict_keys(['example_branch_operator']) retrieved from /home/airflow/.local/lib/python3.7/site-packages/airflow/example_dags/example_branch_operator.py
[2023-02-28T03:57:17.920+0000] {logging_mixin.py:137} INFO - [2023-02-28T03:57:17.920+0000] {dag.py:2690} INFO - Sync 1 DAGs
[2023-02-28T03:57:17.954+0000] {logging_mixin.py:137} INFO - [2023-02-28T03:57:17.954+0000] {dag.py:3441} INFO - Setting next_dagrun for example_branch_operator to 2023-02-27T00:00:00+00:00, run_after=2023-02-28T00:00:00+00:00
[2023-02-28T03:57:17.980+0000] {processor.py:175} INFO - Processing /home/airflow/.local/lib/python3.7/site-packages/airflow/example_dags/example_branch_operator.py took 0.131 seconds
[2023-02-28T03:57:48.878+0000] {processor.py:153} INFO - Started process (PID=1111) to work on /home/airflow/.local/lib/python3.7/site-packages/airflow/example_dags/example_branch_operator.py
[2023-02-28T03:57:48.879+0000] {processor.py:743} INFO - Processing file /home/airflow/.local/lib/python3.7/site-packages/airflow/example_dags/example_branch_operator.py for tasks to queue
[2023-02-28T03:57:48.880+0000] {logging_mixin.py:137} INFO - [2023-02-28T03:57:48.880+0000] {dagbag.py:538} INFO - Filling up the DagBag from /home/airflow/.local/lib/python3.7/site-packages/airflow/example_dags/example_branch_operator.py
[2023-02-28T03:57:48.904+0000] {processor.py:753} INFO - DAG(s) dict_keys(['example_branch_operator']) retrieved from /home/airflow/.local/lib/python3.7/site-packages/airflow/example_dags/example_branch_operator.py
[2023-02-28T03:57:48.933+0000] {logging_mixin.py:137} INFO - [2023-02-28T03:57:48.933+0000] {dag.py:2690} INFO - Sync 1 DAGs
[2023-02-28T03:57:48.965+0000] {logging_mixin.py:137} INFO - [2023-02-28T03:57:48.965+0000] {dag.py:3441} INFO - Setting next_dagrun for example_branch_operator to 2023-02-27T00:00:00+00:00, run_after=2023-02-28T00:00:00+00:00
[2023-02-28T03:57:48.985+0000] {processor.py:175} INFO - Processing /home/airflow/.local/lib/python3.7/site-packages/airflow/example_dags/example_branch_operator.py took 0.112 seconds
[2023-02-28T03:58:19.980+0000] {processor.py:153} INFO - Started process (PID=1178) to work on /home/airflow/.local/lib/python3.7/site-packages/airflow/example_dags/example_branch_operator.py
[2023-02-28T03:58:19.981+0000] {processor.py:743} INFO - Processing file /home/airflow/.local/lib/python3.7/site-packages/airflow/example_dags/example_branch_operator.py for tasks to queue
[2023-02-28T03:58:19.982+0000] {logging_mixin.py:137} INFO - [2023-02-28T03:58:19.982+0000] {dagbag.py:538} INFO - Filling up the DagBag from /home/airflow/.local/lib/python3.7/site-packages/airflow/example_dags/example_branch_operator.py
[2023-02-28T03:58:20.014+0000] {processor.py:753} INFO - DAG(s) dict_keys(['example_branch_operator']) retrieved from /home/airflow/.local/lib/python3.7/site-packages/airflow/example_dags/example_branch_operator.py
[2023-02-28T03:58:20.058+0000] {logging_mixin.py:137} INFO - [2023-02-28T03:58:20.058+0000] {dag.py:2690} INFO - Sync 1 DAGs
[2023-02-28T03:58:20.102+0000] {logging_mixin.py:137} INFO - [2023-02-28T03:58:20.102+0000] {dag.py:3441} INFO - Setting next_dagrun for example_branch_operator to 2023-02-27T00:00:00+00:00, run_after=2023-02-28T00:00:00+00:00
[2023-02-28T03:58:20.129+0000] {processor.py:175} INFO - Processing /home/airflow/.local/lib/python3.7/site-packages/airflow/example_dags/example_branch_operator.py took 0.154 seconds
[2023-02-28T03:58:50.327+0000] {processor.py:153} INFO - Started process (PID=1253) to work on /home/airflow/.local/lib/python3.7/site-packages/airflow/example_dags/example_branch_operator.py
[2023-02-28T03:58:50.328+0000] {processor.py:743} INFO - Processing file /home/airflow/.local/lib/python3.7/site-packages/airflow/example_dags/example_branch_operator.py for tasks to queue
[2023-02-28T03:58:50.329+0000] {logging_mixin.py:137} INFO - [2023-02-28T03:58:50.329+0000] {dagbag.py:538} INFO - Filling up the DagBag from /home/airflow/.local/lib/python3.7/site-packages/airflow/example_dags/example_branch_operator.py
[2023-02-28T03:58:50.349+0000] {processor.py:753} INFO - DAG(s) dict_keys(['example_branch_operator']) retrieved from /home/airflow/.local/lib/python3.7/site-packages/airflow/example_dags/example_branch_operator.py
[2023-02-28T03:58:50.383+0000] {logging_mixin.py:137} INFO - [2023-02-28T03:58:50.383+0000] {dag.py:2690} INFO - Sync 1 DAGs
[2023-02-28T03:58:50.416+0000] {logging_mixin.py:137} INFO - [2023-02-28T03:58:50.416+0000] {dag.py:3441} INFO - Setting next_dagrun for example_branch_operator to 2023-02-27T00:00:00+00:00, run_after=2023-02-28T00:00:00+00:00
[2023-02-28T03:58:50.437+0000] {processor.py:175} INFO - Processing /home/airflow/.local/lib/python3.7/site-packages/airflow/example_dags/example_branch_operator.py took 0.116 seconds
[2023-02-28T03:59:21.273+0000] {processor.py:153} INFO - Started process (PID=1317) to work on /home/airflow/.local/lib/python3.7/site-packages/airflow/example_dags/example_branch_operator.py
[2023-02-28T03:59:21.274+0000] {processor.py:743} INFO - Processing file /home/airflow/.local/lib/python3.7/site-packages/airflow/example_dags/example_branch_operator.py for tasks to queue
[2023-02-28T03:59:21.275+0000] {logging_mixin.py:137} INFO - [2023-02-28T03:59:21.275+0000] {dagbag.py:538} INFO - Filling up the DagBag from /home/airflow/.local/lib/python3.7/site-packages/airflow/example_dags/example_branch_operator.py
[2023-02-28T03:59:21.295+0000] {processor.py:753} INFO - DAG(s) dict_keys(['example_branch_operator']) retrieved from /home/airflow/.local/lib/python3.7/site-packages/airflow/example_dags/example_branch_operator.py
[2023-02-28T03:59:21.337+0000] {logging_mixin.py:137} INFO - [2023-02-28T03:59:21.337+0000] {dag.py:2690} INFO - Sync 1 DAGs
[2023-02-28T03:59:21.380+0000] {logging_mixin.py:137} INFO - [2023-02-28T03:59:21.380+0000] {dag.py:3441} INFO - Setting next_dagrun for example_branch_operator to 2023-02-27T00:00:00+00:00, run_after=2023-02-28T00:00:00+00:00
[2023-02-28T03:59:21.402+0000] {processor.py:175} INFO - Processing /home/airflow/.local/lib/python3.7/site-packages/airflow/example_dags/example_branch_operator.py took 0.133 seconds
[2023-02-28T03:59:51.601+0000] {processor.py:153} INFO - Started process (PID=1394) to work on /home/airflow/.local/lib/python3.7/site-packages/airflow/example_dags/example_branch_operator.py
[2023-02-28T03:59:51.602+0000] {processor.py:743} INFO - Processing file /home/airflow/.local/lib/python3.7/site-packages/airflow/example_dags/example_branch_operator.py for tasks to queue
[2023-02-28T03:59:51.603+0000] {logging_mixin.py:137} INFO - [2023-02-28T03:59:51.603+0000] {dagbag.py:538} INFO - Filling up the DagBag from /home/airflow/.local/lib/python3.7/site-packages/airflow/example_dags/example_branch_operator.py
[2023-02-28T03:59:51.623+0000] {processor.py:753} INFO - DAG(s) dict_keys(['example_branch_operator']) retrieved from /home/airflow/.local/lib/python3.7/site-packages/airflow/example_dags/example_branch_operator.py
[2023-02-28T03:59:51.655+0000] {logging_mixin.py:137} INFO - [2023-02-28T03:59:51.655+0000] {dag.py:2690} INFO - Sync 1 DAGs
[2023-02-28T03:59:51.685+0000] {logging_mixin.py:137} INFO - [2023-02-28T03:59:51.685+0000] {dag.py:3441} INFO - Setting next_dagrun for example_branch_operator to 2023-02-27T00:00:00+00:00, run_after=2023-02-28T00:00:00+00:00
[2023-02-28T03:59:51.707+0000] {processor.py:175} INFO - Processing /home/airflow/.local/lib/python3.7/site-packages/airflow/example_dags/example_branch_operator.py took 0.110 seconds
[2023-02-28T04:00:21.815+0000] {processor.py:153} INFO - Started process (PID=1458) to work on /home/airflow/.local/lib/python3.7/site-packages/airflow/example_dags/example_branch_operator.py
[2023-02-28T04:00:21.816+0000] {processor.py:743} INFO - Processing file /home/airflow/.local/lib/python3.7/site-packages/airflow/example_dags/example_branch_operator.py for tasks to queue
[2023-02-28T04:00:21.817+0000] {logging_mixin.py:137} INFO - [2023-02-28T04:00:21.817+0000] {dagbag.py:538} INFO - Filling up the DagBag from /home/airflow/.local/lib/python3.7/site-packages/airflow/example_dags/example_branch_operator.py
[2023-02-28T04:00:21.836+0000] {processor.py:753} INFO - DAG(s) dict_keys(['example_branch_operator']) retrieved from /home/airflow/.local/lib/python3.7/site-packages/airflow/example_dags/example_branch_operator.py
[2023-02-28T04:00:21.874+0000] {logging_mixin.py:137} INFO - [2023-02-28T04:00:21.873+0000] {dag.py:2690} INFO - Sync 1 DAGs
[2023-02-28T04:00:21.914+0000] {logging_mixin.py:137} INFO - [2023-02-28T04:00:21.914+0000] {dag.py:3441} INFO - Setting next_dagrun for example_branch_operator to 2023-02-27T00:00:00+00:00, run_after=2023-02-28T00:00:00+00:00
[2023-02-28T04:00:21.938+0000] {processor.py:175} INFO - Processing /home/airflow/.local/lib/python3.7/site-packages/airflow/example_dags/example_branch_operator.py took 0.127 seconds
[2023-02-28T04:00:52.419+0000] {processor.py:153} INFO - Started process (PID=1534) to work on /home/airflow/.local/lib/python3.7/site-packages/airflow/example_dags/example_branch_operator.py
[2023-02-28T04:00:52.421+0000] {processor.py:743} INFO - Processing file /home/airflow/.local/lib/python3.7/site-packages/airflow/example_dags/example_branch_operator.py for tasks to queue
[2023-02-28T04:00:52.422+0000] {logging_mixin.py:137} INFO - [2023-02-28T04:00:52.422+0000] {dagbag.py:538} INFO - Filling up the DagBag from /home/airflow/.local/lib/python3.7/site-packages/airflow/example_dags/example_branch_operator.py
[2023-02-28T04:00:52.441+0000] {processor.py:753} INFO - DAG(s) dict_keys(['example_branch_operator']) retrieved from /home/airflow/.local/lib/python3.7/site-packages/airflow/example_dags/example_branch_operator.py
[2023-02-28T04:00:52.478+0000] {logging_mixin.py:137} INFO - [2023-02-28T04:00:52.478+0000] {dag.py:2690} INFO - Sync 1 DAGs
[2023-02-28T04:00:52.518+0000] {logging_mixin.py:137} INFO - [2023-02-28T04:00:52.518+0000] {dag.py:3441} INFO - Setting next_dagrun for example_branch_operator to 2023-02-27T00:00:00+00:00, run_after=2023-02-28T00:00:00+00:00
[2023-02-28T04:00:52.539+0000] {processor.py:175} INFO - Processing /home/airflow/.local/lib/python3.7/site-packages/airflow/example_dags/example_branch_operator.py took 0.125 seconds
[2023-02-28T04:01:22.587+0000] {processor.py:153} INFO - Started process (PID=1598) to work on /home/airflow/.local/lib/python3.7/site-packages/airflow/example_dags/example_branch_operator.py
[2023-02-28T04:01:22.588+0000] {processor.py:743} INFO - Processing file /home/airflow/.local/lib/python3.7/site-packages/airflow/example_dags/example_branch_operator.py for tasks to queue
[2023-02-28T04:01:22.589+0000] {logging_mixin.py:137} INFO - [2023-02-28T04:01:22.589+0000] {dagbag.py:538} INFO - Filling up the DagBag from /home/airflow/.local/lib/python3.7/site-packages/airflow/example_dags/example_branch_operator.py
[2023-02-28T04:01:22.610+0000] {processor.py:753} INFO - DAG(s) dict_keys(['example_branch_operator']) retrieved from /home/airflow/.local/lib/python3.7/site-packages/airflow/example_dags/example_branch_operator.py
[2023-02-28T04:01:22.641+0000] {logging_mixin.py:137} INFO - [2023-02-28T04:01:22.641+0000] {dag.py:2690} INFO - Sync 1 DAGs
[2023-02-28T04:01:22.669+0000] {logging_mixin.py:137} INFO - [2023-02-28T04:01:22.669+0000] {dag.py:3441} INFO - Setting next_dagrun for example_branch_operator to 2023-02-27T00:00:00+00:00, run_after=2023-02-28T00:00:00+00:00
[2023-02-28T04:01:22.688+0000] {processor.py:175} INFO - Processing /home/airflow/.local/lib/python3.7/site-packages/airflow/example_dags/example_branch_operator.py took 0.105 seconds
[2023-02-28T04:01:52.775+0000] {processor.py:153} INFO - Started process (PID=1662) to work on /home/airflow/.local/lib/python3.7/site-packages/airflow/example_dags/example_branch_operator.py
[2023-02-28T04:01:52.777+0000] {processor.py:743} INFO - Processing file /home/airflow/.local/lib/python3.7/site-packages/airflow/example_dags/example_branch_operator.py for tasks to queue
[2023-02-28T04:01:52.778+0000] {logging_mixin.py:137} INFO - [2023-02-28T04:01:52.778+0000] {dagbag.py:538} INFO - Filling up the DagBag from /home/airflow/.local/lib/python3.7/site-packages/airflow/example_dags/example_branch_operator.py
[2023-02-28T04:01:52.804+0000] {processor.py:753} INFO - DAG(s) dict_keys(['example_branch_operator']) retrieved from /home/airflow/.local/lib/python3.7/site-packages/airflow/example_dags/example_branch_operator.py
[2023-02-28T04:01:52.835+0000] {logging_mixin.py:137} INFO - [2023-02-28T04:01:52.835+0000] {dag.py:2690} INFO - Sync 1 DAGs
[2023-02-28T04:01:52.873+0000] {logging_mixin.py:137} INFO - [2023-02-28T04:01:52.873+0000] {dag.py:3441} INFO - Setting next_dagrun for example_branch_operator to 2023-02-27T00:00:00+00:00, run_after=2023-02-28T00:00:00+00:00
[2023-02-28T04:01:52.897+0000] {processor.py:175} INFO - Processing /home/airflow/.local/lib/python3.7/site-packages/airflow/example_dags/example_branch_operator.py took 0.127 seconds
[2023-02-28T04:02:23.729+0000] {processor.py:153} INFO - Started process (PID=1739) to work on /home/airflow/.local/lib/python3.7/site-packages/airflow/example_dags/example_branch_operator.py
[2023-02-28T04:02:23.730+0000] {processor.py:743} INFO - Processing file /home/airflow/.local/lib/python3.7/site-packages/airflow/example_dags/example_branch_operator.py for tasks to queue
[2023-02-28T04:02:23.731+0000] {logging_mixin.py:137} INFO - [2023-02-28T04:02:23.731+0000] {dagbag.py:538} INFO - Filling up the DagBag from /home/airflow/.local/lib/python3.7/site-packages/airflow/example_dags/example_branch_operator.py
[2023-02-28T04:02:23.750+0000] {processor.py:753} INFO - DAG(s) dict_keys(['example_branch_operator']) retrieved from /home/airflow/.local/lib/python3.7/site-packages/airflow/example_dags/example_branch_operator.py
[2023-02-28T04:02:23.780+0000] {logging_mixin.py:137} INFO - [2023-02-28T04:02:23.780+0000] {dag.py:2690} INFO - Sync 1 DAGs
[2023-02-28T04:02:23.810+0000] {logging_mixin.py:137} INFO - [2023-02-28T04:02:23.810+0000] {dag.py:3441} INFO - Setting next_dagrun for example_branch_operator to 2023-02-27T00:00:00+00:00, run_after=2023-02-28T00:00:00+00:00
[2023-02-28T04:02:23.829+0000] {processor.py:175} INFO - Processing /home/airflow/.local/lib/python3.7/site-packages/airflow/example_dags/example_branch_operator.py took 0.104 seconds
[2023-02-28T04:02:53.924+0000] {processor.py:153} INFO - Started process (PID=1804) to work on /home/airflow/.local/lib/python3.7/site-packages/airflow/example_dags/example_branch_operator.py
[2023-02-28T04:02:53.926+0000] {processor.py:743} INFO - Processing file /home/airflow/.local/lib/python3.7/site-packages/airflow/example_dags/example_branch_operator.py for tasks to queue
[2023-02-28T04:02:53.927+0000] {logging_mixin.py:137} INFO - [2023-02-28T04:02:53.926+0000] {dagbag.py:538} INFO - Filling up the DagBag from /home/airflow/.local/lib/python3.7/site-packages/airflow/example_dags/example_branch_operator.py
[2023-02-28T04:02:53.946+0000] {processor.py:753} INFO - DAG(s) dict_keys(['example_branch_operator']) retrieved from /home/airflow/.local/lib/python3.7/site-packages/airflow/example_dags/example_branch_operator.py
[2023-02-28T04:02:53.976+0000] {logging_mixin.py:137} INFO - [2023-02-28T04:02:53.976+0000] {dag.py:2690} INFO - Sync 1 DAGs
[2023-02-28T04:02:54.005+0000] {logging_mixin.py:137} INFO - [2023-02-28T04:02:54.005+0000] {dag.py:3441} INFO - Setting next_dagrun for example_branch_operator to 2023-02-27T00:00:00+00:00, run_after=2023-02-28T00:00:00+00:00
[2023-02-28T04:02:54.025+0000] {processor.py:175} INFO - Processing /home/airflow/.local/lib/python3.7/site-packages/airflow/example_dags/example_branch_operator.py took 0.105 seconds
[2023-02-28T04:03:24.250+0000] {processor.py:153} INFO - Started process (PID=1876) to work on /home/airflow/.local/lib/python3.7/site-packages/airflow/example_dags/example_branch_operator.py
[2023-02-28T04:03:24.251+0000] {processor.py:743} INFO - Processing file /home/airflow/.local/lib/python3.7/site-packages/airflow/example_dags/example_branch_operator.py for tasks to queue
[2023-02-28T04:03:24.252+0000] {logging_mixin.py:137} INFO - [2023-02-28T04:03:24.252+0000] {dagbag.py:538} INFO - Filling up the DagBag from /home/airflow/.local/lib/python3.7/site-packages/airflow/example_dags/example_branch_operator.py
[2023-02-28T04:03:24.279+0000] {processor.py:753} INFO - DAG(s) dict_keys(['example_branch_operator']) retrieved from /home/airflow/.local/lib/python3.7/site-packages/airflow/example_dags/example_branch_operator.py
[2023-02-28T04:03:24.320+0000] {logging_mixin.py:137} INFO - [2023-02-28T04:03:24.320+0000] {dag.py:2690} INFO - Sync 1 DAGs
[2023-02-28T04:03:24.363+0000] {logging_mixin.py:137} INFO - [2023-02-28T04:03:24.363+0000] {dag.py:3441} INFO - Setting next_dagrun for example_branch_operator to 2023-02-27T00:00:00+00:00, run_after=2023-02-28T00:00:00+00:00
[2023-02-28T04:03:24.389+0000] {processor.py:175} INFO - Processing /home/airflow/.local/lib/python3.7/site-packages/airflow/example_dags/example_branch_operator.py took 0.145 seconds
[2023-02-28T04:03:54.496+0000] {processor.py:153} INFO - Started process (PID=1943) to work on /home/airflow/.local/lib/python3.7/site-packages/airflow/example_dags/example_branch_operator.py
[2023-02-28T04:03:54.497+0000] {processor.py:743} INFO - Processing file /home/airflow/.local/lib/python3.7/site-packages/airflow/example_dags/example_branch_operator.py for tasks to queue
[2023-02-28T04:03:54.498+0000] {logging_mixin.py:137} INFO - [2023-02-28T04:03:54.498+0000] {dagbag.py:538} INFO - Filling up the DagBag from /home/airflow/.local/lib/python3.7/site-packages/airflow/example_dags/example_branch_operator.py
[2023-02-28T04:03:54.520+0000] {processor.py:753} INFO - DAG(s) dict_keys(['example_branch_operator']) retrieved from /home/airflow/.local/lib/python3.7/site-packages/airflow/example_dags/example_branch_operator.py
[2023-02-28T04:03:54.554+0000] {logging_mixin.py:137} INFO - [2023-02-28T04:03:54.554+0000] {dag.py:2690} INFO - Sync 1 DAGs
[2023-02-28T04:03:54.586+0000] {logging_mixin.py:137} INFO - [2023-02-28T04:03:54.586+0000] {dag.py:3441} INFO - Setting next_dagrun for example_branch_operator to 2023-02-27T00:00:00+00:00, run_after=2023-02-28T00:00:00+00:00
[2023-02-28T04:03:54.608+0000] {processor.py:175} INFO - Processing /home/airflow/.local/lib/python3.7/site-packages/airflow/example_dags/example_branch_operator.py took 0.116 seconds
[2023-02-28T04:04:25.354+0000] {processor.py:153} INFO - Started process (PID=2008) to work on /home/airflow/.local/lib/python3.7/site-packages/airflow/example_dags/example_branch_operator.py
[2023-02-28T04:04:25.355+0000] {processor.py:743} INFO - Processing file /home/airflow/.local/lib/python3.7/site-packages/airflow/example_dags/example_branch_operator.py for tasks to queue
[2023-02-28T04:04:25.356+0000] {logging_mixin.py:137} INFO - [2023-02-28T04:04:25.356+0000] {dagbag.py:538} INFO - Filling up the DagBag from /home/airflow/.local/lib/python3.7/site-packages/airflow/example_dags/example_branch_operator.py
[2023-02-28T04:04:25.383+0000] {processor.py:753} INFO - DAG(s) dict_keys(['example_branch_operator']) retrieved from /home/airflow/.local/lib/python3.7/site-packages/airflow/example_dags/example_branch_operator.py
[2023-02-28T04:04:25.428+0000] {logging_mixin.py:137} INFO - [2023-02-28T04:04:25.428+0000] {dag.py:2690} INFO - Sync 1 DAGs
[2023-02-28T04:04:25.472+0000] {logging_mixin.py:137} INFO - [2023-02-28T04:04:25.472+0000] {dag.py:3441} INFO - Setting next_dagrun for example_branch_operator to 2023-02-27T00:00:00+00:00, run_after=2023-02-28T00:00:00+00:00
[2023-02-28T04:04:25.498+0000] {processor.py:175} INFO - Processing /home/airflow/.local/lib/python3.7/site-packages/airflow/example_dags/example_branch_operator.py took 0.150 seconds
[2023-02-28T04:04:55.707+0000] {processor.py:153} INFO - Started process (PID=2085) to work on /home/airflow/.local/lib/python3.7/site-packages/airflow/example_dags/example_branch_operator.py
[2023-02-28T04:04:55.709+0000] {processor.py:743} INFO - Processing file /home/airflow/.local/lib/python3.7/site-packages/airflow/example_dags/example_branch_operator.py for tasks to queue
[2023-02-28T04:04:55.710+0000] {logging_mixin.py:137} INFO - [2023-02-28T04:04:55.710+0000] {dagbag.py:538} INFO - Filling up the DagBag from /home/airflow/.local/lib/python3.7/site-packages/airflow/example_dags/example_branch_operator.py
[2023-02-28T04:04:55.730+0000] {processor.py:753} INFO - DAG(s) dict_keys(['example_branch_operator']) retrieved from /home/airflow/.local/lib/python3.7/site-packages/airflow/example_dags/example_branch_operator.py
[2023-02-28T04:04:55.764+0000] {logging_mixin.py:137} INFO - [2023-02-28T04:04:55.763+0000] {dag.py:2690} INFO - Sync 1 DAGs
[2023-02-28T04:04:55.792+0000] {logging_mixin.py:137} INFO - [2023-02-28T04:04:55.792+0000] {dag.py:3441} INFO - Setting next_dagrun for example_branch_operator to 2023-02-27T00:00:00+00:00, run_after=2023-02-28T00:00:00+00:00
[2023-02-28T04:04:55.812+0000] {processor.py:175} INFO - Processing /home/airflow/.local/lib/python3.7/site-packages/airflow/example_dags/example_branch_operator.py took 0.109 seconds
[2023-02-28T04:05:25.924+0000] {processor.py:153} INFO - Started process (PID=2149) to work on /home/airflow/.local/lib/python3.7/site-packages/airflow/example_dags/example_branch_operator.py
[2023-02-28T04:05:25.925+0000] {processor.py:743} INFO - Processing file /home/airflow/.local/lib/python3.7/site-packages/airflow/example_dags/example_branch_operator.py for tasks to queue
[2023-02-28T04:05:25.926+0000] {logging_mixin.py:137} INFO - [2023-02-28T04:05:25.926+0000] {dagbag.py:538} INFO - Filling up the DagBag from /home/airflow/.local/lib/python3.7/site-packages/airflow/example_dags/example_branch_operator.py
[2023-02-28T04:05:25.945+0000] {processor.py:753} INFO - DAG(s) dict_keys(['example_branch_operator']) retrieved from /home/airflow/.local/lib/python3.7/site-packages/airflow/example_dags/example_branch_operator.py
[2023-02-28T04:05:25.989+0000] {logging_mixin.py:137} INFO - [2023-02-28T04:05:25.989+0000] {dag.py:2690} INFO - Sync 1 DAGs
[2023-02-28T04:05:26.025+0000] {logging_mixin.py:137} INFO - [2023-02-28T04:05:26.025+0000] {dag.py:3441} INFO - Setting next_dagrun for example_branch_operator to 2023-02-27T00:00:00+00:00, run_after=2023-02-28T00:00:00+00:00
[2023-02-28T04:05:26.050+0000] {processor.py:175} INFO - Processing /home/airflow/.local/lib/python3.7/site-packages/airflow/example_dags/example_branch_operator.py took 0.129 seconds
[2023-02-28T04:05:56.499+0000] {processor.py:153} INFO - Started process (PID=2227) to work on /home/airflow/.local/lib/python3.7/site-packages/airflow/example_dags/example_branch_operator.py
[2023-02-28T04:05:56.501+0000] {processor.py:743} INFO - Processing file /home/airflow/.local/lib/python3.7/site-packages/airflow/example_dags/example_branch_operator.py for tasks to queue
[2023-02-28T04:05:56.502+0000] {logging_mixin.py:137} INFO - [2023-02-28T04:05:56.502+0000] {dagbag.py:538} INFO - Filling up the DagBag from /home/airflow/.local/lib/python3.7/site-packages/airflow/example_dags/example_branch_operator.py
[2023-02-28T04:05:56.521+0000] {processor.py:753} INFO - DAG(s) dict_keys(['example_branch_operator']) retrieved from /home/airflow/.local/lib/python3.7/site-packages/airflow/example_dags/example_branch_operator.py
[2023-02-28T04:05:56.560+0000] {logging_mixin.py:137} INFO - [2023-02-28T04:05:56.560+0000] {dag.py:2690} INFO - Sync 1 DAGs
[2023-02-28T04:05:56.597+0000] {logging_mixin.py:137} INFO - [2023-02-28T04:05:56.597+0000] {dag.py:3441} INFO - Setting next_dagrun for example_branch_operator to 2023-02-27T00:00:00+00:00, run_after=2023-02-28T00:00:00+00:00
[2023-02-28T04:05:56.617+0000] {processor.py:175} INFO - Processing /home/airflow/.local/lib/python3.7/site-packages/airflow/example_dags/example_branch_operator.py took 0.122 seconds
[2023-02-28T04:06:26.640+0000] {processor.py:153} INFO - Started process (PID=2292) to work on /home/airflow/.local/lib/python3.7/site-packages/airflow/example_dags/example_branch_operator.py
[2023-02-28T04:06:26.641+0000] {processor.py:743} INFO - Processing file /home/airflow/.local/lib/python3.7/site-packages/airflow/example_dags/example_branch_operator.py for tasks to queue
[2023-02-28T04:06:26.642+0000] {logging_mixin.py:137} INFO - [2023-02-28T04:06:26.642+0000] {dagbag.py:538} INFO - Filling up the DagBag from /home/airflow/.local/lib/python3.7/site-packages/airflow/example_dags/example_branch_operator.py
[2023-02-28T04:06:26.663+0000] {processor.py:753} INFO - DAG(s) dict_keys(['example_branch_operator']) retrieved from /home/airflow/.local/lib/python3.7/site-packages/airflow/example_dags/example_branch_operator.py
[2023-02-28T04:06:26.693+0000] {logging_mixin.py:137} INFO - [2023-02-28T04:06:26.693+0000] {dag.py:2690} INFO - Sync 1 DAGs
[2023-02-28T04:06:26.723+0000] {logging_mixin.py:137} INFO - [2023-02-28T04:06:26.723+0000] {dag.py:3441} INFO - Setting next_dagrun for example_branch_operator to 2023-02-27T00:00:00+00:00, run_after=2023-02-28T00:00:00+00:00
[2023-02-28T04:06:26.742+0000] {processor.py:175} INFO - Processing /home/airflow/.local/lib/python3.7/site-packages/airflow/example_dags/example_branch_operator.py took 0.106 seconds
[2023-02-28T04:06:56.858+0000] {processor.py:153} INFO - Started process (PID=2365) to work on /home/airflow/.local/lib/python3.7/site-packages/airflow/example_dags/example_branch_operator.py
[2023-02-28T04:06:56.860+0000] {processor.py:743} INFO - Processing file /home/airflow/.local/lib/python3.7/site-packages/airflow/example_dags/example_branch_operator.py for tasks to queue
[2023-02-28T04:06:56.860+0000] {logging_mixin.py:137} INFO - [2023-02-28T04:06:56.860+0000] {dagbag.py:538} INFO - Filling up the DagBag from /home/airflow/.local/lib/python3.7/site-packages/airflow/example_dags/example_branch_operator.py
[2023-02-28T04:06:56.880+0000] {processor.py:753} INFO - DAG(s) dict_keys(['example_branch_operator']) retrieved from /home/airflow/.local/lib/python3.7/site-packages/airflow/example_dags/example_branch_operator.py
[2023-02-28T04:06:56.911+0000] {logging_mixin.py:137} INFO - [2023-02-28T04:06:56.911+0000] {dag.py:2690} INFO - Sync 1 DAGs
[2023-02-28T04:06:56.940+0000] {logging_mixin.py:137} INFO - [2023-02-28T04:06:56.940+0000] {dag.py:3441} INFO - Setting next_dagrun for example_branch_operator to 2023-02-27T00:00:00+00:00, run_after=2023-02-28T00:00:00+00:00
[2023-02-28T04:06:56.961+0000] {processor.py:175} INFO - Processing /home/airflow/.local/lib/python3.7/site-packages/airflow/example_dags/example_branch_operator.py took 0.108 seconds
[2023-02-28T04:07:27.912+0000] {processor.py:153} INFO - Started process (PID=2433) to work on /home/airflow/.local/lib/python3.7/site-packages/airflow/example_dags/example_branch_operator.py
[2023-02-28T04:07:27.914+0000] {processor.py:743} INFO - Processing file /home/airflow/.local/lib/python3.7/site-packages/airflow/example_dags/example_branch_operator.py for tasks to queue
[2023-02-28T04:07:27.914+0000] {logging_mixin.py:137} INFO - [2023-02-28T04:07:27.914+0000] {dagbag.py:538} INFO - Filling up the DagBag from /home/airflow/.local/lib/python3.7/site-packages/airflow/example_dags/example_branch_operator.py
[2023-02-28T04:07:27.936+0000] {processor.py:753} INFO - DAG(s) dict_keys(['example_branch_operator']) retrieved from /home/airflow/.local/lib/python3.7/site-packages/airflow/example_dags/example_branch_operator.py
[2023-02-28T04:07:27.970+0000] {logging_mixin.py:137} INFO - [2023-02-28T04:07:27.970+0000] {dag.py:2690} INFO - Sync 1 DAGs
[2023-02-28T04:07:28.004+0000] {logging_mixin.py:137} INFO - [2023-02-28T04:07:28.004+0000] {dag.py:3441} INFO - Setting next_dagrun for example_branch_operator to 2023-02-27T00:00:00+00:00, run_after=2023-02-28T00:00:00+00:00
[2023-02-28T04:07:28.029+0000] {processor.py:175} INFO - Processing /home/airflow/.local/lib/python3.7/site-packages/airflow/example_dags/example_branch_operator.py took 0.124 seconds
[2023-02-28T04:07:58.471+0000] {processor.py:153} INFO - Started process (PID=2499) to work on /home/airflow/.local/lib/python3.7/site-packages/airflow/example_dags/example_branch_operator.py
[2023-02-28T04:07:58.472+0000] {processor.py:743} INFO - Processing file /home/airflow/.local/lib/python3.7/site-packages/airflow/example_dags/example_branch_operator.py for tasks to queue
[2023-02-28T04:07:58.473+0000] {logging_mixin.py:137} INFO - [2023-02-28T04:07:58.473+0000] {dagbag.py:538} INFO - Filling up the DagBag from /home/airflow/.local/lib/python3.7/site-packages/airflow/example_dags/example_branch_operator.py
[2023-02-28T04:07:58.499+0000] {processor.py:753} INFO - DAG(s) dict_keys(['example_branch_operator']) retrieved from /home/airflow/.local/lib/python3.7/site-packages/airflow/example_dags/example_branch_operator.py
[2023-02-28T04:07:58.530+0000] {logging_mixin.py:137} INFO - [2023-02-28T04:07:58.530+0000] {dag.py:2690} INFO - Sync 1 DAGs
[2023-02-28T04:07:58.561+0000] {logging_mixin.py:137} INFO - [2023-02-28T04:07:58.561+0000] {dag.py:3441} INFO - Setting next_dagrun for example_branch_operator to 2023-02-27T00:00:00+00:00, run_after=2023-02-28T00:00:00+00:00
[2023-02-28T04:07:58.580+0000] {processor.py:175} INFO - Processing /home/airflow/.local/lib/python3.7/site-packages/airflow/example_dags/example_branch_operator.py took 0.115 seconds
[2023-02-28T04:08:28.794+0000] {processor.py:153} INFO - Started process (PID=2575) to work on /home/airflow/.local/lib/python3.7/site-packages/airflow/example_dags/example_branch_operator.py
[2023-02-28T04:08:28.796+0000] {processor.py:743} INFO - Processing file /home/airflow/.local/lib/python3.7/site-packages/airflow/example_dags/example_branch_operator.py for tasks to queue
[2023-02-28T04:08:28.797+0000] {logging_mixin.py:137} INFO - [2023-02-28T04:08:28.797+0000] {dagbag.py:538} INFO - Filling up the DagBag from /home/airflow/.local/lib/python3.7/site-packages/airflow/example_dags/example_branch_operator.py
[2023-02-28T04:08:28.817+0000] {processor.py:753} INFO - DAG(s) dict_keys(['example_branch_operator']) retrieved from /home/airflow/.local/lib/python3.7/site-packages/airflow/example_dags/example_branch_operator.py
[2023-02-28T04:08:28.844+0000] {logging_mixin.py:137} INFO - [2023-02-28T04:08:28.844+0000] {dag.py:2690} INFO - Sync 1 DAGs
[2023-02-28T04:08:28.872+0000] {logging_mixin.py:137} INFO - [2023-02-28T04:08:28.872+0000] {dag.py:3441} INFO - Setting next_dagrun for example_branch_operator to 2023-02-27T00:00:00+00:00, run_after=2023-02-28T00:00:00+00:00
[2023-02-28T04:08:28.891+0000] {processor.py:175} INFO - Processing /home/airflow/.local/lib/python3.7/site-packages/airflow/example_dags/example_branch_operator.py took 0.101 seconds
[2023-02-28T04:08:58.971+0000] {processor.py:153} INFO - Started process (PID=2639) to work on /home/airflow/.local/lib/python3.7/site-packages/airflow/example_dags/example_branch_operator.py
[2023-02-28T04:08:58.971+0000] {processor.py:743} INFO - Processing file /home/airflow/.local/lib/python3.7/site-packages/airflow/example_dags/example_branch_operator.py for tasks to queue
[2023-02-28T04:08:58.972+0000] {logging_mixin.py:137} INFO - [2023-02-28T04:08:58.972+0000] {dagbag.py:538} INFO - Filling up the DagBag from /home/airflow/.local/lib/python3.7/site-packages/airflow/example_dags/example_branch_operator.py
[2023-02-28T04:08:58.992+0000] {processor.py:753} INFO - DAG(s) dict_keys(['example_branch_operator']) retrieved from /home/airflow/.local/lib/python3.7/site-packages/airflow/example_dags/example_branch_operator.py
[2023-02-28T04:08:59.020+0000] {logging_mixin.py:137} INFO - [2023-02-28T04:08:59.020+0000] {dag.py:2690} INFO - Sync 1 DAGs
[2023-02-28T04:08:59.048+0000] {logging_mixin.py:137} INFO - [2023-02-28T04:08:59.048+0000] {dag.py:3441} INFO - Setting next_dagrun for example_branch_operator to 2023-02-27T00:00:00+00:00, run_after=2023-02-28T00:00:00+00:00
[2023-02-28T04:08:59.067+0000] {processor.py:175} INFO - Processing /home/airflow/.local/lib/python3.7/site-packages/airflow/example_dags/example_branch_operator.py took 0.100 seconds
[2023-02-28T04:09:29.167+0000] {processor.py:153} INFO - Started process (PID=2714) to work on /home/airflow/.local/lib/python3.7/site-packages/airflow/example_dags/example_branch_operator.py
[2023-02-28T04:09:29.169+0000] {processor.py:743} INFO - Processing file /home/airflow/.local/lib/python3.7/site-packages/airflow/example_dags/example_branch_operator.py for tasks to queue
[2023-02-28T04:09:29.170+0000] {logging_mixin.py:137} INFO - [2023-02-28T04:09:29.170+0000] {dagbag.py:538} INFO - Filling up the DagBag from /home/airflow/.local/lib/python3.7/site-packages/airflow/example_dags/example_branch_operator.py
[2023-02-28T04:09:29.192+0000] {processor.py:753} INFO - DAG(s) dict_keys(['example_branch_operator']) retrieved from /home/airflow/.local/lib/python3.7/site-packages/airflow/example_dags/example_branch_operator.py
[2023-02-28T04:09:29.221+0000] {logging_mixin.py:137} INFO - [2023-02-28T04:09:29.220+0000] {dag.py:2690} INFO - Sync 1 DAGs
[2023-02-28T04:09:29.250+0000] {logging_mixin.py:137} INFO - [2023-02-28T04:09:29.250+0000] {dag.py:3441} INFO - Setting next_dagrun for example_branch_operator to 2023-02-27T00:00:00+00:00, run_after=2023-02-28T00:00:00+00:00
[2023-02-28T04:09:29.280+0000] {processor.py:175} INFO - Processing /home/airflow/.local/lib/python3.7/site-packages/airflow/example_dags/example_branch_operator.py took 0.118 seconds
[2023-02-28T04:09:59.467+0000] {processor.py:153} INFO - Started process (PID=2782) to work on /home/airflow/.local/lib/python3.7/site-packages/airflow/example_dags/example_branch_operator.py
[2023-02-28T04:09:59.468+0000] {processor.py:743} INFO - Processing file /home/airflow/.local/lib/python3.7/site-packages/airflow/example_dags/example_branch_operator.py for tasks to queue
[2023-02-28T04:09:59.469+0000] {logging_mixin.py:137} INFO - [2023-02-28T04:09:59.469+0000] {dagbag.py:538} INFO - Filling up the DagBag from /home/airflow/.local/lib/python3.7/site-packages/airflow/example_dags/example_branch_operator.py
[2023-02-28T04:09:59.489+0000] {processor.py:753} INFO - DAG(s) dict_keys(['example_branch_operator']) retrieved from /home/airflow/.local/lib/python3.7/site-packages/airflow/example_dags/example_branch_operator.py
[2023-02-28T04:09:59.528+0000] {logging_mixin.py:137} INFO - [2023-02-28T04:09:59.527+0000] {dag.py:2690} INFO - Sync 1 DAGs
[2023-02-28T04:09:59.564+0000] {logging_mixin.py:137} INFO - [2023-02-28T04:09:59.564+0000] {dag.py:3441} INFO - Setting next_dagrun for example_branch_operator to 2023-02-27T00:00:00+00:00, run_after=2023-02-28T00:00:00+00:00
[2023-02-28T04:09:59.586+0000] {processor.py:175} INFO - Processing /home/airflow/.local/lib/python3.7/site-packages/airflow/example_dags/example_branch_operator.py took 0.123 seconds
[2023-02-28T04:10:29.802+0000] {processor.py:153} INFO - Started process (PID=2847) to work on /home/airflow/.local/lib/python3.7/site-packages/airflow/example_dags/example_branch_operator.py
[2023-02-28T04:10:29.804+0000] {processor.py:743} INFO - Processing file /home/airflow/.local/lib/python3.7/site-packages/airflow/example_dags/example_branch_operator.py for tasks to queue
[2023-02-28T04:10:29.805+0000] {logging_mixin.py:137} INFO - [2023-02-28T04:10:29.805+0000] {dagbag.py:538} INFO - Filling up the DagBag from /home/airflow/.local/lib/python3.7/site-packages/airflow/example_dags/example_branch_operator.py
[2023-02-28T04:10:29.832+0000] {processor.py:753} INFO - DAG(s) dict_keys(['example_branch_operator']) retrieved from /home/airflow/.local/lib/python3.7/site-packages/airflow/example_dags/example_branch_operator.py
[2023-02-28T04:10:29.866+0000] {logging_mixin.py:137} INFO - [2023-02-28T04:10:29.866+0000] {dag.py:2690} INFO - Sync 1 DAGs
[2023-02-28T04:10:29.896+0000] {logging_mixin.py:137} INFO - [2023-02-28T04:10:29.896+0000] {dag.py:3441} INFO - Setting next_dagrun for example_branch_operator to 2023-02-27T00:00:00+00:00, run_after=2023-02-28T00:00:00+00:00
[2023-02-28T04:10:29.919+0000] {processor.py:175} INFO - Processing /home/airflow/.local/lib/python3.7/site-packages/airflow/example_dags/example_branch_operator.py took 0.122 seconds
[2023-02-28T04:11:00.474+0000] {processor.py:153} INFO - Started process (PID=2923) to work on /home/airflow/.local/lib/python3.7/site-packages/airflow/example_dags/example_branch_operator.py
[2023-02-28T04:11:00.475+0000] {processor.py:743} INFO - Processing file /home/airflow/.local/lib/python3.7/site-packages/airflow/example_dags/example_branch_operator.py for tasks to queue
[2023-02-28T04:11:00.476+0000] {logging_mixin.py:137} INFO - [2023-02-28T04:11:00.476+0000] {dagbag.py:538} INFO - Filling up the DagBag from /home/airflow/.local/lib/python3.7/site-packages/airflow/example_dags/example_branch_operator.py
[2023-02-28T04:11:00.498+0000] {processor.py:753} INFO - DAG(s) dict_keys(['example_branch_operator']) retrieved from /home/airflow/.local/lib/python3.7/site-packages/airflow/example_dags/example_branch_operator.py
[2023-02-28T04:11:00.530+0000] {logging_mixin.py:137} INFO - [2023-02-28T04:11:00.530+0000] {dag.py:2690} INFO - Sync 1 DAGs
[2023-02-28T04:11:00.560+0000] {logging_mixin.py:137} INFO - [2023-02-28T04:11:00.560+0000] {dag.py:3441} INFO - Setting next_dagrun for example_branch_operator to 2023-02-27T00:00:00+00:00, run_after=2023-02-28T00:00:00+00:00
[2023-02-28T04:11:00.583+0000] {processor.py:175} INFO - Processing /home/airflow/.local/lib/python3.7/site-packages/airflow/example_dags/example_branch_operator.py took 0.114 seconds
[2023-02-28T04:11:31.278+0000] {processor.py:153} INFO - Started process (PID=2988) to work on /home/airflow/.local/lib/python3.7/site-packages/airflow/example_dags/example_branch_operator.py
[2023-02-28T04:11:31.280+0000] {processor.py:743} INFO - Processing file /home/airflow/.local/lib/python3.7/site-packages/airflow/example_dags/example_branch_operator.py for tasks to queue
[2023-02-28T04:11:31.281+0000] {logging_mixin.py:137} INFO - [2023-02-28T04:11:31.280+0000] {dagbag.py:538} INFO - Filling up the DagBag from /home/airflow/.local/lib/python3.7/site-packages/airflow/example_dags/example_branch_operator.py
[2023-02-28T04:11:31.301+0000] {processor.py:753} INFO - DAG(s) dict_keys(['example_branch_operator']) retrieved from /home/airflow/.local/lib/python3.7/site-packages/airflow/example_dags/example_branch_operator.py
[2023-02-28T04:11:31.339+0000] {logging_mixin.py:137} INFO - [2023-02-28T04:11:31.338+0000] {dag.py:2690} INFO - Sync 1 DAGs
[2023-02-28T04:11:31.387+0000] {logging_mixin.py:137} INFO - [2023-02-28T04:11:31.387+0000] {dag.py:3441} INFO - Setting next_dagrun for example_branch_operator to 2023-02-27T00:00:00+00:00, run_after=2023-02-28T00:00:00+00:00
[2023-02-28T04:11:31.411+0000] {processor.py:175} INFO - Processing /home/airflow/.local/lib/python3.7/site-packages/airflow/example_dags/example_branch_operator.py took 0.137 seconds
[2023-02-28T04:12:02.430+0000] {processor.py:153} INFO - Started process (PID=3065) to work on /home/airflow/.local/lib/python3.7/site-packages/airflow/example_dags/example_branch_operator.py
[2023-02-28T04:12:02.431+0000] {processor.py:743} INFO - Processing file /home/airflow/.local/lib/python3.7/site-packages/airflow/example_dags/example_branch_operator.py for tasks to queue
[2023-02-28T04:12:02.432+0000] {logging_mixin.py:137} INFO - [2023-02-28T04:12:02.432+0000] {dagbag.py:538} INFO - Filling up the DagBag from /home/airflow/.local/lib/python3.7/site-packages/airflow/example_dags/example_branch_operator.py
[2023-02-28T04:12:02.452+0000] {processor.py:753} INFO - DAG(s) dict_keys(['example_branch_operator']) retrieved from /home/airflow/.local/lib/python3.7/site-packages/airflow/example_dags/example_branch_operator.py
[2023-02-28T04:12:02.484+0000] {logging_mixin.py:137} INFO - [2023-02-28T04:12:02.484+0000] {dag.py:2690} INFO - Sync 1 DAGs
[2023-02-28T04:12:02.514+0000] {logging_mixin.py:137} INFO - [2023-02-28T04:12:02.514+0000] {dag.py:3441} INFO - Setting next_dagrun for example_branch_operator to 2023-02-27T00:00:00+00:00, run_after=2023-02-28T00:00:00+00:00
[2023-02-28T04:12:02.534+0000] {processor.py:175} INFO - Processing /home/airflow/.local/lib/python3.7/site-packages/airflow/example_dags/example_branch_operator.py took 0.109 seconds
[2023-02-28T04:12:33.107+0000] {processor.py:153} INFO - Started process (PID=3131) to work on /home/airflow/.local/lib/python3.7/site-packages/airflow/example_dags/example_branch_operator.py
[2023-02-28T04:12:33.108+0000] {processor.py:743} INFO - Processing file /home/airflow/.local/lib/python3.7/site-packages/airflow/example_dags/example_branch_operator.py for tasks to queue
[2023-02-28T04:12:33.109+0000] {logging_mixin.py:137} INFO - [2023-02-28T04:12:33.109+0000] {dagbag.py:538} INFO - Filling up the DagBag from /home/airflow/.local/lib/python3.7/site-packages/airflow/example_dags/example_branch_operator.py
[2023-02-28T04:12:33.130+0000] {processor.py:753} INFO - DAG(s) dict_keys(['example_branch_operator']) retrieved from /home/airflow/.local/lib/python3.7/site-packages/airflow/example_dags/example_branch_operator.py
[2023-02-28T04:12:33.162+0000] {logging_mixin.py:137} INFO - [2023-02-28T04:12:33.162+0000] {dag.py:2690} INFO - Sync 1 DAGs
[2023-02-28T04:12:33.193+0000] {logging_mixin.py:137} INFO - [2023-02-28T04:12:33.193+0000] {dag.py:3441} INFO - Setting next_dagrun for example_branch_operator to 2023-02-27T00:00:00+00:00, run_after=2023-02-28T00:00:00+00:00
[2023-02-28T04:12:33.212+0000] {processor.py:175} INFO - Processing /home/airflow/.local/lib/python3.7/site-packages/airflow/example_dags/example_branch_operator.py took 0.109 seconds
[2023-02-28T04:13:03.426+0000] {processor.py:153} INFO - Started process (PID=3205) to work on /home/airflow/.local/lib/python3.7/site-packages/airflow/example_dags/example_branch_operator.py
[2023-02-28T04:13:03.428+0000] {processor.py:743} INFO - Processing file /home/airflow/.local/lib/python3.7/site-packages/airflow/example_dags/example_branch_operator.py for tasks to queue
[2023-02-28T04:13:03.429+0000] {logging_mixin.py:137} INFO - [2023-02-28T04:13:03.429+0000] {dagbag.py:538} INFO - Filling up the DagBag from /home/airflow/.local/lib/python3.7/site-packages/airflow/example_dags/example_branch_operator.py
[2023-02-28T04:13:03.449+0000] {processor.py:753} INFO - DAG(s) dict_keys(['example_branch_operator']) retrieved from /home/airflow/.local/lib/python3.7/site-packages/airflow/example_dags/example_branch_operator.py
[2023-02-28T04:13:03.481+0000] {logging_mixin.py:137} INFO - [2023-02-28T04:13:03.481+0000] {dag.py:2690} INFO - Sync 1 DAGs
[2023-02-28T04:13:03.515+0000] {logging_mixin.py:137} INFO - [2023-02-28T04:13:03.515+0000] {dag.py:3441} INFO - Setting next_dagrun for example_branch_operator to 2023-02-27T00:00:00+00:00, run_after=2023-02-28T00:00:00+00:00
[2023-02-28T04:13:03.542+0000] {processor.py:175} INFO - Processing /home/airflow/.local/lib/python3.7/site-packages/airflow/example_dags/example_branch_operator.py took 0.120 seconds
[2023-02-28T04:13:33.690+0000] {processor.py:153} INFO - Started process (PID=3273) to work on /home/airflow/.local/lib/python3.7/site-packages/airflow/example_dags/example_branch_operator.py
[2023-02-28T04:13:33.692+0000] {processor.py:743} INFO - Processing file /home/airflow/.local/lib/python3.7/site-packages/airflow/example_dags/example_branch_operator.py for tasks to queue
[2023-02-28T04:13:33.693+0000] {logging_mixin.py:137} INFO - [2023-02-28T04:13:33.692+0000] {dagbag.py:538} INFO - Filling up the DagBag from /home/airflow/.local/lib/python3.7/site-packages/airflow/example_dags/example_branch_operator.py
[2023-02-28T04:13:33.714+0000] {processor.py:753} INFO - DAG(s) dict_keys(['example_branch_operator']) retrieved from /home/airflow/.local/lib/python3.7/site-packages/airflow/example_dags/example_branch_operator.py
[2023-02-28T04:13:33.745+0000] {logging_mixin.py:137} INFO - [2023-02-28T04:13:33.745+0000] {dag.py:2690} INFO - Sync 1 DAGs
[2023-02-28T04:13:33.774+0000] {logging_mixin.py:137} INFO - [2023-02-28T04:13:33.774+0000] {dag.py:3441} INFO - Setting next_dagrun for example_branch_operator to 2023-02-27T00:00:00+00:00, run_after=2023-02-28T00:00:00+00:00
[2023-02-28T04:13:33.794+0000] {processor.py:175} INFO - Processing /home/airflow/.local/lib/python3.7/site-packages/airflow/example_dags/example_branch_operator.py took 0.108 seconds
[2023-02-28T04:14:03.952+0000] {processor.py:153} INFO - Started process (PID=3336) to work on /home/airflow/.local/lib/python3.7/site-packages/airflow/example_dags/example_branch_operator.py
[2023-02-28T04:14:03.953+0000] {processor.py:743} INFO - Processing file /home/airflow/.local/lib/python3.7/site-packages/airflow/example_dags/example_branch_operator.py for tasks to queue
[2023-02-28T04:14:03.954+0000] {logging_mixin.py:137} INFO - [2023-02-28T04:14:03.954+0000] {dagbag.py:538} INFO - Filling up the DagBag from /home/airflow/.local/lib/python3.7/site-packages/airflow/example_dags/example_branch_operator.py
[2023-02-28T04:14:03.987+0000] {processor.py:753} INFO - DAG(s) dict_keys(['example_branch_operator']) retrieved from /home/airflow/.local/lib/python3.7/site-packages/airflow/example_dags/example_branch_operator.py
[2023-02-28T04:14:04.027+0000] {logging_mixin.py:137} INFO - [2023-02-28T04:14:04.026+0000] {dag.py:2690} INFO - Sync 1 DAGs
[2023-02-28T04:14:04.066+0000] {logging_mixin.py:137} INFO - [2023-02-28T04:14:04.066+0000] {dag.py:3441} INFO - Setting next_dagrun for example_branch_operator to 2023-02-27T00:00:00+00:00, run_after=2023-02-28T00:00:00+00:00
[2023-02-28T04:14:04.093+0000] {processor.py:175} INFO - Processing /home/airflow/.local/lib/python3.7/site-packages/airflow/example_dags/example_branch_operator.py took 0.146 seconds
[2023-02-28T04:14:34.221+0000] {processor.py:153} INFO - Started process (PID=3412) to work on /home/airflow/.local/lib/python3.7/site-packages/airflow/example_dags/example_branch_operator.py
[2023-02-28T04:14:34.222+0000] {processor.py:743} INFO - Processing file /home/airflow/.local/lib/python3.7/site-packages/airflow/example_dags/example_branch_operator.py for tasks to queue
[2023-02-28T04:14:34.223+0000] {logging_mixin.py:137} INFO - [2023-02-28T04:14:34.223+0000] {dagbag.py:538} INFO - Filling up the DagBag from /home/airflow/.local/lib/python3.7/site-packages/airflow/example_dags/example_branch_operator.py
[2023-02-28T04:14:34.245+0000] {processor.py:753} INFO - DAG(s) dict_keys(['example_branch_operator']) retrieved from /home/airflow/.local/lib/python3.7/site-packages/airflow/example_dags/example_branch_operator.py
[2023-02-28T04:14:34.275+0000] {logging_mixin.py:137} INFO - [2023-02-28T04:14:34.275+0000] {dag.py:2690} INFO - Sync 1 DAGs
[2023-02-28T04:14:34.306+0000] {logging_mixin.py:137} INFO - [2023-02-28T04:14:34.306+0000] {dag.py:3441} INFO - Setting next_dagrun for example_branch_operator to 2023-02-27T00:00:00+00:00, run_after=2023-02-28T00:00:00+00:00
[2023-02-28T04:14:34.326+0000] {processor.py:175} INFO - Processing /home/airflow/.local/lib/python3.7/site-packages/airflow/example_dags/example_branch_operator.py took 0.110 seconds
[2023-02-28T04:15:05.086+0000] {processor.py:153} INFO - Started process (PID=3476) to work on /home/airflow/.local/lib/python3.7/site-packages/airflow/example_dags/example_branch_operator.py
[2023-02-28T04:15:05.088+0000] {processor.py:743} INFO - Processing file /home/airflow/.local/lib/python3.7/site-packages/airflow/example_dags/example_branch_operator.py for tasks to queue
[2023-02-28T04:15:05.089+0000] {logging_mixin.py:137} INFO - [2023-02-28T04:15:05.089+0000] {dagbag.py:538} INFO - Filling up the DagBag from /home/airflow/.local/lib/python3.7/site-packages/airflow/example_dags/example_branch_operator.py
[2023-02-28T04:15:05.116+0000] {processor.py:753} INFO - DAG(s) dict_keys(['example_branch_operator']) retrieved from /home/airflow/.local/lib/python3.7/site-packages/airflow/example_dags/example_branch_operator.py
[2023-02-28T04:15:05.162+0000] {logging_mixin.py:137} INFO - [2023-02-28T04:15:05.162+0000] {dag.py:2690} INFO - Sync 1 DAGs
[2023-02-28T04:15:05.199+0000] {logging_mixin.py:137} INFO - [2023-02-28T04:15:05.199+0000] {dag.py:3441} INFO - Setting next_dagrun for example_branch_operator to 2023-02-27T00:00:00+00:00, run_after=2023-02-28T00:00:00+00:00
[2023-02-28T04:15:05.229+0000] {processor.py:175} INFO - Processing /home/airflow/.local/lib/python3.7/site-packages/airflow/example_dags/example_branch_operator.py took 0.148 seconds
[2023-02-28T04:15:35.352+0000] {processor.py:153} INFO - Started process (PID=3553) to work on /home/airflow/.local/lib/python3.7/site-packages/airflow/example_dags/example_branch_operator.py
[2023-02-28T04:15:35.353+0000] {processor.py:743} INFO - Processing file /home/airflow/.local/lib/python3.7/site-packages/airflow/example_dags/example_branch_operator.py for tasks to queue
[2023-02-28T04:15:35.354+0000] {logging_mixin.py:137} INFO - [2023-02-28T04:15:35.354+0000] {dagbag.py:538} INFO - Filling up the DagBag from /home/airflow/.local/lib/python3.7/site-packages/airflow/example_dags/example_branch_operator.py
[2023-02-28T04:15:35.380+0000] {processor.py:753} INFO - DAG(s) dict_keys(['example_branch_operator']) retrieved from /home/airflow/.local/lib/python3.7/site-packages/airflow/example_dags/example_branch_operator.py
[2023-02-28T04:15:35.420+0000] {logging_mixin.py:137} INFO - [2023-02-28T04:15:35.420+0000] {dag.py:2690} INFO - Sync 1 DAGs
[2023-02-28T04:15:35.461+0000] {logging_mixin.py:137} INFO - [2023-02-28T04:15:35.460+0000] {dag.py:3441} INFO - Setting next_dagrun for example_branch_operator to 2023-02-27T00:00:00+00:00, run_after=2023-02-28T00:00:00+00:00
[2023-02-28T04:15:35.487+0000] {processor.py:175} INFO - Processing /home/airflow/.local/lib/python3.7/site-packages/airflow/example_dags/example_branch_operator.py took 0.140 seconds
[2023-02-28T04:16:06.310+0000] {processor.py:153} INFO - Started process (PID=3616) to work on /home/airflow/.local/lib/python3.7/site-packages/airflow/example_dags/example_branch_operator.py
[2023-02-28T04:16:06.312+0000] {processor.py:743} INFO - Processing file /home/airflow/.local/lib/python3.7/site-packages/airflow/example_dags/example_branch_operator.py for tasks to queue
[2023-02-28T04:16:06.313+0000] {logging_mixin.py:137} INFO - [2023-02-28T04:16:06.313+0000] {dagbag.py:538} INFO - Filling up the DagBag from /home/airflow/.local/lib/python3.7/site-packages/airflow/example_dags/example_branch_operator.py
[2023-02-28T04:16:06.340+0000] {processor.py:753} INFO - DAG(s) dict_keys(['example_branch_operator']) retrieved from /home/airflow/.local/lib/python3.7/site-packages/airflow/example_dags/example_branch_operator.py
[2023-02-28T04:16:06.379+0000] {logging_mixin.py:137} INFO - [2023-02-28T04:16:06.378+0000] {dag.py:2690} INFO - Sync 1 DAGs
[2023-02-28T04:16:06.412+0000] {logging_mixin.py:137} INFO - [2023-02-28T04:16:06.412+0000] {dag.py:3441} INFO - Setting next_dagrun for example_branch_operator to 2023-02-27T00:00:00+00:00, run_after=2023-02-28T00:00:00+00:00
[2023-02-28T04:16:06.432+0000] {processor.py:175} INFO - Processing /home/airflow/.local/lib/python3.7/site-packages/airflow/example_dags/example_branch_operator.py took 0.127 seconds
[2023-02-28T04:16:37.302+0000] {processor.py:153} INFO - Started process (PID=3692) to work on /home/airflow/.local/lib/python3.7/site-packages/airflow/example_dags/example_branch_operator.py
[2023-02-28T04:16:37.303+0000] {processor.py:743} INFO - Processing file /home/airflow/.local/lib/python3.7/site-packages/airflow/example_dags/example_branch_operator.py for tasks to queue
[2023-02-28T04:16:37.304+0000] {logging_mixin.py:137} INFO - [2023-02-28T04:16:37.304+0000] {dagbag.py:538} INFO - Filling up the DagBag from /home/airflow/.local/lib/python3.7/site-packages/airflow/example_dags/example_branch_operator.py
[2023-02-28T04:16:37.331+0000] {processor.py:753} INFO - DAG(s) dict_keys(['example_branch_operator']) retrieved from /home/airflow/.local/lib/python3.7/site-packages/airflow/example_dags/example_branch_operator.py
[2023-02-28T04:16:37.367+0000] {logging_mixin.py:137} INFO - [2023-02-28T04:16:37.367+0000] {dag.py:2690} INFO - Sync 1 DAGs
[2023-02-28T04:16:37.402+0000] {logging_mixin.py:137} INFO - [2023-02-28T04:16:37.401+0000] {dag.py:3441} INFO - Setting next_dagrun for example_branch_operator to 2023-02-27T00:00:00+00:00, run_after=2023-02-28T00:00:00+00:00
[2023-02-28T04:16:37.421+0000] {processor.py:175} INFO - Processing /home/airflow/.local/lib/python3.7/site-packages/airflow/example_dags/example_branch_operator.py took 0.125 seconds
[2023-02-28T04:17:08.110+0000] {processor.py:153} INFO - Started process (PID=3756) to work on /home/airflow/.local/lib/python3.7/site-packages/airflow/example_dags/example_branch_operator.py
[2023-02-28T04:17:08.112+0000] {processor.py:743} INFO - Processing file /home/airflow/.local/lib/python3.7/site-packages/airflow/example_dags/example_branch_operator.py for tasks to queue
[2023-02-28T04:17:08.113+0000] {logging_mixin.py:137} INFO - [2023-02-28T04:17:08.112+0000] {dagbag.py:538} INFO - Filling up the DagBag from /home/airflow/.local/lib/python3.7/site-packages/airflow/example_dags/example_branch_operator.py
[2023-02-28T04:17:08.132+0000] {processor.py:753} INFO - DAG(s) dict_keys(['example_branch_operator']) retrieved from /home/airflow/.local/lib/python3.7/site-packages/airflow/example_dags/example_branch_operator.py
[2023-02-28T04:17:08.170+0000] {logging_mixin.py:137} INFO - [2023-02-28T04:17:08.170+0000] {dag.py:2690} INFO - Sync 1 DAGs
[2023-02-28T04:17:08.206+0000] {logging_mixin.py:137} INFO - [2023-02-28T04:17:08.206+0000] {dag.py:3441} INFO - Setting next_dagrun for example_branch_operator to 2023-02-27T00:00:00+00:00, run_after=2023-02-28T00:00:00+00:00
[2023-02-28T04:17:08.226+0000] {processor.py:175} INFO - Processing /home/airflow/.local/lib/python3.7/site-packages/airflow/example_dags/example_branch_operator.py took 0.121 seconds
[2023-02-28T04:23:13.481+0000] {processor.py:153} INFO - Started process (PID=69) to work on /home/airflow/.local/lib/python3.7/site-packages/airflow/example_dags/example_branch_operator.py
[2023-02-28T04:23:13.482+0000] {processor.py:743} INFO - Processing file /home/airflow/.local/lib/python3.7/site-packages/airflow/example_dags/example_branch_operator.py for tasks to queue
[2023-02-28T04:23:13.483+0000] {logging_mixin.py:137} INFO - [2023-02-28T04:23:13.483+0000] {dagbag.py:538} INFO - Filling up the DagBag from /home/airflow/.local/lib/python3.7/site-packages/airflow/example_dags/example_branch_operator.py
[2023-02-28T04:23:13.512+0000] {processor.py:753} INFO - DAG(s) dict_keys(['example_branch_operator']) retrieved from /home/airflow/.local/lib/python3.7/site-packages/airflow/example_dags/example_branch_operator.py
[2023-02-28T04:23:13.584+0000] {logging_mixin.py:137} INFO - [2023-02-28T04:23:13.584+0000] {dag.py:2690} INFO - Sync 1 DAGs
[2023-02-28T04:23:13.642+0000] {logging_mixin.py:137} INFO - [2023-02-28T04:23:13.642+0000] {dag.py:3441} INFO - Setting next_dagrun for example_branch_operator to 2023-02-27T00:00:00+00:00, run_after=2023-02-28T00:00:00+00:00
[2023-02-28T04:23:13.671+0000] {processor.py:175} INFO - Processing /home/airflow/.local/lib/python3.7/site-packages/airflow/example_dags/example_branch_operator.py took 0.196 seconds
[2023-02-28T04:23:43.993+0000] {processor.py:153} INFO - Started process (PID=132) to work on /home/airflow/.local/lib/python3.7/site-packages/airflow/example_dags/example_branch_operator.py
[2023-02-28T04:23:43.994+0000] {processor.py:743} INFO - Processing file /home/airflow/.local/lib/python3.7/site-packages/airflow/example_dags/example_branch_operator.py for tasks to queue
[2023-02-28T04:23:43.998+0000] {logging_mixin.py:137} INFO - [2023-02-28T04:23:43.998+0000] {dagbag.py:538} INFO - Filling up the DagBag from /home/airflow/.local/lib/python3.7/site-packages/airflow/example_dags/example_branch_operator.py
[2023-02-28T04:23:44.025+0000] {processor.py:753} INFO - DAG(s) dict_keys(['example_branch_operator']) retrieved from /home/airflow/.local/lib/python3.7/site-packages/airflow/example_dags/example_branch_operator.py
[2023-02-28T04:23:44.065+0000] {logging_mixin.py:137} INFO - [2023-02-28T04:23:44.065+0000] {dag.py:2690} INFO - Sync 1 DAGs
[2023-02-28T04:23:44.108+0000] {logging_mixin.py:137} INFO - [2023-02-28T04:23:44.108+0000] {dag.py:3441} INFO - Setting next_dagrun for example_branch_operator to 2023-02-27T00:00:00+00:00, run_after=2023-02-28T00:00:00+00:00
[2023-02-28T04:23:44.138+0000] {processor.py:175} INFO - Processing /home/airflow/.local/lib/python3.7/site-packages/airflow/example_dags/example_branch_operator.py took 0.150 seconds
[2023-02-28T04:24:14.833+0000] {processor.py:153} INFO - Started process (PID=206) to work on /home/airflow/.local/lib/python3.7/site-packages/airflow/example_dags/example_branch_operator.py
[2023-02-28T04:24:14.835+0000] {processor.py:743} INFO - Processing file /home/airflow/.local/lib/python3.7/site-packages/airflow/example_dags/example_branch_operator.py for tasks to queue
[2023-02-28T04:24:14.836+0000] {logging_mixin.py:137} INFO - [2023-02-28T04:24:14.835+0000] {dagbag.py:538} INFO - Filling up the DagBag from /home/airflow/.local/lib/python3.7/site-packages/airflow/example_dags/example_branch_operator.py
[2023-02-28T04:24:14.856+0000] {processor.py:753} INFO - DAG(s) dict_keys(['example_branch_operator']) retrieved from /home/airflow/.local/lib/python3.7/site-packages/airflow/example_dags/example_branch_operator.py
[2023-02-28T04:24:14.893+0000] {logging_mixin.py:137} INFO - [2023-02-28T04:24:14.893+0000] {dag.py:2690} INFO - Sync 1 DAGs
[2023-02-28T04:24:14.925+0000] {logging_mixin.py:137} INFO - [2023-02-28T04:24:14.925+0000] {dag.py:3441} INFO - Setting next_dagrun for example_branch_operator to 2023-02-27T00:00:00+00:00, run_after=2023-02-28T00:00:00+00:00
[2023-02-28T04:24:14.944+0000] {processor.py:175} INFO - Processing /home/airflow/.local/lib/python3.7/site-packages/airflow/example_dags/example_branch_operator.py took 0.116 seconds
[2023-02-28T04:24:45.047+0000] {processor.py:153} INFO - Started process (PID=271) to work on /home/airflow/.local/lib/python3.7/site-packages/airflow/example_dags/example_branch_operator.py
[2023-02-28T04:24:45.048+0000] {processor.py:743} INFO - Processing file /home/airflow/.local/lib/python3.7/site-packages/airflow/example_dags/example_branch_operator.py for tasks to queue
[2023-02-28T04:24:45.049+0000] {logging_mixin.py:137} INFO - [2023-02-28T04:24:45.049+0000] {dagbag.py:538} INFO - Filling up the DagBag from /home/airflow/.local/lib/python3.7/site-packages/airflow/example_dags/example_branch_operator.py
[2023-02-28T04:24:45.077+0000] {processor.py:753} INFO - DAG(s) dict_keys(['example_branch_operator']) retrieved from /home/airflow/.local/lib/python3.7/site-packages/airflow/example_dags/example_branch_operator.py
[2023-02-28T04:24:45.116+0000] {logging_mixin.py:137} INFO - [2023-02-28T04:24:45.116+0000] {dag.py:2690} INFO - Sync 1 DAGs
[2023-02-28T04:24:45.147+0000] {logging_mixin.py:137} INFO - [2023-02-28T04:24:45.147+0000] {dag.py:3441} INFO - Setting next_dagrun for example_branch_operator to 2023-02-27T00:00:00+00:00, run_after=2023-02-28T00:00:00+00:00
[2023-02-28T04:24:45.171+0000] {processor.py:175} INFO - Processing /home/airflow/.local/lib/python3.7/site-packages/airflow/example_dags/example_branch_operator.py took 0.130 seconds
[2023-02-28T04:25:15.460+0000] {processor.py:153} INFO - Started process (PID=348) to work on /home/airflow/.local/lib/python3.7/site-packages/airflow/example_dags/example_branch_operator.py
[2023-02-28T04:25:15.462+0000] {processor.py:743} INFO - Processing file /home/airflow/.local/lib/python3.7/site-packages/airflow/example_dags/example_branch_operator.py for tasks to queue
[2023-02-28T04:25:15.463+0000] {logging_mixin.py:137} INFO - [2023-02-28T04:25:15.462+0000] {dagbag.py:538} INFO - Filling up the DagBag from /home/airflow/.local/lib/python3.7/site-packages/airflow/example_dags/example_branch_operator.py
[2023-02-28T04:25:15.484+0000] {processor.py:753} INFO - DAG(s) dict_keys(['example_branch_operator']) retrieved from /home/airflow/.local/lib/python3.7/site-packages/airflow/example_dags/example_branch_operator.py
[2023-02-28T04:25:15.525+0000] {logging_mixin.py:137} INFO - [2023-02-28T04:25:15.525+0000] {dag.py:2690} INFO - Sync 1 DAGs
[2023-02-28T04:25:15.570+0000] {logging_mixin.py:137} INFO - [2023-02-28T04:25:15.570+0000] {dag.py:3441} INFO - Setting next_dagrun for example_branch_operator to 2023-02-27T00:00:00+00:00, run_after=2023-02-28T00:00:00+00:00
[2023-02-28T04:25:15.599+0000] {processor.py:175} INFO - Processing /home/airflow/.local/lib/python3.7/site-packages/airflow/example_dags/example_branch_operator.py took 0.143 seconds
[2023-02-28T04:25:45.621+0000] {processor.py:153} INFO - Started process (PID=414) to work on /home/airflow/.local/lib/python3.7/site-packages/airflow/example_dags/example_branch_operator.py
[2023-02-28T04:25:45.622+0000] {processor.py:743} INFO - Processing file /home/airflow/.local/lib/python3.7/site-packages/airflow/example_dags/example_branch_operator.py for tasks to queue
[2023-02-28T04:25:45.623+0000] {logging_mixin.py:137} INFO - [2023-02-28T04:25:45.623+0000] {dagbag.py:538} INFO - Filling up the DagBag from /home/airflow/.local/lib/python3.7/site-packages/airflow/example_dags/example_branch_operator.py
[2023-02-28T04:25:45.643+0000] {processor.py:753} INFO - DAG(s) dict_keys(['example_branch_operator']) retrieved from /home/airflow/.local/lib/python3.7/site-packages/airflow/example_dags/example_branch_operator.py
[2023-02-28T04:25:45.676+0000] {logging_mixin.py:137} INFO - [2023-02-28T04:25:45.676+0000] {dag.py:2690} INFO - Sync 1 DAGs
[2023-02-28T04:25:45.707+0000] {logging_mixin.py:137} INFO - [2023-02-28T04:25:45.707+0000] {dag.py:3441} INFO - Setting next_dagrun for example_branch_operator to 2023-02-27T00:00:00+00:00, run_after=2023-02-28T00:00:00+00:00
[2023-02-28T04:25:45.728+0000] {processor.py:175} INFO - Processing /home/airflow/.local/lib/python3.7/site-packages/airflow/example_dags/example_branch_operator.py took 0.111 seconds
[2023-02-28T04:26:16.124+0000] {processor.py:153} INFO - Started process (PID=478) to work on /home/airflow/.local/lib/python3.7/site-packages/airflow/example_dags/example_branch_operator.py
[2023-02-28T04:26:16.125+0000] {processor.py:743} INFO - Processing file /home/airflow/.local/lib/python3.7/site-packages/airflow/example_dags/example_branch_operator.py for tasks to queue
[2023-02-28T04:26:16.126+0000] {logging_mixin.py:137} INFO - [2023-02-28T04:26:16.125+0000] {dagbag.py:538} INFO - Filling up the DagBag from /home/airflow/.local/lib/python3.7/site-packages/airflow/example_dags/example_branch_operator.py
[2023-02-28T04:26:16.152+0000] {processor.py:753} INFO - DAG(s) dict_keys(['example_branch_operator']) retrieved from /home/airflow/.local/lib/python3.7/site-packages/airflow/example_dags/example_branch_operator.py
[2023-02-28T04:26:16.187+0000] {logging_mixin.py:137} INFO - [2023-02-28T04:26:16.186+0000] {dag.py:2690} INFO - Sync 1 DAGs
[2023-02-28T04:26:16.216+0000] {logging_mixin.py:137} INFO - [2023-02-28T04:26:16.216+0000] {dag.py:3441} INFO - Setting next_dagrun for example_branch_operator to 2023-02-27T00:00:00+00:00, run_after=2023-02-28T00:00:00+00:00
[2023-02-28T04:26:16.239+0000] {processor.py:175} INFO - Processing /home/airflow/.local/lib/python3.7/site-packages/airflow/example_dags/example_branch_operator.py took 0.120 seconds
[2023-02-28T04:26:46.429+0000] {processor.py:153} INFO - Started process (PID=554) to work on /home/airflow/.local/lib/python3.7/site-packages/airflow/example_dags/example_branch_operator.py
[2023-02-28T04:26:46.430+0000] {processor.py:743} INFO - Processing file /home/airflow/.local/lib/python3.7/site-packages/airflow/example_dags/example_branch_operator.py for tasks to queue
[2023-02-28T04:26:46.431+0000] {logging_mixin.py:137} INFO - [2023-02-28T04:26:46.431+0000] {dagbag.py:538} INFO - Filling up the DagBag from /home/airflow/.local/lib/python3.7/site-packages/airflow/example_dags/example_branch_operator.py
[2023-02-28T04:26:46.452+0000] {processor.py:753} INFO - DAG(s) dict_keys(['example_branch_operator']) retrieved from /home/airflow/.local/lib/python3.7/site-packages/airflow/example_dags/example_branch_operator.py
[2023-02-28T04:26:46.485+0000] {logging_mixin.py:137} INFO - [2023-02-28T04:26:46.485+0000] {dag.py:2690} INFO - Sync 1 DAGs
[2023-02-28T04:26:46.519+0000] {logging_mixin.py:137} INFO - [2023-02-28T04:26:46.519+0000] {dag.py:3441} INFO - Setting next_dagrun for example_branch_operator to 2023-02-27T00:00:00+00:00, run_after=2023-02-28T00:00:00+00:00
[2023-02-28T04:26:46.539+0000] {processor.py:175} INFO - Processing /home/airflow/.local/lib/python3.7/site-packages/airflow/example_dags/example_branch_operator.py took 0.115 seconds
[2023-02-28T04:27:16.805+0000] {processor.py:153} INFO - Started process (PID=617) to work on /home/airflow/.local/lib/python3.7/site-packages/airflow/example_dags/example_branch_operator.py
[2023-02-28T04:27:16.806+0000] {processor.py:743} INFO - Processing file /home/airflow/.local/lib/python3.7/site-packages/airflow/example_dags/example_branch_operator.py for tasks to queue
[2023-02-28T04:27:16.807+0000] {logging_mixin.py:137} INFO - [2023-02-28T04:27:16.807+0000] {dagbag.py:538} INFO - Filling up the DagBag from /home/airflow/.local/lib/python3.7/site-packages/airflow/example_dags/example_branch_operator.py
[2023-02-28T04:27:16.827+0000] {processor.py:753} INFO - DAG(s) dict_keys(['example_branch_operator']) retrieved from /home/airflow/.local/lib/python3.7/site-packages/airflow/example_dags/example_branch_operator.py
[2023-02-28T04:27:16.861+0000] {logging_mixin.py:137} INFO - [2023-02-28T04:27:16.860+0000] {dag.py:2690} INFO - Sync 1 DAGs
[2023-02-28T04:27:16.890+0000] {logging_mixin.py:137} INFO - [2023-02-28T04:27:16.890+0000] {dag.py:3441} INFO - Setting next_dagrun for example_branch_operator to 2023-02-27T00:00:00+00:00, run_after=2023-02-28T00:00:00+00:00
[2023-02-28T04:27:16.911+0000] {processor.py:175} INFO - Processing /home/airflow/.local/lib/python3.7/site-packages/airflow/example_dags/example_branch_operator.py took 0.110 seconds
[2023-02-28T04:27:47.248+0000] {processor.py:153} INFO - Started process (PID=695) to work on /home/airflow/.local/lib/python3.7/site-packages/airflow/example_dags/example_branch_operator.py
[2023-02-28T04:27:47.249+0000] {processor.py:743} INFO - Processing file /home/airflow/.local/lib/python3.7/site-packages/airflow/example_dags/example_branch_operator.py for tasks to queue
[2023-02-28T04:27:47.250+0000] {logging_mixin.py:137} INFO - [2023-02-28T04:27:47.250+0000] {dagbag.py:538} INFO - Filling up the DagBag from /home/airflow/.local/lib/python3.7/site-packages/airflow/example_dags/example_branch_operator.py
[2023-02-28T04:27:47.269+0000] {processor.py:753} INFO - DAG(s) dict_keys(['example_branch_operator']) retrieved from /home/airflow/.local/lib/python3.7/site-packages/airflow/example_dags/example_branch_operator.py
[2023-02-28T04:27:47.299+0000] {logging_mixin.py:137} INFO - [2023-02-28T04:27:47.299+0000] {dag.py:2690} INFO - Sync 1 DAGs
[2023-02-28T04:27:47.329+0000] {logging_mixin.py:137} INFO - [2023-02-28T04:27:47.329+0000] {dag.py:3441} INFO - Setting next_dagrun for example_branch_operator to 2023-02-27T00:00:00+00:00, run_after=2023-02-28T00:00:00+00:00
[2023-02-28T04:27:47.349+0000] {processor.py:175} INFO - Processing /home/airflow/.local/lib/python3.7/site-packages/airflow/example_dags/example_branch_operator.py took 0.106 seconds
[2023-02-28T04:28:18.269+0000] {processor.py:153} INFO - Started process (PID=761) to work on /home/airflow/.local/lib/python3.7/site-packages/airflow/example_dags/example_branch_operator.py
[2023-02-28T04:28:18.270+0000] {processor.py:743} INFO - Processing file /home/airflow/.local/lib/python3.7/site-packages/airflow/example_dags/example_branch_operator.py for tasks to queue
[2023-02-28T04:28:18.271+0000] {logging_mixin.py:137} INFO - [2023-02-28T04:28:18.271+0000] {dagbag.py:538} INFO - Filling up the DagBag from /home/airflow/.local/lib/python3.7/site-packages/airflow/example_dags/example_branch_operator.py
[2023-02-28T04:28:18.292+0000] {processor.py:753} INFO - DAG(s) dict_keys(['example_branch_operator']) retrieved from /home/airflow/.local/lib/python3.7/site-packages/airflow/example_dags/example_branch_operator.py
[2023-02-28T04:28:18.328+0000] {logging_mixin.py:137} INFO - [2023-02-28T04:28:18.328+0000] {dag.py:2690} INFO - Sync 1 DAGs
[2023-02-28T04:28:18.370+0000] {logging_mixin.py:137} INFO - [2023-02-28T04:28:18.370+0000] {dag.py:3441} INFO - Setting next_dagrun for example_branch_operator to 2023-02-27T00:00:00+00:00, run_after=2023-02-28T00:00:00+00:00
[2023-02-28T04:28:18.393+0000] {processor.py:175} INFO - Processing /home/airflow/.local/lib/python3.7/site-packages/airflow/example_dags/example_branch_operator.py took 0.129 seconds
[2023-02-28T04:28:48.679+0000] {processor.py:153} INFO - Started process (PID=838) to work on /home/airflow/.local/lib/python3.7/site-packages/airflow/example_dags/example_branch_operator.py
[2023-02-28T04:28:48.681+0000] {processor.py:743} INFO - Processing file /home/airflow/.local/lib/python3.7/site-packages/airflow/example_dags/example_branch_operator.py for tasks to queue
[2023-02-28T04:28:48.682+0000] {logging_mixin.py:137} INFO - [2023-02-28T04:28:48.682+0000] {dagbag.py:538} INFO - Filling up the DagBag from /home/airflow/.local/lib/python3.7/site-packages/airflow/example_dags/example_branch_operator.py
[2023-02-28T04:28:48.708+0000] {processor.py:753} INFO - DAG(s) dict_keys(['example_branch_operator']) retrieved from /home/airflow/.local/lib/python3.7/site-packages/airflow/example_dags/example_branch_operator.py
[2023-02-28T04:28:48.751+0000] {logging_mixin.py:137} INFO - [2023-02-28T04:28:48.750+0000] {dag.py:2690} INFO - Sync 1 DAGs
[2023-02-28T04:28:48.792+0000] {logging_mixin.py:137} INFO - [2023-02-28T04:28:48.791+0000] {dag.py:3441} INFO - Setting next_dagrun for example_branch_operator to 2023-02-27T00:00:00+00:00, run_after=2023-02-28T00:00:00+00:00
[2023-02-28T04:28:48.815+0000] {processor.py:175} INFO - Processing /home/airflow/.local/lib/python3.7/site-packages/airflow/example_dags/example_branch_operator.py took 0.141 seconds
[2023-02-28T04:29:18.935+0000] {processor.py:153} INFO - Started process (PID=902) to work on /home/airflow/.local/lib/python3.7/site-packages/airflow/example_dags/example_branch_operator.py
[2023-02-28T04:29:18.936+0000] {processor.py:743} INFO - Processing file /home/airflow/.local/lib/python3.7/site-packages/airflow/example_dags/example_branch_operator.py for tasks to queue
[2023-02-28T04:29:18.937+0000] {logging_mixin.py:137} INFO - [2023-02-28T04:29:18.937+0000] {dagbag.py:538} INFO - Filling up the DagBag from /home/airflow/.local/lib/python3.7/site-packages/airflow/example_dags/example_branch_operator.py
[2023-02-28T04:29:18.961+0000] {processor.py:753} INFO - DAG(s) dict_keys(['example_branch_operator']) retrieved from /home/airflow/.local/lib/python3.7/site-packages/airflow/example_dags/example_branch_operator.py
[2023-02-28T04:29:18.996+0000] {logging_mixin.py:137} INFO - [2023-02-28T04:29:18.996+0000] {dag.py:2690} INFO - Sync 1 DAGs
[2023-02-28T04:29:19.028+0000] {logging_mixin.py:137} INFO - [2023-02-28T04:29:19.028+0000] {dag.py:3441} INFO - Setting next_dagrun for example_branch_operator to 2023-02-27T00:00:00+00:00, run_after=2023-02-28T00:00:00+00:00
[2023-02-28T04:29:19.050+0000] {processor.py:175} INFO - Processing /home/airflow/.local/lib/python3.7/site-packages/airflow/example_dags/example_branch_operator.py took 0.119 seconds
[2023-02-28T04:29:49.288+0000] {processor.py:153} INFO - Started process (PID=967) to work on /home/airflow/.local/lib/python3.7/site-packages/airflow/example_dags/example_branch_operator.py
[2023-02-28T04:29:49.289+0000] {processor.py:743} INFO - Processing file /home/airflow/.local/lib/python3.7/site-packages/airflow/example_dags/example_branch_operator.py for tasks to queue
[2023-02-28T04:29:49.290+0000] {logging_mixin.py:137} INFO - [2023-02-28T04:29:49.290+0000] {dagbag.py:538} INFO - Filling up the DagBag from /home/airflow/.local/lib/python3.7/site-packages/airflow/example_dags/example_branch_operator.py
[2023-02-28T04:29:49.311+0000] {processor.py:753} INFO - DAG(s) dict_keys(['example_branch_operator']) retrieved from /home/airflow/.local/lib/python3.7/site-packages/airflow/example_dags/example_branch_operator.py
[2023-02-28T04:29:49.341+0000] {logging_mixin.py:137} INFO - [2023-02-28T04:29:49.341+0000] {dag.py:2690} INFO - Sync 1 DAGs
[2023-02-28T04:29:49.397+0000] {logging_mixin.py:137} INFO - [2023-02-28T04:29:49.395+0000] {dag.py:3441} INFO - Setting next_dagrun for example_branch_operator to 2023-02-27T00:00:00+00:00, run_after=2023-02-28T00:00:00+00:00
[2023-02-28T04:29:49.444+0000] {processor.py:175} INFO - Processing /home/airflow/.local/lib/python3.7/site-packages/airflow/example_dags/example_branch_operator.py took 0.161 seconds
[2023-02-28T04:30:19.631+0000] {processor.py:153} INFO - Started process (PID=1044) to work on /home/airflow/.local/lib/python3.7/site-packages/airflow/example_dags/example_branch_operator.py
[2023-02-28T04:30:19.632+0000] {processor.py:743} INFO - Processing file /home/airflow/.local/lib/python3.7/site-packages/airflow/example_dags/example_branch_operator.py for tasks to queue
[2023-02-28T04:30:19.632+0000] {logging_mixin.py:137} INFO - [2023-02-28T04:30:19.632+0000] {dagbag.py:538} INFO - Filling up the DagBag from /home/airflow/.local/lib/python3.7/site-packages/airflow/example_dags/example_branch_operator.py
[2023-02-28T04:30:19.652+0000] {processor.py:753} INFO - DAG(s) dict_keys(['example_branch_operator']) retrieved from /home/airflow/.local/lib/python3.7/site-packages/airflow/example_dags/example_branch_operator.py
[2023-02-28T04:30:19.687+0000] {logging_mixin.py:137} INFO - [2023-02-28T04:30:19.687+0000] {dag.py:2690} INFO - Sync 1 DAGs
[2023-02-28T04:30:19.718+0000] {logging_mixin.py:137} INFO - [2023-02-28T04:30:19.718+0000] {dag.py:3441} INFO - Setting next_dagrun for example_branch_operator to 2023-02-27T00:00:00+00:00, run_after=2023-02-28T00:00:00+00:00
[2023-02-28T04:30:19.740+0000] {processor.py:175} INFO - Processing /home/airflow/.local/lib/python3.7/site-packages/airflow/example_dags/example_branch_operator.py took 0.113 seconds
[2023-02-28T04:30:49.929+0000] {processor.py:153} INFO - Started process (PID=1109) to work on /home/airflow/.local/lib/python3.7/site-packages/airflow/example_dags/example_branch_operator.py
[2023-02-28T04:30:49.931+0000] {processor.py:743} INFO - Processing file /home/airflow/.local/lib/python3.7/site-packages/airflow/example_dags/example_branch_operator.py for tasks to queue
[2023-02-28T04:30:49.931+0000] {logging_mixin.py:137} INFO - [2023-02-28T04:30:49.931+0000] {dagbag.py:538} INFO - Filling up the DagBag from /home/airflow/.local/lib/python3.7/site-packages/airflow/example_dags/example_branch_operator.py
[2023-02-28T04:30:49.951+0000] {processor.py:753} INFO - DAG(s) dict_keys(['example_branch_operator']) retrieved from /home/airflow/.local/lib/python3.7/site-packages/airflow/example_dags/example_branch_operator.py
[2023-02-28T04:30:49.982+0000] {logging_mixin.py:137} INFO - [2023-02-28T04:30:49.982+0000] {dag.py:2690} INFO - Sync 1 DAGs
[2023-02-28T04:30:50.013+0000] {logging_mixin.py:137} INFO - [2023-02-28T04:30:50.013+0000] {dag.py:3441} INFO - Setting next_dagrun for example_branch_operator to 2023-02-27T00:00:00+00:00, run_after=2023-02-28T00:00:00+00:00
[2023-02-28T04:30:50.034+0000] {processor.py:175} INFO - Processing /home/airflow/.local/lib/python3.7/site-packages/airflow/example_dags/example_branch_operator.py took 0.109 seconds
[2023-02-28T04:31:20.588+0000] {processor.py:153} INFO - Started process (PID=1184) to work on /home/airflow/.local/lib/python3.7/site-packages/airflow/example_dags/example_branch_operator.py
[2023-02-28T04:31:20.589+0000] {processor.py:743} INFO - Processing file /home/airflow/.local/lib/python3.7/site-packages/airflow/example_dags/example_branch_operator.py for tasks to queue
[2023-02-28T04:31:20.590+0000] {logging_mixin.py:137} INFO - [2023-02-28T04:31:20.589+0000] {dagbag.py:538} INFO - Filling up the DagBag from /home/airflow/.local/lib/python3.7/site-packages/airflow/example_dags/example_branch_operator.py
[2023-02-28T04:31:20.629+0000] {processor.py:753} INFO - DAG(s) dict_keys(['example_branch_operator']) retrieved from /home/airflow/.local/lib/python3.7/site-packages/airflow/example_dags/example_branch_operator.py
[2023-02-28T04:31:20.672+0000] {logging_mixin.py:137} INFO - [2023-02-28T04:31:20.672+0000] {dag.py:2690} INFO - Sync 1 DAGs
[2023-02-28T04:31:20.717+0000] {logging_mixin.py:137} INFO - [2023-02-28T04:31:20.717+0000] {dag.py:3441} INFO - Setting next_dagrun for example_branch_operator to 2023-02-27T00:00:00+00:00, run_after=2023-02-28T00:00:00+00:00
[2023-02-28T04:31:20.745+0000] {processor.py:175} INFO - Processing /home/airflow/.local/lib/python3.7/site-packages/airflow/example_dags/example_branch_operator.py took 0.181 seconds
