[2023-02-28T03:50:06.069+0000] {processor.py:153} INFO - Started process (PID=52) to work on /home/airflow/.local/lib/python3.7/site-packages/airflow/example_dags/example_nested_branch_dag.py
[2023-02-28T03:50:06.070+0000] {processor.py:743} INFO - Processing file /home/airflow/.local/lib/python3.7/site-packages/airflow/example_dags/example_nested_branch_dag.py for tasks to queue
[2023-02-28T03:50:06.071+0000] {logging_mixin.py:137} INFO - [2023-02-28T03:50:06.071+0000] {dagbag.py:538} INFO - Filling up the DagBag from /home/airflow/.local/lib/python3.7/site-packages/airflow/example_dags/example_nested_branch_dag.py
[2023-02-28T03:50:06.119+0000] {processor.py:753} INFO - DAG(s) dict_keys(['example_nested_branch_dag']) retrieved from /home/airflow/.local/lib/python3.7/site-packages/airflow/example_dags/example_nested_branch_dag.py
[2023-02-28T03:50:06.160+0000] {logging_mixin.py:137} INFO - [2023-02-28T03:50:06.160+0000] {dag.py:2690} INFO - Sync 1 DAGs
[2023-02-28T03:50:06.252+0000] {logging_mixin.py:137} INFO - [2023-02-28T03:50:06.252+0000] {dag.py:3441} INFO - Setting next_dagrun for example_nested_branch_dag to 2023-02-27T00:00:00+00:00, run_after=2023-02-28T00:00:00+00:00
[2023-02-28T03:50:06.294+0000] {processor.py:175} INFO - Processing /home/airflow/.local/lib/python3.7/site-packages/airflow/example_dags/example_nested_branch_dag.py took 0.232 seconds
[2023-02-28T03:50:36.452+0000] {processor.py:153} INFO - Started process (PID=118) to work on /home/airflow/.local/lib/python3.7/site-packages/airflow/example_dags/example_nested_branch_dag.py
[2023-02-28T03:50:36.452+0000] {processor.py:743} INFO - Processing file /home/airflow/.local/lib/python3.7/site-packages/airflow/example_dags/example_nested_branch_dag.py for tasks to queue
[2023-02-28T03:50:36.453+0000] {logging_mixin.py:137} INFO - [2023-02-28T03:50:36.453+0000] {dagbag.py:538} INFO - Filling up the DagBag from /home/airflow/.local/lib/python3.7/site-packages/airflow/example_dags/example_nested_branch_dag.py
[2023-02-28T03:50:36.483+0000] {processor.py:753} INFO - DAG(s) dict_keys(['example_nested_branch_dag']) retrieved from /home/airflow/.local/lib/python3.7/site-packages/airflow/example_dags/example_nested_branch_dag.py
[2023-02-28T03:50:36.511+0000] {logging_mixin.py:137} INFO - [2023-02-28T03:50:36.511+0000] {dag.py:2690} INFO - Sync 1 DAGs
[2023-02-28T03:50:36.541+0000] {logging_mixin.py:137} INFO - [2023-02-28T03:50:36.541+0000] {dag.py:3441} INFO - Setting next_dagrun for example_nested_branch_dag to 2023-02-27T00:00:00+00:00, run_after=2023-02-28T00:00:00+00:00
[2023-02-28T03:50:36.560+0000] {processor.py:175} INFO - Processing /home/airflow/.local/lib/python3.7/site-packages/airflow/example_dags/example_nested_branch_dag.py took 0.112 seconds
[2023-02-28T03:51:06.738+0000] {processor.py:153} INFO - Started process (PID=189) to work on /home/airflow/.local/lib/python3.7/site-packages/airflow/example_dags/example_nested_branch_dag.py
[2023-02-28T03:51:06.740+0000] {processor.py:743} INFO - Processing file /home/airflow/.local/lib/python3.7/site-packages/airflow/example_dags/example_nested_branch_dag.py for tasks to queue
[2023-02-28T03:51:06.741+0000] {logging_mixin.py:137} INFO - [2023-02-28T03:51:06.741+0000] {dagbag.py:538} INFO - Filling up the DagBag from /home/airflow/.local/lib/python3.7/site-packages/airflow/example_dags/example_nested_branch_dag.py
[2023-02-28T03:51:06.784+0000] {processor.py:753} INFO - DAG(s) dict_keys(['example_nested_branch_dag']) retrieved from /home/airflow/.local/lib/python3.7/site-packages/airflow/example_dags/example_nested_branch_dag.py
[2023-02-28T03:51:06.826+0000] {logging_mixin.py:137} INFO - [2023-02-28T03:51:06.826+0000] {dag.py:2690} INFO - Sync 1 DAGs
[2023-02-28T03:51:06.873+0000] {logging_mixin.py:137} INFO - [2023-02-28T03:51:06.872+0000] {dag.py:3441} INFO - Setting next_dagrun for example_nested_branch_dag to 2023-02-27T00:00:00+00:00, run_after=2023-02-28T00:00:00+00:00
[2023-02-28T03:51:06.900+0000] {processor.py:175} INFO - Processing /home/airflow/.local/lib/python3.7/site-packages/airflow/example_dags/example_nested_branch_dag.py took 0.167 seconds
[2023-02-28T03:51:37.629+0000] {processor.py:153} INFO - Started process (PID=258) to work on /home/airflow/.local/lib/python3.7/site-packages/airflow/example_dags/example_nested_branch_dag.py
[2023-02-28T03:51:37.630+0000] {processor.py:743} INFO - Processing file /home/airflow/.local/lib/python3.7/site-packages/airflow/example_dags/example_nested_branch_dag.py for tasks to queue
[2023-02-28T03:51:37.631+0000] {logging_mixin.py:137} INFO - [2023-02-28T03:51:37.631+0000] {dagbag.py:538} INFO - Filling up the DagBag from /home/airflow/.local/lib/python3.7/site-packages/airflow/example_dags/example_nested_branch_dag.py
[2023-02-28T03:51:37.660+0000] {processor.py:753} INFO - DAG(s) dict_keys(['example_nested_branch_dag']) retrieved from /home/airflow/.local/lib/python3.7/site-packages/airflow/example_dags/example_nested_branch_dag.py
[2023-02-28T03:51:37.697+0000] {logging_mixin.py:137} INFO - [2023-02-28T03:51:37.697+0000] {dag.py:2690} INFO - Sync 1 DAGs
[2023-02-28T03:51:37.738+0000] {logging_mixin.py:137} INFO - [2023-02-28T03:51:37.738+0000] {dag.py:3441} INFO - Setting next_dagrun for example_nested_branch_dag to 2023-02-27T00:00:00+00:00, run_after=2023-02-28T00:00:00+00:00
[2023-02-28T03:51:37.763+0000] {processor.py:175} INFO - Processing /home/airflow/.local/lib/python3.7/site-packages/airflow/example_dags/example_nested_branch_dag.py took 0.139 seconds
[2023-02-28T03:52:08.475+0000] {processor.py:153} INFO - Started process (PID=322) to work on /home/airflow/.local/lib/python3.7/site-packages/airflow/example_dags/example_nested_branch_dag.py
[2023-02-28T03:52:08.477+0000] {processor.py:743} INFO - Processing file /home/airflow/.local/lib/python3.7/site-packages/airflow/example_dags/example_nested_branch_dag.py for tasks to queue
[2023-02-28T03:52:08.478+0000] {logging_mixin.py:137} INFO - [2023-02-28T03:52:08.478+0000] {dagbag.py:538} INFO - Filling up the DagBag from /home/airflow/.local/lib/python3.7/site-packages/airflow/example_dags/example_nested_branch_dag.py
[2023-02-28T03:52:08.516+0000] {processor.py:753} INFO - DAG(s) dict_keys(['example_nested_branch_dag']) retrieved from /home/airflow/.local/lib/python3.7/site-packages/airflow/example_dags/example_nested_branch_dag.py
[2023-02-28T03:52:08.555+0000] {logging_mixin.py:137} INFO - [2023-02-28T03:52:08.555+0000] {dag.py:2690} INFO - Sync 1 DAGs
[2023-02-28T03:52:08.598+0000] {logging_mixin.py:137} INFO - [2023-02-28T03:52:08.598+0000] {dag.py:3441} INFO - Setting next_dagrun for example_nested_branch_dag to 2023-02-27T00:00:00+00:00, run_after=2023-02-28T00:00:00+00:00
[2023-02-28T03:52:08.624+0000] {processor.py:175} INFO - Processing /home/airflow/.local/lib/python3.7/site-packages/airflow/example_dags/example_nested_branch_dag.py took 0.154 seconds
[2023-02-28T03:52:38.925+0000] {processor.py:153} INFO - Started process (PID=400) to work on /home/airflow/.local/lib/python3.7/site-packages/airflow/example_dags/example_nested_branch_dag.py
[2023-02-28T03:52:38.926+0000] {processor.py:743} INFO - Processing file /home/airflow/.local/lib/python3.7/site-packages/airflow/example_dags/example_nested_branch_dag.py for tasks to queue
[2023-02-28T03:52:38.927+0000] {logging_mixin.py:137} INFO - [2023-02-28T03:52:38.927+0000] {dagbag.py:538} INFO - Filling up the DagBag from /home/airflow/.local/lib/python3.7/site-packages/airflow/example_dags/example_nested_branch_dag.py
[2023-02-28T03:52:38.955+0000] {processor.py:753} INFO - DAG(s) dict_keys(['example_nested_branch_dag']) retrieved from /home/airflow/.local/lib/python3.7/site-packages/airflow/example_dags/example_nested_branch_dag.py
[2023-02-28T03:52:38.985+0000] {logging_mixin.py:137} INFO - [2023-02-28T03:52:38.985+0000] {dag.py:2690} INFO - Sync 1 DAGs
[2023-02-28T03:52:39.018+0000] {logging_mixin.py:137} INFO - [2023-02-28T03:52:39.017+0000] {dag.py:3441} INFO - Setting next_dagrun for example_nested_branch_dag to 2023-02-27T00:00:00+00:00, run_after=2023-02-28T00:00:00+00:00
[2023-02-28T03:52:39.038+0000] {processor.py:175} INFO - Processing /home/airflow/.local/lib/python3.7/site-packages/airflow/example_dags/example_nested_branch_dag.py took 0.117 seconds
[2023-02-28T03:53:09.727+0000] {processor.py:153} INFO - Started process (PID=465) to work on /home/airflow/.local/lib/python3.7/site-packages/airflow/example_dags/example_nested_branch_dag.py
[2023-02-28T03:53:09.728+0000] {processor.py:743} INFO - Processing file /home/airflow/.local/lib/python3.7/site-packages/airflow/example_dags/example_nested_branch_dag.py for tasks to queue
[2023-02-28T03:53:09.729+0000] {logging_mixin.py:137} INFO - [2023-02-28T03:53:09.729+0000] {dagbag.py:538} INFO - Filling up the DagBag from /home/airflow/.local/lib/python3.7/site-packages/airflow/example_dags/example_nested_branch_dag.py
[2023-02-28T03:53:09.762+0000] {processor.py:753} INFO - DAG(s) dict_keys(['example_nested_branch_dag']) retrieved from /home/airflow/.local/lib/python3.7/site-packages/airflow/example_dags/example_nested_branch_dag.py
[2023-02-28T03:53:09.801+0000] {logging_mixin.py:137} INFO - [2023-02-28T03:53:09.801+0000] {dag.py:2690} INFO - Sync 1 DAGs
[2023-02-28T03:53:09.839+0000] {logging_mixin.py:137} INFO - [2023-02-28T03:53:09.839+0000] {dag.py:3441} INFO - Setting next_dagrun for example_nested_branch_dag to 2023-02-27T00:00:00+00:00, run_after=2023-02-28T00:00:00+00:00
[2023-02-28T03:53:09.859+0000] {processor.py:175} INFO - Processing /home/airflow/.local/lib/python3.7/site-packages/airflow/example_dags/example_nested_branch_dag.py took 0.137 seconds
[2023-02-28T03:53:40.237+0000] {processor.py:153} INFO - Started process (PID=540) to work on /home/airflow/.local/lib/python3.7/site-packages/airflow/example_dags/example_nested_branch_dag.py
[2023-02-28T03:53:40.239+0000] {processor.py:743} INFO - Processing file /home/airflow/.local/lib/python3.7/site-packages/airflow/example_dags/example_nested_branch_dag.py for tasks to queue
[2023-02-28T03:53:40.240+0000] {logging_mixin.py:137} INFO - [2023-02-28T03:53:40.240+0000] {dagbag.py:538} INFO - Filling up the DagBag from /home/airflow/.local/lib/python3.7/site-packages/airflow/example_dags/example_nested_branch_dag.py
[2023-02-28T03:53:40.279+0000] {processor.py:753} INFO - DAG(s) dict_keys(['example_nested_branch_dag']) retrieved from /home/airflow/.local/lib/python3.7/site-packages/airflow/example_dags/example_nested_branch_dag.py
[2023-02-28T03:53:40.321+0000] {logging_mixin.py:137} INFO - [2023-02-28T03:53:40.320+0000] {dag.py:2690} INFO - Sync 1 DAGs
[2023-02-28T03:53:40.363+0000] {logging_mixin.py:137} INFO - [2023-02-28T03:53:40.363+0000] {dag.py:3441} INFO - Setting next_dagrun for example_nested_branch_dag to 2023-02-27T00:00:00+00:00, run_after=2023-02-28T00:00:00+00:00
[2023-02-28T03:53:40.389+0000] {processor.py:175} INFO - Processing /home/airflow/.local/lib/python3.7/site-packages/airflow/example_dags/example_nested_branch_dag.py took 0.158 seconds
[2023-02-28T03:54:10.443+0000] {processor.py:153} INFO - Started process (PID=609) to work on /home/airflow/.local/lib/python3.7/site-packages/airflow/example_dags/example_nested_branch_dag.py
[2023-02-28T03:54:10.444+0000] {processor.py:743} INFO - Processing file /home/airflow/.local/lib/python3.7/site-packages/airflow/example_dags/example_nested_branch_dag.py for tasks to queue
[2023-02-28T03:54:10.444+0000] {logging_mixin.py:137} INFO - [2023-02-28T03:54:10.444+0000] {dagbag.py:538} INFO - Filling up the DagBag from /home/airflow/.local/lib/python3.7/site-packages/airflow/example_dags/example_nested_branch_dag.py
[2023-02-28T03:54:10.473+0000] {processor.py:753} INFO - DAG(s) dict_keys(['example_nested_branch_dag']) retrieved from /home/airflow/.local/lib/python3.7/site-packages/airflow/example_dags/example_nested_branch_dag.py
[2023-02-28T03:54:10.510+0000] {logging_mixin.py:137} INFO - [2023-02-28T03:54:10.510+0000] {dag.py:2690} INFO - Sync 1 DAGs
[2023-02-28T03:54:10.552+0000] {logging_mixin.py:137} INFO - [2023-02-28T03:54:10.551+0000] {dag.py:3441} INFO - Setting next_dagrun for example_nested_branch_dag to 2023-02-27T00:00:00+00:00, run_after=2023-02-28T00:00:00+00:00
[2023-02-28T03:54:10.582+0000] {processor.py:175} INFO - Processing /home/airflow/.local/lib/python3.7/site-packages/airflow/example_dags/example_nested_branch_dag.py took 0.144 seconds
[2023-02-28T03:54:41.556+0000] {processor.py:153} INFO - Started process (PID=672) to work on /home/airflow/.local/lib/python3.7/site-packages/airflow/example_dags/example_nested_branch_dag.py
[2023-02-28T03:54:41.558+0000] {processor.py:743} INFO - Processing file /home/airflow/.local/lib/python3.7/site-packages/airflow/example_dags/example_nested_branch_dag.py for tasks to queue
[2023-02-28T03:54:41.559+0000] {logging_mixin.py:137} INFO - [2023-02-28T03:54:41.558+0000] {dagbag.py:538} INFO - Filling up the DagBag from /home/airflow/.local/lib/python3.7/site-packages/airflow/example_dags/example_nested_branch_dag.py
[2023-02-28T03:54:41.614+0000] {processor.py:753} INFO - DAG(s) dict_keys(['example_nested_branch_dag']) retrieved from /home/airflow/.local/lib/python3.7/site-packages/airflow/example_dags/example_nested_branch_dag.py
[2023-02-28T03:54:41.653+0000] {logging_mixin.py:137} INFO - [2023-02-28T03:54:41.653+0000] {dag.py:2690} INFO - Sync 1 DAGs
[2023-02-28T03:54:41.697+0000] {logging_mixin.py:137} INFO - [2023-02-28T03:54:41.697+0000] {dag.py:3441} INFO - Setting next_dagrun for example_nested_branch_dag to 2023-02-27T00:00:00+00:00, run_after=2023-02-28T00:00:00+00:00
[2023-02-28T03:54:41.722+0000] {processor.py:175} INFO - Processing /home/airflow/.local/lib/python3.7/site-packages/airflow/example_dags/example_nested_branch_dag.py took 0.172 seconds
[2023-02-28T03:55:12.163+0000] {processor.py:153} INFO - Started process (PID=748) to work on /home/airflow/.local/lib/python3.7/site-packages/airflow/example_dags/example_nested_branch_dag.py
[2023-02-28T03:55:12.165+0000] {processor.py:743} INFO - Processing file /home/airflow/.local/lib/python3.7/site-packages/airflow/example_dags/example_nested_branch_dag.py for tasks to queue
[2023-02-28T03:55:12.166+0000] {logging_mixin.py:137} INFO - [2023-02-28T03:55:12.165+0000] {dagbag.py:538} INFO - Filling up the DagBag from /home/airflow/.local/lib/python3.7/site-packages/airflow/example_dags/example_nested_branch_dag.py
[2023-02-28T03:55:12.205+0000] {processor.py:753} INFO - DAG(s) dict_keys(['example_nested_branch_dag']) retrieved from /home/airflow/.local/lib/python3.7/site-packages/airflow/example_dags/example_nested_branch_dag.py
[2023-02-28T03:55:12.239+0000] {logging_mixin.py:137} INFO - [2023-02-28T03:55:12.239+0000] {dag.py:2690} INFO - Sync 1 DAGs
[2023-02-28T03:55:12.279+0000] {logging_mixin.py:137} INFO - [2023-02-28T03:55:12.279+0000] {dag.py:3441} INFO - Setting next_dagrun for example_nested_branch_dag to 2023-02-27T00:00:00+00:00, run_after=2023-02-28T00:00:00+00:00
[2023-02-28T03:55:12.306+0000] {processor.py:175} INFO - Processing /home/airflow/.local/lib/python3.7/site-packages/airflow/example_dags/example_nested_branch_dag.py took 0.148 seconds
[2023-02-28T03:55:42.361+0000] {processor.py:153} INFO - Started process (PID=812) to work on /home/airflow/.local/lib/python3.7/site-packages/airflow/example_dags/example_nested_branch_dag.py
[2023-02-28T03:55:42.363+0000] {processor.py:743} INFO - Processing file /home/airflow/.local/lib/python3.7/site-packages/airflow/example_dags/example_nested_branch_dag.py for tasks to queue
[2023-02-28T03:55:42.364+0000] {logging_mixin.py:137} INFO - [2023-02-28T03:55:42.364+0000] {dagbag.py:538} INFO - Filling up the DagBag from /home/airflow/.local/lib/python3.7/site-packages/airflow/example_dags/example_nested_branch_dag.py
[2023-02-28T03:55:42.394+0000] {processor.py:753} INFO - DAG(s) dict_keys(['example_nested_branch_dag']) retrieved from /home/airflow/.local/lib/python3.7/site-packages/airflow/example_dags/example_nested_branch_dag.py
[2023-02-28T03:55:42.424+0000] {logging_mixin.py:137} INFO - [2023-02-28T03:55:42.424+0000] {dag.py:2690} INFO - Sync 1 DAGs
[2023-02-28T03:55:42.455+0000] {logging_mixin.py:137} INFO - [2023-02-28T03:55:42.455+0000] {dag.py:3441} INFO - Setting next_dagrun for example_nested_branch_dag to 2023-02-27T00:00:00+00:00, run_after=2023-02-28T00:00:00+00:00
[2023-02-28T03:55:42.477+0000] {processor.py:175} INFO - Processing /home/airflow/.local/lib/python3.7/site-packages/airflow/example_dags/example_nested_branch_dag.py took 0.121 seconds
[2023-02-28T03:56:13.222+0000] {processor.py:153} INFO - Started process (PID=885) to work on /home/airflow/.local/lib/python3.7/site-packages/airflow/example_dags/example_nested_branch_dag.py
[2023-02-28T03:56:13.223+0000] {processor.py:743} INFO - Processing file /home/airflow/.local/lib/python3.7/site-packages/airflow/example_dags/example_nested_branch_dag.py for tasks to queue
[2023-02-28T03:56:13.235+0000] {logging_mixin.py:137} INFO - [2023-02-28T03:56:13.235+0000] {dagbag.py:538} INFO - Filling up the DagBag from /home/airflow/.local/lib/python3.7/site-packages/airflow/example_dags/example_nested_branch_dag.py
[2023-02-28T03:56:13.289+0000] {processor.py:753} INFO - DAG(s) dict_keys(['example_nested_branch_dag']) retrieved from /home/airflow/.local/lib/python3.7/site-packages/airflow/example_dags/example_nested_branch_dag.py
[2023-02-28T03:56:13.334+0000] {logging_mixin.py:137} INFO - [2023-02-28T03:56:13.334+0000] {dag.py:2690} INFO - Sync 1 DAGs
[2023-02-28T03:56:13.377+0000] {logging_mixin.py:137} INFO - [2023-02-28T03:56:13.377+0000] {dag.py:3441} INFO - Setting next_dagrun for example_nested_branch_dag to 2023-02-27T00:00:00+00:00, run_after=2023-02-28T00:00:00+00:00
[2023-02-28T03:56:13.424+0000] {processor.py:175} INFO - Processing /home/airflow/.local/lib/python3.7/site-packages/airflow/example_dags/example_nested_branch_dag.py took 0.207 seconds
[2023-02-28T03:56:43.976+0000] {processor.py:153} INFO - Started process (PID=953) to work on /home/airflow/.local/lib/python3.7/site-packages/airflow/example_dags/example_nested_branch_dag.py
[2023-02-28T03:56:43.978+0000] {processor.py:743} INFO - Processing file /home/airflow/.local/lib/python3.7/site-packages/airflow/example_dags/example_nested_branch_dag.py for tasks to queue
[2023-02-28T03:56:43.979+0000] {logging_mixin.py:137} INFO - [2023-02-28T03:56:43.979+0000] {dagbag.py:538} INFO - Filling up the DagBag from /home/airflow/.local/lib/python3.7/site-packages/airflow/example_dags/example_nested_branch_dag.py
[2023-02-28T03:56:44.006+0000] {processor.py:753} INFO - DAG(s) dict_keys(['example_nested_branch_dag']) retrieved from /home/airflow/.local/lib/python3.7/site-packages/airflow/example_dags/example_nested_branch_dag.py
[2023-02-28T03:56:44.046+0000] {logging_mixin.py:137} INFO - [2023-02-28T03:56:44.046+0000] {dag.py:2690} INFO - Sync 1 DAGs
[2023-02-28T03:56:44.082+0000] {logging_mixin.py:137} INFO - [2023-02-28T03:56:44.082+0000] {dag.py:3441} INFO - Setting next_dagrun for example_nested_branch_dag to 2023-02-27T00:00:00+00:00, run_after=2023-02-28T00:00:00+00:00
[2023-02-28T03:56:44.103+0000] {processor.py:175} INFO - Processing /home/airflow/.local/lib/python3.7/site-packages/airflow/example_dags/example_nested_branch_dag.py took 0.130 seconds
[2023-02-28T03:57:14.731+0000] {processor.py:153} INFO - Started process (PID=1016) to work on /home/airflow/.local/lib/python3.7/site-packages/airflow/example_dags/example_nested_branch_dag.py
[2023-02-28T03:57:14.732+0000] {processor.py:743} INFO - Processing file /home/airflow/.local/lib/python3.7/site-packages/airflow/example_dags/example_nested_branch_dag.py for tasks to queue
[2023-02-28T03:57:14.733+0000] {logging_mixin.py:137} INFO - [2023-02-28T03:57:14.733+0000] {dagbag.py:538} INFO - Filling up the DagBag from /home/airflow/.local/lib/python3.7/site-packages/airflow/example_dags/example_nested_branch_dag.py
[2023-02-28T03:57:14.782+0000] {processor.py:753} INFO - DAG(s) dict_keys(['example_nested_branch_dag']) retrieved from /home/airflow/.local/lib/python3.7/site-packages/airflow/example_dags/example_nested_branch_dag.py
[2023-02-28T03:57:14.823+0000] {logging_mixin.py:137} INFO - [2023-02-28T03:57:14.823+0000] {dag.py:2690} INFO - Sync 1 DAGs
[2023-02-28T03:57:14.866+0000] {logging_mixin.py:137} INFO - [2023-02-28T03:57:14.865+0000] {dag.py:3441} INFO - Setting next_dagrun for example_nested_branch_dag to 2023-02-27T00:00:00+00:00, run_after=2023-02-28T00:00:00+00:00
[2023-02-28T03:57:14.891+0000] {processor.py:175} INFO - Processing /home/airflow/.local/lib/python3.7/site-packages/airflow/example_dags/example_nested_branch_dag.py took 0.167 seconds
[2023-02-28T03:57:45.521+0000] {processor.py:153} INFO - Started process (PID=1093) to work on /home/airflow/.local/lib/python3.7/site-packages/airflow/example_dags/example_nested_branch_dag.py
[2023-02-28T03:57:45.523+0000] {processor.py:743} INFO - Processing file /home/airflow/.local/lib/python3.7/site-packages/airflow/example_dags/example_nested_branch_dag.py for tasks to queue
[2023-02-28T03:57:45.524+0000] {logging_mixin.py:137} INFO - [2023-02-28T03:57:45.524+0000] {dagbag.py:538} INFO - Filling up the DagBag from /home/airflow/.local/lib/python3.7/site-packages/airflow/example_dags/example_nested_branch_dag.py
[2023-02-28T03:57:45.554+0000] {processor.py:753} INFO - DAG(s) dict_keys(['example_nested_branch_dag']) retrieved from /home/airflow/.local/lib/python3.7/site-packages/airflow/example_dags/example_nested_branch_dag.py
[2023-02-28T03:57:45.591+0000] {logging_mixin.py:137} INFO - [2023-02-28T03:57:45.591+0000] {dag.py:2690} INFO - Sync 1 DAGs
[2023-02-28T03:57:45.632+0000] {logging_mixin.py:137} INFO - [2023-02-28T03:57:45.631+0000] {dag.py:3441} INFO - Setting next_dagrun for example_nested_branch_dag to 2023-02-27T00:00:00+00:00, run_after=2023-02-28T00:00:00+00:00
[2023-02-28T03:57:45.657+0000] {processor.py:175} INFO - Processing /home/airflow/.local/lib/python3.7/site-packages/airflow/example_dags/example_nested_branch_dag.py took 0.141 seconds
[2023-02-28T03:58:16.328+0000] {processor.py:153} INFO - Started process (PID=1158) to work on /home/airflow/.local/lib/python3.7/site-packages/airflow/example_dags/example_nested_branch_dag.py
[2023-02-28T03:58:16.328+0000] {processor.py:743} INFO - Processing file /home/airflow/.local/lib/python3.7/site-packages/airflow/example_dags/example_nested_branch_dag.py for tasks to queue
[2023-02-28T03:58:16.329+0000] {logging_mixin.py:137} INFO - [2023-02-28T03:58:16.329+0000] {dagbag.py:538} INFO - Filling up the DagBag from /home/airflow/.local/lib/python3.7/site-packages/airflow/example_dags/example_nested_branch_dag.py
[2023-02-28T03:58:16.365+0000] {processor.py:753} INFO - DAG(s) dict_keys(['example_nested_branch_dag']) retrieved from /home/airflow/.local/lib/python3.7/site-packages/airflow/example_dags/example_nested_branch_dag.py
[2023-02-28T03:58:16.422+0000] {logging_mixin.py:137} INFO - [2023-02-28T03:58:16.421+0000] {dag.py:2690} INFO - Sync 1 DAGs
[2023-02-28T03:58:16.464+0000] {logging_mixin.py:137} INFO - [2023-02-28T03:58:16.464+0000] {dag.py:3441} INFO - Setting next_dagrun for example_nested_branch_dag to 2023-02-27T00:00:00+00:00, run_after=2023-02-28T00:00:00+00:00
[2023-02-28T03:58:16.491+0000] {processor.py:175} INFO - Processing /home/airflow/.local/lib/python3.7/site-packages/airflow/example_dags/example_nested_branch_dag.py took 0.167 seconds
[2023-02-28T03:58:46.887+0000] {processor.py:153} INFO - Started process (PID=1235) to work on /home/airflow/.local/lib/python3.7/site-packages/airflow/example_dags/example_nested_branch_dag.py
[2023-02-28T03:58:46.889+0000] {processor.py:743} INFO - Processing file /home/airflow/.local/lib/python3.7/site-packages/airflow/example_dags/example_nested_branch_dag.py for tasks to queue
[2023-02-28T03:58:46.890+0000] {logging_mixin.py:137} INFO - [2023-02-28T03:58:46.890+0000] {dagbag.py:538} INFO - Filling up the DagBag from /home/airflow/.local/lib/python3.7/site-packages/airflow/example_dags/example_nested_branch_dag.py
[2023-02-28T03:58:46.928+0000] {processor.py:753} INFO - DAG(s) dict_keys(['example_nested_branch_dag']) retrieved from /home/airflow/.local/lib/python3.7/site-packages/airflow/example_dags/example_nested_branch_dag.py
[2023-02-28T03:58:46.972+0000] {logging_mixin.py:137} INFO - [2023-02-28T03:58:46.971+0000] {dag.py:2690} INFO - Sync 1 DAGs
[2023-02-28T03:58:47.016+0000] {logging_mixin.py:137} INFO - [2023-02-28T03:58:47.015+0000] {dag.py:3441} INFO - Setting next_dagrun for example_nested_branch_dag to 2023-02-27T00:00:00+00:00, run_after=2023-02-28T00:00:00+00:00
[2023-02-28T03:58:47.039+0000] {processor.py:175} INFO - Processing /home/airflow/.local/lib/python3.7/site-packages/airflow/example_dags/example_nested_branch_dag.py took 0.158 seconds
[2023-02-28T03:59:17.878+0000] {processor.py:153} INFO - Started process (PID=1299) to work on /home/airflow/.local/lib/python3.7/site-packages/airflow/example_dags/example_nested_branch_dag.py
[2023-02-28T03:59:17.880+0000] {processor.py:743} INFO - Processing file /home/airflow/.local/lib/python3.7/site-packages/airflow/example_dags/example_nested_branch_dag.py for tasks to queue
[2023-02-28T03:59:17.881+0000] {logging_mixin.py:137} INFO - [2023-02-28T03:59:17.880+0000] {dagbag.py:538} INFO - Filling up the DagBag from /home/airflow/.local/lib/python3.7/site-packages/airflow/example_dags/example_nested_branch_dag.py
[2023-02-28T03:59:17.920+0000] {processor.py:753} INFO - DAG(s) dict_keys(['example_nested_branch_dag']) retrieved from /home/airflow/.local/lib/python3.7/site-packages/airflow/example_dags/example_nested_branch_dag.py
[2023-02-28T03:59:17.954+0000] {logging_mixin.py:137} INFO - [2023-02-28T03:59:17.954+0000] {dag.py:2690} INFO - Sync 1 DAGs
[2023-02-28T03:59:17.985+0000] {logging_mixin.py:137} INFO - [2023-02-28T03:59:17.985+0000] {dag.py:3441} INFO - Setting next_dagrun for example_nested_branch_dag to 2023-02-27T00:00:00+00:00, run_after=2023-02-28T00:00:00+00:00
[2023-02-28T03:59:18.004+0000] {processor.py:175} INFO - Processing /home/airflow/.local/lib/python3.7/site-packages/airflow/example_dags/example_nested_branch_dag.py took 0.132 seconds
[2023-02-28T03:59:48.161+0000] {processor.py:153} INFO - Started process (PID=1372) to work on /home/airflow/.local/lib/python3.7/site-packages/airflow/example_dags/example_nested_branch_dag.py
[2023-02-28T03:59:48.162+0000] {processor.py:743} INFO - Processing file /home/airflow/.local/lib/python3.7/site-packages/airflow/example_dags/example_nested_branch_dag.py for tasks to queue
[2023-02-28T03:59:48.163+0000] {logging_mixin.py:137} INFO - [2023-02-28T03:59:48.163+0000] {dagbag.py:538} INFO - Filling up the DagBag from /home/airflow/.local/lib/python3.7/site-packages/airflow/example_dags/example_nested_branch_dag.py
[2023-02-28T03:59:48.202+0000] {processor.py:753} INFO - DAG(s) dict_keys(['example_nested_branch_dag']) retrieved from /home/airflow/.local/lib/python3.7/site-packages/airflow/example_dags/example_nested_branch_dag.py
[2023-02-28T03:59:48.244+0000] {logging_mixin.py:137} INFO - [2023-02-28T03:59:48.244+0000] {dag.py:2690} INFO - Sync 1 DAGs
[2023-02-28T03:59:48.287+0000] {logging_mixin.py:137} INFO - [2023-02-28T03:59:48.286+0000] {dag.py:3441} INFO - Setting next_dagrun for example_nested_branch_dag to 2023-02-27T00:00:00+00:00, run_after=2023-02-28T00:00:00+00:00
[2023-02-28T03:59:48.314+0000] {processor.py:175} INFO - Processing /home/airflow/.local/lib/python3.7/site-packages/airflow/example_dags/example_nested_branch_dag.py took 0.158 seconds
[2023-02-28T04:00:18.420+0000] {processor.py:153} INFO - Started process (PID=1441) to work on /home/airflow/.local/lib/python3.7/site-packages/airflow/example_dags/example_nested_branch_dag.py
[2023-02-28T04:00:18.422+0000] {processor.py:743} INFO - Processing file /home/airflow/.local/lib/python3.7/site-packages/airflow/example_dags/example_nested_branch_dag.py for tasks to queue
[2023-02-28T04:00:18.423+0000] {logging_mixin.py:137} INFO - [2023-02-28T04:00:18.422+0000] {dagbag.py:538} INFO - Filling up the DagBag from /home/airflow/.local/lib/python3.7/site-packages/airflow/example_dags/example_nested_branch_dag.py
[2023-02-28T04:00:18.464+0000] {processor.py:753} INFO - DAG(s) dict_keys(['example_nested_branch_dag']) retrieved from /home/airflow/.local/lib/python3.7/site-packages/airflow/example_dags/example_nested_branch_dag.py
[2023-02-28T04:00:18.506+0000] {logging_mixin.py:137} INFO - [2023-02-28T04:00:18.505+0000] {dag.py:2690} INFO - Sync 1 DAGs
[2023-02-28T04:00:18.540+0000] {logging_mixin.py:137} INFO - [2023-02-28T04:00:18.540+0000] {dag.py:3441} INFO - Setting next_dagrun for example_nested_branch_dag to 2023-02-27T00:00:00+00:00, run_after=2023-02-28T00:00:00+00:00
[2023-02-28T04:00:18.559+0000] {processor.py:175} INFO - Processing /home/airflow/.local/lib/python3.7/site-packages/airflow/example_dags/example_nested_branch_dag.py took 0.145 seconds
[2023-02-28T04:00:48.651+0000] {processor.py:153} INFO - Started process (PID=1504) to work on /home/airflow/.local/lib/python3.7/site-packages/airflow/example_dags/example_nested_branch_dag.py
[2023-02-28T04:00:48.652+0000] {processor.py:743} INFO - Processing file /home/airflow/.local/lib/python3.7/site-packages/airflow/example_dags/example_nested_branch_dag.py for tasks to queue
[2023-02-28T04:00:48.653+0000] {logging_mixin.py:137} INFO - [2023-02-28T04:00:48.653+0000] {dagbag.py:538} INFO - Filling up the DagBag from /home/airflow/.local/lib/python3.7/site-packages/airflow/example_dags/example_nested_branch_dag.py
[2023-02-28T04:00:48.681+0000] {processor.py:753} INFO - DAG(s) dict_keys(['example_nested_branch_dag']) retrieved from /home/airflow/.local/lib/python3.7/site-packages/airflow/example_dags/example_nested_branch_dag.py
[2023-02-28T04:00:48.711+0000] {logging_mixin.py:137} INFO - [2023-02-28T04:00:48.711+0000] {dag.py:2690} INFO - Sync 1 DAGs
[2023-02-28T04:00:48.740+0000] {logging_mixin.py:137} INFO - [2023-02-28T04:00:48.740+0000] {dag.py:3441} INFO - Setting next_dagrun for example_nested_branch_dag to 2023-02-27T00:00:00+00:00, run_after=2023-02-28T00:00:00+00:00
[2023-02-28T04:00:48.759+0000] {processor.py:175} INFO - Processing /home/airflow/.local/lib/python3.7/site-packages/airflow/example_dags/example_nested_branch_dag.py took 0.113 seconds
[2023-02-28T04:01:19.126+0000] {processor.py:153} INFO - Started process (PID=1581) to work on /home/airflow/.local/lib/python3.7/site-packages/airflow/example_dags/example_nested_branch_dag.py
[2023-02-28T04:01:19.126+0000] {processor.py:743} INFO - Processing file /home/airflow/.local/lib/python3.7/site-packages/airflow/example_dags/example_nested_branch_dag.py for tasks to queue
[2023-02-28T04:01:19.127+0000] {logging_mixin.py:137} INFO - [2023-02-28T04:01:19.127+0000] {dagbag.py:538} INFO - Filling up the DagBag from /home/airflow/.local/lib/python3.7/site-packages/airflow/example_dags/example_nested_branch_dag.py
[2023-02-28T04:01:19.156+0000] {processor.py:753} INFO - DAG(s) dict_keys(['example_nested_branch_dag']) retrieved from /home/airflow/.local/lib/python3.7/site-packages/airflow/example_dags/example_nested_branch_dag.py
[2023-02-28T04:01:19.190+0000] {logging_mixin.py:137} INFO - [2023-02-28T04:01:19.190+0000] {dag.py:2690} INFO - Sync 1 DAGs
[2023-02-28T04:01:19.226+0000] {logging_mixin.py:137} INFO - [2023-02-28T04:01:19.226+0000] {dag.py:3441} INFO - Setting next_dagrun for example_nested_branch_dag to 2023-02-27T00:00:00+00:00, run_after=2023-02-28T00:00:00+00:00
[2023-02-28T04:01:19.256+0000] {processor.py:175} INFO - Processing /home/airflow/.local/lib/python3.7/site-packages/airflow/example_dags/example_nested_branch_dag.py took 0.135 seconds
[2023-02-28T04:01:49.288+0000] {processor.py:153} INFO - Started process (PID=1644) to work on /home/airflow/.local/lib/python3.7/site-packages/airflow/example_dags/example_nested_branch_dag.py
[2023-02-28T04:01:49.289+0000] {processor.py:743} INFO - Processing file /home/airflow/.local/lib/python3.7/site-packages/airflow/example_dags/example_nested_branch_dag.py for tasks to queue
[2023-02-28T04:01:49.290+0000] {logging_mixin.py:137} INFO - [2023-02-28T04:01:49.290+0000] {dagbag.py:538} INFO - Filling up the DagBag from /home/airflow/.local/lib/python3.7/site-packages/airflow/example_dags/example_nested_branch_dag.py
[2023-02-28T04:01:49.318+0000] {processor.py:753} INFO - DAG(s) dict_keys(['example_nested_branch_dag']) retrieved from /home/airflow/.local/lib/python3.7/site-packages/airflow/example_dags/example_nested_branch_dag.py
[2023-02-28T04:01:49.346+0000] {logging_mixin.py:137} INFO - [2023-02-28T04:01:49.346+0000] {dag.py:2690} INFO - Sync 1 DAGs
[2023-02-28T04:01:49.376+0000] {logging_mixin.py:137} INFO - [2023-02-28T04:01:49.376+0000] {dag.py:3441} INFO - Setting next_dagrun for example_nested_branch_dag to 2023-02-27T00:00:00+00:00, run_after=2023-02-28T00:00:00+00:00
[2023-02-28T04:01:49.398+0000] {processor.py:175} INFO - Processing /home/airflow/.local/lib/python3.7/site-packages/airflow/example_dags/example_nested_branch_dag.py took 0.115 seconds
[2023-02-28T04:02:19.910+0000] {processor.py:153} INFO - Started process (PID=1717) to work on /home/airflow/.local/lib/python3.7/site-packages/airflow/example_dags/example_nested_branch_dag.py
[2023-02-28T04:02:19.912+0000] {processor.py:743} INFO - Processing file /home/airflow/.local/lib/python3.7/site-packages/airflow/example_dags/example_nested_branch_dag.py for tasks to queue
[2023-02-28T04:02:19.913+0000] {logging_mixin.py:137} INFO - [2023-02-28T04:02:19.912+0000] {dagbag.py:538} INFO - Filling up the DagBag from /home/airflow/.local/lib/python3.7/site-packages/airflow/example_dags/example_nested_branch_dag.py
[2023-02-28T04:02:19.951+0000] {processor.py:753} INFO - DAG(s) dict_keys(['example_nested_branch_dag']) retrieved from /home/airflow/.local/lib/python3.7/site-packages/airflow/example_dags/example_nested_branch_dag.py
[2023-02-28T04:02:19.998+0000] {logging_mixin.py:137} INFO - [2023-02-28T04:02:19.998+0000] {dag.py:2690} INFO - Sync 1 DAGs
[2023-02-28T04:02:20.043+0000] {logging_mixin.py:137} INFO - [2023-02-28T04:02:20.043+0000] {dag.py:3441} INFO - Setting next_dagrun for example_nested_branch_dag to 2023-02-27T00:00:00+00:00, run_after=2023-02-28T00:00:00+00:00
[2023-02-28T04:02:20.071+0000] {processor.py:175} INFO - Processing /home/airflow/.local/lib/python3.7/site-packages/airflow/example_dags/example_nested_branch_dag.py took 0.166 seconds
[2023-02-28T04:02:50.256+0000] {processor.py:153} INFO - Started process (PID=1787) to work on /home/airflow/.local/lib/python3.7/site-packages/airflow/example_dags/example_nested_branch_dag.py
[2023-02-28T04:02:50.258+0000] {processor.py:743} INFO - Processing file /home/airflow/.local/lib/python3.7/site-packages/airflow/example_dags/example_nested_branch_dag.py for tasks to queue
[2023-02-28T04:02:50.258+0000] {logging_mixin.py:137} INFO - [2023-02-28T04:02:50.258+0000] {dagbag.py:538} INFO - Filling up the DagBag from /home/airflow/.local/lib/python3.7/site-packages/airflow/example_dags/example_nested_branch_dag.py
[2023-02-28T04:02:50.290+0000] {processor.py:753} INFO - DAG(s) dict_keys(['example_nested_branch_dag']) retrieved from /home/airflow/.local/lib/python3.7/site-packages/airflow/example_dags/example_nested_branch_dag.py
[2023-02-28T04:02:50.329+0000] {logging_mixin.py:137} INFO - [2023-02-28T04:02:50.329+0000] {dag.py:2690} INFO - Sync 1 DAGs
[2023-02-28T04:02:50.370+0000] {logging_mixin.py:137} INFO - [2023-02-28T04:02:50.370+0000] {dag.py:3441} INFO - Setting next_dagrun for example_nested_branch_dag to 2023-02-27T00:00:00+00:00, run_after=2023-02-28T00:00:00+00:00
[2023-02-28T04:02:50.394+0000] {processor.py:175} INFO - Processing /home/airflow/.local/lib/python3.7/site-packages/airflow/example_dags/example_nested_branch_dag.py took 0.144 seconds
[2023-02-28T04:03:20.472+0000] {processor.py:153} INFO - Started process (PID=1850) to work on /home/airflow/.local/lib/python3.7/site-packages/airflow/example_dags/example_nested_branch_dag.py
[2023-02-28T04:03:20.473+0000] {processor.py:743} INFO - Processing file /home/airflow/.local/lib/python3.7/site-packages/airflow/example_dags/example_nested_branch_dag.py for tasks to queue
[2023-02-28T04:03:20.474+0000] {logging_mixin.py:137} INFO - [2023-02-28T04:03:20.474+0000] {dagbag.py:538} INFO - Filling up the DagBag from /home/airflow/.local/lib/python3.7/site-packages/airflow/example_dags/example_nested_branch_dag.py
[2023-02-28T04:03:20.505+0000] {processor.py:753} INFO - DAG(s) dict_keys(['example_nested_branch_dag']) retrieved from /home/airflow/.local/lib/python3.7/site-packages/airflow/example_dags/example_nested_branch_dag.py
[2023-02-28T04:03:20.538+0000] {logging_mixin.py:137} INFO - [2023-02-28T04:03:20.538+0000] {dag.py:2690} INFO - Sync 1 DAGs
[2023-02-28T04:03:20.572+0000] {logging_mixin.py:137} INFO - [2023-02-28T04:03:20.572+0000] {dag.py:3441} INFO - Setting next_dagrun for example_nested_branch_dag to 2023-02-27T00:00:00+00:00, run_after=2023-02-28T00:00:00+00:00
[2023-02-28T04:03:20.595+0000] {processor.py:175} INFO - Processing /home/airflow/.local/lib/python3.7/site-packages/airflow/example_dags/example_nested_branch_dag.py took 0.127 seconds
[2023-02-28T04:03:51.061+0000] {processor.py:153} INFO - Started process (PID=1926) to work on /home/airflow/.local/lib/python3.7/site-packages/airflow/example_dags/example_nested_branch_dag.py
[2023-02-28T04:03:51.062+0000] {processor.py:743} INFO - Processing file /home/airflow/.local/lib/python3.7/site-packages/airflow/example_dags/example_nested_branch_dag.py for tasks to queue
[2023-02-28T04:03:51.063+0000] {logging_mixin.py:137} INFO - [2023-02-28T04:03:51.063+0000] {dagbag.py:538} INFO - Filling up the DagBag from /home/airflow/.local/lib/python3.7/site-packages/airflow/example_dags/example_nested_branch_dag.py
[2023-02-28T04:03:51.102+0000] {processor.py:753} INFO - DAG(s) dict_keys(['example_nested_branch_dag']) retrieved from /home/airflow/.local/lib/python3.7/site-packages/airflow/example_dags/example_nested_branch_dag.py
[2023-02-28T04:03:51.134+0000] {logging_mixin.py:137} INFO - [2023-02-28T04:03:51.134+0000] {dag.py:2690} INFO - Sync 1 DAGs
[2023-02-28T04:03:51.165+0000] {logging_mixin.py:137} INFO - [2023-02-28T04:03:51.165+0000] {dag.py:3441} INFO - Setting next_dagrun for example_nested_branch_dag to 2023-02-27T00:00:00+00:00, run_after=2023-02-28T00:00:00+00:00
[2023-02-28T04:03:51.187+0000] {processor.py:175} INFO - Processing /home/airflow/.local/lib/python3.7/site-packages/airflow/example_dags/example_nested_branch_dag.py took 0.131 seconds
[2023-02-28T04:04:22.047+0000] {processor.py:153} INFO - Started process (PID=1991) to work on /home/airflow/.local/lib/python3.7/site-packages/airflow/example_dags/example_nested_branch_dag.py
[2023-02-28T04:04:22.048+0000] {processor.py:743} INFO - Processing file /home/airflow/.local/lib/python3.7/site-packages/airflow/example_dags/example_nested_branch_dag.py for tasks to queue
[2023-02-28T04:04:22.049+0000] {logging_mixin.py:137} INFO - [2023-02-28T04:04:22.048+0000] {dagbag.py:538} INFO - Filling up the DagBag from /home/airflow/.local/lib/python3.7/site-packages/airflow/example_dags/example_nested_branch_dag.py
[2023-02-28T04:04:22.084+0000] {processor.py:753} INFO - DAG(s) dict_keys(['example_nested_branch_dag']) retrieved from /home/airflow/.local/lib/python3.7/site-packages/airflow/example_dags/example_nested_branch_dag.py
[2023-02-28T04:04:22.133+0000] {logging_mixin.py:137} INFO - [2023-02-28T04:04:22.133+0000] {dag.py:2690} INFO - Sync 1 DAGs
[2023-02-28T04:04:22.162+0000] {logging_mixin.py:137} INFO - [2023-02-28T04:04:22.162+0000] {dag.py:3441} INFO - Setting next_dagrun for example_nested_branch_dag to 2023-02-27T00:00:00+00:00, run_after=2023-02-28T00:00:00+00:00
[2023-02-28T04:04:22.182+0000] {processor.py:175} INFO - Processing /home/airflow/.local/lib/python3.7/site-packages/airflow/example_dags/example_nested_branch_dag.py took 0.140 seconds
[2023-02-28T04:04:52.286+0000] {processor.py:153} INFO - Started process (PID=2065) to work on /home/airflow/.local/lib/python3.7/site-packages/airflow/example_dags/example_nested_branch_dag.py
[2023-02-28T04:04:52.287+0000] {processor.py:743} INFO - Processing file /home/airflow/.local/lib/python3.7/site-packages/airflow/example_dags/example_nested_branch_dag.py for tasks to queue
[2023-02-28T04:04:52.288+0000] {logging_mixin.py:137} INFO - [2023-02-28T04:04:52.288+0000] {dagbag.py:538} INFO - Filling up the DagBag from /home/airflow/.local/lib/python3.7/site-packages/airflow/example_dags/example_nested_branch_dag.py
[2023-02-28T04:04:52.327+0000] {processor.py:753} INFO - DAG(s) dict_keys(['example_nested_branch_dag']) retrieved from /home/airflow/.local/lib/python3.7/site-packages/airflow/example_dags/example_nested_branch_dag.py
[2023-02-28T04:04:52.358+0000] {logging_mixin.py:137} INFO - [2023-02-28T04:04:52.358+0000] {dag.py:2690} INFO - Sync 1 DAGs
[2023-02-28T04:04:52.391+0000] {logging_mixin.py:137} INFO - [2023-02-28T04:04:52.390+0000] {dag.py:3441} INFO - Setting next_dagrun for example_nested_branch_dag to 2023-02-27T00:00:00+00:00, run_after=2023-02-28T00:00:00+00:00
[2023-02-28T04:04:52.415+0000] {processor.py:175} INFO - Processing /home/airflow/.local/lib/python3.7/site-packages/airflow/example_dags/example_nested_branch_dag.py took 0.135 seconds
[2023-02-28T04:05:22.472+0000] {processor.py:153} INFO - Started process (PID=2131) to work on /home/airflow/.local/lib/python3.7/site-packages/airflow/example_dags/example_nested_branch_dag.py
[2023-02-28T04:05:22.474+0000] {processor.py:743} INFO - Processing file /home/airflow/.local/lib/python3.7/site-packages/airflow/example_dags/example_nested_branch_dag.py for tasks to queue
[2023-02-28T04:05:22.475+0000] {logging_mixin.py:137} INFO - [2023-02-28T04:05:22.474+0000] {dagbag.py:538} INFO - Filling up the DagBag from /home/airflow/.local/lib/python3.7/site-packages/airflow/example_dags/example_nested_branch_dag.py
[2023-02-28T04:05:22.504+0000] {processor.py:753} INFO - DAG(s) dict_keys(['example_nested_branch_dag']) retrieved from /home/airflow/.local/lib/python3.7/site-packages/airflow/example_dags/example_nested_branch_dag.py
[2023-02-28T04:05:22.535+0000] {logging_mixin.py:137} INFO - [2023-02-28T04:05:22.535+0000] {dag.py:2690} INFO - Sync 1 DAGs
[2023-02-28T04:05:22.569+0000] {logging_mixin.py:137} INFO - [2023-02-28T04:05:22.568+0000] {dag.py:3441} INFO - Setting next_dagrun for example_nested_branch_dag to 2023-02-27T00:00:00+00:00, run_after=2023-02-28T00:00:00+00:00
[2023-02-28T04:05:22.591+0000] {processor.py:175} INFO - Processing /home/airflow/.local/lib/python3.7/site-packages/airflow/example_dags/example_nested_branch_dag.py took 0.124 seconds
[2023-02-28T04:05:52.861+0000] {processor.py:153} INFO - Started process (PID=2197) to work on /home/airflow/.local/lib/python3.7/site-packages/airflow/example_dags/example_nested_branch_dag.py
[2023-02-28T04:05:52.862+0000] {processor.py:743} INFO - Processing file /home/airflow/.local/lib/python3.7/site-packages/airflow/example_dags/example_nested_branch_dag.py for tasks to queue
[2023-02-28T04:05:52.863+0000] {logging_mixin.py:137} INFO - [2023-02-28T04:05:52.863+0000] {dagbag.py:538} INFO - Filling up the DagBag from /home/airflow/.local/lib/python3.7/site-packages/airflow/example_dags/example_nested_branch_dag.py
[2023-02-28T04:05:52.902+0000] {processor.py:753} INFO - DAG(s) dict_keys(['example_nested_branch_dag']) retrieved from /home/airflow/.local/lib/python3.7/site-packages/airflow/example_dags/example_nested_branch_dag.py
[2023-02-28T04:05:52.943+0000] {logging_mixin.py:137} INFO - [2023-02-28T04:05:52.943+0000] {dag.py:2690} INFO - Sync 1 DAGs
[2023-02-28T04:05:52.988+0000] {logging_mixin.py:137} INFO - [2023-02-28T04:05:52.988+0000] {dag.py:3441} INFO - Setting next_dagrun for example_nested_branch_dag to 2023-02-27T00:00:00+00:00, run_after=2023-02-28T00:00:00+00:00
[2023-02-28T04:05:53.014+0000] {processor.py:175} INFO - Processing /home/airflow/.local/lib/python3.7/site-packages/airflow/example_dags/example_nested_branch_dag.py took 0.158 seconds
[2023-02-28T04:06:23.132+0000] {processor.py:153} INFO - Started process (PID=2275) to work on /home/airflow/.local/lib/python3.7/site-packages/airflow/example_dags/example_nested_branch_dag.py
[2023-02-28T04:06:23.134+0000] {processor.py:743} INFO - Processing file /home/airflow/.local/lib/python3.7/site-packages/airflow/example_dags/example_nested_branch_dag.py for tasks to queue
[2023-02-28T04:06:23.135+0000] {logging_mixin.py:137} INFO - [2023-02-28T04:06:23.134+0000] {dagbag.py:538} INFO - Filling up the DagBag from /home/airflow/.local/lib/python3.7/site-packages/airflow/example_dags/example_nested_branch_dag.py
[2023-02-28T04:06:23.162+0000] {processor.py:753} INFO - DAG(s) dict_keys(['example_nested_branch_dag']) retrieved from /home/airflow/.local/lib/python3.7/site-packages/airflow/example_dags/example_nested_branch_dag.py
[2023-02-28T04:06:23.193+0000] {logging_mixin.py:137} INFO - [2023-02-28T04:06:23.193+0000] {dag.py:2690} INFO - Sync 1 DAGs
[2023-02-28T04:06:23.223+0000] {logging_mixin.py:137} INFO - [2023-02-28T04:06:23.223+0000] {dag.py:3441} INFO - Setting next_dagrun for example_nested_branch_dag to 2023-02-27T00:00:00+00:00, run_after=2023-02-28T00:00:00+00:00
[2023-02-28T04:06:23.243+0000] {processor.py:175} INFO - Processing /home/airflow/.local/lib/python3.7/site-packages/airflow/example_dags/example_nested_branch_dag.py took 0.116 seconds
[2023-02-28T04:06:53.325+0000] {processor.py:153} INFO - Started process (PID=2341) to work on /home/airflow/.local/lib/python3.7/site-packages/airflow/example_dags/example_nested_branch_dag.py
[2023-02-28T04:06:53.327+0000] {processor.py:743} INFO - Processing file /home/airflow/.local/lib/python3.7/site-packages/airflow/example_dags/example_nested_branch_dag.py for tasks to queue
[2023-02-28T04:06:53.328+0000] {logging_mixin.py:137} INFO - [2023-02-28T04:06:53.327+0000] {dagbag.py:538} INFO - Filling up the DagBag from /home/airflow/.local/lib/python3.7/site-packages/airflow/example_dags/example_nested_branch_dag.py
[2023-02-28T04:06:53.363+0000] {processor.py:753} INFO - DAG(s) dict_keys(['example_nested_branch_dag']) retrieved from /home/airflow/.local/lib/python3.7/site-packages/airflow/example_dags/example_nested_branch_dag.py
[2023-02-28T04:06:53.400+0000] {logging_mixin.py:137} INFO - [2023-02-28T04:06:53.400+0000] {dag.py:2690} INFO - Sync 1 DAGs
[2023-02-28T04:06:53.443+0000] {logging_mixin.py:137} INFO - [2023-02-28T04:06:53.442+0000] {dag.py:3441} INFO - Setting next_dagrun for example_nested_branch_dag to 2023-02-27T00:00:00+00:00, run_after=2023-02-28T00:00:00+00:00
[2023-02-28T04:06:53.468+0000] {processor.py:175} INFO - Processing /home/airflow/.local/lib/python3.7/site-packages/airflow/example_dags/example_nested_branch_dag.py took 0.148 seconds
[2023-02-28T04:07:23.569+0000] {processor.py:153} INFO - Started process (PID=2416) to work on /home/airflow/.local/lib/python3.7/site-packages/airflow/example_dags/example_nested_branch_dag.py
[2023-02-28T04:07:23.570+0000] {processor.py:743} INFO - Processing file /home/airflow/.local/lib/python3.7/site-packages/airflow/example_dags/example_nested_branch_dag.py for tasks to queue
[2023-02-28T04:07:23.571+0000] {logging_mixin.py:137} INFO - [2023-02-28T04:07:23.570+0000] {dagbag.py:538} INFO - Filling up the DagBag from /home/airflow/.local/lib/python3.7/site-packages/airflow/example_dags/example_nested_branch_dag.py
[2023-02-28T04:07:23.610+0000] {processor.py:753} INFO - DAG(s) dict_keys(['example_nested_branch_dag']) retrieved from /home/airflow/.local/lib/python3.7/site-packages/airflow/example_dags/example_nested_branch_dag.py
[2023-02-28T04:07:23.642+0000] {logging_mixin.py:137} INFO - [2023-02-28T04:07:23.642+0000] {dag.py:2690} INFO - Sync 1 DAGs
[2023-02-28T04:07:23.673+0000] {logging_mixin.py:137} INFO - [2023-02-28T04:07:23.673+0000] {dag.py:3441} INFO - Setting next_dagrun for example_nested_branch_dag to 2023-02-27T00:00:00+00:00, run_after=2023-02-28T00:00:00+00:00
[2023-02-28T04:07:23.694+0000] {processor.py:175} INFO - Processing /home/airflow/.local/lib/python3.7/site-packages/airflow/example_dags/example_nested_branch_dag.py took 0.131 seconds
[2023-02-28T04:07:53.800+0000] {processor.py:153} INFO - Started process (PID=2481) to work on /home/airflow/.local/lib/python3.7/site-packages/airflow/example_dags/example_nested_branch_dag.py
[2023-02-28T04:07:53.802+0000] {processor.py:743} INFO - Processing file /home/airflow/.local/lib/python3.7/site-packages/airflow/example_dags/example_nested_branch_dag.py for tasks to queue
[2023-02-28T04:07:53.803+0000] {logging_mixin.py:137} INFO - [2023-02-28T04:07:53.803+0000] {dagbag.py:538} INFO - Filling up the DagBag from /home/airflow/.local/lib/python3.7/site-packages/airflow/example_dags/example_nested_branch_dag.py
[2023-02-28T04:07:53.832+0000] {processor.py:753} INFO - DAG(s) dict_keys(['example_nested_branch_dag']) retrieved from /home/airflow/.local/lib/python3.7/site-packages/airflow/example_dags/example_nested_branch_dag.py
[2023-02-28T04:07:53.863+0000] {logging_mixin.py:137} INFO - [2023-02-28T04:07:53.862+0000] {dag.py:2690} INFO - Sync 1 DAGs
[2023-02-28T04:07:53.894+0000] {logging_mixin.py:137} INFO - [2023-02-28T04:07:53.894+0000] {dag.py:3441} INFO - Setting next_dagrun for example_nested_branch_dag to 2023-02-27T00:00:00+00:00, run_after=2023-02-28T00:00:00+00:00
[2023-02-28T04:07:53.916+0000] {processor.py:175} INFO - Processing /home/airflow/.local/lib/python3.7/site-packages/airflow/example_dags/example_nested_branch_dag.py took 0.121 seconds
[2023-02-28T04:08:24.306+0000] {processor.py:153} INFO - Started process (PID=2546) to work on /home/airflow/.local/lib/python3.7/site-packages/airflow/example_dags/example_nested_branch_dag.py
[2023-02-28T04:08:24.311+0000] {processor.py:743} INFO - Processing file /home/airflow/.local/lib/python3.7/site-packages/airflow/example_dags/example_nested_branch_dag.py for tasks to queue
[2023-02-28T04:08:24.313+0000] {logging_mixin.py:137} INFO - [2023-02-28T04:08:24.313+0000] {dagbag.py:538} INFO - Filling up the DagBag from /home/airflow/.local/lib/python3.7/site-packages/airflow/example_dags/example_nested_branch_dag.py
[2023-02-28T04:08:24.357+0000] {processor.py:753} INFO - DAG(s) dict_keys(['example_nested_branch_dag']) retrieved from /home/airflow/.local/lib/python3.7/site-packages/airflow/example_dags/example_nested_branch_dag.py
[2023-02-28T04:08:24.396+0000] {logging_mixin.py:137} INFO - [2023-02-28T04:08:24.396+0000] {dag.py:2690} INFO - Sync 1 DAGs
[2023-02-28T04:08:24.427+0000] {logging_mixin.py:137} INFO - [2023-02-28T04:08:24.427+0000] {dag.py:3441} INFO - Setting next_dagrun for example_nested_branch_dag to 2023-02-27T00:00:00+00:00, run_after=2023-02-28T00:00:00+00:00
[2023-02-28T04:08:24.448+0000] {processor.py:175} INFO - Processing /home/airflow/.local/lib/python3.7/site-packages/airflow/example_dags/example_nested_branch_dag.py took 0.147 seconds
[2023-02-28T04:08:54.559+0000] {processor.py:153} INFO - Started process (PID=2621) to work on /home/airflow/.local/lib/python3.7/site-packages/airflow/example_dags/example_nested_branch_dag.py
[2023-02-28T04:08:54.561+0000] {processor.py:743} INFO - Processing file /home/airflow/.local/lib/python3.7/site-packages/airflow/example_dags/example_nested_branch_dag.py for tasks to queue
[2023-02-28T04:08:54.562+0000] {logging_mixin.py:137} INFO - [2023-02-28T04:08:54.562+0000] {dagbag.py:538} INFO - Filling up the DagBag from /home/airflow/.local/lib/python3.7/site-packages/airflow/example_dags/example_nested_branch_dag.py
[2023-02-28T04:08:54.590+0000] {processor.py:753} INFO - DAG(s) dict_keys(['example_nested_branch_dag']) retrieved from /home/airflow/.local/lib/python3.7/site-packages/airflow/example_dags/example_nested_branch_dag.py
[2023-02-28T04:08:54.622+0000] {logging_mixin.py:137} INFO - [2023-02-28T04:08:54.622+0000] {dag.py:2690} INFO - Sync 1 DAGs
[2023-02-28T04:08:54.667+0000] {logging_mixin.py:137} INFO - [2023-02-28T04:08:54.667+0000] {dag.py:3441} INFO - Setting next_dagrun for example_nested_branch_dag to 2023-02-27T00:00:00+00:00, run_after=2023-02-28T00:00:00+00:00
[2023-02-28T04:08:54.696+0000] {processor.py:175} INFO - Processing /home/airflow/.local/lib/python3.7/site-packages/airflow/example_dags/example_nested_branch_dag.py took 0.141 seconds
[2023-02-28T04:09:24.719+0000] {processor.py:153} INFO - Started process (PID=2686) to work on /home/airflow/.local/lib/python3.7/site-packages/airflow/example_dags/example_nested_branch_dag.py
[2023-02-28T04:09:24.720+0000] {processor.py:743} INFO - Processing file /home/airflow/.local/lib/python3.7/site-packages/airflow/example_dags/example_nested_branch_dag.py for tasks to queue
[2023-02-28T04:09:24.721+0000] {logging_mixin.py:137} INFO - [2023-02-28T04:09:24.721+0000] {dagbag.py:538} INFO - Filling up the DagBag from /home/airflow/.local/lib/python3.7/site-packages/airflow/example_dags/example_nested_branch_dag.py
[2023-02-28T04:09:24.750+0000] {processor.py:753} INFO - DAG(s) dict_keys(['example_nested_branch_dag']) retrieved from /home/airflow/.local/lib/python3.7/site-packages/airflow/example_dags/example_nested_branch_dag.py
[2023-02-28T04:09:24.779+0000] {logging_mixin.py:137} INFO - [2023-02-28T04:09:24.779+0000] {dag.py:2690} INFO - Sync 1 DAGs
[2023-02-28T04:09:24.809+0000] {logging_mixin.py:137} INFO - [2023-02-28T04:09:24.809+0000] {dag.py:3441} INFO - Setting next_dagrun for example_nested_branch_dag to 2023-02-27T00:00:00+00:00, run_after=2023-02-28T00:00:00+00:00
[2023-02-28T04:09:24.831+0000] {processor.py:175} INFO - Processing /home/airflow/.local/lib/python3.7/site-packages/airflow/example_dags/example_nested_branch_dag.py took 0.115 seconds
[2023-02-28T04:09:54.997+0000] {processor.py:153} INFO - Started process (PID=2764) to work on /home/airflow/.local/lib/python3.7/site-packages/airflow/example_dags/example_nested_branch_dag.py
[2023-02-28T04:09:54.998+0000] {processor.py:743} INFO - Processing file /home/airflow/.local/lib/python3.7/site-packages/airflow/example_dags/example_nested_branch_dag.py for tasks to queue
[2023-02-28T04:09:54.999+0000] {logging_mixin.py:137} INFO - [2023-02-28T04:09:54.999+0000] {dagbag.py:538} INFO - Filling up the DagBag from /home/airflow/.local/lib/python3.7/site-packages/airflow/example_dags/example_nested_branch_dag.py
[2023-02-28T04:09:55.037+0000] {processor.py:753} INFO - DAG(s) dict_keys(['example_nested_branch_dag']) retrieved from /home/airflow/.local/lib/python3.7/site-packages/airflow/example_dags/example_nested_branch_dag.py
[2023-02-28T04:09:55.079+0000] {logging_mixin.py:137} INFO - [2023-02-28T04:09:55.079+0000] {dag.py:2690} INFO - Sync 1 DAGs
[2023-02-28T04:09:55.115+0000] {logging_mixin.py:137} INFO - [2023-02-28T04:09:55.115+0000] {dag.py:3441} INFO - Setting next_dagrun for example_nested_branch_dag to 2023-02-27T00:00:00+00:00, run_after=2023-02-28T00:00:00+00:00
[2023-02-28T04:09:55.144+0000] {processor.py:175} INFO - Processing /home/airflow/.local/lib/python3.7/site-packages/airflow/example_dags/example_nested_branch_dag.py took 0.153 seconds
[2023-02-28T04:10:25.298+0000] {processor.py:153} INFO - Started process (PID=2829) to work on /home/airflow/.local/lib/python3.7/site-packages/airflow/example_dags/example_nested_branch_dag.py
[2023-02-28T04:10:25.299+0000] {processor.py:743} INFO - Processing file /home/airflow/.local/lib/python3.7/site-packages/airflow/example_dags/example_nested_branch_dag.py for tasks to queue
[2023-02-28T04:10:25.300+0000] {logging_mixin.py:137} INFO - [2023-02-28T04:10:25.300+0000] {dagbag.py:538} INFO - Filling up the DagBag from /home/airflow/.local/lib/python3.7/site-packages/airflow/example_dags/example_nested_branch_dag.py
[2023-02-28T04:10:25.328+0000] {processor.py:753} INFO - DAG(s) dict_keys(['example_nested_branch_dag']) retrieved from /home/airflow/.local/lib/python3.7/site-packages/airflow/example_dags/example_nested_branch_dag.py
[2023-02-28T04:10:25.358+0000] {logging_mixin.py:137} INFO - [2023-02-28T04:10:25.358+0000] {dag.py:2690} INFO - Sync 1 DAGs
[2023-02-28T04:10:25.393+0000] {logging_mixin.py:137} INFO - [2023-02-28T04:10:25.393+0000] {dag.py:3441} INFO - Setting next_dagrun for example_nested_branch_dag to 2023-02-27T00:00:00+00:00, run_after=2023-02-28T00:00:00+00:00
[2023-02-28T04:10:25.419+0000] {processor.py:175} INFO - Processing /home/airflow/.local/lib/python3.7/site-packages/airflow/example_dags/example_nested_branch_dag.py took 0.126 seconds
[2023-02-28T04:10:55.849+0000] {processor.py:153} INFO - Started process (PID=2893) to work on /home/airflow/.local/lib/python3.7/site-packages/airflow/example_dags/example_nested_branch_dag.py
[2023-02-28T04:10:55.851+0000] {processor.py:743} INFO - Processing file /home/airflow/.local/lib/python3.7/site-packages/airflow/example_dags/example_nested_branch_dag.py for tasks to queue
[2023-02-28T04:10:55.852+0000] {logging_mixin.py:137} INFO - [2023-02-28T04:10:55.852+0000] {dagbag.py:538} INFO - Filling up the DagBag from /home/airflow/.local/lib/python3.7/site-packages/airflow/example_dags/example_nested_branch_dag.py
[2023-02-28T04:10:55.891+0000] {processor.py:753} INFO - DAG(s) dict_keys(['example_nested_branch_dag']) retrieved from /home/airflow/.local/lib/python3.7/site-packages/airflow/example_dags/example_nested_branch_dag.py
[2023-02-28T04:10:55.930+0000] {logging_mixin.py:137} INFO - [2023-02-28T04:10:55.929+0000] {dag.py:2690} INFO - Sync 1 DAGs
[2023-02-28T04:10:55.962+0000] {logging_mixin.py:137} INFO - [2023-02-28T04:10:55.962+0000] {dag.py:3441} INFO - Setting next_dagrun for example_nested_branch_dag to 2023-02-27T00:00:00+00:00, run_after=2023-02-28T00:00:00+00:00
[2023-02-28T04:10:55.986+0000] {processor.py:175} INFO - Processing /home/airflow/.local/lib/python3.7/site-packages/airflow/example_dags/example_nested_branch_dag.py took 0.142 seconds
[2023-02-28T04:11:26.032+0000] {processor.py:153} INFO - Started process (PID=2970) to work on /home/airflow/.local/lib/python3.7/site-packages/airflow/example_dags/example_nested_branch_dag.py
[2023-02-28T04:11:26.034+0000] {processor.py:743} INFO - Processing file /home/airflow/.local/lib/python3.7/site-packages/airflow/example_dags/example_nested_branch_dag.py for tasks to queue
[2023-02-28T04:11:26.034+0000] {logging_mixin.py:137} INFO - [2023-02-28T04:11:26.034+0000] {dagbag.py:538} INFO - Filling up the DagBag from /home/airflow/.local/lib/python3.7/site-packages/airflow/example_dags/example_nested_branch_dag.py
[2023-02-28T04:11:26.070+0000] {processor.py:753} INFO - DAG(s) dict_keys(['example_nested_branch_dag']) retrieved from /home/airflow/.local/lib/python3.7/site-packages/airflow/example_dags/example_nested_branch_dag.py
[2023-02-28T04:11:26.101+0000] {logging_mixin.py:137} INFO - [2023-02-28T04:11:26.101+0000] {dag.py:2690} INFO - Sync 1 DAGs
[2023-02-28T04:11:26.133+0000] {logging_mixin.py:137} INFO - [2023-02-28T04:11:26.133+0000] {dag.py:3441} INFO - Setting next_dagrun for example_nested_branch_dag to 2023-02-27T00:00:00+00:00, run_after=2023-02-28T00:00:00+00:00
[2023-02-28T04:11:26.152+0000] {processor.py:175} INFO - Processing /home/airflow/.local/lib/python3.7/site-packages/airflow/example_dags/example_nested_branch_dag.py took 0.124 seconds
[2023-02-28T04:11:56.809+0000] {processor.py:153} INFO - Started process (PID=3034) to work on /home/airflow/.local/lib/python3.7/site-packages/airflow/example_dags/example_nested_branch_dag.py
[2023-02-28T04:11:56.810+0000] {processor.py:743} INFO - Processing file /home/airflow/.local/lib/python3.7/site-packages/airflow/example_dags/example_nested_branch_dag.py for tasks to queue
[2023-02-28T04:11:56.811+0000] {logging_mixin.py:137} INFO - [2023-02-28T04:11:56.811+0000] {dagbag.py:538} INFO - Filling up the DagBag from /home/airflow/.local/lib/python3.7/site-packages/airflow/example_dags/example_nested_branch_dag.py
[2023-02-28T04:11:56.850+0000] {processor.py:753} INFO - DAG(s) dict_keys(['example_nested_branch_dag']) retrieved from /home/airflow/.local/lib/python3.7/site-packages/airflow/example_dags/example_nested_branch_dag.py
[2023-02-28T04:11:56.890+0000] {logging_mixin.py:137} INFO - [2023-02-28T04:11:56.890+0000] {dag.py:2690} INFO - Sync 1 DAGs
[2023-02-28T04:11:56.929+0000] {logging_mixin.py:137} INFO - [2023-02-28T04:11:56.929+0000] {dag.py:3441} INFO - Setting next_dagrun for example_nested_branch_dag to 2023-02-27T00:00:00+00:00, run_after=2023-02-28T00:00:00+00:00
[2023-02-28T04:11:56.951+0000] {processor.py:175} INFO - Processing /home/airflow/.local/lib/python3.7/site-packages/airflow/example_dags/example_nested_branch_dag.py took 0.148 seconds
[2023-02-28T04:12:27.728+0000] {processor.py:153} INFO - Started process (PID=3113) to work on /home/airflow/.local/lib/python3.7/site-packages/airflow/example_dags/example_nested_branch_dag.py
[2023-02-28T04:12:27.729+0000] {processor.py:743} INFO - Processing file /home/airflow/.local/lib/python3.7/site-packages/airflow/example_dags/example_nested_branch_dag.py for tasks to queue
[2023-02-28T04:12:27.730+0000] {logging_mixin.py:137} INFO - [2023-02-28T04:12:27.730+0000] {dagbag.py:538} INFO - Filling up the DagBag from /home/airflow/.local/lib/python3.7/site-packages/airflow/example_dags/example_nested_branch_dag.py
[2023-02-28T04:12:27.768+0000] {processor.py:753} INFO - DAG(s) dict_keys(['example_nested_branch_dag']) retrieved from /home/airflow/.local/lib/python3.7/site-packages/airflow/example_dags/example_nested_branch_dag.py
[2023-02-28T04:12:27.804+0000] {logging_mixin.py:137} INFO - [2023-02-28T04:12:27.804+0000] {dag.py:2690} INFO - Sync 1 DAGs
[2023-02-28T04:12:27.846+0000] {logging_mixin.py:137} INFO - [2023-02-28T04:12:27.846+0000] {dag.py:3441} INFO - Setting next_dagrun for example_nested_branch_dag to 2023-02-27T00:00:00+00:00, run_after=2023-02-28T00:00:00+00:00
[2023-02-28T04:12:27.875+0000] {processor.py:175} INFO - Processing /home/airflow/.local/lib/python3.7/site-packages/airflow/example_dags/example_nested_branch_dag.py took 0.152 seconds
[2023-02-28T04:12:58.741+0000] {processor.py:153} INFO - Started process (PID=3178) to work on /home/airflow/.local/lib/python3.7/site-packages/airflow/example_dags/example_nested_branch_dag.py
[2023-02-28T04:12:58.743+0000] {processor.py:743} INFO - Processing file /home/airflow/.local/lib/python3.7/site-packages/airflow/example_dags/example_nested_branch_dag.py for tasks to queue
[2023-02-28T04:12:58.744+0000] {logging_mixin.py:137} INFO - [2023-02-28T04:12:58.744+0000] {dagbag.py:538} INFO - Filling up the DagBag from /home/airflow/.local/lib/python3.7/site-packages/airflow/example_dags/example_nested_branch_dag.py
[2023-02-28T04:12:58.773+0000] {processor.py:753} INFO - DAG(s) dict_keys(['example_nested_branch_dag']) retrieved from /home/airflow/.local/lib/python3.7/site-packages/airflow/example_dags/example_nested_branch_dag.py
[2023-02-28T04:12:58.810+0000] {logging_mixin.py:137} INFO - [2023-02-28T04:12:58.810+0000] {dag.py:2690} INFO - Sync 1 DAGs
[2023-02-28T04:12:58.851+0000] {logging_mixin.py:137} INFO - [2023-02-28T04:12:58.851+0000] {dag.py:3441} INFO - Setting next_dagrun for example_nested_branch_dag to 2023-02-27T00:00:00+00:00, run_after=2023-02-28T00:00:00+00:00
[2023-02-28T04:12:58.873+0000] {processor.py:175} INFO - Processing /home/airflow/.local/lib/python3.7/site-packages/airflow/example_dags/example_nested_branch_dag.py took 0.136 seconds
[2023-02-28T04:13:29.025+0000] {processor.py:153} INFO - Started process (PID=3255) to work on /home/airflow/.local/lib/python3.7/site-packages/airflow/example_dags/example_nested_branch_dag.py
[2023-02-28T04:13:29.032+0000] {processor.py:743} INFO - Processing file /home/airflow/.local/lib/python3.7/site-packages/airflow/example_dags/example_nested_branch_dag.py for tasks to queue
[2023-02-28T04:13:29.034+0000] {logging_mixin.py:137} INFO - [2023-02-28T04:13:29.034+0000] {dagbag.py:538} INFO - Filling up the DagBag from /home/airflow/.local/lib/python3.7/site-packages/airflow/example_dags/example_nested_branch_dag.py
[2023-02-28T04:13:29.074+0000] {processor.py:753} INFO - DAG(s) dict_keys(['example_nested_branch_dag']) retrieved from /home/airflow/.local/lib/python3.7/site-packages/airflow/example_dags/example_nested_branch_dag.py
[2023-02-28T04:13:29.121+0000] {logging_mixin.py:137} INFO - [2023-02-28T04:13:29.121+0000] {dag.py:2690} INFO - Sync 1 DAGs
[2023-02-28T04:13:29.167+0000] {logging_mixin.py:137} INFO - [2023-02-28T04:13:29.167+0000] {dag.py:3441} INFO - Setting next_dagrun for example_nested_branch_dag to 2023-02-27T00:00:00+00:00, run_after=2023-02-28T00:00:00+00:00
[2023-02-28T04:13:29.192+0000] {processor.py:175} INFO - Processing /home/airflow/.local/lib/python3.7/site-packages/airflow/example_dags/example_nested_branch_dag.py took 0.172 seconds
[2023-02-28T04:13:59.305+0000] {processor.py:153} INFO - Started process (PID=3318) to work on /home/airflow/.local/lib/python3.7/site-packages/airflow/example_dags/example_nested_branch_dag.py
[2023-02-28T04:13:59.306+0000] {processor.py:743} INFO - Processing file /home/airflow/.local/lib/python3.7/site-packages/airflow/example_dags/example_nested_branch_dag.py for tasks to queue
[2023-02-28T04:13:59.307+0000] {logging_mixin.py:137} INFO - [2023-02-28T04:13:59.307+0000] {dagbag.py:538} INFO - Filling up the DagBag from /home/airflow/.local/lib/python3.7/site-packages/airflow/example_dags/example_nested_branch_dag.py
[2023-02-28T04:13:59.336+0000] {processor.py:753} INFO - DAG(s) dict_keys(['example_nested_branch_dag']) retrieved from /home/airflow/.local/lib/python3.7/site-packages/airflow/example_dags/example_nested_branch_dag.py
[2023-02-28T04:13:59.367+0000] {logging_mixin.py:137} INFO - [2023-02-28T04:13:59.367+0000] {dag.py:2690} INFO - Sync 1 DAGs
[2023-02-28T04:13:59.396+0000] {logging_mixin.py:137} INFO - [2023-02-28T04:13:59.396+0000] {dag.py:3441} INFO - Setting next_dagrun for example_nested_branch_dag to 2023-02-27T00:00:00+00:00, run_after=2023-02-28T00:00:00+00:00
[2023-02-28T04:13:59.418+0000] {processor.py:175} INFO - Processing /home/airflow/.local/lib/python3.7/site-packages/airflow/example_dags/example_nested_branch_dag.py took 0.117 seconds
[2023-02-28T04:14:29.527+0000] {processor.py:153} INFO - Started process (PID=3382) to work on /home/airflow/.local/lib/python3.7/site-packages/airflow/example_dags/example_nested_branch_dag.py
[2023-02-28T04:14:29.529+0000] {processor.py:743} INFO - Processing file /home/airflow/.local/lib/python3.7/site-packages/airflow/example_dags/example_nested_branch_dag.py for tasks to queue
[2023-02-28T04:14:29.530+0000] {logging_mixin.py:137} INFO - [2023-02-28T04:14:29.529+0000] {dagbag.py:538} INFO - Filling up the DagBag from /home/airflow/.local/lib/python3.7/site-packages/airflow/example_dags/example_nested_branch_dag.py
[2023-02-28T04:14:29.569+0000] {processor.py:753} INFO - DAG(s) dict_keys(['example_nested_branch_dag']) retrieved from /home/airflow/.local/lib/python3.7/site-packages/airflow/example_dags/example_nested_branch_dag.py
[2023-02-28T04:14:29.612+0000] {logging_mixin.py:137} INFO - [2023-02-28T04:14:29.611+0000] {dag.py:2690} INFO - Sync 1 DAGs
[2023-02-28T04:14:29.654+0000] {logging_mixin.py:137} INFO - [2023-02-28T04:14:29.653+0000] {dag.py:3441} INFO - Setting next_dagrun for example_nested_branch_dag to 2023-02-27T00:00:00+00:00, run_after=2023-02-28T00:00:00+00:00
[2023-02-28T04:14:29.678+0000] {processor.py:175} INFO - Processing /home/airflow/.local/lib/python3.7/site-packages/airflow/example_dags/example_nested_branch_dag.py took 0.157 seconds
[2023-02-28T04:15:00.649+0000] {processor.py:153} INFO - Started process (PID=3458) to work on /home/airflow/.local/lib/python3.7/site-packages/airflow/example_dags/example_nested_branch_dag.py
[2023-02-28T04:15:00.650+0000] {processor.py:743} INFO - Processing file /home/airflow/.local/lib/python3.7/site-packages/airflow/example_dags/example_nested_branch_dag.py for tasks to queue
[2023-02-28T04:15:00.651+0000] {logging_mixin.py:137} INFO - [2023-02-28T04:15:00.651+0000] {dagbag.py:538} INFO - Filling up the DagBag from /home/airflow/.local/lib/python3.7/site-packages/airflow/example_dags/example_nested_branch_dag.py
[2023-02-28T04:15:00.680+0000] {processor.py:753} INFO - DAG(s) dict_keys(['example_nested_branch_dag']) retrieved from /home/airflow/.local/lib/python3.7/site-packages/airflow/example_dags/example_nested_branch_dag.py
[2023-02-28T04:15:00.709+0000] {logging_mixin.py:137} INFO - [2023-02-28T04:15:00.709+0000] {dag.py:2690} INFO - Sync 1 DAGs
[2023-02-28T04:15:00.742+0000] {logging_mixin.py:137} INFO - [2023-02-28T04:15:00.742+0000] {dag.py:3441} INFO - Setting next_dagrun for example_nested_branch_dag to 2023-02-27T00:00:00+00:00, run_after=2023-02-28T00:00:00+00:00
[2023-02-28T04:15:00.766+0000] {processor.py:175} INFO - Processing /home/airflow/.local/lib/python3.7/site-packages/airflow/example_dags/example_nested_branch_dag.py took 0.121 seconds
[2023-02-28T04:15:30.876+0000] {processor.py:153} INFO - Started process (PID=3523) to work on /home/airflow/.local/lib/python3.7/site-packages/airflow/example_dags/example_nested_branch_dag.py
[2023-02-28T04:15:30.877+0000] {processor.py:743} INFO - Processing file /home/airflow/.local/lib/python3.7/site-packages/airflow/example_dags/example_nested_branch_dag.py for tasks to queue
[2023-02-28T04:15:30.878+0000] {logging_mixin.py:137} INFO - [2023-02-28T04:15:30.878+0000] {dagbag.py:538} INFO - Filling up the DagBag from /home/airflow/.local/lib/python3.7/site-packages/airflow/example_dags/example_nested_branch_dag.py
[2023-02-28T04:15:30.916+0000] {processor.py:753} INFO - DAG(s) dict_keys(['example_nested_branch_dag']) retrieved from /home/airflow/.local/lib/python3.7/site-packages/airflow/example_dags/example_nested_branch_dag.py
[2023-02-28T04:15:30.954+0000] {logging_mixin.py:137} INFO - [2023-02-28T04:15:30.954+0000] {dag.py:2690} INFO - Sync 1 DAGs
[2023-02-28T04:15:30.992+0000] {logging_mixin.py:137} INFO - [2023-02-28T04:15:30.991+0000] {dag.py:3441} INFO - Setting next_dagrun for example_nested_branch_dag to 2023-02-27T00:00:00+00:00, run_after=2023-02-28T00:00:00+00:00
[2023-02-28T04:15:31.012+0000] {processor.py:175} INFO - Processing /home/airflow/.local/lib/python3.7/site-packages/airflow/example_dags/example_nested_branch_dag.py took 0.142 seconds
[2023-02-28T04:16:01.855+0000] {processor.py:153} INFO - Started process (PID=3598) to work on /home/airflow/.local/lib/python3.7/site-packages/airflow/example_dags/example_nested_branch_dag.py
[2023-02-28T04:16:01.856+0000] {processor.py:743} INFO - Processing file /home/airflow/.local/lib/python3.7/site-packages/airflow/example_dags/example_nested_branch_dag.py for tasks to queue
[2023-02-28T04:16:01.857+0000] {logging_mixin.py:137} INFO - [2023-02-28T04:16:01.857+0000] {dagbag.py:538} INFO - Filling up the DagBag from /home/airflow/.local/lib/python3.7/site-packages/airflow/example_dags/example_nested_branch_dag.py
[2023-02-28T04:16:01.886+0000] {processor.py:753} INFO - DAG(s) dict_keys(['example_nested_branch_dag']) retrieved from /home/airflow/.local/lib/python3.7/site-packages/airflow/example_dags/example_nested_branch_dag.py
[2023-02-28T04:16:01.922+0000] {logging_mixin.py:137} INFO - [2023-02-28T04:16:01.922+0000] {dag.py:2690} INFO - Sync 1 DAGs
[2023-02-28T04:16:01.960+0000] {logging_mixin.py:137} INFO - [2023-02-28T04:16:01.960+0000] {dag.py:3441} INFO - Setting next_dagrun for example_nested_branch_dag to 2023-02-27T00:00:00+00:00, run_after=2023-02-28T00:00:00+00:00
[2023-02-28T04:16:01.984+0000] {processor.py:175} INFO - Processing /home/airflow/.local/lib/python3.7/site-packages/airflow/example_dags/example_nested_branch_dag.py took 0.134 seconds
[2023-02-28T04:16:32.791+0000] {processor.py:153} INFO - Started process (PID=3662) to work on /home/airflow/.local/lib/python3.7/site-packages/airflow/example_dags/example_nested_branch_dag.py
[2023-02-28T04:16:32.793+0000] {processor.py:743} INFO - Processing file /home/airflow/.local/lib/python3.7/site-packages/airflow/example_dags/example_nested_branch_dag.py for tasks to queue
[2023-02-28T04:16:32.795+0000] {logging_mixin.py:137} INFO - [2023-02-28T04:16:32.794+0000] {dagbag.py:538} INFO - Filling up the DagBag from /home/airflow/.local/lib/python3.7/site-packages/airflow/example_dags/example_nested_branch_dag.py
[2023-02-28T04:16:32.837+0000] {processor.py:753} INFO - DAG(s) dict_keys(['example_nested_branch_dag']) retrieved from /home/airflow/.local/lib/python3.7/site-packages/airflow/example_dags/example_nested_branch_dag.py
[2023-02-28T04:16:32.879+0000] {logging_mixin.py:137} INFO - [2023-02-28T04:16:32.879+0000] {dag.py:2690} INFO - Sync 1 DAGs
[2023-02-28T04:16:32.910+0000] {logging_mixin.py:137} INFO - [2023-02-28T04:16:32.910+0000] {dag.py:3441} INFO - Setting next_dagrun for example_nested_branch_dag to 2023-02-27T00:00:00+00:00, run_after=2023-02-28T00:00:00+00:00
[2023-02-28T04:16:32.933+0000] {processor.py:175} INFO - Processing /home/airflow/.local/lib/python3.7/site-packages/airflow/example_dags/example_nested_branch_dag.py took 0.147 seconds
[2023-02-28T04:17:03.680+0000] {processor.py:153} INFO - Started process (PID=3738) to work on /home/airflow/.local/lib/python3.7/site-packages/airflow/example_dags/example_nested_branch_dag.py
[2023-02-28T04:17:03.682+0000] {processor.py:743} INFO - Processing file /home/airflow/.local/lib/python3.7/site-packages/airflow/example_dags/example_nested_branch_dag.py for tasks to queue
[2023-02-28T04:17:03.683+0000] {logging_mixin.py:137} INFO - [2023-02-28T04:17:03.683+0000] {dagbag.py:538} INFO - Filling up the DagBag from /home/airflow/.local/lib/python3.7/site-packages/airflow/example_dags/example_nested_branch_dag.py
[2023-02-28T04:17:03.716+0000] {processor.py:753} INFO - DAG(s) dict_keys(['example_nested_branch_dag']) retrieved from /home/airflow/.local/lib/python3.7/site-packages/airflow/example_dags/example_nested_branch_dag.py
[2023-02-28T04:17:03.752+0000] {logging_mixin.py:137} INFO - [2023-02-28T04:17:03.751+0000] {dag.py:2690} INFO - Sync 1 DAGs
[2023-02-28T04:17:03.786+0000] {logging_mixin.py:137} INFO - [2023-02-28T04:17:03.786+0000] {dag.py:3441} INFO - Setting next_dagrun for example_nested_branch_dag to 2023-02-27T00:00:00+00:00, run_after=2023-02-28T00:00:00+00:00
[2023-02-28T04:17:03.806+0000] {processor.py:175} INFO - Processing /home/airflow/.local/lib/python3.7/site-packages/airflow/example_dags/example_nested_branch_dag.py took 0.131 seconds
[2023-02-28T04:17:34.552+0000] {processor.py:153} INFO - Started process (PID=3802) to work on /home/airflow/.local/lib/python3.7/site-packages/airflow/example_dags/example_nested_branch_dag.py
[2023-02-28T04:17:34.554+0000] {processor.py:743} INFO - Processing file /home/airflow/.local/lib/python3.7/site-packages/airflow/example_dags/example_nested_branch_dag.py for tasks to queue
[2023-02-28T04:17:34.555+0000] {logging_mixin.py:137} INFO - [2023-02-28T04:17:34.555+0000] {dagbag.py:538} INFO - Filling up the DagBag from /home/airflow/.local/lib/python3.7/site-packages/airflow/example_dags/example_nested_branch_dag.py
[2023-02-28T04:17:34.594+0000] {processor.py:753} INFO - DAG(s) dict_keys(['example_nested_branch_dag']) retrieved from /home/airflow/.local/lib/python3.7/site-packages/airflow/example_dags/example_nested_branch_dag.py
[2023-02-28T04:17:35.290+0000] {logging_mixin.py:137} INFO - [2023-02-28T04:17:35.290+0000] {process_utils.py:256} INFO - Waiting up to 5 seconds for processes to exit...
[2023-02-28T04:23:11.229+0000] {processor.py:153} INFO - Started process (PID=51) to work on /home/airflow/.local/lib/python3.7/site-packages/airflow/example_dags/example_nested_branch_dag.py
[2023-02-28T04:23:11.231+0000] {processor.py:743} INFO - Processing file /home/airflow/.local/lib/python3.7/site-packages/airflow/example_dags/example_nested_branch_dag.py for tasks to queue
[2023-02-28T04:23:11.232+0000] {logging_mixin.py:137} INFO - [2023-02-28T04:23:11.232+0000] {dagbag.py:538} INFO - Filling up the DagBag from /home/airflow/.local/lib/python3.7/site-packages/airflow/example_dags/example_nested_branch_dag.py
[2023-02-28T04:23:11.275+0000] {processor.py:753} INFO - DAG(s) dict_keys(['example_nested_branch_dag']) retrieved from /home/airflow/.local/lib/python3.7/site-packages/airflow/example_dags/example_nested_branch_dag.py
[2023-02-28T04:23:11.316+0000] {logging_mixin.py:137} INFO - [2023-02-28T04:23:11.315+0000] {dag.py:2690} INFO - Sync 1 DAGs
[2023-02-28T04:23:11.359+0000] {logging_mixin.py:137} INFO - [2023-02-28T04:23:11.359+0000] {dag.py:3441} INFO - Setting next_dagrun for example_nested_branch_dag to 2023-02-27T00:00:00+00:00, run_after=2023-02-28T00:00:00+00:00
[2023-02-28T04:23:11.438+0000] {processor.py:175} INFO - Processing /home/airflow/.local/lib/python3.7/site-packages/airflow/example_dags/example_nested_branch_dag.py took 0.214 seconds
[2023-02-28T04:23:41.489+0000] {processor.py:153} INFO - Started process (PID=114) to work on /home/airflow/.local/lib/python3.7/site-packages/airflow/example_dags/example_nested_branch_dag.py
[2023-02-28T04:23:41.490+0000] {processor.py:743} INFO - Processing file /home/airflow/.local/lib/python3.7/site-packages/airflow/example_dags/example_nested_branch_dag.py for tasks to queue
[2023-02-28T04:23:41.491+0000] {logging_mixin.py:137} INFO - [2023-02-28T04:23:41.491+0000] {dagbag.py:538} INFO - Filling up the DagBag from /home/airflow/.local/lib/python3.7/site-packages/airflow/example_dags/example_nested_branch_dag.py
[2023-02-28T04:23:41.521+0000] {processor.py:753} INFO - DAG(s) dict_keys(['example_nested_branch_dag']) retrieved from /home/airflow/.local/lib/python3.7/site-packages/airflow/example_dags/example_nested_branch_dag.py
[2023-02-28T04:23:41.559+0000] {logging_mixin.py:137} INFO - [2023-02-28T04:23:41.558+0000] {dag.py:2690} INFO - Sync 1 DAGs
[2023-02-28T04:23:41.600+0000] {logging_mixin.py:137} INFO - [2023-02-28T04:23:41.600+0000] {dag.py:3441} INFO - Setting next_dagrun for example_nested_branch_dag to 2023-02-27T00:00:00+00:00, run_after=2023-02-28T00:00:00+00:00
[2023-02-28T04:23:41.624+0000] {processor.py:175} INFO - Processing /home/airflow/.local/lib/python3.7/site-packages/airflow/example_dags/example_nested_branch_dag.py took 0.139 seconds
[2023-02-28T04:24:12.392+0000] {processor.py:153} INFO - Started process (PID=188) to work on /home/airflow/.local/lib/python3.7/site-packages/airflow/example_dags/example_nested_branch_dag.py
[2023-02-28T04:24:12.394+0000] {processor.py:743} INFO - Processing file /home/airflow/.local/lib/python3.7/site-packages/airflow/example_dags/example_nested_branch_dag.py for tasks to queue
[2023-02-28T04:24:12.395+0000] {logging_mixin.py:137} INFO - [2023-02-28T04:24:12.395+0000] {dagbag.py:538} INFO - Filling up the DagBag from /home/airflow/.local/lib/python3.7/site-packages/airflow/example_dags/example_nested_branch_dag.py
[2023-02-28T04:24:12.424+0000] {processor.py:753} INFO - DAG(s) dict_keys(['example_nested_branch_dag']) retrieved from /home/airflow/.local/lib/python3.7/site-packages/airflow/example_dags/example_nested_branch_dag.py
[2023-02-28T04:24:12.461+0000] {logging_mixin.py:137} INFO - [2023-02-28T04:24:12.460+0000] {dag.py:2690} INFO - Sync 1 DAGs
[2023-02-28T04:24:12.504+0000] {logging_mixin.py:137} INFO - [2023-02-28T04:24:12.504+0000] {dag.py:3441} INFO - Setting next_dagrun for example_nested_branch_dag to 2023-02-27T00:00:00+00:00, run_after=2023-02-28T00:00:00+00:00
[2023-02-28T04:24:12.530+0000] {processor.py:175} INFO - Processing /home/airflow/.local/lib/python3.7/site-packages/airflow/example_dags/example_nested_branch_dag.py took 0.142 seconds
[2023-02-28T04:24:42.755+0000] {processor.py:153} INFO - Started process (PID=253) to work on /home/airflow/.local/lib/python3.7/site-packages/airflow/example_dags/example_nested_branch_dag.py
[2023-02-28T04:24:42.756+0000] {processor.py:743} INFO - Processing file /home/airflow/.local/lib/python3.7/site-packages/airflow/example_dags/example_nested_branch_dag.py for tasks to queue
[2023-02-28T04:24:42.757+0000] {logging_mixin.py:137} INFO - [2023-02-28T04:24:42.757+0000] {dagbag.py:538} INFO - Filling up the DagBag from /home/airflow/.local/lib/python3.7/site-packages/airflow/example_dags/example_nested_branch_dag.py
[2023-02-28T04:24:42.786+0000] {processor.py:753} INFO - DAG(s) dict_keys(['example_nested_branch_dag']) retrieved from /home/airflow/.local/lib/python3.7/site-packages/airflow/example_dags/example_nested_branch_dag.py
[2023-02-28T04:24:42.821+0000] {logging_mixin.py:137} INFO - [2023-02-28T04:24:42.821+0000] {dag.py:2690} INFO - Sync 1 DAGs
[2023-02-28T04:24:42.853+0000] {logging_mixin.py:137} INFO - [2023-02-28T04:24:42.853+0000] {dag.py:3441} INFO - Setting next_dagrun for example_nested_branch_dag to 2023-02-27T00:00:00+00:00, run_after=2023-02-28T00:00:00+00:00
[2023-02-28T04:24:42.875+0000] {processor.py:175} INFO - Processing /home/airflow/.local/lib/python3.7/site-packages/airflow/example_dags/example_nested_branch_dag.py took 0.124 seconds
[2023-02-28T04:25:12.958+0000] {processor.py:153} INFO - Started process (PID=318) to work on /home/airflow/.local/lib/python3.7/site-packages/airflow/example_dags/example_nested_branch_dag.py
[2023-02-28T04:25:12.959+0000] {processor.py:743} INFO - Processing file /home/airflow/.local/lib/python3.7/site-packages/airflow/example_dags/example_nested_branch_dag.py for tasks to queue
[2023-02-28T04:25:12.960+0000] {logging_mixin.py:137} INFO - [2023-02-28T04:25:12.960+0000] {dagbag.py:538} INFO - Filling up the DagBag from /home/airflow/.local/lib/python3.7/site-packages/airflow/example_dags/example_nested_branch_dag.py
[2023-02-28T04:25:12.998+0000] {processor.py:753} INFO - DAG(s) dict_keys(['example_nested_branch_dag']) retrieved from /home/airflow/.local/lib/python3.7/site-packages/airflow/example_dags/example_nested_branch_dag.py
[2023-02-28T04:25:13.086+0000] {logging_mixin.py:137} INFO - [2023-02-28T04:25:13.085+0000] {dag.py:2690} INFO - Sync 1 DAGs
[2023-02-28T04:25:13.130+0000] {logging_mixin.py:137} INFO - [2023-02-28T04:25:13.129+0000] {dag.py:3441} INFO - Setting next_dagrun for example_nested_branch_dag to 2023-02-27T00:00:00+00:00, run_after=2023-02-28T00:00:00+00:00
[2023-02-28T04:25:13.156+0000] {processor.py:175} INFO - Processing /home/airflow/.local/lib/python3.7/site-packages/airflow/example_dags/example_nested_branch_dag.py took 0.205 seconds
[2023-02-28T04:25:43.201+0000] {processor.py:153} INFO - Started process (PID=396) to work on /home/airflow/.local/lib/python3.7/site-packages/airflow/example_dags/example_nested_branch_dag.py
[2023-02-28T04:25:43.202+0000] {processor.py:743} INFO - Processing file /home/airflow/.local/lib/python3.7/site-packages/airflow/example_dags/example_nested_branch_dag.py for tasks to queue
[2023-02-28T04:25:43.202+0000] {logging_mixin.py:137} INFO - [2023-02-28T04:25:43.202+0000] {dagbag.py:538} INFO - Filling up the DagBag from /home/airflow/.local/lib/python3.7/site-packages/airflow/example_dags/example_nested_branch_dag.py
[2023-02-28T04:25:43.230+0000] {processor.py:753} INFO - DAG(s) dict_keys(['example_nested_branch_dag']) retrieved from /home/airflow/.local/lib/python3.7/site-packages/airflow/example_dags/example_nested_branch_dag.py
[2023-02-28T04:25:43.259+0000] {logging_mixin.py:137} INFO - [2023-02-28T04:25:43.259+0000] {dag.py:2690} INFO - Sync 1 DAGs
[2023-02-28T04:25:43.289+0000] {logging_mixin.py:137} INFO - [2023-02-28T04:25:43.289+0000] {dag.py:3441} INFO - Setting next_dagrun for example_nested_branch_dag to 2023-02-27T00:00:00+00:00, run_after=2023-02-28T00:00:00+00:00
[2023-02-28T04:25:43.308+0000] {processor.py:175} INFO - Processing /home/airflow/.local/lib/python3.7/site-packages/airflow/example_dags/example_nested_branch_dag.py took 0.111 seconds
[2023-02-28T04:26:13.405+0000] {processor.py:153} INFO - Started process (PID=460) to work on /home/airflow/.local/lib/python3.7/site-packages/airflow/example_dags/example_nested_branch_dag.py
[2023-02-28T04:26:13.406+0000] {processor.py:743} INFO - Processing file /home/airflow/.local/lib/python3.7/site-packages/airflow/example_dags/example_nested_branch_dag.py for tasks to queue
[2023-02-28T04:26:13.407+0000] {logging_mixin.py:137} INFO - [2023-02-28T04:26:13.407+0000] {dagbag.py:538} INFO - Filling up the DagBag from /home/airflow/.local/lib/python3.7/site-packages/airflow/example_dags/example_nested_branch_dag.py
[2023-02-28T04:26:13.445+0000] {processor.py:753} INFO - DAG(s) dict_keys(['example_nested_branch_dag']) retrieved from /home/airflow/.local/lib/python3.7/site-packages/airflow/example_dags/example_nested_branch_dag.py
[2023-02-28T04:26:13.484+0000] {logging_mixin.py:137} INFO - [2023-02-28T04:26:13.483+0000] {dag.py:2690} INFO - Sync 1 DAGs
[2023-02-28T04:26:13.525+0000] {logging_mixin.py:137} INFO - [2023-02-28T04:26:13.525+0000] {dag.py:3441} INFO - Setting next_dagrun for example_nested_branch_dag to 2023-02-27T00:00:00+00:00, run_after=2023-02-28T00:00:00+00:00
[2023-02-28T04:26:13.550+0000] {processor.py:175} INFO - Processing /home/airflow/.local/lib/python3.7/site-packages/airflow/example_dags/example_nested_branch_dag.py took 0.150 seconds
[2023-02-28T04:26:44.020+0000] {processor.py:153} INFO - Started process (PID=536) to work on /home/airflow/.local/lib/python3.7/site-packages/airflow/example_dags/example_nested_branch_dag.py
[2023-02-28T04:26:44.021+0000] {processor.py:743} INFO - Processing file /home/airflow/.local/lib/python3.7/site-packages/airflow/example_dags/example_nested_branch_dag.py for tasks to queue
[2023-02-28T04:26:44.022+0000] {logging_mixin.py:137} INFO - [2023-02-28T04:26:44.022+0000] {dagbag.py:538} INFO - Filling up the DagBag from /home/airflow/.local/lib/python3.7/site-packages/airflow/example_dags/example_nested_branch_dag.py
[2023-02-28T04:26:44.058+0000] {processor.py:753} INFO - DAG(s) dict_keys(['example_nested_branch_dag']) retrieved from /home/airflow/.local/lib/python3.7/site-packages/airflow/example_dags/example_nested_branch_dag.py
[2023-02-28T04:26:44.097+0000] {logging_mixin.py:137} INFO - [2023-02-28T04:26:44.097+0000] {dag.py:2690} INFO - Sync 1 DAGs
[2023-02-28T04:26:44.137+0000] {logging_mixin.py:137} INFO - [2023-02-28T04:26:44.136+0000] {dag.py:3441} INFO - Setting next_dagrun for example_nested_branch_dag to 2023-02-27T00:00:00+00:00, run_after=2023-02-28T00:00:00+00:00
[2023-02-28T04:26:44.157+0000] {processor.py:175} INFO - Processing /home/airflow/.local/lib/python3.7/site-packages/airflow/example_dags/example_nested_branch_dag.py took 0.142 seconds
[2023-02-28T04:27:14.207+0000] {processor.py:153} INFO - Started process (PID=599) to work on /home/airflow/.local/lib/python3.7/site-packages/airflow/example_dags/example_nested_branch_dag.py
[2023-02-28T04:27:14.209+0000] {processor.py:743} INFO - Processing file /home/airflow/.local/lib/python3.7/site-packages/airflow/example_dags/example_nested_branch_dag.py for tasks to queue
[2023-02-28T04:27:14.209+0000] {logging_mixin.py:137} INFO - [2023-02-28T04:27:14.209+0000] {dagbag.py:538} INFO - Filling up the DagBag from /home/airflow/.local/lib/python3.7/site-packages/airflow/example_dags/example_nested_branch_dag.py
[2023-02-28T04:27:14.243+0000] {processor.py:753} INFO - DAG(s) dict_keys(['example_nested_branch_dag']) retrieved from /home/airflow/.local/lib/python3.7/site-packages/airflow/example_dags/example_nested_branch_dag.py
[2023-02-28T04:27:14.298+0000] {logging_mixin.py:137} INFO - [2023-02-28T04:27:14.298+0000] {dag.py:2690} INFO - Sync 1 DAGs
[2023-02-28T04:27:14.340+0000] {logging_mixin.py:137} INFO - [2023-02-28T04:27:14.340+0000] {dag.py:3441} INFO - Setting next_dagrun for example_nested_branch_dag to 2023-02-27T00:00:00+00:00, run_after=2023-02-28T00:00:00+00:00
[2023-02-28T04:27:14.365+0000] {processor.py:175} INFO - Processing /home/airflow/.local/lib/python3.7/site-packages/airflow/example_dags/example_nested_branch_dag.py took 0.163 seconds
[2023-02-28T04:27:44.459+0000] {processor.py:153} INFO - Started process (PID=671) to work on /home/airflow/.local/lib/python3.7/site-packages/airflow/example_dags/example_nested_branch_dag.py
[2023-02-28T04:27:44.460+0000] {processor.py:743} INFO - Processing file /home/airflow/.local/lib/python3.7/site-packages/airflow/example_dags/example_nested_branch_dag.py for tasks to queue
[2023-02-28T04:27:44.461+0000] {logging_mixin.py:137} INFO - [2023-02-28T04:27:44.461+0000] {dagbag.py:538} INFO - Filling up the DagBag from /home/airflow/.local/lib/python3.7/site-packages/airflow/example_dags/example_nested_branch_dag.py
[2023-02-28T04:27:44.499+0000] {processor.py:753} INFO - DAG(s) dict_keys(['example_nested_branch_dag']) retrieved from /home/airflow/.local/lib/python3.7/site-packages/airflow/example_dags/example_nested_branch_dag.py
[2023-02-28T04:27:44.538+0000] {logging_mixin.py:137} INFO - [2023-02-28T04:27:44.538+0000] {dag.py:2690} INFO - Sync 1 DAGs
[2023-02-28T04:27:44.581+0000] {logging_mixin.py:137} INFO - [2023-02-28T04:27:44.581+0000] {dag.py:3441} INFO - Setting next_dagrun for example_nested_branch_dag to 2023-02-27T00:00:00+00:00, run_after=2023-02-28T00:00:00+00:00
[2023-02-28T04:27:44.607+0000] {processor.py:175} INFO - Processing /home/airflow/.local/lib/python3.7/site-packages/airflow/example_dags/example_nested_branch_dag.py took 0.153 seconds
[2023-02-28T04:28:14.682+0000] {processor.py:153} INFO - Started process (PID=742) to work on /home/airflow/.local/lib/python3.7/site-packages/airflow/example_dags/example_nested_branch_dag.py
[2023-02-28T04:28:14.684+0000] {processor.py:743} INFO - Processing file /home/airflow/.local/lib/python3.7/site-packages/airflow/example_dags/example_nested_branch_dag.py for tasks to queue
[2023-02-28T04:28:14.685+0000] {logging_mixin.py:137} INFO - [2023-02-28T04:28:14.684+0000] {dagbag.py:538} INFO - Filling up the DagBag from /home/airflow/.local/lib/python3.7/site-packages/airflow/example_dags/example_nested_branch_dag.py
[2023-02-28T04:28:14.715+0000] {processor.py:753} INFO - DAG(s) dict_keys(['example_nested_branch_dag']) retrieved from /home/airflow/.local/lib/python3.7/site-packages/airflow/example_dags/example_nested_branch_dag.py
[2023-02-28T04:28:14.745+0000] {logging_mixin.py:137} INFO - [2023-02-28T04:28:14.745+0000] {dag.py:2690} INFO - Sync 1 DAGs
[2023-02-28T04:28:14.774+0000] {logging_mixin.py:137} INFO - [2023-02-28T04:28:14.773+0000] {dag.py:3441} INFO - Setting next_dagrun for example_nested_branch_dag to 2023-02-27T00:00:00+00:00, run_after=2023-02-28T00:00:00+00:00
[2023-02-28T04:28:14.793+0000] {processor.py:175} INFO - Processing /home/airflow/.local/lib/python3.7/site-packages/airflow/example_dags/example_nested_branch_dag.py took 0.115 seconds
[2023-02-28T04:28:45.009+0000] {processor.py:153} INFO - Started process (PID=807) to work on /home/airflow/.local/lib/python3.7/site-packages/airflow/example_dags/example_nested_branch_dag.py
[2023-02-28T04:28:45.011+0000] {processor.py:743} INFO - Processing file /home/airflow/.local/lib/python3.7/site-packages/airflow/example_dags/example_nested_branch_dag.py for tasks to queue
[2023-02-28T04:28:45.012+0000] {logging_mixin.py:137} INFO - [2023-02-28T04:28:45.011+0000] {dagbag.py:538} INFO - Filling up the DagBag from /home/airflow/.local/lib/python3.7/site-packages/airflow/example_dags/example_nested_branch_dag.py
[2023-02-28T04:28:45.039+0000] {processor.py:753} INFO - DAG(s) dict_keys(['example_nested_branch_dag']) retrieved from /home/airflow/.local/lib/python3.7/site-packages/airflow/example_dags/example_nested_branch_dag.py
[2023-02-28T04:28:45.070+0000] {logging_mixin.py:137} INFO - [2023-02-28T04:28:45.070+0000] {dag.py:2690} INFO - Sync 1 DAGs
[2023-02-28T04:28:45.100+0000] {logging_mixin.py:137} INFO - [2023-02-28T04:28:45.100+0000] {dag.py:3441} INFO - Setting next_dagrun for example_nested_branch_dag to 2023-02-27T00:00:00+00:00, run_after=2023-02-28T00:00:00+00:00
[2023-02-28T04:28:45.120+0000] {processor.py:175} INFO - Processing /home/airflow/.local/lib/python3.7/site-packages/airflow/example_dags/example_nested_branch_dag.py took 0.116 seconds
[2023-02-28T04:29:15.378+0000] {processor.py:153} INFO - Started process (PID=883) to work on /home/airflow/.local/lib/python3.7/site-packages/airflow/example_dags/example_nested_branch_dag.py
[2023-02-28T04:29:15.379+0000] {processor.py:743} INFO - Processing file /home/airflow/.local/lib/python3.7/site-packages/airflow/example_dags/example_nested_branch_dag.py for tasks to queue
[2023-02-28T04:29:15.380+0000] {logging_mixin.py:137} INFO - [2023-02-28T04:29:15.379+0000] {dagbag.py:538} INFO - Filling up the DagBag from /home/airflow/.local/lib/python3.7/site-packages/airflow/example_dags/example_nested_branch_dag.py
[2023-02-28T04:29:15.411+0000] {processor.py:753} INFO - DAG(s) dict_keys(['example_nested_branch_dag']) retrieved from /home/airflow/.local/lib/python3.7/site-packages/airflow/example_dags/example_nested_branch_dag.py
[2023-02-28T04:29:15.442+0000] {logging_mixin.py:137} INFO - [2023-02-28T04:29:15.441+0000] {dag.py:2690} INFO - Sync 1 DAGs
[2023-02-28T04:29:15.473+0000] {logging_mixin.py:137} INFO - [2023-02-28T04:29:15.473+0000] {dag.py:3441} INFO - Setting next_dagrun for example_nested_branch_dag to 2023-02-27T00:00:00+00:00, run_after=2023-02-28T00:00:00+00:00
[2023-02-28T04:29:15.499+0000] {processor.py:175} INFO - Processing /home/airflow/.local/lib/python3.7/site-packages/airflow/example_dags/example_nested_branch_dag.py took 0.125 seconds
[2023-02-28T04:29:45.571+0000] {processor.py:153} INFO - Started process (PID=948) to work on /home/airflow/.local/lib/python3.7/site-packages/airflow/example_dags/example_nested_branch_dag.py
[2023-02-28T04:29:45.573+0000] {processor.py:743} INFO - Processing file /home/airflow/.local/lib/python3.7/site-packages/airflow/example_dags/example_nested_branch_dag.py for tasks to queue
[2023-02-28T04:29:45.574+0000] {logging_mixin.py:137} INFO - [2023-02-28T04:29:45.574+0000] {dagbag.py:538} INFO - Filling up the DagBag from /home/airflow/.local/lib/python3.7/site-packages/airflow/example_dags/example_nested_branch_dag.py
[2023-02-28T04:29:45.607+0000] {processor.py:753} INFO - DAG(s) dict_keys(['example_nested_branch_dag']) retrieved from /home/airflow/.local/lib/python3.7/site-packages/airflow/example_dags/example_nested_branch_dag.py
[2023-02-28T04:29:45.644+0000] {logging_mixin.py:137} INFO - [2023-02-28T04:29:45.644+0000] {dag.py:2690} INFO - Sync 1 DAGs
[2023-02-28T04:29:45.685+0000] {logging_mixin.py:137} INFO - [2023-02-28T04:29:45.685+0000] {dag.py:3441} INFO - Setting next_dagrun for example_nested_branch_dag to 2023-02-27T00:00:00+00:00, run_after=2023-02-28T00:00:00+00:00
[2023-02-28T04:29:45.710+0000] {processor.py:175} INFO - Processing /home/airflow/.local/lib/python3.7/site-packages/airflow/example_dags/example_nested_branch_dag.py took 0.142 seconds
[2023-02-28T04:30:16.020+0000] {processor.py:153} INFO - Started process (PID=1022) to work on /home/airflow/.local/lib/python3.7/site-packages/airflow/example_dags/example_nested_branch_dag.py
[2023-02-28T04:30:16.021+0000] {processor.py:743} INFO - Processing file /home/airflow/.local/lib/python3.7/site-packages/airflow/example_dags/example_nested_branch_dag.py for tasks to queue
[2023-02-28T04:30:16.022+0000] {logging_mixin.py:137} INFO - [2023-02-28T04:30:16.022+0000] {dagbag.py:538} INFO - Filling up the DagBag from /home/airflow/.local/lib/python3.7/site-packages/airflow/example_dags/example_nested_branch_dag.py
[2023-02-28T04:30:16.064+0000] {processor.py:753} INFO - DAG(s) dict_keys(['example_nested_branch_dag']) retrieved from /home/airflow/.local/lib/python3.7/site-packages/airflow/example_dags/example_nested_branch_dag.py
[2023-02-28T04:30:16.105+0000] {logging_mixin.py:137} INFO - [2023-02-28T04:30:16.105+0000] {dag.py:2690} INFO - Sync 1 DAGs
[2023-02-28T04:30:16.141+0000] {logging_mixin.py:137} INFO - [2023-02-28T04:30:16.141+0000] {dag.py:3441} INFO - Setting next_dagrun for example_nested_branch_dag to 2023-02-27T00:00:00+00:00, run_after=2023-02-28T00:00:00+00:00
[2023-02-28T04:30:16.160+0000] {processor.py:175} INFO - Processing /home/airflow/.local/lib/python3.7/site-packages/airflow/example_dags/example_nested_branch_dag.py took 0.149 seconds
[2023-02-28T04:30:46.211+0000] {processor.py:153} INFO - Started process (PID=1090) to work on /home/airflow/.local/lib/python3.7/site-packages/airflow/example_dags/example_nested_branch_dag.py
[2023-02-28T04:30:46.213+0000] {processor.py:743} INFO - Processing file /home/airflow/.local/lib/python3.7/site-packages/airflow/example_dags/example_nested_branch_dag.py for tasks to queue
[2023-02-28T04:30:46.214+0000] {logging_mixin.py:137} INFO - [2023-02-28T04:30:46.214+0000] {dagbag.py:538} INFO - Filling up the DagBag from /home/airflow/.local/lib/python3.7/site-packages/airflow/example_dags/example_nested_branch_dag.py
[2023-02-28T04:30:46.256+0000] {processor.py:753} INFO - DAG(s) dict_keys(['example_nested_branch_dag']) retrieved from /home/airflow/.local/lib/python3.7/site-packages/airflow/example_dags/example_nested_branch_dag.py
[2023-02-28T04:30:46.291+0000] {logging_mixin.py:137} INFO - [2023-02-28T04:30:46.290+0000] {dag.py:2690} INFO - Sync 1 DAGs
[2023-02-28T04:30:46.324+0000] {logging_mixin.py:137} INFO - [2023-02-28T04:30:46.323+0000] {dag.py:3441} INFO - Setting next_dagrun for example_nested_branch_dag to 2023-02-27T00:00:00+00:00, run_after=2023-02-28T00:00:00+00:00
[2023-02-28T04:30:46.343+0000] {processor.py:175} INFO - Processing /home/airflow/.local/lib/python3.7/site-packages/airflow/example_dags/example_nested_branch_dag.py took 0.137 seconds
[2023-02-28T04:31:16.541+0000] {processor.py:153} INFO - Started process (PID=1153) to work on /home/airflow/.local/lib/python3.7/site-packages/airflow/example_dags/example_nested_branch_dag.py
[2023-02-28T04:31:16.545+0000] {processor.py:743} INFO - Processing file /home/airflow/.local/lib/python3.7/site-packages/airflow/example_dags/example_nested_branch_dag.py for tasks to queue
[2023-02-28T04:31:16.546+0000] {logging_mixin.py:137} INFO - [2023-02-28T04:31:16.546+0000] {dagbag.py:538} INFO - Filling up the DagBag from /home/airflow/.local/lib/python3.7/site-packages/airflow/example_dags/example_nested_branch_dag.py
[2023-02-28T04:31:16.586+0000] {processor.py:753} INFO - DAG(s) dict_keys(['example_nested_branch_dag']) retrieved from /home/airflow/.local/lib/python3.7/site-packages/airflow/example_dags/example_nested_branch_dag.py
[2023-02-28T04:31:16.622+0000] {logging_mixin.py:137} INFO - [2023-02-28T04:31:16.622+0000] {dag.py:2690} INFO - Sync 1 DAGs
[2023-02-28T04:31:16.665+0000] {logging_mixin.py:137} INFO - [2023-02-28T04:31:16.665+0000] {dag.py:3441} INFO - Setting next_dagrun for example_nested_branch_dag to 2023-02-27T00:00:00+00:00, run_after=2023-02-28T00:00:00+00:00
[2023-02-28T04:31:16.690+0000] {processor.py:175} INFO - Processing /home/airflow/.local/lib/python3.7/site-packages/airflow/example_dags/example_nested_branch_dag.py took 0.156 seconds
