[2023-02-28T03:50:06.923+0000] {processor.py:153} INFO - Started process (PID=60) to work on /home/airflow/.local/lib/python3.7/site-packages/airflow/example_dags/example_skip_dag.py
[2023-02-28T03:50:06.925+0000] {processor.py:743} INFO - Processing file /home/airflow/.local/lib/python3.7/site-packages/airflow/example_dags/example_skip_dag.py for tasks to queue
[2023-02-28T03:50:06.926+0000] {logging_mixin.py:137} INFO - [2023-02-28T03:50:06.926+0000] {dagbag.py:538} INFO - Filling up the DagBag from /home/airflow/.local/lib/python3.7/site-packages/airflow/example_dags/example_skip_dag.py
[2023-02-28T03:50:06.951+0000] {processor.py:753} INFO - DAG(s) dict_keys(['example_skip_dag']) retrieved from /home/airflow/.local/lib/python3.7/site-packages/airflow/example_dags/example_skip_dag.py
[2023-02-28T03:50:07.000+0000] {logging_mixin.py:137} INFO - [2023-02-28T03:50:06.999+0000] {dag.py:2690} INFO - Sync 1 DAGs
[2023-02-28T03:50:07.045+0000] {logging_mixin.py:137} INFO - [2023-02-28T03:50:07.045+0000] {dag.py:3441} INFO - Setting next_dagrun for example_skip_dag to 2023-02-27T03:50:07.045236+00:00, run_after=2023-02-28T03:50:07.045236+00:00
[2023-02-28T03:50:07.073+0000] {processor.py:175} INFO - Processing /home/airflow/.local/lib/python3.7/site-packages/airflow/example_dags/example_skip_dag.py took 0.161 seconds
[2023-02-28T03:50:37.854+0000] {processor.py:153} INFO - Started process (PID=125) to work on /home/airflow/.local/lib/python3.7/site-packages/airflow/example_dags/example_skip_dag.py
[2023-02-28T03:50:37.856+0000] {processor.py:743} INFO - Processing file /home/airflow/.local/lib/python3.7/site-packages/airflow/example_dags/example_skip_dag.py for tasks to queue
[2023-02-28T03:50:37.856+0000] {logging_mixin.py:137} INFO - [2023-02-28T03:50:37.856+0000] {dagbag.py:538} INFO - Filling up the DagBag from /home/airflow/.local/lib/python3.7/site-packages/airflow/example_dags/example_skip_dag.py
[2023-02-28T03:50:37.875+0000] {processor.py:753} INFO - DAG(s) dict_keys(['example_skip_dag']) retrieved from /home/airflow/.local/lib/python3.7/site-packages/airflow/example_dags/example_skip_dag.py
[2023-02-28T03:50:37.904+0000] {logging_mixin.py:137} INFO - [2023-02-28T03:50:37.904+0000] {dag.py:2690} INFO - Sync 1 DAGs
[2023-02-28T03:50:37.931+0000] {logging_mixin.py:137} INFO - [2023-02-28T03:50:37.931+0000] {dag.py:3441} INFO - Setting next_dagrun for example_skip_dag to 2023-02-27T03:50:37.931163+00:00, run_after=2023-02-28T03:50:37.931163+00:00
[2023-02-28T03:50:37.950+0000] {processor.py:175} INFO - Processing /home/airflow/.local/lib/python3.7/site-packages/airflow/example_dags/example_skip_dag.py took 0.100 seconds
[2023-02-28T03:51:08.776+0000] {processor.py:153} INFO - Started process (PID=202) to work on /home/airflow/.local/lib/python3.7/site-packages/airflow/example_dags/example_skip_dag.py
[2023-02-28T03:51:08.778+0000] {processor.py:743} INFO - Processing file /home/airflow/.local/lib/python3.7/site-packages/airflow/example_dags/example_skip_dag.py for tasks to queue
[2023-02-28T03:51:08.779+0000] {logging_mixin.py:137} INFO - [2023-02-28T03:51:08.779+0000] {dagbag.py:538} INFO - Filling up the DagBag from /home/airflow/.local/lib/python3.7/site-packages/airflow/example_dags/example_skip_dag.py
[2023-02-28T03:51:08.810+0000] {processor.py:753} INFO - DAG(s) dict_keys(['example_skip_dag']) retrieved from /home/airflow/.local/lib/python3.7/site-packages/airflow/example_dags/example_skip_dag.py
[2023-02-28T03:51:08.871+0000] {logging_mixin.py:137} INFO - [2023-02-28T03:51:08.871+0000] {dag.py:2690} INFO - Sync 1 DAGs
[2023-02-28T03:51:08.913+0000] {logging_mixin.py:137} INFO - [2023-02-28T03:51:08.913+0000] {dag.py:3441} INFO - Setting next_dagrun for example_skip_dag to 2023-02-27T03:51:08.913204+00:00, run_after=2023-02-28T03:51:08.913204+00:00
[2023-02-28T03:51:08.954+0000] {processor.py:175} INFO - Processing /home/airflow/.local/lib/python3.7/site-packages/airflow/example_dags/example_skip_dag.py took 0.182 seconds
[2023-02-28T03:51:39.248+0000] {processor.py:153} INFO - Started process (PID=266) to work on /home/airflow/.local/lib/python3.7/site-packages/airflow/example_dags/example_skip_dag.py
[2023-02-28T03:51:39.249+0000] {processor.py:743} INFO - Processing file /home/airflow/.local/lib/python3.7/site-packages/airflow/example_dags/example_skip_dag.py for tasks to queue
[2023-02-28T03:51:39.250+0000] {logging_mixin.py:137} INFO - [2023-02-28T03:51:39.250+0000] {dagbag.py:538} INFO - Filling up the DagBag from /home/airflow/.local/lib/python3.7/site-packages/airflow/example_dags/example_skip_dag.py
[2023-02-28T03:51:39.267+0000] {processor.py:753} INFO - DAG(s) dict_keys(['example_skip_dag']) retrieved from /home/airflow/.local/lib/python3.7/site-packages/airflow/example_dags/example_skip_dag.py
[2023-02-28T03:51:39.298+0000] {logging_mixin.py:137} INFO - [2023-02-28T03:51:39.298+0000] {dag.py:2690} INFO - Sync 1 DAGs
[2023-02-28T03:51:39.326+0000] {logging_mixin.py:137} INFO - [2023-02-28T03:51:39.325+0000] {dag.py:3441} INFO - Setting next_dagrun for example_skip_dag to 2023-02-27T03:51:39.325607+00:00, run_after=2023-02-28T03:51:39.325607+00:00
[2023-02-28T03:51:39.345+0000] {processor.py:175} INFO - Processing /home/airflow/.local/lib/python3.7/site-packages/airflow/example_dags/example_skip_dag.py took 0.102 seconds
[2023-02-28T03:52:10.069+0000] {processor.py:153} INFO - Started process (PID=330) to work on /home/airflow/.local/lib/python3.7/site-packages/airflow/example_dags/example_skip_dag.py
[2023-02-28T03:52:10.071+0000] {processor.py:743} INFO - Processing file /home/airflow/.local/lib/python3.7/site-packages/airflow/example_dags/example_skip_dag.py for tasks to queue
[2023-02-28T03:52:10.072+0000] {logging_mixin.py:137} INFO - [2023-02-28T03:52:10.072+0000] {dagbag.py:538} INFO - Filling up the DagBag from /home/airflow/.local/lib/python3.7/site-packages/airflow/example_dags/example_skip_dag.py
[2023-02-28T03:52:10.088+0000] {processor.py:753} INFO - DAG(s) dict_keys(['example_skip_dag']) retrieved from /home/airflow/.local/lib/python3.7/site-packages/airflow/example_dags/example_skip_dag.py
[2023-02-28T03:52:10.118+0000] {logging_mixin.py:137} INFO - [2023-02-28T03:52:10.118+0000] {dag.py:2690} INFO - Sync 1 DAGs
[2023-02-28T03:52:10.154+0000] {logging_mixin.py:137} INFO - [2023-02-28T03:52:10.154+0000] {dag.py:3441} INFO - Setting next_dagrun for example_skip_dag to 2023-02-27T03:52:10.154126+00:00, run_after=2023-02-28T03:52:10.154126+00:00
[2023-02-28T03:52:10.189+0000] {processor.py:175} INFO - Processing /home/airflow/.local/lib/python3.7/site-packages/airflow/example_dags/example_skip_dag.py took 0.125 seconds
[2023-02-28T03:52:40.387+0000] {processor.py:153} INFO - Started process (PID=408) to work on /home/airflow/.local/lib/python3.7/site-packages/airflow/example_dags/example_skip_dag.py
[2023-02-28T03:52:40.388+0000] {processor.py:743} INFO - Processing file /home/airflow/.local/lib/python3.7/site-packages/airflow/example_dags/example_skip_dag.py for tasks to queue
[2023-02-28T03:52:40.389+0000] {logging_mixin.py:137} INFO - [2023-02-28T03:52:40.388+0000] {dagbag.py:538} INFO - Filling up the DagBag from /home/airflow/.local/lib/python3.7/site-packages/airflow/example_dags/example_skip_dag.py
[2023-02-28T03:52:40.409+0000] {processor.py:753} INFO - DAG(s) dict_keys(['example_skip_dag']) retrieved from /home/airflow/.local/lib/python3.7/site-packages/airflow/example_dags/example_skip_dag.py
[2023-02-28T03:52:40.441+0000] {logging_mixin.py:137} INFO - [2023-02-28T03:52:40.441+0000] {dag.py:2690} INFO - Sync 1 DAGs
[2023-02-28T03:52:40.471+0000] {logging_mixin.py:137} INFO - [2023-02-28T03:52:40.471+0000] {dag.py:3441} INFO - Setting next_dagrun for example_skip_dag to 2023-02-27T03:52:40.471058+00:00, run_after=2023-02-28T03:52:40.471058+00:00
[2023-02-28T03:52:40.494+0000] {processor.py:175} INFO - Processing /home/airflow/.local/lib/python3.7/site-packages/airflow/example_dags/example_skip_dag.py took 0.111 seconds
[2023-02-28T03:53:11.428+0000] {processor.py:153} INFO - Started process (PID=473) to work on /home/airflow/.local/lib/python3.7/site-packages/airflow/example_dags/example_skip_dag.py
[2023-02-28T03:53:11.430+0000] {processor.py:743} INFO - Processing file /home/airflow/.local/lib/python3.7/site-packages/airflow/example_dags/example_skip_dag.py for tasks to queue
[2023-02-28T03:53:11.430+0000] {logging_mixin.py:137} INFO - [2023-02-28T03:53:11.430+0000] {dagbag.py:538} INFO - Filling up the DagBag from /home/airflow/.local/lib/python3.7/site-packages/airflow/example_dags/example_skip_dag.py
[2023-02-28T03:53:11.448+0000] {processor.py:753} INFO - DAG(s) dict_keys(['example_skip_dag']) retrieved from /home/airflow/.local/lib/python3.7/site-packages/airflow/example_dags/example_skip_dag.py
[2023-02-28T03:53:11.479+0000] {logging_mixin.py:137} INFO - [2023-02-28T03:53:11.479+0000] {dag.py:2690} INFO - Sync 1 DAGs
[2023-02-28T03:53:11.508+0000] {logging_mixin.py:137} INFO - [2023-02-28T03:53:11.508+0000] {dag.py:3441} INFO - Setting next_dagrun for example_skip_dag to 2023-02-27T03:53:11.507879+00:00, run_after=2023-02-28T03:53:11.507879+00:00
[2023-02-28T03:53:11.527+0000] {processor.py:175} INFO - Processing /home/airflow/.local/lib/python3.7/site-packages/airflow/example_dags/example_skip_dag.py took 0.103 seconds
[2023-02-28T03:53:41.927+0000] {processor.py:153} INFO - Started process (PID=551) to work on /home/airflow/.local/lib/python3.7/site-packages/airflow/example_dags/example_skip_dag.py
[2023-02-28T03:53:41.929+0000] {processor.py:743} INFO - Processing file /home/airflow/.local/lib/python3.7/site-packages/airflow/example_dags/example_skip_dag.py for tasks to queue
[2023-02-28T03:53:41.930+0000] {logging_mixin.py:137} INFO - [2023-02-28T03:53:41.930+0000] {dagbag.py:538} INFO - Filling up the DagBag from /home/airflow/.local/lib/python3.7/site-packages/airflow/example_dags/example_skip_dag.py
[2023-02-28T03:53:41.954+0000] {processor.py:753} INFO - DAG(s) dict_keys(['example_skip_dag']) retrieved from /home/airflow/.local/lib/python3.7/site-packages/airflow/example_dags/example_skip_dag.py
[2023-02-28T03:53:41.993+0000] {logging_mixin.py:137} INFO - [2023-02-28T03:53:41.993+0000] {dag.py:2690} INFO - Sync 1 DAGs
[2023-02-28T03:53:42.035+0000] {logging_mixin.py:137} INFO - [2023-02-28T03:53:42.035+0000] {dag.py:3441} INFO - Setting next_dagrun for example_skip_dag to 2023-02-27T03:53:42.035144+00:00, run_after=2023-02-28T03:53:42.035144+00:00
[2023-02-28T03:53:42.063+0000] {processor.py:175} INFO - Processing /home/airflow/.local/lib/python3.7/site-packages/airflow/example_dags/example_skip_dag.py took 0.142 seconds
[2023-02-28T03:54:12.185+0000] {processor.py:153} INFO - Started process (PID=617) to work on /home/airflow/.local/lib/python3.7/site-packages/airflow/example_dags/example_skip_dag.py
[2023-02-28T03:54:12.186+0000] {processor.py:743} INFO - Processing file /home/airflow/.local/lib/python3.7/site-packages/airflow/example_dags/example_skip_dag.py for tasks to queue
[2023-02-28T03:54:12.187+0000] {logging_mixin.py:137} INFO - [2023-02-28T03:54:12.187+0000] {dagbag.py:538} INFO - Filling up the DagBag from /home/airflow/.local/lib/python3.7/site-packages/airflow/example_dags/example_skip_dag.py
[2023-02-28T03:54:12.203+0000] {processor.py:753} INFO - DAG(s) dict_keys(['example_skip_dag']) retrieved from /home/airflow/.local/lib/python3.7/site-packages/airflow/example_dags/example_skip_dag.py
[2023-02-28T03:54:12.232+0000] {logging_mixin.py:137} INFO - [2023-02-28T03:54:12.232+0000] {dag.py:2690} INFO - Sync 1 DAGs
[2023-02-28T03:54:12.259+0000] {logging_mixin.py:137} INFO - [2023-02-28T03:54:12.259+0000] {dag.py:3441} INFO - Setting next_dagrun for example_skip_dag to 2023-02-27T03:54:12.259211+00:00, run_after=2023-02-28T03:54:12.259211+00:00
[2023-02-28T03:54:12.278+0000] {processor.py:175} INFO - Processing /home/airflow/.local/lib/python3.7/site-packages/airflow/example_dags/example_skip_dag.py took 0.097 seconds
[2023-02-28T03:54:42.363+0000] {processor.py:153} INFO - Started process (PID=680) to work on /home/airflow/.local/lib/python3.7/site-packages/airflow/example_dags/example_skip_dag.py
[2023-02-28T03:54:42.365+0000] {processor.py:743} INFO - Processing file /home/airflow/.local/lib/python3.7/site-packages/airflow/example_dags/example_skip_dag.py for tasks to queue
[2023-02-28T03:54:42.366+0000] {logging_mixin.py:137} INFO - [2023-02-28T03:54:42.366+0000] {dagbag.py:538} INFO - Filling up the DagBag from /home/airflow/.local/lib/python3.7/site-packages/airflow/example_dags/example_skip_dag.py
[2023-02-28T03:54:42.394+0000] {processor.py:753} INFO - DAG(s) dict_keys(['example_skip_dag']) retrieved from /home/airflow/.local/lib/python3.7/site-packages/airflow/example_dags/example_skip_dag.py
[2023-02-28T03:54:42.442+0000] {logging_mixin.py:137} INFO - [2023-02-28T03:54:42.442+0000] {dag.py:2690} INFO - Sync 1 DAGs
[2023-02-28T03:54:42.489+0000] {logging_mixin.py:137} INFO - [2023-02-28T03:54:42.489+0000] {dag.py:3441} INFO - Setting next_dagrun for example_skip_dag to 2023-02-27T03:54:42.488955+00:00, run_after=2023-02-28T03:54:42.488955+00:00
[2023-02-28T03:54:42.528+0000] {processor.py:175} INFO - Processing /home/airflow/.local/lib/python3.7/site-packages/airflow/example_dags/example_skip_dag.py took 0.170 seconds
[2023-02-28T03:55:12.857+0000] {processor.py:153} INFO - Started process (PID=756) to work on /home/airflow/.local/lib/python3.7/site-packages/airflow/example_dags/example_skip_dag.py
[2023-02-28T03:55:12.858+0000] {processor.py:743} INFO - Processing file /home/airflow/.local/lib/python3.7/site-packages/airflow/example_dags/example_skip_dag.py for tasks to queue
[2023-02-28T03:55:12.859+0000] {logging_mixin.py:137} INFO - [2023-02-28T03:55:12.859+0000] {dagbag.py:538} INFO - Filling up the DagBag from /home/airflow/.local/lib/python3.7/site-packages/airflow/example_dags/example_skip_dag.py
[2023-02-28T03:55:12.876+0000] {processor.py:753} INFO - DAG(s) dict_keys(['example_skip_dag']) retrieved from /home/airflow/.local/lib/python3.7/site-packages/airflow/example_dags/example_skip_dag.py
[2023-02-28T03:55:12.909+0000] {logging_mixin.py:137} INFO - [2023-02-28T03:55:12.909+0000] {dag.py:2690} INFO - Sync 1 DAGs
[2023-02-28T03:55:12.944+0000] {logging_mixin.py:137} INFO - [2023-02-28T03:55:12.944+0000] {dag.py:3441} INFO - Setting next_dagrun for example_skip_dag to 2023-02-27T03:55:12.944514+00:00, run_after=2023-02-28T03:55:12.944514+00:00
[2023-02-28T03:55:12.967+0000] {processor.py:175} INFO - Processing /home/airflow/.local/lib/python3.7/site-packages/airflow/example_dags/example_skip_dag.py took 0.114 seconds
[2023-02-28T03:55:43.264+0000] {processor.py:153} INFO - Started process (PID=821) to work on /home/airflow/.local/lib/python3.7/site-packages/airflow/example_dags/example_skip_dag.py
[2023-02-28T03:55:43.266+0000] {processor.py:743} INFO - Processing file /home/airflow/.local/lib/python3.7/site-packages/airflow/example_dags/example_skip_dag.py for tasks to queue
[2023-02-28T03:55:43.267+0000] {logging_mixin.py:137} INFO - [2023-02-28T03:55:43.266+0000] {dagbag.py:538} INFO - Filling up the DagBag from /home/airflow/.local/lib/python3.7/site-packages/airflow/example_dags/example_skip_dag.py
[2023-02-28T03:55:43.283+0000] {processor.py:753} INFO - DAG(s) dict_keys(['example_skip_dag']) retrieved from /home/airflow/.local/lib/python3.7/site-packages/airflow/example_dags/example_skip_dag.py
[2023-02-28T03:55:43.311+0000] {logging_mixin.py:137} INFO - [2023-02-28T03:55:43.311+0000] {dag.py:2690} INFO - Sync 1 DAGs
[2023-02-28T03:55:43.338+0000] {logging_mixin.py:137} INFO - [2023-02-28T03:55:43.338+0000] {dag.py:3441} INFO - Setting next_dagrun for example_skip_dag to 2023-02-27T03:55:43.338146+00:00, run_after=2023-02-28T03:55:43.338146+00:00
[2023-02-28T03:55:43.357+0000] {processor.py:175} INFO - Processing /home/airflow/.local/lib/python3.7/site-packages/airflow/example_dags/example_skip_dag.py took 0.097 seconds
[2023-02-28T03:56:14.393+0000] {processor.py:153} INFO - Started process (PID=893) to work on /home/airflow/.local/lib/python3.7/site-packages/airflow/example_dags/example_skip_dag.py
[2023-02-28T03:56:14.394+0000] {processor.py:743} INFO - Processing file /home/airflow/.local/lib/python3.7/site-packages/airflow/example_dags/example_skip_dag.py for tasks to queue
[2023-02-28T03:56:14.395+0000] {logging_mixin.py:137} INFO - [2023-02-28T03:56:14.395+0000] {dagbag.py:538} INFO - Filling up the DagBag from /home/airflow/.local/lib/python3.7/site-packages/airflow/example_dags/example_skip_dag.py
[2023-02-28T03:56:14.412+0000] {processor.py:753} INFO - DAG(s) dict_keys(['example_skip_dag']) retrieved from /home/airflow/.local/lib/python3.7/site-packages/airflow/example_dags/example_skip_dag.py
[2023-02-28T03:56:14.444+0000] {logging_mixin.py:137} INFO - [2023-02-28T03:56:14.443+0000] {dag.py:2690} INFO - Sync 1 DAGs
[2023-02-28T03:56:14.482+0000] {logging_mixin.py:137} INFO - [2023-02-28T03:56:14.482+0000] {dag.py:3441} INFO - Setting next_dagrun for example_skip_dag to 2023-02-27T03:56:14.481926+00:00, run_after=2023-02-28T03:56:14.481926+00:00
[2023-02-28T03:56:14.534+0000] {processor.py:175} INFO - Processing /home/airflow/.local/lib/python3.7/site-packages/airflow/example_dags/example_skip_dag.py took 0.145 seconds
[2023-02-28T03:56:44.589+0000] {processor.py:153} INFO - Started process (PID=961) to work on /home/airflow/.local/lib/python3.7/site-packages/airflow/example_dags/example_skip_dag.py
[2023-02-28T03:56:44.591+0000] {processor.py:743} INFO - Processing file /home/airflow/.local/lib/python3.7/site-packages/airflow/example_dags/example_skip_dag.py for tasks to queue
[2023-02-28T03:56:44.592+0000] {logging_mixin.py:137} INFO - [2023-02-28T03:56:44.592+0000] {dagbag.py:538} INFO - Filling up the DagBag from /home/airflow/.local/lib/python3.7/site-packages/airflow/example_dags/example_skip_dag.py
[2023-02-28T03:56:44.610+0000] {processor.py:753} INFO - DAG(s) dict_keys(['example_skip_dag']) retrieved from /home/airflow/.local/lib/python3.7/site-packages/airflow/example_dags/example_skip_dag.py
[2023-02-28T03:56:44.644+0000] {logging_mixin.py:137} INFO - [2023-02-28T03:56:44.644+0000] {dag.py:2690} INFO - Sync 1 DAGs
[2023-02-28T03:56:44.672+0000] {logging_mixin.py:137} INFO - [2023-02-28T03:56:44.672+0000] {dag.py:3441} INFO - Setting next_dagrun for example_skip_dag to 2023-02-27T03:56:44.672235+00:00, run_after=2023-02-28T03:56:44.672235+00:00
[2023-02-28T03:56:44.691+0000] {processor.py:175} INFO - Processing /home/airflow/.local/lib/python3.7/site-packages/airflow/example_dags/example_skip_dag.py took 0.108 seconds
[2023-02-28T03:57:15.590+0000] {processor.py:153} INFO - Started process (PID=1024) to work on /home/airflow/.local/lib/python3.7/site-packages/airflow/example_dags/example_skip_dag.py
[2023-02-28T03:57:15.591+0000] {processor.py:743} INFO - Processing file /home/airflow/.local/lib/python3.7/site-packages/airflow/example_dags/example_skip_dag.py for tasks to queue
[2023-02-28T03:57:15.592+0000] {logging_mixin.py:137} INFO - [2023-02-28T03:57:15.592+0000] {dagbag.py:538} INFO - Filling up the DagBag from /home/airflow/.local/lib/python3.7/site-packages/airflow/example_dags/example_skip_dag.py
[2023-02-28T03:57:15.615+0000] {processor.py:753} INFO - DAG(s) dict_keys(['example_skip_dag']) retrieved from /home/airflow/.local/lib/python3.7/site-packages/airflow/example_dags/example_skip_dag.py
[2023-02-28T03:57:15.652+0000] {logging_mixin.py:137} INFO - [2023-02-28T03:57:15.652+0000] {dag.py:2690} INFO - Sync 1 DAGs
[2023-02-28T03:57:15.682+0000] {logging_mixin.py:137} INFO - [2023-02-28T03:57:15.682+0000] {dag.py:3441} INFO - Setting next_dagrun for example_skip_dag to 2023-02-27T03:57:15.681741+00:00, run_after=2023-02-28T03:57:15.681741+00:00
[2023-02-28T03:57:15.702+0000] {processor.py:175} INFO - Processing /home/airflow/.local/lib/python3.7/site-packages/airflow/example_dags/example_skip_dag.py took 0.118 seconds
[2023-02-28T03:57:46.152+0000] {processor.py:153} INFO - Started process (PID=1101) to work on /home/airflow/.local/lib/python3.7/site-packages/airflow/example_dags/example_skip_dag.py
[2023-02-28T03:57:46.154+0000] {processor.py:743} INFO - Processing file /home/airflow/.local/lib/python3.7/site-packages/airflow/example_dags/example_skip_dag.py for tasks to queue
[2023-02-28T03:57:46.155+0000] {logging_mixin.py:137} INFO - [2023-02-28T03:57:46.155+0000] {dagbag.py:538} INFO - Filling up the DagBag from /home/airflow/.local/lib/python3.7/site-packages/airflow/example_dags/example_skip_dag.py
[2023-02-28T03:57:46.171+0000] {processor.py:753} INFO - DAG(s) dict_keys(['example_skip_dag']) retrieved from /home/airflow/.local/lib/python3.7/site-packages/airflow/example_dags/example_skip_dag.py
[2023-02-28T03:57:46.200+0000] {logging_mixin.py:137} INFO - [2023-02-28T03:57:46.200+0000] {dag.py:2690} INFO - Sync 1 DAGs
[2023-02-28T03:57:46.229+0000] {logging_mixin.py:137} INFO - [2023-02-28T03:57:46.229+0000] {dag.py:3441} INFO - Setting next_dagrun for example_skip_dag to 2023-02-27T03:57:46.228886+00:00, run_after=2023-02-28T03:57:46.228886+00:00
[2023-02-28T03:57:46.247+0000] {processor.py:175} INFO - Processing /home/airflow/.local/lib/python3.7/site-packages/airflow/example_dags/example_skip_dag.py took 0.099 seconds
[2023-02-28T03:58:17.159+0000] {processor.py:153} INFO - Started process (PID=1166) to work on /home/airflow/.local/lib/python3.7/site-packages/airflow/example_dags/example_skip_dag.py
[2023-02-28T03:58:17.160+0000] {processor.py:743} INFO - Processing file /home/airflow/.local/lib/python3.7/site-packages/airflow/example_dags/example_skip_dag.py for tasks to queue
[2023-02-28T03:58:17.161+0000] {logging_mixin.py:137} INFO - [2023-02-28T03:58:17.161+0000] {dagbag.py:538} INFO - Filling up the DagBag from /home/airflow/.local/lib/python3.7/site-packages/airflow/example_dags/example_skip_dag.py
[2023-02-28T03:58:17.179+0000] {processor.py:753} INFO - DAG(s) dict_keys(['example_skip_dag']) retrieved from /home/airflow/.local/lib/python3.7/site-packages/airflow/example_dags/example_skip_dag.py
[2023-02-28T03:58:17.214+0000] {logging_mixin.py:137} INFO - [2023-02-28T03:58:17.213+0000] {dag.py:2690} INFO - Sync 1 DAGs
[2023-02-28T03:58:17.255+0000] {logging_mixin.py:137} INFO - [2023-02-28T03:58:17.254+0000] {dag.py:3441} INFO - Setting next_dagrun for example_skip_dag to 2023-02-27T03:58:17.254468+00:00, run_after=2023-02-28T03:58:17.254468+00:00
[2023-02-28T03:58:17.284+0000] {processor.py:175} INFO - Processing /home/airflow/.local/lib/python3.7/site-packages/airflow/example_dags/example_skip_dag.py took 0.131 seconds
[2023-02-28T03:58:47.619+0000] {processor.py:153} INFO - Started process (PID=1243) to work on /home/airflow/.local/lib/python3.7/site-packages/airflow/example_dags/example_skip_dag.py
[2023-02-28T03:58:47.620+0000] {processor.py:743} INFO - Processing file /home/airflow/.local/lib/python3.7/site-packages/airflow/example_dags/example_skip_dag.py for tasks to queue
[2023-02-28T03:58:47.621+0000] {logging_mixin.py:137} INFO - [2023-02-28T03:58:47.621+0000] {dagbag.py:538} INFO - Filling up the DagBag from /home/airflow/.local/lib/python3.7/site-packages/airflow/example_dags/example_skip_dag.py
[2023-02-28T03:58:47.641+0000] {processor.py:753} INFO - DAG(s) dict_keys(['example_skip_dag']) retrieved from /home/airflow/.local/lib/python3.7/site-packages/airflow/example_dags/example_skip_dag.py
[2023-02-28T03:58:47.677+0000] {logging_mixin.py:137} INFO - [2023-02-28T03:58:47.676+0000] {dag.py:2690} INFO - Sync 1 DAGs
[2023-02-28T03:58:47.705+0000] {logging_mixin.py:137} INFO - [2023-02-28T03:58:47.705+0000] {dag.py:3441} INFO - Setting next_dagrun for example_skip_dag to 2023-02-27T03:58:47.705081+00:00, run_after=2023-02-28T03:58:47.705081+00:00
[2023-02-28T03:58:47.732+0000] {processor.py:175} INFO - Processing /home/airflow/.local/lib/python3.7/site-packages/airflow/example_dags/example_skip_dag.py took 0.117 seconds
[2023-02-28T03:59:18.590+0000] {processor.py:153} INFO - Started process (PID=1307) to work on /home/airflow/.local/lib/python3.7/site-packages/airflow/example_dags/example_skip_dag.py
[2023-02-28T03:59:18.591+0000] {processor.py:743} INFO - Processing file /home/airflow/.local/lib/python3.7/site-packages/airflow/example_dags/example_skip_dag.py for tasks to queue
[2023-02-28T03:59:18.592+0000] {logging_mixin.py:137} INFO - [2023-02-28T03:59:18.591+0000] {dagbag.py:538} INFO - Filling up the DagBag from /home/airflow/.local/lib/python3.7/site-packages/airflow/example_dags/example_skip_dag.py
[2023-02-28T03:59:18.613+0000] {processor.py:753} INFO - DAG(s) dict_keys(['example_skip_dag']) retrieved from /home/airflow/.local/lib/python3.7/site-packages/airflow/example_dags/example_skip_dag.py
[2023-02-28T03:59:18.641+0000] {logging_mixin.py:137} INFO - [2023-02-28T03:59:18.641+0000] {dag.py:2690} INFO - Sync 1 DAGs
[2023-02-28T03:59:18.669+0000] {logging_mixin.py:137} INFO - [2023-02-28T03:59:18.669+0000] {dag.py:3441} INFO - Setting next_dagrun for example_skip_dag to 2023-02-27T03:59:18.669155+00:00, run_after=2023-02-28T03:59:18.669155+00:00
[2023-02-28T03:59:18.689+0000] {processor.py:175} INFO - Processing /home/airflow/.local/lib/python3.7/site-packages/airflow/example_dags/example_skip_dag.py took 0.105 seconds
[2023-02-28T03:59:48.964+0000] {processor.py:153} INFO - Started process (PID=1382) to work on /home/airflow/.local/lib/python3.7/site-packages/airflow/example_dags/example_skip_dag.py
[2023-02-28T03:59:48.966+0000] {processor.py:743} INFO - Processing file /home/airflow/.local/lib/python3.7/site-packages/airflow/example_dags/example_skip_dag.py for tasks to queue
[2023-02-28T03:59:48.967+0000] {logging_mixin.py:137} INFO - [2023-02-28T03:59:48.967+0000] {dagbag.py:538} INFO - Filling up the DagBag from /home/airflow/.local/lib/python3.7/site-packages/airflow/example_dags/example_skip_dag.py
[2023-02-28T03:59:48.989+0000] {processor.py:753} INFO - DAG(s) dict_keys(['example_skip_dag']) retrieved from /home/airflow/.local/lib/python3.7/site-packages/airflow/example_dags/example_skip_dag.py
[2023-02-28T03:59:49.045+0000] {logging_mixin.py:137} INFO - [2023-02-28T03:59:49.045+0000] {dag.py:2690} INFO - Sync 1 DAGs
[2023-02-28T03:59:49.073+0000] {logging_mixin.py:137} INFO - [2023-02-28T03:59:49.073+0000] {dag.py:3441} INFO - Setting next_dagrun for example_skip_dag to 2023-02-27T03:59:49.072778+00:00, run_after=2023-02-28T03:59:49.072778+00:00
[2023-02-28T03:59:49.092+0000] {processor.py:175} INFO - Processing /home/airflow/.local/lib/python3.7/site-packages/airflow/example_dags/example_skip_dag.py took 0.134 seconds
[2023-02-28T04:00:19.184+0000] {processor.py:153} INFO - Started process (PID=1449) to work on /home/airflow/.local/lib/python3.7/site-packages/airflow/example_dags/example_skip_dag.py
[2023-02-28T04:00:19.185+0000] {processor.py:743} INFO - Processing file /home/airflow/.local/lib/python3.7/site-packages/airflow/example_dags/example_skip_dag.py for tasks to queue
[2023-02-28T04:00:19.186+0000] {logging_mixin.py:137} INFO - [2023-02-28T04:00:19.186+0000] {dagbag.py:538} INFO - Filling up the DagBag from /home/airflow/.local/lib/python3.7/site-packages/airflow/example_dags/example_skip_dag.py
[2023-02-28T04:00:19.208+0000] {processor.py:753} INFO - DAG(s) dict_keys(['example_skip_dag']) retrieved from /home/airflow/.local/lib/python3.7/site-packages/airflow/example_dags/example_skip_dag.py
[2023-02-28T04:00:19.246+0000] {logging_mixin.py:137} INFO - [2023-02-28T04:00:19.246+0000] {dag.py:2690} INFO - Sync 1 DAGs
[2023-02-28T04:00:19.278+0000] {logging_mixin.py:137} INFO - [2023-02-28T04:00:19.278+0000] {dag.py:3441} INFO - Setting next_dagrun for example_skip_dag to 2023-02-27T04:00:19.278488+00:00, run_after=2023-02-28T04:00:19.278488+00:00
[2023-02-28T04:00:19.303+0000] {processor.py:175} INFO - Processing /home/airflow/.local/lib/python3.7/site-packages/airflow/example_dags/example_skip_dag.py took 0.124 seconds
[2023-02-28T04:00:49.359+0000] {processor.py:153} INFO - Started process (PID=1513) to work on /home/airflow/.local/lib/python3.7/site-packages/airflow/example_dags/example_skip_dag.py
[2023-02-28T04:00:49.361+0000] {processor.py:743} INFO - Processing file /home/airflow/.local/lib/python3.7/site-packages/airflow/example_dags/example_skip_dag.py for tasks to queue
[2023-02-28T04:00:49.362+0000] {logging_mixin.py:137} INFO - [2023-02-28T04:00:49.362+0000] {dagbag.py:538} INFO - Filling up the DagBag from /home/airflow/.local/lib/python3.7/site-packages/airflow/example_dags/example_skip_dag.py
[2023-02-28T04:00:49.378+0000] {processor.py:753} INFO - DAG(s) dict_keys(['example_skip_dag']) retrieved from /home/airflow/.local/lib/python3.7/site-packages/airflow/example_dags/example_skip_dag.py
[2023-02-28T04:00:49.406+0000] {logging_mixin.py:137} INFO - [2023-02-28T04:00:49.406+0000] {dag.py:2690} INFO - Sync 1 DAGs
[2023-02-28T04:00:49.435+0000] {logging_mixin.py:137} INFO - [2023-02-28T04:00:49.435+0000] {dag.py:3441} INFO - Setting next_dagrun for example_skip_dag to 2023-02-27T04:00:49.435170+00:00, run_after=2023-02-28T04:00:49.435170+00:00
[2023-02-28T04:00:49.458+0000] {processor.py:175} INFO - Processing /home/airflow/.local/lib/python3.7/site-packages/airflow/example_dags/example_skip_dag.py took 0.103 seconds
[2023-02-28T04:01:19.897+0000] {processor.py:153} INFO - Started process (PID=1589) to work on /home/airflow/.local/lib/python3.7/site-packages/airflow/example_dags/example_skip_dag.py
[2023-02-28T04:01:19.898+0000] {processor.py:743} INFO - Processing file /home/airflow/.local/lib/python3.7/site-packages/airflow/example_dags/example_skip_dag.py for tasks to queue
[2023-02-28T04:01:19.898+0000] {logging_mixin.py:137} INFO - [2023-02-28T04:01:19.898+0000] {dagbag.py:538} INFO - Filling up the DagBag from /home/airflow/.local/lib/python3.7/site-packages/airflow/example_dags/example_skip_dag.py
[2023-02-28T04:01:19.917+0000] {processor.py:753} INFO - DAG(s) dict_keys(['example_skip_dag']) retrieved from /home/airflow/.local/lib/python3.7/site-packages/airflow/example_dags/example_skip_dag.py
[2023-02-28T04:01:19.948+0000] {logging_mixin.py:137} INFO - [2023-02-28T04:01:19.948+0000] {dag.py:2690} INFO - Sync 1 DAGs
[2023-02-28T04:01:19.977+0000] {logging_mixin.py:137} INFO - [2023-02-28T04:01:19.977+0000] {dag.py:3441} INFO - Setting next_dagrun for example_skip_dag to 2023-02-27T04:01:19.977140+00:00, run_after=2023-02-28T04:01:19.977140+00:00
[2023-02-28T04:01:20.001+0000] {processor.py:175} INFO - Processing /home/airflow/.local/lib/python3.7/site-packages/airflow/example_dags/example_skip_dag.py took 0.109 seconds
[2023-02-28T04:01:50.140+0000] {processor.py:153} INFO - Started process (PID=1653) to work on /home/airflow/.local/lib/python3.7/site-packages/airflow/example_dags/example_skip_dag.py
[2023-02-28T04:01:50.141+0000] {processor.py:743} INFO - Processing file /home/airflow/.local/lib/python3.7/site-packages/airflow/example_dags/example_skip_dag.py for tasks to queue
[2023-02-28T04:01:50.142+0000] {logging_mixin.py:137} INFO - [2023-02-28T04:01:50.142+0000] {dagbag.py:538} INFO - Filling up the DagBag from /home/airflow/.local/lib/python3.7/site-packages/airflow/example_dags/example_skip_dag.py
[2023-02-28T04:01:50.159+0000] {processor.py:753} INFO - DAG(s) dict_keys(['example_skip_dag']) retrieved from /home/airflow/.local/lib/python3.7/site-packages/airflow/example_dags/example_skip_dag.py
[2023-02-28T04:01:50.194+0000] {logging_mixin.py:137} INFO - [2023-02-28T04:01:50.194+0000] {dag.py:2690} INFO - Sync 1 DAGs
[2023-02-28T04:01:50.230+0000] {logging_mixin.py:137} INFO - [2023-02-28T04:01:50.230+0000] {dag.py:3441} INFO - Setting next_dagrun for example_skip_dag to 2023-02-27T04:01:50.229827+00:00, run_after=2023-02-28T04:01:50.229827+00:00
[2023-02-28T04:01:50.252+0000] {processor.py:175} INFO - Processing /home/airflow/.local/lib/python3.7/site-packages/airflow/example_dags/example_skip_dag.py took 0.117 seconds
[2023-02-28T04:02:20.900+0000] {processor.py:153} INFO - Started process (PID=1727) to work on /home/airflow/.local/lib/python3.7/site-packages/airflow/example_dags/example_skip_dag.py
[2023-02-28T04:02:20.901+0000] {processor.py:743} INFO - Processing file /home/airflow/.local/lib/python3.7/site-packages/airflow/example_dags/example_skip_dag.py for tasks to queue
[2023-02-28T04:02:20.903+0000] {logging_mixin.py:137} INFO - [2023-02-28T04:02:20.902+0000] {dagbag.py:538} INFO - Filling up the DagBag from /home/airflow/.local/lib/python3.7/site-packages/airflow/example_dags/example_skip_dag.py
[2023-02-28T04:02:20.924+0000] {processor.py:753} INFO - DAG(s) dict_keys(['example_skip_dag']) retrieved from /home/airflow/.local/lib/python3.7/site-packages/airflow/example_dags/example_skip_dag.py
[2023-02-28T04:02:20.963+0000] {logging_mixin.py:137} INFO - [2023-02-28T04:02:20.963+0000] {dag.py:2690} INFO - Sync 1 DAGs
[2023-02-28T04:02:21.007+0000] {logging_mixin.py:137} INFO - [2023-02-28T04:02:21.007+0000] {dag.py:3441} INFO - Setting next_dagrun for example_skip_dag to 2023-02-27T04:02:21.006944+00:00, run_after=2023-02-28T04:02:21.006944+00:00
[2023-02-28T04:02:21.034+0000] {processor.py:175} INFO - Processing /home/airflow/.local/lib/python3.7/site-packages/airflow/example_dags/example_skip_dag.py took 0.139 seconds
[2023-02-28T04:02:51.062+0000] {processor.py:153} INFO - Started process (PID=1795) to work on /home/airflow/.local/lib/python3.7/site-packages/airflow/example_dags/example_skip_dag.py
[2023-02-28T04:02:51.063+0000] {processor.py:743} INFO - Processing file /home/airflow/.local/lib/python3.7/site-packages/airflow/example_dags/example_skip_dag.py for tasks to queue
[2023-02-28T04:02:51.064+0000] {logging_mixin.py:137} INFO - [2023-02-28T04:02:51.064+0000] {dagbag.py:538} INFO - Filling up the DagBag from /home/airflow/.local/lib/python3.7/site-packages/airflow/example_dags/example_skip_dag.py
[2023-02-28T04:02:51.081+0000] {processor.py:753} INFO - DAG(s) dict_keys(['example_skip_dag']) retrieved from /home/airflow/.local/lib/python3.7/site-packages/airflow/example_dags/example_skip_dag.py
[2023-02-28T04:02:51.110+0000] {logging_mixin.py:137} INFO - [2023-02-28T04:02:51.110+0000] {dag.py:2690} INFO - Sync 1 DAGs
[2023-02-28T04:02:51.144+0000] {logging_mixin.py:137} INFO - [2023-02-28T04:02:51.144+0000] {dag.py:3441} INFO - Setting next_dagrun for example_skip_dag to 2023-02-27T04:02:51.143668+00:00, run_after=2023-02-28T04:02:51.143668+00:00
[2023-02-28T04:02:51.174+0000] {processor.py:175} INFO - Processing /home/airflow/.local/lib/python3.7/site-packages/airflow/example_dags/example_skip_dag.py took 0.116 seconds
[2023-02-28T04:03:21.305+0000] {processor.py:153} INFO - Started process (PID=1858) to work on /home/airflow/.local/lib/python3.7/site-packages/airflow/example_dags/example_skip_dag.py
[2023-02-28T04:03:21.306+0000] {processor.py:743} INFO - Processing file /home/airflow/.local/lib/python3.7/site-packages/airflow/example_dags/example_skip_dag.py for tasks to queue
[2023-02-28T04:03:21.307+0000] {logging_mixin.py:137} INFO - [2023-02-28T04:03:21.306+0000] {dagbag.py:538} INFO - Filling up the DagBag from /home/airflow/.local/lib/python3.7/site-packages/airflow/example_dags/example_skip_dag.py
[2023-02-28T04:03:21.328+0000] {processor.py:753} INFO - DAG(s) dict_keys(['example_skip_dag']) retrieved from /home/airflow/.local/lib/python3.7/site-packages/airflow/example_dags/example_skip_dag.py
[2023-02-28T04:03:21.357+0000] {logging_mixin.py:137} INFO - [2023-02-28T04:03:21.357+0000] {dag.py:2690} INFO - Sync 1 DAGs
[2023-02-28T04:03:21.386+0000] {logging_mixin.py:137} INFO - [2023-02-28T04:03:21.386+0000] {dag.py:3441} INFO - Setting next_dagrun for example_skip_dag to 2023-02-27T04:03:21.385970+00:00, run_after=2023-02-28T04:03:21.385970+00:00
[2023-02-28T04:03:21.406+0000] {processor.py:175} INFO - Processing /home/airflow/.local/lib/python3.7/site-packages/airflow/example_dags/example_skip_dag.py took 0.107 seconds
[2023-02-28T04:03:51.741+0000] {processor.py:153} INFO - Started process (PID=1934) to work on /home/airflow/.local/lib/python3.7/site-packages/airflow/example_dags/example_skip_dag.py
[2023-02-28T04:03:51.743+0000] {processor.py:743} INFO - Processing file /home/airflow/.local/lib/python3.7/site-packages/airflow/example_dags/example_skip_dag.py for tasks to queue
[2023-02-28T04:03:51.744+0000] {logging_mixin.py:137} INFO - [2023-02-28T04:03:51.743+0000] {dagbag.py:538} INFO - Filling up the DagBag from /home/airflow/.local/lib/python3.7/site-packages/airflow/example_dags/example_skip_dag.py
[2023-02-28T04:03:51.761+0000] {processor.py:753} INFO - DAG(s) dict_keys(['example_skip_dag']) retrieved from /home/airflow/.local/lib/python3.7/site-packages/airflow/example_dags/example_skip_dag.py
[2023-02-28T04:03:51.790+0000] {logging_mixin.py:137} INFO - [2023-02-28T04:03:51.790+0000] {dag.py:2690} INFO - Sync 1 DAGs
[2023-02-28T04:03:51.817+0000] {logging_mixin.py:137} INFO - [2023-02-28T04:03:51.817+0000] {dag.py:3441} INFO - Setting next_dagrun for example_skip_dag to 2023-02-27T04:03:51.817118+00:00, run_after=2023-02-28T04:03:51.817118+00:00
[2023-02-28T04:03:51.838+0000] {processor.py:175} INFO - Processing /home/airflow/.local/lib/python3.7/site-packages/airflow/example_dags/example_skip_dag.py took 0.101 seconds
[2023-02-28T04:04:22.650+0000] {processor.py:153} INFO - Started process (PID=1999) to work on /home/airflow/.local/lib/python3.7/site-packages/airflow/example_dags/example_skip_dag.py
[2023-02-28T04:04:22.651+0000] {processor.py:743} INFO - Processing file /home/airflow/.local/lib/python3.7/site-packages/airflow/example_dags/example_skip_dag.py for tasks to queue
[2023-02-28T04:04:22.652+0000] {logging_mixin.py:137} INFO - [2023-02-28T04:04:22.652+0000] {dagbag.py:538} INFO - Filling up the DagBag from /home/airflow/.local/lib/python3.7/site-packages/airflow/example_dags/example_skip_dag.py
[2023-02-28T04:04:22.668+0000] {processor.py:753} INFO - DAG(s) dict_keys(['example_skip_dag']) retrieved from /home/airflow/.local/lib/python3.7/site-packages/airflow/example_dags/example_skip_dag.py
[2023-02-28T04:04:22.698+0000] {logging_mixin.py:137} INFO - [2023-02-28T04:04:22.698+0000] {dag.py:2690} INFO - Sync 1 DAGs
[2023-02-28T04:04:22.727+0000] {logging_mixin.py:137} INFO - [2023-02-28T04:04:22.727+0000] {dag.py:3441} INFO - Setting next_dagrun for example_skip_dag to 2023-02-27T04:04:22.727065+00:00, run_after=2023-02-28T04:04:22.727065+00:00
[2023-02-28T04:04:22.747+0000] {processor.py:175} INFO - Processing /home/airflow/.local/lib/python3.7/site-packages/airflow/example_dags/example_skip_dag.py took 0.102 seconds
[2023-02-28T04:04:53.068+0000] {processor.py:153} INFO - Started process (PID=2076) to work on /home/airflow/.local/lib/python3.7/site-packages/airflow/example_dags/example_skip_dag.py
[2023-02-28T04:04:53.070+0000] {processor.py:743} INFO - Processing file /home/airflow/.local/lib/python3.7/site-packages/airflow/example_dags/example_skip_dag.py for tasks to queue
[2023-02-28T04:04:53.071+0000] {logging_mixin.py:137} INFO - [2023-02-28T04:04:53.071+0000] {dagbag.py:538} INFO - Filling up the DagBag from /home/airflow/.local/lib/python3.7/site-packages/airflow/example_dags/example_skip_dag.py
[2023-02-28T04:04:53.091+0000] {processor.py:753} INFO - DAG(s) dict_keys(['example_skip_dag']) retrieved from /home/airflow/.local/lib/python3.7/site-packages/airflow/example_dags/example_skip_dag.py
[2023-02-28T04:04:53.126+0000] {logging_mixin.py:137} INFO - [2023-02-28T04:04:53.125+0000] {dag.py:2690} INFO - Sync 1 DAGs
[2023-02-28T04:04:53.164+0000] {logging_mixin.py:137} INFO - [2023-02-28T04:04:53.164+0000] {dag.py:3441} INFO - Setting next_dagrun for example_skip_dag to 2023-02-27T04:04:53.164201+00:00, run_after=2023-02-28T04:04:53.164201+00:00
[2023-02-28T04:04:53.188+0000] {processor.py:175} INFO - Processing /home/airflow/.local/lib/python3.7/site-packages/airflow/example_dags/example_skip_dag.py took 0.124 seconds
[2023-02-28T04:05:23.388+0000] {processor.py:153} INFO - Started process (PID=2140) to work on /home/airflow/.local/lib/python3.7/site-packages/airflow/example_dags/example_skip_dag.py
[2023-02-28T04:05:23.389+0000] {processor.py:743} INFO - Processing file /home/airflow/.local/lib/python3.7/site-packages/airflow/example_dags/example_skip_dag.py for tasks to queue
[2023-02-28T04:05:23.389+0000] {logging_mixin.py:137} INFO - [2023-02-28T04:05:23.389+0000] {dagbag.py:538} INFO - Filling up the DagBag from /home/airflow/.local/lib/python3.7/site-packages/airflow/example_dags/example_skip_dag.py
[2023-02-28T04:05:23.406+0000] {processor.py:753} INFO - DAG(s) dict_keys(['example_skip_dag']) retrieved from /home/airflow/.local/lib/python3.7/site-packages/airflow/example_dags/example_skip_dag.py
[2023-02-28T04:05:23.436+0000] {logging_mixin.py:137} INFO - [2023-02-28T04:05:23.436+0000] {dag.py:2690} INFO - Sync 1 DAGs
[2023-02-28T04:05:23.464+0000] {logging_mixin.py:137} INFO - [2023-02-28T04:05:23.464+0000] {dag.py:3441} INFO - Setting next_dagrun for example_skip_dag to 2023-02-27T04:05:23.464022+00:00, run_after=2023-02-28T04:05:23.464022+00:00
[2023-02-28T04:05:23.484+0000] {processor.py:175} INFO - Processing /home/airflow/.local/lib/python3.7/site-packages/airflow/example_dags/example_skip_dag.py took 0.101 seconds
[2023-02-28T04:05:53.580+0000] {processor.py:153} INFO - Started process (PID=2205) to work on /home/airflow/.local/lib/python3.7/site-packages/airflow/example_dags/example_skip_dag.py
[2023-02-28T04:05:53.582+0000] {processor.py:743} INFO - Processing file /home/airflow/.local/lib/python3.7/site-packages/airflow/example_dags/example_skip_dag.py for tasks to queue
[2023-02-28T04:05:53.583+0000] {logging_mixin.py:137} INFO - [2023-02-28T04:05:53.583+0000] {dagbag.py:538} INFO - Filling up the DagBag from /home/airflow/.local/lib/python3.7/site-packages/airflow/example_dags/example_skip_dag.py
[2023-02-28T04:05:53.605+0000] {processor.py:753} INFO - DAG(s) dict_keys(['example_skip_dag']) retrieved from /home/airflow/.local/lib/python3.7/site-packages/airflow/example_dags/example_skip_dag.py
[2023-02-28T04:05:53.644+0000] {logging_mixin.py:137} INFO - [2023-02-28T04:05:53.644+0000] {dag.py:2690} INFO - Sync 1 DAGs
[2023-02-28T04:05:53.685+0000] {logging_mixin.py:137} INFO - [2023-02-28T04:05:53.685+0000] {dag.py:3441} INFO - Setting next_dagrun for example_skip_dag to 2023-02-27T04:05:53.684855+00:00, run_after=2023-02-28T04:05:53.684855+00:00
[2023-02-28T04:05:53.707+0000] {processor.py:175} INFO - Processing /home/airflow/.local/lib/python3.7/site-packages/airflow/example_dags/example_skip_dag.py took 0.134 seconds
[2023-02-28T04:06:23.804+0000] {processor.py:153} INFO - Started process (PID=2283) to work on /home/airflow/.local/lib/python3.7/site-packages/airflow/example_dags/example_skip_dag.py
[2023-02-28T04:06:23.805+0000] {processor.py:743} INFO - Processing file /home/airflow/.local/lib/python3.7/site-packages/airflow/example_dags/example_skip_dag.py for tasks to queue
[2023-02-28T04:06:23.806+0000] {logging_mixin.py:137} INFO - [2023-02-28T04:06:23.806+0000] {dagbag.py:538} INFO - Filling up the DagBag from /home/airflow/.local/lib/python3.7/site-packages/airflow/example_dags/example_skip_dag.py
[2023-02-28T04:06:23.827+0000] {processor.py:753} INFO - DAG(s) dict_keys(['example_skip_dag']) retrieved from /home/airflow/.local/lib/python3.7/site-packages/airflow/example_dags/example_skip_dag.py
[2023-02-28T04:06:23.870+0000] {logging_mixin.py:137} INFO - [2023-02-28T04:06:23.870+0000] {dag.py:2690} INFO - Sync 1 DAGs
[2023-02-28T04:06:23.898+0000] {logging_mixin.py:137} INFO - [2023-02-28T04:06:23.898+0000] {dag.py:3441} INFO - Setting next_dagrun for example_skip_dag to 2023-02-27T04:06:23.898267+00:00, run_after=2023-02-28T04:06:23.898267+00:00
[2023-02-28T04:06:23.918+0000] {processor.py:175} INFO - Processing /home/airflow/.local/lib/python3.7/site-packages/airflow/example_dags/example_skip_dag.py took 0.119 seconds
[2023-02-28T04:06:53.957+0000] {processor.py:153} INFO - Started process (PID=2349) to work on /home/airflow/.local/lib/python3.7/site-packages/airflow/example_dags/example_skip_dag.py
[2023-02-28T04:06:53.958+0000] {processor.py:743} INFO - Processing file /home/airflow/.local/lib/python3.7/site-packages/airflow/example_dags/example_skip_dag.py for tasks to queue
[2023-02-28T04:06:53.959+0000] {logging_mixin.py:137} INFO - [2023-02-28T04:06:53.959+0000] {dagbag.py:538} INFO - Filling up the DagBag from /home/airflow/.local/lib/python3.7/site-packages/airflow/example_dags/example_skip_dag.py
[2023-02-28T04:06:53.975+0000] {processor.py:753} INFO - DAG(s) dict_keys(['example_skip_dag']) retrieved from /home/airflow/.local/lib/python3.7/site-packages/airflow/example_dags/example_skip_dag.py
[2023-02-28T04:06:54.009+0000] {logging_mixin.py:137} INFO - [2023-02-28T04:06:54.009+0000] {dag.py:2690} INFO - Sync 1 DAGs
[2023-02-28T04:06:54.038+0000] {logging_mixin.py:137} INFO - [2023-02-28T04:06:54.038+0000] {dag.py:3441} INFO - Setting next_dagrun for example_skip_dag to 2023-02-27T04:06:54.038254+00:00, run_after=2023-02-28T04:06:54.038254+00:00
[2023-02-28T04:06:54.057+0000] {processor.py:175} INFO - Processing /home/airflow/.local/lib/python3.7/site-packages/airflow/example_dags/example_skip_dag.py took 0.104 seconds
[2023-02-28T04:07:24.276+0000] {processor.py:153} INFO - Started process (PID=2424) to work on /home/airflow/.local/lib/python3.7/site-packages/airflow/example_dags/example_skip_dag.py
[2023-02-28T04:07:24.277+0000] {processor.py:743} INFO - Processing file /home/airflow/.local/lib/python3.7/site-packages/airflow/example_dags/example_skip_dag.py for tasks to queue
[2023-02-28T04:07:24.278+0000] {logging_mixin.py:137} INFO - [2023-02-28T04:07:24.277+0000] {dagbag.py:538} INFO - Filling up the DagBag from /home/airflow/.local/lib/python3.7/site-packages/airflow/example_dags/example_skip_dag.py
[2023-02-28T04:07:24.295+0000] {processor.py:753} INFO - DAG(s) dict_keys(['example_skip_dag']) retrieved from /home/airflow/.local/lib/python3.7/site-packages/airflow/example_dags/example_skip_dag.py
[2023-02-28T04:07:24.325+0000] {logging_mixin.py:137} INFO - [2023-02-28T04:07:24.325+0000] {dag.py:2690} INFO - Sync 1 DAGs
[2023-02-28T04:07:24.357+0000] {logging_mixin.py:137} INFO - [2023-02-28T04:07:24.357+0000] {dag.py:3441} INFO - Setting next_dagrun for example_skip_dag to 2023-02-27T04:07:24.356879+00:00, run_after=2023-02-28T04:07:24.356879+00:00
[2023-02-28T04:07:24.379+0000] {processor.py:175} INFO - Processing /home/airflow/.local/lib/python3.7/site-packages/airflow/example_dags/example_skip_dag.py took 0.108 seconds
[2023-02-28T04:07:54.823+0000] {processor.py:153} INFO - Started process (PID=2490) to work on /home/airflow/.local/lib/python3.7/site-packages/airflow/example_dags/example_skip_dag.py
[2023-02-28T04:07:54.824+0000] {processor.py:743} INFO - Processing file /home/airflow/.local/lib/python3.7/site-packages/airflow/example_dags/example_skip_dag.py for tasks to queue
[2023-02-28T04:07:54.825+0000] {logging_mixin.py:137} INFO - [2023-02-28T04:07:54.825+0000] {dagbag.py:538} INFO - Filling up the DagBag from /home/airflow/.local/lib/python3.7/site-packages/airflow/example_dags/example_skip_dag.py
[2023-02-28T04:07:54.841+0000] {processor.py:753} INFO - DAG(s) dict_keys(['example_skip_dag']) retrieved from /home/airflow/.local/lib/python3.7/site-packages/airflow/example_dags/example_skip_dag.py
[2023-02-28T04:07:54.871+0000] {logging_mixin.py:137} INFO - [2023-02-28T04:07:54.871+0000] {dag.py:2690} INFO - Sync 1 DAGs
[2023-02-28T04:07:54.901+0000] {logging_mixin.py:137} INFO - [2023-02-28T04:07:54.901+0000] {dag.py:3441} INFO - Setting next_dagrun for example_skip_dag to 2023-02-27T04:07:54.901085+00:00, run_after=2023-02-28T04:07:54.901085+00:00
[2023-02-28T04:07:54.923+0000] {processor.py:175} INFO - Processing /home/airflow/.local/lib/python3.7/site-packages/airflow/example_dags/example_skip_dag.py took 0.105 seconds
[2023-02-28T04:08:25.068+0000] {processor.py:153} INFO - Started process (PID=2554) to work on /home/airflow/.local/lib/python3.7/site-packages/airflow/example_dags/example_skip_dag.py
[2023-02-28T04:08:25.070+0000] {processor.py:743} INFO - Processing file /home/airflow/.local/lib/python3.7/site-packages/airflow/example_dags/example_skip_dag.py for tasks to queue
[2023-02-28T04:08:25.071+0000] {logging_mixin.py:137} INFO - [2023-02-28T04:08:25.071+0000] {dagbag.py:538} INFO - Filling up the DagBag from /home/airflow/.local/lib/python3.7/site-packages/airflow/example_dags/example_skip_dag.py
[2023-02-28T04:08:25.113+0000] {processor.py:753} INFO - DAG(s) dict_keys(['example_skip_dag']) retrieved from /home/airflow/.local/lib/python3.7/site-packages/airflow/example_dags/example_skip_dag.py
[2023-02-28T04:08:25.171+0000] {logging_mixin.py:137} INFO - [2023-02-28T04:08:25.171+0000] {dag.py:2690} INFO - Sync 1 DAGs
[2023-02-28T04:08:25.214+0000] {logging_mixin.py:137} INFO - [2023-02-28T04:08:25.214+0000] {dag.py:3441} INFO - Setting next_dagrun for example_skip_dag to 2023-02-27T04:08:25.214120+00:00, run_after=2023-02-28T04:08:25.214120+00:00
[2023-02-28T04:08:25.242+0000] {processor.py:175} INFO - Processing /home/airflow/.local/lib/python3.7/site-packages/airflow/example_dags/example_skip_dag.py took 0.180 seconds
[2023-02-28T04:08:55.323+0000] {processor.py:153} INFO - Started process (PID=2630) to work on /home/airflow/.local/lib/python3.7/site-packages/airflow/example_dags/example_skip_dag.py
[2023-02-28T04:08:55.325+0000] {processor.py:743} INFO - Processing file /home/airflow/.local/lib/python3.7/site-packages/airflow/example_dags/example_skip_dag.py for tasks to queue
[2023-02-28T04:08:55.326+0000] {logging_mixin.py:137} INFO - [2023-02-28T04:08:55.326+0000] {dagbag.py:538} INFO - Filling up the DagBag from /home/airflow/.local/lib/python3.7/site-packages/airflow/example_dags/example_skip_dag.py
[2023-02-28T04:08:55.349+0000] {processor.py:753} INFO - DAG(s) dict_keys(['example_skip_dag']) retrieved from /home/airflow/.local/lib/python3.7/site-packages/airflow/example_dags/example_skip_dag.py
[2023-02-28T04:08:55.390+0000] {logging_mixin.py:137} INFO - [2023-02-28T04:08:55.390+0000] {dag.py:2690} INFO - Sync 1 DAGs
[2023-02-28T04:08:55.432+0000] {logging_mixin.py:137} INFO - [2023-02-28T04:08:55.432+0000] {dag.py:3441} INFO - Setting next_dagrun for example_skip_dag to 2023-02-27T04:08:55.432301+00:00, run_after=2023-02-28T04:08:55.432301+00:00
[2023-02-28T04:08:55.455+0000] {processor.py:175} INFO - Processing /home/airflow/.local/lib/python3.7/site-packages/airflow/example_dags/example_skip_dag.py took 0.139 seconds
[2023-02-28T04:09:26.279+0000] {processor.py:153} INFO - Started process (PID=2695) to work on /home/airflow/.local/lib/python3.7/site-packages/airflow/example_dags/example_skip_dag.py
[2023-02-28T04:09:26.280+0000] {processor.py:743} INFO - Processing file /home/airflow/.local/lib/python3.7/site-packages/airflow/example_dags/example_skip_dag.py for tasks to queue
[2023-02-28T04:09:26.281+0000] {logging_mixin.py:137} INFO - [2023-02-28T04:09:26.281+0000] {dagbag.py:538} INFO - Filling up the DagBag from /home/airflow/.local/lib/python3.7/site-packages/airflow/example_dags/example_skip_dag.py
[2023-02-28T04:09:26.302+0000] {processor.py:753} INFO - DAG(s) dict_keys(['example_skip_dag']) retrieved from /home/airflow/.local/lib/python3.7/site-packages/airflow/example_dags/example_skip_dag.py
[2023-02-28T04:09:26.353+0000] {logging_mixin.py:137} INFO - [2023-02-28T04:09:26.353+0000] {dag.py:2690} INFO - Sync 1 DAGs
[2023-02-28T04:09:26.393+0000] {logging_mixin.py:137} INFO - [2023-02-28T04:09:26.393+0000] {dag.py:3441} INFO - Setting next_dagrun for example_skip_dag to 2023-02-27T04:09:26.393333+00:00, run_after=2023-02-28T04:09:26.393333+00:00
[2023-02-28T04:09:26.421+0000] {processor.py:175} INFO - Processing /home/airflow/.local/lib/python3.7/site-packages/airflow/example_dags/example_skip_dag.py took 0.147 seconds
[2023-02-28T04:09:56.875+0000] {processor.py:153} INFO - Started process (PID=2773) to work on /home/airflow/.local/lib/python3.7/site-packages/airflow/example_dags/example_skip_dag.py
[2023-02-28T04:09:56.876+0000] {processor.py:743} INFO - Processing file /home/airflow/.local/lib/python3.7/site-packages/airflow/example_dags/example_skip_dag.py for tasks to queue
[2023-02-28T04:09:56.877+0000] {logging_mixin.py:137} INFO - [2023-02-28T04:09:56.877+0000] {dagbag.py:538} INFO - Filling up the DagBag from /home/airflow/.local/lib/python3.7/site-packages/airflow/example_dags/example_skip_dag.py
[2023-02-28T04:09:56.896+0000] {processor.py:753} INFO - DAG(s) dict_keys(['example_skip_dag']) retrieved from /home/airflow/.local/lib/python3.7/site-packages/airflow/example_dags/example_skip_dag.py
[2023-02-28T04:09:56.926+0000] {logging_mixin.py:137} INFO - [2023-02-28T04:09:56.926+0000] {dag.py:2690} INFO - Sync 1 DAGs
[2023-02-28T04:09:56.956+0000] {logging_mixin.py:137} INFO - [2023-02-28T04:09:56.955+0000] {dag.py:3441} INFO - Setting next_dagrun for example_skip_dag to 2023-02-27T04:09:56.955559+00:00, run_after=2023-02-28T04:09:56.955559+00:00
[2023-02-28T04:09:56.976+0000] {processor.py:175} INFO - Processing /home/airflow/.local/lib/python3.7/site-packages/airflow/example_dags/example_skip_dag.py took 0.106 seconds
[2023-02-28T04:10:27.005+0000] {processor.py:153} INFO - Started process (PID=2838) to work on /home/airflow/.local/lib/python3.7/site-packages/airflow/example_dags/example_skip_dag.py
[2023-02-28T04:10:27.007+0000] {processor.py:743} INFO - Processing file /home/airflow/.local/lib/python3.7/site-packages/airflow/example_dags/example_skip_dag.py for tasks to queue
[2023-02-28T04:10:27.008+0000] {logging_mixin.py:137} INFO - [2023-02-28T04:10:27.007+0000] {dagbag.py:538} INFO - Filling up the DagBag from /home/airflow/.local/lib/python3.7/site-packages/airflow/example_dags/example_skip_dag.py
[2023-02-28T04:10:27.026+0000] {processor.py:753} INFO - DAG(s) dict_keys(['example_skip_dag']) retrieved from /home/airflow/.local/lib/python3.7/site-packages/airflow/example_dags/example_skip_dag.py
[2023-02-28T04:10:27.055+0000] {logging_mixin.py:137} INFO - [2023-02-28T04:10:27.055+0000] {dag.py:2690} INFO - Sync 1 DAGs
[2023-02-28T04:10:27.082+0000] {logging_mixin.py:137} INFO - [2023-02-28T04:10:27.082+0000] {dag.py:3441} INFO - Setting next_dagrun for example_skip_dag to 2023-02-27T04:10:27.082309+00:00, run_after=2023-02-28T04:10:27.082309+00:00
[2023-02-28T04:10:27.102+0000] {processor.py:175} INFO - Processing /home/airflow/.local/lib/python3.7/site-packages/airflow/example_dags/example_skip_dag.py took 0.101 seconds
[2023-02-28T04:10:57.836+0000] {processor.py:153} INFO - Started process (PID=2911) to work on /home/airflow/.local/lib/python3.7/site-packages/airflow/example_dags/example_skip_dag.py
[2023-02-28T04:10:57.838+0000] {processor.py:743} INFO - Processing file /home/airflow/.local/lib/python3.7/site-packages/airflow/example_dags/example_skip_dag.py for tasks to queue
[2023-02-28T04:10:57.839+0000] {logging_mixin.py:137} INFO - [2023-02-28T04:10:57.839+0000] {dagbag.py:538} INFO - Filling up the DagBag from /home/airflow/.local/lib/python3.7/site-packages/airflow/example_dags/example_skip_dag.py
[2023-02-28T04:10:57.861+0000] {processor.py:753} INFO - DAG(s) dict_keys(['example_skip_dag']) retrieved from /home/airflow/.local/lib/python3.7/site-packages/airflow/example_dags/example_skip_dag.py
[2023-02-28T04:10:57.899+0000] {logging_mixin.py:137} INFO - [2023-02-28T04:10:57.899+0000] {dag.py:2690} INFO - Sync 1 DAGs
[2023-02-28T04:10:57.940+0000] {logging_mixin.py:137} INFO - [2023-02-28T04:10:57.940+0000] {dag.py:3441} INFO - Setting next_dagrun for example_skip_dag to 2023-02-27T04:10:57.939937+00:00, run_after=2023-02-28T04:10:57.939937+00:00
[2023-02-28T04:10:57.967+0000] {processor.py:175} INFO - Processing /home/airflow/.local/lib/python3.7/site-packages/airflow/example_dags/example_skip_dag.py took 0.137 seconds
[2023-02-28T04:11:28.676+0000] {processor.py:153} INFO - Started process (PID=2979) to work on /home/airflow/.local/lib/python3.7/site-packages/airflow/example_dags/example_skip_dag.py
[2023-02-28T04:11:28.678+0000] {processor.py:743} INFO - Processing file /home/airflow/.local/lib/python3.7/site-packages/airflow/example_dags/example_skip_dag.py for tasks to queue
[2023-02-28T04:11:28.679+0000] {logging_mixin.py:137} INFO - [2023-02-28T04:11:28.679+0000] {dagbag.py:538} INFO - Filling up the DagBag from /home/airflow/.local/lib/python3.7/site-packages/airflow/example_dags/example_skip_dag.py
[2023-02-28T04:11:28.698+0000] {processor.py:753} INFO - DAG(s) dict_keys(['example_skip_dag']) retrieved from /home/airflow/.local/lib/python3.7/site-packages/airflow/example_dags/example_skip_dag.py
[2023-02-28T04:11:28.724+0000] {logging_mixin.py:137} INFO - [2023-02-28T04:11:28.724+0000] {dag.py:2690} INFO - Sync 1 DAGs
[2023-02-28T04:11:28.753+0000] {logging_mixin.py:137} INFO - [2023-02-28T04:11:28.753+0000] {dag.py:3441} INFO - Setting next_dagrun for example_skip_dag to 2023-02-27T04:11:28.752740+00:00, run_after=2023-02-28T04:11:28.752740+00:00
[2023-02-28T04:11:28.772+0000] {processor.py:175} INFO - Processing /home/airflow/.local/lib/python3.7/site-packages/airflow/example_dags/example_skip_dag.py took 0.100 seconds
[2023-02-28T04:11:59.607+0000] {processor.py:153} INFO - Started process (PID=3043) to work on /home/airflow/.local/lib/python3.7/site-packages/airflow/example_dags/example_skip_dag.py
[2023-02-28T04:11:59.608+0000] {processor.py:743} INFO - Processing file /home/airflow/.local/lib/python3.7/site-packages/airflow/example_dags/example_skip_dag.py for tasks to queue
[2023-02-28T04:11:59.609+0000] {logging_mixin.py:137} INFO - [2023-02-28T04:11:59.609+0000] {dagbag.py:538} INFO - Filling up the DagBag from /home/airflow/.local/lib/python3.7/site-packages/airflow/example_dags/example_skip_dag.py
[2023-02-28T04:11:59.626+0000] {processor.py:753} INFO - DAG(s) dict_keys(['example_skip_dag']) retrieved from /home/airflow/.local/lib/python3.7/site-packages/airflow/example_dags/example_skip_dag.py
[2023-02-28T04:11:59.658+0000] {logging_mixin.py:137} INFO - [2023-02-28T04:11:59.658+0000] {dag.py:2690} INFO - Sync 1 DAGs
[2023-02-28T04:11:59.687+0000] {logging_mixin.py:137} INFO - [2023-02-28T04:11:59.687+0000] {dag.py:3441} INFO - Setting next_dagrun for example_skip_dag to 2023-02-27T04:11:59.687476+00:00, run_after=2023-02-28T04:11:59.687476+00:00
[2023-02-28T04:11:59.707+0000] {processor.py:175} INFO - Processing /home/airflow/.local/lib/python3.7/site-packages/airflow/example_dags/example_skip_dag.py took 0.105 seconds
[2023-02-28T04:12:30.468+0000] {processor.py:153} INFO - Started process (PID=3122) to work on /home/airflow/.local/lib/python3.7/site-packages/airflow/example_dags/example_skip_dag.py
[2023-02-28T04:12:30.469+0000] {processor.py:743} INFO - Processing file /home/airflow/.local/lib/python3.7/site-packages/airflow/example_dags/example_skip_dag.py for tasks to queue
[2023-02-28T04:12:30.470+0000] {logging_mixin.py:137} INFO - [2023-02-28T04:12:30.470+0000] {dagbag.py:538} INFO - Filling up the DagBag from /home/airflow/.local/lib/python3.7/site-packages/airflow/example_dags/example_skip_dag.py
[2023-02-28T04:12:30.491+0000] {processor.py:753} INFO - DAG(s) dict_keys(['example_skip_dag']) retrieved from /home/airflow/.local/lib/python3.7/site-packages/airflow/example_dags/example_skip_dag.py
[2023-02-28T04:12:30.519+0000] {logging_mixin.py:137} INFO - [2023-02-28T04:12:30.519+0000] {dag.py:2690} INFO - Sync 1 DAGs
[2023-02-28T04:12:30.547+0000] {logging_mixin.py:137} INFO - [2023-02-28T04:12:30.547+0000] {dag.py:3441} INFO - Setting next_dagrun for example_skip_dag to 2023-02-27T04:12:30.547057+00:00, run_after=2023-02-28T04:12:30.547057+00:00
[2023-02-28T04:12:30.568+0000] {processor.py:175} INFO - Processing /home/airflow/.local/lib/python3.7/site-packages/airflow/example_dags/example_skip_dag.py took 0.105 seconds
[2023-02-28T04:13:01.676+0000] {processor.py:153} INFO - Started process (PID=3187) to work on /home/airflow/.local/lib/python3.7/site-packages/airflow/example_dags/example_skip_dag.py
[2023-02-28T04:13:01.678+0000] {processor.py:743} INFO - Processing file /home/airflow/.local/lib/python3.7/site-packages/airflow/example_dags/example_skip_dag.py for tasks to queue
[2023-02-28T04:13:01.679+0000] {logging_mixin.py:137} INFO - [2023-02-28T04:13:01.679+0000] {dagbag.py:538} INFO - Filling up the DagBag from /home/airflow/.local/lib/python3.7/site-packages/airflow/example_dags/example_skip_dag.py
[2023-02-28T04:13:01.731+0000] {processor.py:753} INFO - DAG(s) dict_keys(['example_skip_dag']) retrieved from /home/airflow/.local/lib/python3.7/site-packages/airflow/example_dags/example_skip_dag.py
[2023-02-28T04:13:01.796+0000] {logging_mixin.py:137} INFO - [2023-02-28T04:13:01.796+0000] {dag.py:2690} INFO - Sync 1 DAGs
[2023-02-28T04:13:01.825+0000] {logging_mixin.py:137} INFO - [2023-02-28T04:13:01.825+0000] {dag.py:3441} INFO - Setting next_dagrun for example_skip_dag to 2023-02-27T04:13:01.824913+00:00, run_after=2023-02-28T04:13:01.824913+00:00
[2023-02-28T04:13:01.853+0000] {processor.py:175} INFO - Processing /home/airflow/.local/lib/python3.7/site-packages/airflow/example_dags/example_skip_dag.py took 0.185 seconds
[2023-02-28T04:13:31.974+0000] {processor.py:153} INFO - Started process (PID=3264) to work on /home/airflow/.local/lib/python3.7/site-packages/airflow/example_dags/example_skip_dag.py
[2023-02-28T04:13:31.975+0000] {processor.py:743} INFO - Processing file /home/airflow/.local/lib/python3.7/site-packages/airflow/example_dags/example_skip_dag.py for tasks to queue
[2023-02-28T04:13:31.976+0000] {logging_mixin.py:137} INFO - [2023-02-28T04:13:31.976+0000] {dagbag.py:538} INFO - Filling up the DagBag from /home/airflow/.local/lib/python3.7/site-packages/airflow/example_dags/example_skip_dag.py
[2023-02-28T04:13:31.993+0000] {processor.py:753} INFO - DAG(s) dict_keys(['example_skip_dag']) retrieved from /home/airflow/.local/lib/python3.7/site-packages/airflow/example_dags/example_skip_dag.py
[2023-02-28T04:13:32.025+0000] {logging_mixin.py:137} INFO - [2023-02-28T04:13:32.025+0000] {dag.py:2690} INFO - Sync 1 DAGs
[2023-02-28T04:13:32.054+0000] {logging_mixin.py:137} INFO - [2023-02-28T04:13:32.054+0000] {dag.py:3441} INFO - Setting next_dagrun for example_skip_dag to 2023-02-27T04:13:32.054447+00:00, run_after=2023-02-28T04:13:32.054447+00:00
[2023-02-28T04:13:32.074+0000] {processor.py:175} INFO - Processing /home/airflow/.local/lib/python3.7/site-packages/airflow/example_dags/example_skip_dag.py took 0.105 seconds
[2023-02-28T04:14:02.164+0000] {processor.py:153} INFO - Started process (PID=3327) to work on /home/airflow/.local/lib/python3.7/site-packages/airflow/example_dags/example_skip_dag.py
[2023-02-28T04:14:02.166+0000] {processor.py:743} INFO - Processing file /home/airflow/.local/lib/python3.7/site-packages/airflow/example_dags/example_skip_dag.py for tasks to queue
[2023-02-28T04:14:02.167+0000] {logging_mixin.py:137} INFO - [2023-02-28T04:14:02.166+0000] {dagbag.py:538} INFO - Filling up the DagBag from /home/airflow/.local/lib/python3.7/site-packages/airflow/example_dags/example_skip_dag.py
[2023-02-28T04:14:02.189+0000] {processor.py:753} INFO - DAG(s) dict_keys(['example_skip_dag']) retrieved from /home/airflow/.local/lib/python3.7/site-packages/airflow/example_dags/example_skip_dag.py
[2023-02-28T04:14:02.234+0000] {logging_mixin.py:137} INFO - [2023-02-28T04:14:02.234+0000] {dag.py:2690} INFO - Sync 1 DAGs
[2023-02-28T04:14:02.276+0000] {logging_mixin.py:137} INFO - [2023-02-28T04:14:02.276+0000] {dag.py:3441} INFO - Setting next_dagrun for example_skip_dag to 2023-02-27T04:14:02.275715+00:00, run_after=2023-02-28T04:14:02.275715+00:00
[2023-02-28T04:14:02.303+0000] {processor.py:175} INFO - Processing /home/airflow/.local/lib/python3.7/site-packages/airflow/example_dags/example_skip_dag.py took 0.144 seconds
[2023-02-28T04:14:32.331+0000] {processor.py:153} INFO - Started process (PID=3403) to work on /home/airflow/.local/lib/python3.7/site-packages/airflow/example_dags/example_skip_dag.py
[2023-02-28T04:14:32.332+0000] {processor.py:743} INFO - Processing file /home/airflow/.local/lib/python3.7/site-packages/airflow/example_dags/example_skip_dag.py for tasks to queue
[2023-02-28T04:14:32.333+0000] {logging_mixin.py:137} INFO - [2023-02-28T04:14:32.333+0000] {dagbag.py:538} INFO - Filling up the DagBag from /home/airflow/.local/lib/python3.7/site-packages/airflow/example_dags/example_skip_dag.py
[2023-02-28T04:14:32.351+0000] {processor.py:753} INFO - DAG(s) dict_keys(['example_skip_dag']) retrieved from /home/airflow/.local/lib/python3.7/site-packages/airflow/example_dags/example_skip_dag.py
[2023-02-28T04:14:32.389+0000] {logging_mixin.py:137} INFO - [2023-02-28T04:14:32.388+0000] {dag.py:2690} INFO - Sync 1 DAGs
[2023-02-28T04:14:32.427+0000] {logging_mixin.py:137} INFO - [2023-02-28T04:14:32.427+0000] {dag.py:3441} INFO - Setting next_dagrun for example_skip_dag to 2023-02-27T04:14:32.427243+00:00, run_after=2023-02-28T04:14:32.427243+00:00
[2023-02-28T04:14:32.447+0000] {processor.py:175} INFO - Processing /home/airflow/.local/lib/python3.7/site-packages/airflow/example_dags/example_skip_dag.py took 0.120 seconds
[2023-02-28T04:15:03.359+0000] {processor.py:153} INFO - Started process (PID=3467) to work on /home/airflow/.local/lib/python3.7/site-packages/airflow/example_dags/example_skip_dag.py
[2023-02-28T04:15:03.361+0000] {processor.py:743} INFO - Processing file /home/airflow/.local/lib/python3.7/site-packages/airflow/example_dags/example_skip_dag.py for tasks to queue
[2023-02-28T04:15:03.362+0000] {logging_mixin.py:137} INFO - [2023-02-28T04:15:03.362+0000] {dagbag.py:538} INFO - Filling up the DagBag from /home/airflow/.local/lib/python3.7/site-packages/airflow/example_dags/example_skip_dag.py
[2023-02-28T04:15:03.379+0000] {processor.py:753} INFO - DAG(s) dict_keys(['example_skip_dag']) retrieved from /home/airflow/.local/lib/python3.7/site-packages/airflow/example_dags/example_skip_dag.py
[2023-02-28T04:15:03.409+0000] {logging_mixin.py:137} INFO - [2023-02-28T04:15:03.409+0000] {dag.py:2690} INFO - Sync 1 DAGs
[2023-02-28T04:15:03.447+0000] {logging_mixin.py:137} INFO - [2023-02-28T04:15:03.447+0000] {dag.py:3441} INFO - Setting next_dagrun for example_skip_dag to 2023-02-27T04:15:03.447444+00:00, run_after=2023-02-28T04:15:03.447444+00:00
[2023-02-28T04:15:03.473+0000] {processor.py:175} INFO - Processing /home/airflow/.local/lib/python3.7/site-packages/airflow/example_dags/example_skip_dag.py took 0.119 seconds
[2023-02-28T04:15:33.668+0000] {processor.py:153} INFO - Started process (PID=3541) to work on /home/airflow/.local/lib/python3.7/site-packages/airflow/example_dags/example_skip_dag.py
[2023-02-28T04:15:33.669+0000] {processor.py:743} INFO - Processing file /home/airflow/.local/lib/python3.7/site-packages/airflow/example_dags/example_skip_dag.py for tasks to queue
[2023-02-28T04:15:33.669+0000] {logging_mixin.py:137} INFO - [2023-02-28T04:15:33.669+0000] {dagbag.py:538} INFO - Filling up the DagBag from /home/airflow/.local/lib/python3.7/site-packages/airflow/example_dags/example_skip_dag.py
[2023-02-28T04:15:33.686+0000] {processor.py:753} INFO - DAG(s) dict_keys(['example_skip_dag']) retrieved from /home/airflow/.local/lib/python3.7/site-packages/airflow/example_dags/example_skip_dag.py
[2023-02-28T04:15:33.716+0000] {logging_mixin.py:137} INFO - [2023-02-28T04:15:33.715+0000] {dag.py:2690} INFO - Sync 1 DAGs
[2023-02-28T04:15:33.744+0000] {logging_mixin.py:137} INFO - [2023-02-28T04:15:33.743+0000] {dag.py:3441} INFO - Setting next_dagrun for example_skip_dag to 2023-02-27T04:15:33.743726+00:00, run_after=2023-02-28T04:15:33.743726+00:00
[2023-02-28T04:15:33.764+0000] {processor.py:175} INFO - Processing /home/airflow/.local/lib/python3.7/site-packages/airflow/example_dags/example_skip_dag.py took 0.101 seconds
[2023-02-28T04:16:04.566+0000] {processor.py:153} INFO - Started process (PID=3607) to work on /home/airflow/.local/lib/python3.7/site-packages/airflow/example_dags/example_skip_dag.py
[2023-02-28T04:16:04.568+0000] {processor.py:743} INFO - Processing file /home/airflow/.local/lib/python3.7/site-packages/airflow/example_dags/example_skip_dag.py for tasks to queue
[2023-02-28T04:16:04.569+0000] {logging_mixin.py:137} INFO - [2023-02-28T04:16:04.569+0000] {dagbag.py:538} INFO - Filling up the DagBag from /home/airflow/.local/lib/python3.7/site-packages/airflow/example_dags/example_skip_dag.py
[2023-02-28T04:16:04.590+0000] {processor.py:753} INFO - DAG(s) dict_keys(['example_skip_dag']) retrieved from /home/airflow/.local/lib/python3.7/site-packages/airflow/example_dags/example_skip_dag.py
[2023-02-28T04:16:04.621+0000] {logging_mixin.py:137} INFO - [2023-02-28T04:16:04.621+0000] {dag.py:2690} INFO - Sync 1 DAGs
[2023-02-28T04:16:04.648+0000] {logging_mixin.py:137} INFO - [2023-02-28T04:16:04.648+0000] {dag.py:3441} INFO - Setting next_dagrun for example_skip_dag to 2023-02-27T04:16:04.648011+00:00, run_after=2023-02-28T04:16:04.648011+00:00
[2023-02-28T04:16:04.672+0000] {processor.py:175} INFO - Processing /home/airflow/.local/lib/python3.7/site-packages/airflow/example_dags/example_skip_dag.py took 0.112 seconds
[2023-02-28T04:16:35.567+0000] {processor.py:153} INFO - Started process (PID=3678) to work on /home/airflow/.local/lib/python3.7/site-packages/airflow/example_dags/example_skip_dag.py
[2023-02-28T04:16:35.569+0000] {processor.py:743} INFO - Processing file /home/airflow/.local/lib/python3.7/site-packages/airflow/example_dags/example_skip_dag.py for tasks to queue
[2023-02-28T04:16:35.570+0000] {logging_mixin.py:137} INFO - [2023-02-28T04:16:35.570+0000] {dagbag.py:538} INFO - Filling up the DagBag from /home/airflow/.local/lib/python3.7/site-packages/airflow/example_dags/example_skip_dag.py
[2023-02-28T04:16:35.593+0000] {processor.py:753} INFO - DAG(s) dict_keys(['example_skip_dag']) retrieved from /home/airflow/.local/lib/python3.7/site-packages/airflow/example_dags/example_skip_dag.py
[2023-02-28T04:16:35.627+0000] {logging_mixin.py:137} INFO - [2023-02-28T04:16:35.627+0000] {dag.py:2690} INFO - Sync 1 DAGs
[2023-02-28T04:16:35.656+0000] {logging_mixin.py:137} INFO - [2023-02-28T04:16:35.656+0000] {dag.py:3441} INFO - Setting next_dagrun for example_skip_dag to 2023-02-27T04:16:35.655735+00:00, run_after=2023-02-28T04:16:35.655735+00:00
[2023-02-28T04:16:35.680+0000] {processor.py:175} INFO - Processing /home/airflow/.local/lib/python3.7/site-packages/airflow/example_dags/example_skip_dag.py took 0.120 seconds
[2023-02-28T04:17:06.481+0000] {processor.py:153} INFO - Started process (PID=3747) to work on /home/airflow/.local/lib/python3.7/site-packages/airflow/example_dags/example_skip_dag.py
[2023-02-28T04:17:06.483+0000] {processor.py:743} INFO - Processing file /home/airflow/.local/lib/python3.7/site-packages/airflow/example_dags/example_skip_dag.py for tasks to queue
[2023-02-28T04:17:06.484+0000] {logging_mixin.py:137} INFO - [2023-02-28T04:17:06.483+0000] {dagbag.py:538} INFO - Filling up the DagBag from /home/airflow/.local/lib/python3.7/site-packages/airflow/example_dags/example_skip_dag.py
[2023-02-28T04:17:06.503+0000] {processor.py:753} INFO - DAG(s) dict_keys(['example_skip_dag']) retrieved from /home/airflow/.local/lib/python3.7/site-packages/airflow/example_dags/example_skip_dag.py
[2023-02-28T04:17:06.532+0000] {logging_mixin.py:137} INFO - [2023-02-28T04:17:06.532+0000] {dag.py:2690} INFO - Sync 1 DAGs
[2023-02-28T04:17:06.561+0000] {logging_mixin.py:137} INFO - [2023-02-28T04:17:06.561+0000] {dag.py:3441} INFO - Setting next_dagrun for example_skip_dag to 2023-02-27T04:17:06.560831+00:00, run_after=2023-02-28T04:17:06.560831+00:00
[2023-02-28T04:17:06.582+0000] {processor.py:175} INFO - Processing /home/airflow/.local/lib/python3.7/site-packages/airflow/example_dags/example_skip_dag.py took 0.106 seconds
[2023-02-28T04:23:12.146+0000] {processor.py:153} INFO - Started process (PID=59) to work on /home/airflow/.local/lib/python3.7/site-packages/airflow/example_dags/example_skip_dag.py
[2023-02-28T04:23:12.148+0000] {processor.py:743} INFO - Processing file /home/airflow/.local/lib/python3.7/site-packages/airflow/example_dags/example_skip_dag.py for tasks to queue
[2023-02-28T04:23:12.149+0000] {logging_mixin.py:137} INFO - [2023-02-28T04:23:12.149+0000] {dagbag.py:538} INFO - Filling up the DagBag from /home/airflow/.local/lib/python3.7/site-packages/airflow/example_dags/example_skip_dag.py
[2023-02-28T04:23:12.172+0000] {processor.py:753} INFO - DAG(s) dict_keys(['example_skip_dag']) retrieved from /home/airflow/.local/lib/python3.7/site-packages/airflow/example_dags/example_skip_dag.py
[2023-02-28T04:23:12.215+0000] {logging_mixin.py:137} INFO - [2023-02-28T04:23:12.214+0000] {dag.py:2690} INFO - Sync 1 DAGs
[2023-02-28T04:23:12.255+0000] {logging_mixin.py:137} INFO - [2023-02-28T04:23:12.254+0000] {dag.py:3441} INFO - Setting next_dagrun for example_skip_dag to 2023-02-27T04:23:12.254524+00:00, run_after=2023-02-28T04:23:12.254524+00:00
[2023-02-28T04:23:12.284+0000] {processor.py:175} INFO - Processing /home/airflow/.local/lib/python3.7/site-packages/airflow/example_dags/example_skip_dag.py took 0.144 seconds
[2023-02-28T04:23:43.030+0000] {processor.py:153} INFO - Started process (PID=122) to work on /home/airflow/.local/lib/python3.7/site-packages/airflow/example_dags/example_skip_dag.py
[2023-02-28T04:23:43.033+0000] {processor.py:743} INFO - Processing file /home/airflow/.local/lib/python3.7/site-packages/airflow/example_dags/example_skip_dag.py for tasks to queue
[2023-02-28T04:23:43.034+0000] {logging_mixin.py:137} INFO - [2023-02-28T04:23:43.034+0000] {dagbag.py:538} INFO - Filling up the DagBag from /home/airflow/.local/lib/python3.7/site-packages/airflow/example_dags/example_skip_dag.py
[2023-02-28T04:23:43.053+0000] {processor.py:753} INFO - DAG(s) dict_keys(['example_skip_dag']) retrieved from /home/airflow/.local/lib/python3.7/site-packages/airflow/example_dags/example_skip_dag.py
[2023-02-28T04:23:43.088+0000] {logging_mixin.py:137} INFO - [2023-02-28T04:23:43.088+0000] {dag.py:2690} INFO - Sync 1 DAGs
[2023-02-28T04:23:43.128+0000] {logging_mixin.py:137} INFO - [2023-02-28T04:23:43.128+0000] {dag.py:3441} INFO - Setting next_dagrun for example_skip_dag to 2023-02-27T04:23:43.127707+00:00, run_after=2023-02-28T04:23:43.127707+00:00
[2023-02-28T04:23:43.158+0000] {processor.py:175} INFO - Processing /home/airflow/.local/lib/python3.7/site-packages/airflow/example_dags/example_skip_dag.py took 0.135 seconds
[2023-02-28T04:24:14.107+0000] {processor.py:153} INFO - Started process (PID=196) to work on /home/airflow/.local/lib/python3.7/site-packages/airflow/example_dags/example_skip_dag.py
[2023-02-28T04:24:14.109+0000] {processor.py:743} INFO - Processing file /home/airflow/.local/lib/python3.7/site-packages/airflow/example_dags/example_skip_dag.py for tasks to queue
[2023-02-28T04:24:14.109+0000] {logging_mixin.py:137} INFO - [2023-02-28T04:24:14.109+0000] {dagbag.py:538} INFO - Filling up the DagBag from /home/airflow/.local/lib/python3.7/site-packages/airflow/example_dags/example_skip_dag.py
[2023-02-28T04:24:14.125+0000] {processor.py:753} INFO - DAG(s) dict_keys(['example_skip_dag']) retrieved from /home/airflow/.local/lib/python3.7/site-packages/airflow/example_dags/example_skip_dag.py
[2023-02-28T04:24:14.153+0000] {logging_mixin.py:137} INFO - [2023-02-28T04:24:14.153+0000] {dag.py:2690} INFO - Sync 1 DAGs
[2023-02-28T04:24:14.182+0000] {logging_mixin.py:137} INFO - [2023-02-28T04:24:14.182+0000] {dag.py:3441} INFO - Setting next_dagrun for example_skip_dag to 2023-02-27T04:24:14.181739+00:00, run_after=2023-02-28T04:24:14.181739+00:00
[2023-02-28T04:24:14.200+0000] {processor.py:175} INFO - Processing /home/airflow/.local/lib/python3.7/site-packages/airflow/example_dags/example_skip_dag.py took 0.097 seconds
[2023-02-28T04:24:44.303+0000] {processor.py:153} INFO - Started process (PID=261) to work on /home/airflow/.local/lib/python3.7/site-packages/airflow/example_dags/example_skip_dag.py
[2023-02-28T04:24:44.305+0000] {processor.py:743} INFO - Processing file /home/airflow/.local/lib/python3.7/site-packages/airflow/example_dags/example_skip_dag.py for tasks to queue
[2023-02-28T04:24:44.306+0000] {logging_mixin.py:137} INFO - [2023-02-28T04:24:44.305+0000] {dagbag.py:538} INFO - Filling up the DagBag from /home/airflow/.local/lib/python3.7/site-packages/airflow/example_dags/example_skip_dag.py
[2023-02-28T04:24:44.322+0000] {processor.py:753} INFO - DAG(s) dict_keys(['example_skip_dag']) retrieved from /home/airflow/.local/lib/python3.7/site-packages/airflow/example_dags/example_skip_dag.py
[2023-02-28T04:24:44.349+0000] {logging_mixin.py:137} INFO - [2023-02-28T04:24:44.349+0000] {dag.py:2690} INFO - Sync 1 DAGs
[2023-02-28T04:24:44.376+0000] {logging_mixin.py:137} INFO - [2023-02-28T04:24:44.376+0000] {dag.py:3441} INFO - Setting next_dagrun for example_skip_dag to 2023-02-27T04:24:44.376483+00:00, run_after=2023-02-28T04:24:44.376483+00:00
[2023-02-28T04:24:44.395+0000] {processor.py:175} INFO - Processing /home/airflow/.local/lib/python3.7/site-packages/airflow/example_dags/example_skip_dag.py took 0.096 seconds
[2023-02-28T04:25:14.581+0000] {processor.py:153} INFO - Started process (PID=335) to work on /home/airflow/.local/lib/python3.7/site-packages/airflow/example_dags/example_skip_dag.py
[2023-02-28T04:25:14.582+0000] {processor.py:743} INFO - Processing file /home/airflow/.local/lib/python3.7/site-packages/airflow/example_dags/example_skip_dag.py for tasks to queue
[2023-02-28T04:25:14.583+0000] {logging_mixin.py:137} INFO - [2023-02-28T04:25:14.582+0000] {dagbag.py:538} INFO - Filling up the DagBag from /home/airflow/.local/lib/python3.7/site-packages/airflow/example_dags/example_skip_dag.py
[2023-02-28T04:25:14.599+0000] {processor.py:753} INFO - DAG(s) dict_keys(['example_skip_dag']) retrieved from /home/airflow/.local/lib/python3.7/site-packages/airflow/example_dags/example_skip_dag.py
[2023-02-28T04:25:14.628+0000] {logging_mixin.py:137} INFO - [2023-02-28T04:25:14.628+0000] {dag.py:2690} INFO - Sync 1 DAGs
[2023-02-28T04:25:14.678+0000] {logging_mixin.py:137} INFO - [2023-02-28T04:25:14.677+0000] {dag.py:3441} INFO - Setting next_dagrun for example_skip_dag to 2023-02-27T04:25:14.677491+00:00, run_after=2023-02-28T04:25:14.677491+00:00
[2023-02-28T04:25:14.729+0000] {processor.py:175} INFO - Processing /home/airflow/.local/lib/python3.7/site-packages/airflow/example_dags/example_skip_dag.py took 0.152 seconds
[2023-02-28T04:25:44.843+0000] {processor.py:153} INFO - Started process (PID=404) to work on /home/airflow/.local/lib/python3.7/site-packages/airflow/example_dags/example_skip_dag.py
[2023-02-28T04:25:44.844+0000] {processor.py:743} INFO - Processing file /home/airflow/.local/lib/python3.7/site-packages/airflow/example_dags/example_skip_dag.py for tasks to queue
[2023-02-28T04:25:44.845+0000] {logging_mixin.py:137} INFO - [2023-02-28T04:25:44.845+0000] {dagbag.py:538} INFO - Filling up the DagBag from /home/airflow/.local/lib/python3.7/site-packages/airflow/example_dags/example_skip_dag.py
[2023-02-28T04:25:44.864+0000] {processor.py:753} INFO - DAG(s) dict_keys(['example_skip_dag']) retrieved from /home/airflow/.local/lib/python3.7/site-packages/airflow/example_dags/example_skip_dag.py
[2023-02-28T04:25:44.901+0000] {logging_mixin.py:137} INFO - [2023-02-28T04:25:44.901+0000] {dag.py:2690} INFO - Sync 1 DAGs
[2023-02-28T04:25:44.936+0000] {logging_mixin.py:137} INFO - [2023-02-28T04:25:44.936+0000] {dag.py:3441} INFO - Setting next_dagrun for example_skip_dag to 2023-02-27T04:25:44.936349+00:00, run_after=2023-02-28T04:25:44.936349+00:00
[2023-02-28T04:25:44.959+0000] {processor.py:175} INFO - Processing /home/airflow/.local/lib/python3.7/site-packages/airflow/example_dags/example_skip_dag.py took 0.121 seconds
[2023-02-28T04:26:15.128+0000] {processor.py:153} INFO - Started process (PID=468) to work on /home/airflow/.local/lib/python3.7/site-packages/airflow/example_dags/example_skip_dag.py
[2023-02-28T04:26:15.129+0000] {processor.py:743} INFO - Processing file /home/airflow/.local/lib/python3.7/site-packages/airflow/example_dags/example_skip_dag.py for tasks to queue
[2023-02-28T04:26:15.130+0000] {logging_mixin.py:137} INFO - [2023-02-28T04:26:15.130+0000] {dagbag.py:538} INFO - Filling up the DagBag from /home/airflow/.local/lib/python3.7/site-packages/airflow/example_dags/example_skip_dag.py
[2023-02-28T04:26:15.152+0000] {processor.py:753} INFO - DAG(s) dict_keys(['example_skip_dag']) retrieved from /home/airflow/.local/lib/python3.7/site-packages/airflow/example_dags/example_skip_dag.py
[2023-02-28T04:26:15.189+0000] {logging_mixin.py:137} INFO - [2023-02-28T04:26:15.189+0000] {dag.py:2690} INFO - Sync 1 DAGs
[2023-02-28T04:26:15.231+0000] {logging_mixin.py:137} INFO - [2023-02-28T04:26:15.231+0000] {dag.py:3441} INFO - Setting next_dagrun for example_skip_dag to 2023-02-27T04:26:15.231130+00:00, run_after=2023-02-28T04:26:15.231130+00:00
[2023-02-28T04:26:15.263+0000] {processor.py:175} INFO - Processing /home/airflow/.local/lib/python3.7/site-packages/airflow/example_dags/example_skip_dag.py took 0.139 seconds
[2023-02-28T04:26:45.692+0000] {processor.py:153} INFO - Started process (PID=544) to work on /home/airflow/.local/lib/python3.7/site-packages/airflow/example_dags/example_skip_dag.py
[2023-02-28T04:26:45.693+0000] {processor.py:743} INFO - Processing file /home/airflow/.local/lib/python3.7/site-packages/airflow/example_dags/example_skip_dag.py for tasks to queue
[2023-02-28T04:26:45.694+0000] {logging_mixin.py:137} INFO - [2023-02-28T04:26:45.694+0000] {dagbag.py:538} INFO - Filling up the DagBag from /home/airflow/.local/lib/python3.7/site-packages/airflow/example_dags/example_skip_dag.py
[2023-02-28T04:26:45.710+0000] {processor.py:753} INFO - DAG(s) dict_keys(['example_skip_dag']) retrieved from /home/airflow/.local/lib/python3.7/site-packages/airflow/example_dags/example_skip_dag.py
[2023-02-28T04:26:45.739+0000] {logging_mixin.py:137} INFO - [2023-02-28T04:26:45.739+0000] {dag.py:2690} INFO - Sync 1 DAGs
[2023-02-28T04:26:45.767+0000] {logging_mixin.py:137} INFO - [2023-02-28T04:26:45.767+0000] {dag.py:3441} INFO - Setting next_dagrun for example_skip_dag to 2023-02-27T04:26:45.767224+00:00, run_after=2023-02-28T04:26:45.767224+00:00
[2023-02-28T04:26:45.787+0000] {processor.py:175} INFO - Processing /home/airflow/.local/lib/python3.7/site-packages/airflow/example_dags/example_skip_dag.py took 0.100 seconds
[2023-02-28T04:27:15.964+0000] {processor.py:153} INFO - Started process (PID=607) to work on /home/airflow/.local/lib/python3.7/site-packages/airflow/example_dags/example_skip_dag.py
[2023-02-28T04:27:15.965+0000] {processor.py:743} INFO - Processing file /home/airflow/.local/lib/python3.7/site-packages/airflow/example_dags/example_skip_dag.py for tasks to queue
[2023-02-28T04:27:15.966+0000] {logging_mixin.py:137} INFO - [2023-02-28T04:27:15.966+0000] {dagbag.py:538} INFO - Filling up the DagBag from /home/airflow/.local/lib/python3.7/site-packages/airflow/example_dags/example_skip_dag.py
[2023-02-28T04:27:15.990+0000] {processor.py:753} INFO - DAG(s) dict_keys(['example_skip_dag']) retrieved from /home/airflow/.local/lib/python3.7/site-packages/airflow/example_dags/example_skip_dag.py
[2023-02-28T04:27:16.029+0000] {logging_mixin.py:137} INFO - [2023-02-28T04:27:16.029+0000] {dag.py:2690} INFO - Sync 1 DAGs
[2023-02-28T04:27:16.066+0000] {logging_mixin.py:137} INFO - [2023-02-28T04:27:16.066+0000] {dag.py:3441} INFO - Setting next_dagrun for example_skip_dag to 2023-02-27T04:27:16.066046+00:00, run_after=2023-02-28T04:27:16.066046+00:00
[2023-02-28T04:27:16.094+0000] {processor.py:175} INFO - Processing /home/airflow/.local/lib/python3.7/site-packages/airflow/example_dags/example_skip_dag.py took 0.135 seconds
[2023-02-28T04:27:46.416+0000] {processor.py:153} INFO - Started process (PID=685) to work on /home/airflow/.local/lib/python3.7/site-packages/airflow/example_dags/example_skip_dag.py
[2023-02-28T04:27:46.418+0000] {processor.py:743} INFO - Processing file /home/airflow/.local/lib/python3.7/site-packages/airflow/example_dags/example_skip_dag.py for tasks to queue
[2023-02-28T04:27:46.419+0000] {logging_mixin.py:137} INFO - [2023-02-28T04:27:46.419+0000] {dagbag.py:538} INFO - Filling up the DagBag from /home/airflow/.local/lib/python3.7/site-packages/airflow/example_dags/example_skip_dag.py
[2023-02-28T04:27:46.440+0000] {processor.py:753} INFO - DAG(s) dict_keys(['example_skip_dag']) retrieved from /home/airflow/.local/lib/python3.7/site-packages/airflow/example_dags/example_skip_dag.py
[2023-02-28T04:27:46.477+0000] {logging_mixin.py:137} INFO - [2023-02-28T04:27:46.477+0000] {dag.py:2690} INFO - Sync 1 DAGs
[2023-02-28T04:27:46.515+0000] {logging_mixin.py:137} INFO - [2023-02-28T04:27:46.515+0000] {dag.py:3441} INFO - Setting next_dagrun for example_skip_dag to 2023-02-27T04:27:46.515188+00:00, run_after=2023-02-28T04:27:46.515188+00:00
[2023-02-28T04:27:46.544+0000] {processor.py:175} INFO - Processing /home/airflow/.local/lib/python3.7/site-packages/airflow/example_dags/example_skip_dag.py took 0.133 seconds
[2023-02-28T04:28:17.424+0000] {processor.py:153} INFO - Started process (PID=751) to work on /home/airflow/.local/lib/python3.7/site-packages/airflow/example_dags/example_skip_dag.py
[2023-02-28T04:28:17.425+0000] {processor.py:743} INFO - Processing file /home/airflow/.local/lib/python3.7/site-packages/airflow/example_dags/example_skip_dag.py for tasks to queue
[2023-02-28T04:28:17.426+0000] {logging_mixin.py:137} INFO - [2023-02-28T04:28:17.426+0000] {dagbag.py:538} INFO - Filling up the DagBag from /home/airflow/.local/lib/python3.7/site-packages/airflow/example_dags/example_skip_dag.py
[2023-02-28T04:28:17.447+0000] {processor.py:753} INFO - DAG(s) dict_keys(['example_skip_dag']) retrieved from /home/airflow/.local/lib/python3.7/site-packages/airflow/example_dags/example_skip_dag.py
[2023-02-28T04:28:17.479+0000] {logging_mixin.py:137} INFO - [2023-02-28T04:28:17.478+0000] {dag.py:2690} INFO - Sync 1 DAGs
[2023-02-28T04:28:17.510+0000] {logging_mixin.py:137} INFO - [2023-02-28T04:28:17.509+0000] {dag.py:3441} INFO - Setting next_dagrun for example_skip_dag to 2023-02-27T04:28:17.509699+00:00, run_after=2023-02-28T04:28:17.509699+00:00
[2023-02-28T04:28:17.529+0000] {processor.py:175} INFO - Processing /home/airflow/.local/lib/python3.7/site-packages/airflow/example_dags/example_skip_dag.py took 0.110 seconds
[2023-02-28T04:28:47.711+0000] {processor.py:153} INFO - Started process (PID=825) to work on /home/airflow/.local/lib/python3.7/site-packages/airflow/example_dags/example_skip_dag.py
[2023-02-28T04:28:47.713+0000] {processor.py:743} INFO - Processing file /home/airflow/.local/lib/python3.7/site-packages/airflow/example_dags/example_skip_dag.py for tasks to queue
[2023-02-28T04:28:47.715+0000] {logging_mixin.py:137} INFO - [2023-02-28T04:28:47.715+0000] {dagbag.py:538} INFO - Filling up the DagBag from /home/airflow/.local/lib/python3.7/site-packages/airflow/example_dags/example_skip_dag.py
[2023-02-28T04:28:47.739+0000] {processor.py:753} INFO - DAG(s) dict_keys(['example_skip_dag']) retrieved from /home/airflow/.local/lib/python3.7/site-packages/airflow/example_dags/example_skip_dag.py
[2023-02-28T04:28:47.779+0000] {logging_mixin.py:137} INFO - [2023-02-28T04:28:47.779+0000] {dag.py:2690} INFO - Sync 1 DAGs
[2023-02-28T04:28:47.820+0000] {logging_mixin.py:137} INFO - [2023-02-28T04:28:47.819+0000] {dag.py:3441} INFO - Setting next_dagrun for example_skip_dag to 2023-02-27T04:28:47.819436+00:00, run_after=2023-02-28T04:28:47.819436+00:00
[2023-02-28T04:28:47.850+0000] {processor.py:175} INFO - Processing /home/airflow/.local/lib/python3.7/site-packages/airflow/example_dags/example_skip_dag.py took 0.145 seconds
[2023-02-28T04:29:18.152+0000] {processor.py:153} INFO - Started process (PID=892) to work on /home/airflow/.local/lib/python3.7/site-packages/airflow/example_dags/example_skip_dag.py
[2023-02-28T04:29:18.153+0000] {processor.py:743} INFO - Processing file /home/airflow/.local/lib/python3.7/site-packages/airflow/example_dags/example_skip_dag.py for tasks to queue
[2023-02-28T04:29:18.154+0000] {logging_mixin.py:137} INFO - [2023-02-28T04:29:18.154+0000] {dagbag.py:538} INFO - Filling up the DagBag from /home/airflow/.local/lib/python3.7/site-packages/airflow/example_dags/example_skip_dag.py
[2023-02-28T04:29:18.170+0000] {processor.py:753} INFO - DAG(s) dict_keys(['example_skip_dag']) retrieved from /home/airflow/.local/lib/python3.7/site-packages/airflow/example_dags/example_skip_dag.py
[2023-02-28T04:29:18.200+0000] {logging_mixin.py:137} INFO - [2023-02-28T04:29:18.199+0000] {dag.py:2690} INFO - Sync 1 DAGs
[2023-02-28T04:29:18.228+0000] {logging_mixin.py:137} INFO - [2023-02-28T04:29:18.228+0000] {dag.py:3441} INFO - Setting next_dagrun for example_skip_dag to 2023-02-27T04:29:18.228175+00:00, run_after=2023-02-28T04:29:18.228175+00:00
[2023-02-28T04:29:18.248+0000] {processor.py:175} INFO - Processing /home/airflow/.local/lib/python3.7/site-packages/airflow/example_dags/example_skip_dag.py took 0.100 seconds
[2023-02-28T04:29:48.340+0000] {processor.py:153} INFO - Started process (PID=957) to work on /home/airflow/.local/lib/python3.7/site-packages/airflow/example_dags/example_skip_dag.py
[2023-02-28T04:29:48.342+0000] {processor.py:743} INFO - Processing file /home/airflow/.local/lib/python3.7/site-packages/airflow/example_dags/example_skip_dag.py for tasks to queue
[2023-02-28T04:29:48.342+0000] {logging_mixin.py:137} INFO - [2023-02-28T04:29:48.342+0000] {dagbag.py:538} INFO - Filling up the DagBag from /home/airflow/.local/lib/python3.7/site-packages/airflow/example_dags/example_skip_dag.py
[2023-02-28T04:29:48.359+0000] {processor.py:753} INFO - DAG(s) dict_keys(['example_skip_dag']) retrieved from /home/airflow/.local/lib/python3.7/site-packages/airflow/example_dags/example_skip_dag.py
[2023-02-28T04:29:48.386+0000] {logging_mixin.py:137} INFO - [2023-02-28T04:29:48.386+0000] {dag.py:2690} INFO - Sync 1 DAGs
[2023-02-28T04:29:48.414+0000] {logging_mixin.py:137} INFO - [2023-02-28T04:29:48.414+0000] {dag.py:3441} INFO - Setting next_dagrun for example_skip_dag to 2023-02-27T04:29:48.413790+00:00, run_after=2023-02-28T04:29:48.413790+00:00
[2023-02-28T04:29:48.433+0000] {processor.py:175} INFO - Processing /home/airflow/.local/lib/python3.7/site-packages/airflow/example_dags/example_skip_dag.py took 0.096 seconds
[2023-02-28T04:30:18.756+0000] {processor.py:153} INFO - Started process (PID=1034) to work on /home/airflow/.local/lib/python3.7/site-packages/airflow/example_dags/example_skip_dag.py
[2023-02-28T04:30:18.757+0000] {processor.py:743} INFO - Processing file /home/airflow/.local/lib/python3.7/site-packages/airflow/example_dags/example_skip_dag.py for tasks to queue
[2023-02-28T04:30:18.758+0000] {logging_mixin.py:137} INFO - [2023-02-28T04:30:18.758+0000] {dagbag.py:538} INFO - Filling up the DagBag from /home/airflow/.local/lib/python3.7/site-packages/airflow/example_dags/example_skip_dag.py
[2023-02-28T04:30:18.782+0000] {processor.py:753} INFO - DAG(s) dict_keys(['example_skip_dag']) retrieved from /home/airflow/.local/lib/python3.7/site-packages/airflow/example_dags/example_skip_dag.py
[2023-02-28T04:30:18.823+0000] {logging_mixin.py:137} INFO - [2023-02-28T04:30:18.823+0000] {dag.py:2690} INFO - Sync 1 DAGs
[2023-02-28T04:30:18.859+0000] {logging_mixin.py:137} INFO - [2023-02-28T04:30:18.859+0000] {dag.py:3441} INFO - Setting next_dagrun for example_skip_dag to 2023-02-27T04:30:18.859373+00:00, run_after=2023-02-28T04:30:18.859373+00:00
[2023-02-28T04:30:18.885+0000] {processor.py:175} INFO - Processing /home/airflow/.local/lib/python3.7/site-packages/airflow/example_dags/example_skip_dag.py took 0.135 seconds
[2023-02-28T04:30:49.074+0000] {processor.py:153} INFO - Started process (PID=1099) to work on /home/airflow/.local/lib/python3.7/site-packages/airflow/example_dags/example_skip_dag.py
[2023-02-28T04:30:49.076+0000] {processor.py:743} INFO - Processing file /home/airflow/.local/lib/python3.7/site-packages/airflow/example_dags/example_skip_dag.py for tasks to queue
[2023-02-28T04:30:49.077+0000] {logging_mixin.py:137} INFO - [2023-02-28T04:30:49.076+0000] {dagbag.py:538} INFO - Filling up the DagBag from /home/airflow/.local/lib/python3.7/site-packages/airflow/example_dags/example_skip_dag.py
[2023-02-28T04:30:49.093+0000] {processor.py:753} INFO - DAG(s) dict_keys(['example_skip_dag']) retrieved from /home/airflow/.local/lib/python3.7/site-packages/airflow/example_dags/example_skip_dag.py
[2023-02-28T04:30:49.130+0000] {logging_mixin.py:137} INFO - [2023-02-28T04:30:49.130+0000] {dag.py:2690} INFO - Sync 1 DAGs
[2023-02-28T04:30:49.170+0000] {logging_mixin.py:137} INFO - [2023-02-28T04:30:49.169+0000] {dag.py:3441} INFO - Setting next_dagrun for example_skip_dag to 2023-02-27T04:30:49.169439+00:00, run_after=2023-02-28T04:30:49.169439+00:00
[2023-02-28T04:30:49.195+0000] {processor.py:175} INFO - Processing /home/airflow/.local/lib/python3.7/site-packages/airflow/example_dags/example_skip_dag.py took 0.124 seconds
[2023-02-28T04:31:19.463+0000] {processor.py:153} INFO - Started process (PID=1174) to work on /home/airflow/.local/lib/python3.7/site-packages/airflow/example_dags/example_skip_dag.py
[2023-02-28T04:31:19.476+0000] {processor.py:743} INFO - Processing file /home/airflow/.local/lib/python3.7/site-packages/airflow/example_dags/example_skip_dag.py for tasks to queue
[2023-02-28T04:31:19.477+0000] {logging_mixin.py:137} INFO - [2023-02-28T04:31:19.477+0000] {dagbag.py:538} INFO - Filling up the DagBag from /home/airflow/.local/lib/python3.7/site-packages/airflow/example_dags/example_skip_dag.py
[2023-02-28T04:31:19.499+0000] {processor.py:753} INFO - DAG(s) dict_keys(['example_skip_dag']) retrieved from /home/airflow/.local/lib/python3.7/site-packages/airflow/example_dags/example_skip_dag.py
[2023-02-28T04:31:19.537+0000] {logging_mixin.py:137} INFO - [2023-02-28T04:31:19.537+0000] {dag.py:2690} INFO - Sync 1 DAGs
[2023-02-28T04:31:19.578+0000] {logging_mixin.py:137} INFO - [2023-02-28T04:31:19.578+0000] {dag.py:3441} INFO - Setting next_dagrun for example_skip_dag to 2023-02-27T04:31:19.578065+00:00, run_after=2023-02-28T04:31:19.578065+00:00
[2023-02-28T04:31:19.607+0000] {processor.py:175} INFO - Processing /home/airflow/.local/lib/python3.7/site-packages/airflow/example_dags/example_skip_dag.py took 0.150 seconds
