[2023-02-28T03:50:06.731+0000] {processor.py:153} INFO - Started process (PID=58) to work on /home/airflow/.local/lib/python3.7/site-packages/airflow/example_dags/tutorial.py
[2023-02-28T03:50:06.733+0000] {processor.py:743} INFO - Processing file /home/airflow/.local/lib/python3.7/site-packages/airflow/example_dags/tutorial.py for tasks to queue
[2023-02-28T03:50:06.734+0000] {logging_mixin.py:137} INFO - [2023-02-28T03:50:06.733+0000] {dagbag.py:538} INFO - Filling up the DagBag from /home/airflow/.local/lib/python3.7/site-packages/airflow/example_dags/tutorial.py
[2023-02-28T03:50:06.773+0000] {processor.py:753} INFO - DAG(s) dict_keys(['tutorial']) retrieved from /home/airflow/.local/lib/python3.7/site-packages/airflow/example_dags/tutorial.py
[2023-02-28T03:50:06.813+0000] {logging_mixin.py:137} INFO - [2023-02-28T03:50:06.813+0000] {dag.py:2690} INFO - Sync 1 DAGs
[2023-02-28T03:50:06.854+0000] {logging_mixin.py:137} INFO - [2023-02-28T03:50:06.854+0000] {dag.py:3441} INFO - Setting next_dagrun for tutorial to 2023-02-27T03:50:06.854123+00:00, run_after=2023-02-28T03:50:06.854123+00:00
[2023-02-28T03:50:06.881+0000] {processor.py:175} INFO - Processing /home/airflow/.local/lib/python3.7/site-packages/airflow/example_dags/tutorial.py took 0.168 seconds
[2023-02-28T03:50:37.730+0000] {processor.py:153} INFO - Started process (PID=123) to work on /home/airflow/.local/lib/python3.7/site-packages/airflow/example_dags/tutorial.py
[2023-02-28T03:50:37.733+0000] {processor.py:743} INFO - Processing file /home/airflow/.local/lib/python3.7/site-packages/airflow/example_dags/tutorial.py for tasks to queue
[2023-02-28T03:50:37.734+0000] {logging_mixin.py:137} INFO - [2023-02-28T03:50:37.734+0000] {dagbag.py:538} INFO - Filling up the DagBag from /home/airflow/.local/lib/python3.7/site-packages/airflow/example_dags/tutorial.py
[2023-02-28T03:50:37.752+0000] {processor.py:753} INFO - DAG(s) dict_keys(['tutorial']) retrieved from /home/airflow/.local/lib/python3.7/site-packages/airflow/example_dags/tutorial.py
[2023-02-28T03:50:37.781+0000] {logging_mixin.py:137} INFO - [2023-02-28T03:50:37.781+0000] {dag.py:2690} INFO - Sync 1 DAGs
[2023-02-28T03:50:37.810+0000] {logging_mixin.py:137} INFO - [2023-02-28T03:50:37.810+0000] {dag.py:3441} INFO - Setting next_dagrun for tutorial to 2023-02-27T03:50:37.809819+00:00, run_after=2023-02-28T03:50:37.809819+00:00
[2023-02-28T03:50:37.831+0000] {processor.py:175} INFO - Processing /home/airflow/.local/lib/python3.7/site-packages/airflow/example_dags/tutorial.py took 0.106 seconds
[2023-02-28T03:51:08.465+0000] {processor.py:153} INFO - Started process (PID=200) to work on /home/airflow/.local/lib/python3.7/site-packages/airflow/example_dags/tutorial.py
[2023-02-28T03:51:08.467+0000] {processor.py:743} INFO - Processing file /home/airflow/.local/lib/python3.7/site-packages/airflow/example_dags/tutorial.py for tasks to queue
[2023-02-28T03:51:08.468+0000] {logging_mixin.py:137} INFO - [2023-02-28T03:51:08.468+0000] {dagbag.py:538} INFO - Filling up the DagBag from /home/airflow/.local/lib/python3.7/site-packages/airflow/example_dags/tutorial.py
[2023-02-28T03:51:08.490+0000] {processor.py:753} INFO - DAG(s) dict_keys(['tutorial']) retrieved from /home/airflow/.local/lib/python3.7/site-packages/airflow/example_dags/tutorial.py
[2023-02-28T03:51:08.537+0000] {logging_mixin.py:137} INFO - [2023-02-28T03:51:08.537+0000] {dag.py:2690} INFO - Sync 1 DAGs
[2023-02-28T03:51:08.579+0000] {logging_mixin.py:137} INFO - [2023-02-28T03:51:08.579+0000] {dag.py:3441} INFO - Setting next_dagrun for tutorial to 2023-02-27T03:51:08.579233+00:00, run_after=2023-02-28T03:51:08.579233+00:00
[2023-02-28T03:51:08.604+0000] {processor.py:175} INFO - Processing /home/airflow/.local/lib/python3.7/site-packages/airflow/example_dags/tutorial.py took 0.144 seconds
[2023-02-28T03:51:39.008+0000] {processor.py:153} INFO - Started process (PID=264) to work on /home/airflow/.local/lib/python3.7/site-packages/airflow/example_dags/tutorial.py
[2023-02-28T03:51:39.010+0000] {processor.py:743} INFO - Processing file /home/airflow/.local/lib/python3.7/site-packages/airflow/example_dags/tutorial.py for tasks to queue
[2023-02-28T03:51:39.010+0000] {logging_mixin.py:137} INFO - [2023-02-28T03:51:39.010+0000] {dagbag.py:538} INFO - Filling up the DagBag from /home/airflow/.local/lib/python3.7/site-packages/airflow/example_dags/tutorial.py
[2023-02-28T03:51:39.028+0000] {processor.py:753} INFO - DAG(s) dict_keys(['tutorial']) retrieved from /home/airflow/.local/lib/python3.7/site-packages/airflow/example_dags/tutorial.py
[2023-02-28T03:51:39.065+0000] {logging_mixin.py:137} INFO - [2023-02-28T03:51:39.065+0000] {dag.py:2690} INFO - Sync 1 DAGs
[2023-02-28T03:51:39.100+0000] {logging_mixin.py:137} INFO - [2023-02-28T03:51:39.100+0000] {dag.py:3441} INFO - Setting next_dagrun for tutorial to 2023-02-27T03:51:39.100289+00:00, run_after=2023-02-28T03:51:39.100289+00:00
[2023-02-28T03:51:39.120+0000] {processor.py:175} INFO - Processing /home/airflow/.local/lib/python3.7/site-packages/airflow/example_dags/tutorial.py took 0.115 seconds
[2023-02-28T03:52:09.907+0000] {processor.py:153} INFO - Started process (PID=328) to work on /home/airflow/.local/lib/python3.7/site-packages/airflow/example_dags/tutorial.py
[2023-02-28T03:52:09.908+0000] {processor.py:743} INFO - Processing file /home/airflow/.local/lib/python3.7/site-packages/airflow/example_dags/tutorial.py for tasks to queue
[2023-02-28T03:52:09.909+0000] {logging_mixin.py:137} INFO - [2023-02-28T03:52:09.909+0000] {dagbag.py:538} INFO - Filling up the DagBag from /home/airflow/.local/lib/python3.7/site-packages/airflow/example_dags/tutorial.py
[2023-02-28T03:52:09.933+0000] {processor.py:753} INFO - DAG(s) dict_keys(['tutorial']) retrieved from /home/airflow/.local/lib/python3.7/site-packages/airflow/example_dags/tutorial.py
[2023-02-28T03:52:09.970+0000] {logging_mixin.py:137} INFO - [2023-02-28T03:52:09.970+0000] {dag.py:2690} INFO - Sync 1 DAGs
[2023-02-28T03:52:10.010+0000] {logging_mixin.py:137} INFO - [2023-02-28T03:52:10.009+0000] {dag.py:3441} INFO - Setting next_dagrun for tutorial to 2023-02-27T03:52:10.009633+00:00, run_after=2023-02-28T03:52:10.009633+00:00
[2023-02-28T03:52:10.039+0000] {processor.py:175} INFO - Processing /home/airflow/.local/lib/python3.7/site-packages/airflow/example_dags/tutorial.py took 0.138 seconds
[2023-02-28T03:52:40.264+0000] {processor.py:153} INFO - Started process (PID=406) to work on /home/airflow/.local/lib/python3.7/site-packages/airflow/example_dags/tutorial.py
[2023-02-28T03:52:40.265+0000] {processor.py:743} INFO - Processing file /home/airflow/.local/lib/python3.7/site-packages/airflow/example_dags/tutorial.py for tasks to queue
[2023-02-28T03:52:40.266+0000] {logging_mixin.py:137} INFO - [2023-02-28T03:52:40.266+0000] {dagbag.py:538} INFO - Filling up the DagBag from /home/airflow/.local/lib/python3.7/site-packages/airflow/example_dags/tutorial.py
[2023-02-28T03:52:40.284+0000] {processor.py:753} INFO - DAG(s) dict_keys(['tutorial']) retrieved from /home/airflow/.local/lib/python3.7/site-packages/airflow/example_dags/tutorial.py
[2023-02-28T03:52:40.312+0000] {logging_mixin.py:137} INFO - [2023-02-28T03:52:40.312+0000] {dag.py:2690} INFO - Sync 1 DAGs
[2023-02-28T03:52:40.341+0000] {logging_mixin.py:137} INFO - [2023-02-28T03:52:40.341+0000] {dag.py:3441} INFO - Setting next_dagrun for tutorial to 2023-02-27T03:52:40.340799+00:00, run_after=2023-02-28T03:52:40.340799+00:00
[2023-02-28T03:52:40.362+0000] {processor.py:175} INFO - Processing /home/airflow/.local/lib/python3.7/site-packages/airflow/example_dags/tutorial.py took 0.103 seconds
[2023-02-28T03:53:11.198+0000] {processor.py:153} INFO - Started process (PID=471) to work on /home/airflow/.local/lib/python3.7/site-packages/airflow/example_dags/tutorial.py
[2023-02-28T03:53:11.200+0000] {processor.py:743} INFO - Processing file /home/airflow/.local/lib/python3.7/site-packages/airflow/example_dags/tutorial.py for tasks to queue
[2023-02-28T03:53:11.200+0000] {logging_mixin.py:137} INFO - [2023-02-28T03:53:11.200+0000] {dagbag.py:538} INFO - Filling up the DagBag from /home/airflow/.local/lib/python3.7/site-packages/airflow/example_dags/tutorial.py
[2023-02-28T03:53:11.219+0000] {processor.py:753} INFO - DAG(s) dict_keys(['tutorial']) retrieved from /home/airflow/.local/lib/python3.7/site-packages/airflow/example_dags/tutorial.py
[2023-02-28T03:53:11.248+0000] {logging_mixin.py:137} INFO - [2023-02-28T03:53:11.248+0000] {dag.py:2690} INFO - Sync 1 DAGs
[2023-02-28T03:53:11.276+0000] {logging_mixin.py:137} INFO - [2023-02-28T03:53:11.276+0000] {dag.py:3441} INFO - Setting next_dagrun for tutorial to 2023-02-27T03:53:11.276372+00:00, run_after=2023-02-28T03:53:11.276372+00:00
[2023-02-28T03:53:11.299+0000] {processor.py:175} INFO - Processing /home/airflow/.local/lib/python3.7/site-packages/airflow/example_dags/tutorial.py took 0.105 seconds
[2023-02-28T03:53:41.768+0000] {processor.py:153} INFO - Started process (PID=549) to work on /home/airflow/.local/lib/python3.7/site-packages/airflow/example_dags/tutorial.py
[2023-02-28T03:53:41.769+0000] {processor.py:743} INFO - Processing file /home/airflow/.local/lib/python3.7/site-packages/airflow/example_dags/tutorial.py for tasks to queue
[2023-02-28T03:53:41.770+0000] {logging_mixin.py:137} INFO - [2023-02-28T03:53:41.770+0000] {dagbag.py:538} INFO - Filling up the DagBag from /home/airflow/.local/lib/python3.7/site-packages/airflow/example_dags/tutorial.py
[2023-02-28T03:53:41.792+0000] {processor.py:753} INFO - DAG(s) dict_keys(['tutorial']) retrieved from /home/airflow/.local/lib/python3.7/site-packages/airflow/example_dags/tutorial.py
[2023-02-28T03:53:41.829+0000] {logging_mixin.py:137} INFO - [2023-02-28T03:53:41.828+0000] {dag.py:2690} INFO - Sync 1 DAGs
[2023-02-28T03:53:41.868+0000] {logging_mixin.py:137} INFO - [2023-02-28T03:53:41.868+0000] {dag.py:3441} INFO - Setting next_dagrun for tutorial to 2023-02-27T03:53:41.868032+00:00, run_after=2023-02-28T03:53:41.868032+00:00
[2023-02-28T03:53:41.896+0000] {processor.py:175} INFO - Processing /home/airflow/.local/lib/python3.7/site-packages/airflow/example_dags/tutorial.py took 0.133 seconds
[2023-02-28T03:54:11.957+0000] {processor.py:153} INFO - Started process (PID=615) to work on /home/airflow/.local/lib/python3.7/site-packages/airflow/example_dags/tutorial.py
[2023-02-28T03:54:11.957+0000] {processor.py:743} INFO - Processing file /home/airflow/.local/lib/python3.7/site-packages/airflow/example_dags/tutorial.py for tasks to queue
[2023-02-28T03:54:11.958+0000] {logging_mixin.py:137} INFO - [2023-02-28T03:54:11.958+0000] {dagbag.py:538} INFO - Filling up the DagBag from /home/airflow/.local/lib/python3.7/site-packages/airflow/example_dags/tutorial.py
[2023-02-28T03:54:11.974+0000] {processor.py:753} INFO - DAG(s) dict_keys(['tutorial']) retrieved from /home/airflow/.local/lib/python3.7/site-packages/airflow/example_dags/tutorial.py
[2023-02-28T03:54:12.005+0000] {logging_mixin.py:137} INFO - [2023-02-28T03:54:12.004+0000] {dag.py:2690} INFO - Sync 1 DAGs
[2023-02-28T03:54:12.035+0000] {logging_mixin.py:137} INFO - [2023-02-28T03:54:12.035+0000] {dag.py:3441} INFO - Setting next_dagrun for tutorial to 2023-02-27T03:54:12.035424+00:00, run_after=2023-02-28T03:54:12.035424+00:00
[2023-02-28T03:54:12.057+0000] {processor.py:175} INFO - Processing /home/airflow/.local/lib/python3.7/site-packages/airflow/example_dags/tutorial.py took 0.105 seconds
[2023-02-28T03:54:42.202+0000] {processor.py:153} INFO - Started process (PID=678) to work on /home/airflow/.local/lib/python3.7/site-packages/airflow/example_dags/tutorial.py
[2023-02-28T03:54:42.205+0000] {processor.py:743} INFO - Processing file /home/airflow/.local/lib/python3.7/site-packages/airflow/example_dags/tutorial.py for tasks to queue
[2023-02-28T03:54:42.206+0000] {logging_mixin.py:137} INFO - [2023-02-28T03:54:42.206+0000] {dagbag.py:538} INFO - Filling up the DagBag from /home/airflow/.local/lib/python3.7/site-packages/airflow/example_dags/tutorial.py
[2023-02-28T03:54:42.230+0000] {processor.py:753} INFO - DAG(s) dict_keys(['tutorial']) retrieved from /home/airflow/.local/lib/python3.7/site-packages/airflow/example_dags/tutorial.py
[2023-02-28T03:54:42.270+0000] {logging_mixin.py:137} INFO - [2023-02-28T03:54:42.270+0000] {dag.py:2690} INFO - Sync 1 DAGs
[2023-02-28T03:54:42.312+0000] {logging_mixin.py:137} INFO - [2023-02-28T03:54:42.312+0000] {dag.py:3441} INFO - Setting next_dagrun for tutorial to 2023-02-27T03:54:42.312321+00:00, run_after=2023-02-28T03:54:42.312321+00:00
[2023-02-28T03:54:42.333+0000] {processor.py:175} INFO - Processing /home/airflow/.local/lib/python3.7/site-packages/airflow/example_dags/tutorial.py took 0.136 seconds
[2023-02-28T03:55:12.704+0000] {processor.py:153} INFO - Started process (PID=754) to work on /home/airflow/.local/lib/python3.7/site-packages/airflow/example_dags/tutorial.py
[2023-02-28T03:55:12.705+0000] {processor.py:743} INFO - Processing file /home/airflow/.local/lib/python3.7/site-packages/airflow/example_dags/tutorial.py for tasks to queue
[2023-02-28T03:55:12.706+0000] {logging_mixin.py:137} INFO - [2023-02-28T03:55:12.706+0000] {dagbag.py:538} INFO - Filling up the DagBag from /home/airflow/.local/lib/python3.7/site-packages/airflow/example_dags/tutorial.py
[2023-02-28T03:55:12.722+0000] {processor.py:753} INFO - DAG(s) dict_keys(['tutorial']) retrieved from /home/airflow/.local/lib/python3.7/site-packages/airflow/example_dags/tutorial.py
[2023-02-28T03:55:12.760+0000] {logging_mixin.py:137} INFO - [2023-02-28T03:55:12.760+0000] {dag.py:2690} INFO - Sync 1 DAGs
[2023-02-28T03:55:12.804+0000] {logging_mixin.py:137} INFO - [2023-02-28T03:55:12.804+0000] {dag.py:3441} INFO - Setting next_dagrun for tutorial to 2023-02-27T03:55:12.804255+00:00, run_after=2023-02-28T03:55:12.804255+00:00
[2023-02-28T03:55:12.831+0000] {processor.py:175} INFO - Processing /home/airflow/.local/lib/python3.7/site-packages/airflow/example_dags/tutorial.py took 0.131 seconds
[2023-02-28T03:55:43.029+0000] {processor.py:153} INFO - Started process (PID=819) to work on /home/airflow/.local/lib/python3.7/site-packages/airflow/example_dags/tutorial.py
[2023-02-28T03:55:43.030+0000] {processor.py:743} INFO - Processing file /home/airflow/.local/lib/python3.7/site-packages/airflow/example_dags/tutorial.py for tasks to queue
[2023-02-28T03:55:43.031+0000] {logging_mixin.py:137} INFO - [2023-02-28T03:55:43.031+0000] {dagbag.py:538} INFO - Filling up the DagBag from /home/airflow/.local/lib/python3.7/site-packages/airflow/example_dags/tutorial.py
[2023-02-28T03:55:43.049+0000] {processor.py:753} INFO - DAG(s) dict_keys(['tutorial']) retrieved from /home/airflow/.local/lib/python3.7/site-packages/airflow/example_dags/tutorial.py
[2023-02-28T03:55:43.084+0000] {logging_mixin.py:137} INFO - [2023-02-28T03:55:43.083+0000] {dag.py:2690} INFO - Sync 1 DAGs
[2023-02-28T03:55:43.116+0000] {logging_mixin.py:137} INFO - [2023-02-28T03:55:43.116+0000] {dag.py:3441} INFO - Setting next_dagrun for tutorial to 2023-02-27T03:55:43.115994+00:00, run_after=2023-02-28T03:55:43.115994+00:00
[2023-02-28T03:55:43.140+0000] {processor.py:175} INFO - Processing /home/airflow/.local/lib/python3.7/site-packages/airflow/example_dags/tutorial.py took 0.116 seconds
[2023-02-28T03:56:14.233+0000] {processor.py:153} INFO - Started process (PID=891) to work on /home/airflow/.local/lib/python3.7/site-packages/airflow/example_dags/tutorial.py
[2023-02-28T03:56:14.235+0000] {processor.py:743} INFO - Processing file /home/airflow/.local/lib/python3.7/site-packages/airflow/example_dags/tutorial.py for tasks to queue
[2023-02-28T03:56:14.236+0000] {logging_mixin.py:137} INFO - [2023-02-28T03:56:14.236+0000] {dagbag.py:538} INFO - Filling up the DagBag from /home/airflow/.local/lib/python3.7/site-packages/airflow/example_dags/tutorial.py
[2023-02-28T03:56:14.258+0000] {processor.py:753} INFO - DAG(s) dict_keys(['tutorial']) retrieved from /home/airflow/.local/lib/python3.7/site-packages/airflow/example_dags/tutorial.py
[2023-02-28T03:56:14.298+0000] {logging_mixin.py:137} INFO - [2023-02-28T03:56:14.298+0000] {dag.py:2690} INFO - Sync 1 DAGs
[2023-02-28T03:56:14.340+0000] {logging_mixin.py:137} INFO - [2023-02-28T03:56:14.340+0000] {dag.py:3441} INFO - Setting next_dagrun for tutorial to 2023-02-27T03:56:14.339886+00:00, run_after=2023-02-28T03:56:14.339886+00:00
[2023-02-28T03:56:14.366+0000] {processor.py:175} INFO - Processing /home/airflow/.local/lib/python3.7/site-packages/airflow/example_dags/tutorial.py took 0.139 seconds
[2023-02-28T03:56:44.456+0000] {processor.py:153} INFO - Started process (PID=959) to work on /home/airflow/.local/lib/python3.7/site-packages/airflow/example_dags/tutorial.py
[2023-02-28T03:56:44.458+0000] {processor.py:743} INFO - Processing file /home/airflow/.local/lib/python3.7/site-packages/airflow/example_dags/tutorial.py for tasks to queue
[2023-02-28T03:56:44.459+0000] {logging_mixin.py:137} INFO - [2023-02-28T03:56:44.459+0000] {dagbag.py:538} INFO - Filling up the DagBag from /home/airflow/.local/lib/python3.7/site-packages/airflow/example_dags/tutorial.py
[2023-02-28T03:56:44.475+0000] {processor.py:753} INFO - DAG(s) dict_keys(['tutorial']) retrieved from /home/airflow/.local/lib/python3.7/site-packages/airflow/example_dags/tutorial.py
[2023-02-28T03:56:44.505+0000] {logging_mixin.py:137} INFO - [2023-02-28T03:56:44.505+0000] {dag.py:2690} INFO - Sync 1 DAGs
[2023-02-28T03:56:44.539+0000] {logging_mixin.py:137} INFO - [2023-02-28T03:56:44.539+0000] {dag.py:3441} INFO - Setting next_dagrun for tutorial to 2023-02-27T03:56:44.538787+00:00, run_after=2023-02-28T03:56:44.538787+00:00
[2023-02-28T03:56:44.561+0000] {processor.py:175} INFO - Processing /home/airflow/.local/lib/python3.7/site-packages/airflow/example_dags/tutorial.py took 0.110 seconds
[2023-02-28T03:57:15.411+0000] {processor.py:153} INFO - Started process (PID=1022) to work on /home/airflow/.local/lib/python3.7/site-packages/airflow/example_dags/tutorial.py
[2023-02-28T03:57:15.412+0000] {processor.py:743} INFO - Processing file /home/airflow/.local/lib/python3.7/site-packages/airflow/example_dags/tutorial.py for tasks to queue
[2023-02-28T03:57:15.413+0000] {logging_mixin.py:137} INFO - [2023-02-28T03:57:15.413+0000] {dagbag.py:538} INFO - Filling up the DagBag from /home/airflow/.local/lib/python3.7/site-packages/airflow/example_dags/tutorial.py
[2023-02-28T03:57:15.435+0000] {processor.py:753} INFO - DAG(s) dict_keys(['tutorial']) retrieved from /home/airflow/.local/lib/python3.7/site-packages/airflow/example_dags/tutorial.py
[2023-02-28T03:57:15.477+0000] {logging_mixin.py:137} INFO - [2023-02-28T03:57:15.477+0000] {dag.py:2690} INFO - Sync 1 DAGs
[2023-02-28T03:57:15.520+0000] {logging_mixin.py:137} INFO - [2023-02-28T03:57:15.520+0000] {dag.py:3441} INFO - Setting next_dagrun for tutorial to 2023-02-27T03:57:15.519847+00:00, run_after=2023-02-28T03:57:15.519847+00:00
[2023-02-28T03:57:15.557+0000] {processor.py:175} INFO - Processing /home/airflow/.local/lib/python3.7/site-packages/airflow/example_dags/tutorial.py took 0.150 seconds
[2023-02-28T03:57:46.029+0000] {processor.py:153} INFO - Started process (PID=1099) to work on /home/airflow/.local/lib/python3.7/site-packages/airflow/example_dags/tutorial.py
[2023-02-28T03:57:46.031+0000] {processor.py:743} INFO - Processing file /home/airflow/.local/lib/python3.7/site-packages/airflow/example_dags/tutorial.py for tasks to queue
[2023-02-28T03:57:46.031+0000] {logging_mixin.py:137} INFO - [2023-02-28T03:57:46.031+0000] {dagbag.py:538} INFO - Filling up the DagBag from /home/airflow/.local/lib/python3.7/site-packages/airflow/example_dags/tutorial.py
[2023-02-28T03:57:46.048+0000] {processor.py:753} INFO - DAG(s) dict_keys(['tutorial']) retrieved from /home/airflow/.local/lib/python3.7/site-packages/airflow/example_dags/tutorial.py
[2023-02-28T03:57:46.078+0000] {logging_mixin.py:137} INFO - [2023-02-28T03:57:46.078+0000] {dag.py:2690} INFO - Sync 1 DAGs
[2023-02-28T03:57:46.110+0000] {logging_mixin.py:137} INFO - [2023-02-28T03:57:46.110+0000] {dag.py:3441} INFO - Setting next_dagrun for tutorial to 2023-02-27T03:57:46.109739+00:00, run_after=2023-02-28T03:57:46.109739+00:00
[2023-02-28T03:57:46.129+0000] {processor.py:175} INFO - Processing /home/airflow/.local/lib/python3.7/site-packages/airflow/example_dags/tutorial.py took 0.104 seconds
[2023-02-28T03:58:16.907+0000] {processor.py:153} INFO - Started process (PID=1164) to work on /home/airflow/.local/lib/python3.7/site-packages/airflow/example_dags/tutorial.py
[2023-02-28T03:58:16.908+0000] {processor.py:743} INFO - Processing file /home/airflow/.local/lib/python3.7/site-packages/airflow/example_dags/tutorial.py for tasks to queue
[2023-02-28T03:58:16.909+0000] {logging_mixin.py:137} INFO - [2023-02-28T03:58:16.909+0000] {dagbag.py:538} INFO - Filling up the DagBag from /home/airflow/.local/lib/python3.7/site-packages/airflow/example_dags/tutorial.py
[2023-02-28T03:58:16.928+0000] {processor.py:753} INFO - DAG(s) dict_keys(['tutorial']) retrieved from /home/airflow/.local/lib/python3.7/site-packages/airflow/example_dags/tutorial.py
[2023-02-28T03:58:16.957+0000] {logging_mixin.py:137} INFO - [2023-02-28T03:58:16.957+0000] {dag.py:2690} INFO - Sync 1 DAGs
[2023-02-28T03:58:16.992+0000] {logging_mixin.py:137} INFO - [2023-02-28T03:58:16.991+0000] {dag.py:3441} INFO - Setting next_dagrun for tutorial to 2023-02-27T03:58:16.991649+00:00, run_after=2023-02-28T03:58:16.991649+00:00
[2023-02-28T03:58:17.019+0000] {processor.py:175} INFO - Processing /home/airflow/.local/lib/python3.7/site-packages/airflow/example_dags/tutorial.py took 0.118 seconds
[2023-02-28T03:58:47.491+0000] {processor.py:153} INFO - Started process (PID=1241) to work on /home/airflow/.local/lib/python3.7/site-packages/airflow/example_dags/tutorial.py
[2023-02-28T03:58:47.493+0000] {processor.py:743} INFO - Processing file /home/airflow/.local/lib/python3.7/site-packages/airflow/example_dags/tutorial.py for tasks to queue
[2023-02-28T03:58:47.493+0000] {logging_mixin.py:137} INFO - [2023-02-28T03:58:47.493+0000] {dagbag.py:538} INFO - Filling up the DagBag from /home/airflow/.local/lib/python3.7/site-packages/airflow/example_dags/tutorial.py
[2023-02-28T03:58:47.511+0000] {processor.py:753} INFO - DAG(s) dict_keys(['tutorial']) retrieved from /home/airflow/.local/lib/python3.7/site-packages/airflow/example_dags/tutorial.py
[2023-02-28T03:58:47.545+0000] {logging_mixin.py:137} INFO - [2023-02-28T03:58:47.544+0000] {dag.py:2690} INFO - Sync 1 DAGs
[2023-02-28T03:58:47.574+0000] {logging_mixin.py:137} INFO - [2023-02-28T03:58:47.574+0000] {dag.py:3441} INFO - Setting next_dagrun for tutorial to 2023-02-27T03:58:47.574206+00:00, run_after=2023-02-28T03:58:47.574206+00:00
[2023-02-28T03:58:47.595+0000] {processor.py:175} INFO - Processing /home/airflow/.local/lib/python3.7/site-packages/airflow/example_dags/tutorial.py took 0.109 seconds
[2023-02-28T03:59:18.442+0000] {processor.py:153} INFO - Started process (PID=1305) to work on /home/airflow/.local/lib/python3.7/site-packages/airflow/example_dags/tutorial.py
[2023-02-28T03:59:18.443+0000] {processor.py:743} INFO - Processing file /home/airflow/.local/lib/python3.7/site-packages/airflow/example_dags/tutorial.py for tasks to queue
[2023-02-28T03:59:18.445+0000] {logging_mixin.py:137} INFO - [2023-02-28T03:59:18.444+0000] {dagbag.py:538} INFO - Filling up the DagBag from /home/airflow/.local/lib/python3.7/site-packages/airflow/example_dags/tutorial.py
[2023-02-28T03:59:18.468+0000] {processor.py:753} INFO - DAG(s) dict_keys(['tutorial']) retrieved from /home/airflow/.local/lib/python3.7/site-packages/airflow/example_dags/tutorial.py
[2023-02-28T03:59:18.507+0000] {logging_mixin.py:137} INFO - [2023-02-28T03:59:18.507+0000] {dag.py:2690} INFO - Sync 1 DAGs
[2023-02-28T03:59:18.536+0000] {logging_mixin.py:137} INFO - [2023-02-28T03:59:18.536+0000] {dag.py:3441} INFO - Setting next_dagrun for tutorial to 2023-02-27T03:59:18.535742+00:00, run_after=2023-02-28T03:59:18.535742+00:00
[2023-02-28T03:59:18.561+0000] {processor.py:175} INFO - Processing /home/airflow/.local/lib/python3.7/site-packages/airflow/example_dags/tutorial.py took 0.124 seconds
[2023-02-28T03:59:48.792+0000] {processor.py:153} INFO - Started process (PID=1380) to work on /home/airflow/.local/lib/python3.7/site-packages/airflow/example_dags/tutorial.py
[2023-02-28T03:59:48.794+0000] {processor.py:743} INFO - Processing file /home/airflow/.local/lib/python3.7/site-packages/airflow/example_dags/tutorial.py for tasks to queue
[2023-02-28T03:59:48.795+0000] {logging_mixin.py:137} INFO - [2023-02-28T03:59:48.795+0000] {dagbag.py:538} INFO - Filling up the DagBag from /home/airflow/.local/lib/python3.7/site-packages/airflow/example_dags/tutorial.py
[2023-02-28T03:59:48.816+0000] {processor.py:753} INFO - DAG(s) dict_keys(['tutorial']) retrieved from /home/airflow/.local/lib/python3.7/site-packages/airflow/example_dags/tutorial.py
[2023-02-28T03:59:48.859+0000] {logging_mixin.py:137} INFO - [2023-02-28T03:59:48.859+0000] {dag.py:2690} INFO - Sync 1 DAGs
[2023-02-28T03:59:48.905+0000] {logging_mixin.py:137} INFO - [2023-02-28T03:59:48.905+0000] {dag.py:3441} INFO - Setting next_dagrun for tutorial to 2023-02-27T03:59:48.904913+00:00, run_after=2023-02-28T03:59:48.904913+00:00
[2023-02-28T03:59:48.932+0000] {processor.py:175} INFO - Processing /home/airflow/.local/lib/python3.7/site-packages/airflow/example_dags/tutorial.py took 0.146 seconds
[2023-02-28T04:00:19.027+0000] {processor.py:153} INFO - Started process (PID=1447) to work on /home/airflow/.local/lib/python3.7/site-packages/airflow/example_dags/tutorial.py
[2023-02-28T04:00:19.028+0000] {processor.py:743} INFO - Processing file /home/airflow/.local/lib/python3.7/site-packages/airflow/example_dags/tutorial.py for tasks to queue
[2023-02-28T04:00:19.029+0000] {logging_mixin.py:137} INFO - [2023-02-28T04:00:19.029+0000] {dagbag.py:538} INFO - Filling up the DagBag from /home/airflow/.local/lib/python3.7/site-packages/airflow/example_dags/tutorial.py
[2023-02-28T04:00:19.050+0000] {processor.py:753} INFO - DAG(s) dict_keys(['tutorial']) retrieved from /home/airflow/.local/lib/python3.7/site-packages/airflow/example_dags/tutorial.py
[2023-02-28T04:00:19.088+0000] {logging_mixin.py:137} INFO - [2023-02-28T04:00:19.088+0000] {dag.py:2690} INFO - Sync 1 DAGs
[2023-02-28T04:00:19.129+0000] {logging_mixin.py:137} INFO - [2023-02-28T04:00:19.128+0000] {dag.py:3441} INFO - Setting next_dagrun for tutorial to 2023-02-27T04:00:19.128455+00:00, run_after=2023-02-28T04:00:19.128455+00:00
[2023-02-28T04:00:19.156+0000] {processor.py:175} INFO - Processing /home/airflow/.local/lib/python3.7/site-packages/airflow/example_dags/tutorial.py took 0.134 seconds
[2023-02-28T04:00:49.242+0000] {processor.py:153} INFO - Started process (PID=1511) to work on /home/airflow/.local/lib/python3.7/site-packages/airflow/example_dags/tutorial.py
[2023-02-28T04:00:49.243+0000] {processor.py:743} INFO - Processing file /home/airflow/.local/lib/python3.7/site-packages/airflow/example_dags/tutorial.py for tasks to queue
[2023-02-28T04:00:49.244+0000] {logging_mixin.py:137} INFO - [2023-02-28T04:00:49.244+0000] {dagbag.py:538} INFO - Filling up the DagBag from /home/airflow/.local/lib/python3.7/site-packages/airflow/example_dags/tutorial.py
[2023-02-28T04:00:49.263+0000] {processor.py:753} INFO - DAG(s) dict_keys(['tutorial']) retrieved from /home/airflow/.local/lib/python3.7/site-packages/airflow/example_dags/tutorial.py
[2023-02-28T04:00:49.289+0000] {logging_mixin.py:137} INFO - [2023-02-28T04:00:49.289+0000] {dag.py:2690} INFO - Sync 1 DAGs
[2023-02-28T04:00:49.316+0000] {logging_mixin.py:137} INFO - [2023-02-28T04:00:49.315+0000] {dag.py:3441} INFO - Setting next_dagrun for tutorial to 2023-02-27T04:00:49.315664+00:00, run_after=2023-02-28T04:00:49.315664+00:00
[2023-02-28T04:00:49.334+0000] {processor.py:175} INFO - Processing /home/airflow/.local/lib/python3.7/site-packages/airflow/example_dags/tutorial.py took 0.097 seconds
[2023-02-28T04:01:19.654+0000] {processor.py:153} INFO - Started process (PID=1587) to work on /home/airflow/.local/lib/python3.7/site-packages/airflow/example_dags/tutorial.py
[2023-02-28T04:01:19.655+0000] {processor.py:743} INFO - Processing file /home/airflow/.local/lib/python3.7/site-packages/airflow/example_dags/tutorial.py for tasks to queue
[2023-02-28T04:01:19.656+0000] {logging_mixin.py:137} INFO - [2023-02-28T04:01:19.656+0000] {dagbag.py:538} INFO - Filling up the DagBag from /home/airflow/.local/lib/python3.7/site-packages/airflow/example_dags/tutorial.py
[2023-02-28T04:01:19.675+0000] {processor.py:753} INFO - DAG(s) dict_keys(['tutorial']) retrieved from /home/airflow/.local/lib/python3.7/site-packages/airflow/example_dags/tutorial.py
[2023-02-28T04:01:19.704+0000] {logging_mixin.py:137} INFO - [2023-02-28T04:01:19.704+0000] {dag.py:2690} INFO - Sync 1 DAGs
[2023-02-28T04:01:19.733+0000] {logging_mixin.py:137} INFO - [2023-02-28T04:01:19.733+0000] {dag.py:3441} INFO - Setting next_dagrun for tutorial to 2023-02-27T04:01:19.732923+00:00, run_after=2023-02-28T04:01:19.732923+00:00
[2023-02-28T04:01:19.755+0000] {processor.py:175} INFO - Processing /home/airflow/.local/lib/python3.7/site-packages/airflow/example_dags/tutorial.py took 0.107 seconds
[2023-02-28T04:01:50.008+0000] {processor.py:153} INFO - Started process (PID=1651) to work on /home/airflow/.local/lib/python3.7/site-packages/airflow/example_dags/tutorial.py
[2023-02-28T04:01:50.009+0000] {processor.py:743} INFO - Processing file /home/airflow/.local/lib/python3.7/site-packages/airflow/example_dags/tutorial.py for tasks to queue
[2023-02-28T04:01:50.010+0000] {logging_mixin.py:137} INFO - [2023-02-28T04:01:50.010+0000] {dagbag.py:538} INFO - Filling up the DagBag from /home/airflow/.local/lib/python3.7/site-packages/airflow/example_dags/tutorial.py
[2023-02-28T04:01:50.028+0000] {processor.py:753} INFO - DAG(s) dict_keys(['tutorial']) retrieved from /home/airflow/.local/lib/python3.7/site-packages/airflow/example_dags/tutorial.py
[2023-02-28T04:01:50.059+0000] {logging_mixin.py:137} INFO - [2023-02-28T04:01:50.058+0000] {dag.py:2690} INFO - Sync 1 DAGs
[2023-02-28T04:01:50.093+0000] {logging_mixin.py:137} INFO - [2023-02-28T04:01:50.093+0000] {dag.py:3441} INFO - Setting next_dagrun for tutorial to 2023-02-27T04:01:50.092788+00:00, run_after=2023-02-28T04:01:50.092788+00:00
[2023-02-28T04:01:50.114+0000] {processor.py:175} INFO - Processing /home/airflow/.local/lib/python3.7/site-packages/airflow/example_dags/tutorial.py took 0.112 seconds
[2023-02-28T04:02:20.680+0000] {processor.py:153} INFO - Started process (PID=1725) to work on /home/airflow/.local/lib/python3.7/site-packages/airflow/example_dags/tutorial.py
[2023-02-28T04:02:20.682+0000] {processor.py:743} INFO - Processing file /home/airflow/.local/lib/python3.7/site-packages/airflow/example_dags/tutorial.py for tasks to queue
[2023-02-28T04:02:20.683+0000] {logging_mixin.py:137} INFO - [2023-02-28T04:02:20.683+0000] {dagbag.py:538} INFO - Filling up the DagBag from /home/airflow/.local/lib/python3.7/site-packages/airflow/example_dags/tutorial.py
[2023-02-28T04:02:20.741+0000] {processor.py:753} INFO - DAG(s) dict_keys(['tutorial']) retrieved from /home/airflow/.local/lib/python3.7/site-packages/airflow/example_dags/tutorial.py
[2023-02-28T04:02:20.821+0000] {logging_mixin.py:137} INFO - [2023-02-28T04:02:20.821+0000] {dag.py:2690} INFO - Sync 1 DAGs
[2023-02-28T04:02:20.908+0000] {logging_mixin.py:137} INFO - [2023-02-28T04:02:20.908+0000] {dag.py:3441} INFO - Setting next_dagrun for tutorial to 2023-02-27T04:02:20.908336+00:00, run_after=2023-02-28T04:02:20.908336+00:00
[2023-02-28T04:02:20.936+0000] {processor.py:175} INFO - Processing /home/airflow/.local/lib/python3.7/site-packages/airflow/example_dags/tutorial.py took 0.266 seconds
[2023-02-28T04:02:51.056+0000] {processor.py:153} INFO - Started process (PID=1794) to work on /home/airflow/.local/lib/python3.7/site-packages/airflow/example_dags/tutorial.py
[2023-02-28T04:02:51.058+0000] {processor.py:743} INFO - Processing file /home/airflow/.local/lib/python3.7/site-packages/airflow/example_dags/tutorial.py for tasks to queue
[2023-02-28T04:02:51.058+0000] {logging_mixin.py:137} INFO - [2023-02-28T04:02:51.058+0000] {dagbag.py:538} INFO - Filling up the DagBag from /home/airflow/.local/lib/python3.7/site-packages/airflow/example_dags/tutorial.py
[2023-02-28T04:02:51.075+0000] {processor.py:753} INFO - DAG(s) dict_keys(['tutorial']) retrieved from /home/airflow/.local/lib/python3.7/site-packages/airflow/example_dags/tutorial.py
[2023-02-28T04:02:51.106+0000] {logging_mixin.py:137} INFO - [2023-02-28T04:02:51.106+0000] {dag.py:2690} INFO - Sync 1 DAGs
[2023-02-28T04:02:51.137+0000] {logging_mixin.py:137} INFO - [2023-02-28T04:02:51.137+0000] {dag.py:3441} INFO - Setting next_dagrun for tutorial to 2023-02-27T04:02:51.136652+00:00, run_after=2023-02-28T04:02:51.136652+00:00
[2023-02-28T04:02:51.166+0000] {processor.py:175} INFO - Processing /home/airflow/.local/lib/python3.7/site-packages/airflow/example_dags/tutorial.py took 0.115 seconds
[2023-02-28T04:03:21.303+0000] {processor.py:153} INFO - Started process (PID=1857) to work on /home/airflow/.local/lib/python3.7/site-packages/airflow/example_dags/tutorial.py
[2023-02-28T04:03:21.304+0000] {processor.py:743} INFO - Processing file /home/airflow/.local/lib/python3.7/site-packages/airflow/example_dags/tutorial.py for tasks to queue
[2023-02-28T04:03:21.305+0000] {logging_mixin.py:137} INFO - [2023-02-28T04:03:21.305+0000] {dagbag.py:538} INFO - Filling up the DagBag from /home/airflow/.local/lib/python3.7/site-packages/airflow/example_dags/tutorial.py
[2023-02-28T04:03:21.322+0000] {processor.py:753} INFO - DAG(s) dict_keys(['tutorial']) retrieved from /home/airflow/.local/lib/python3.7/site-packages/airflow/example_dags/tutorial.py
[2023-02-28T04:03:21.359+0000] {logging_mixin.py:137} INFO - [2023-02-28T04:03:21.359+0000] {dag.py:2690} INFO - Sync 1 DAGs
[2023-02-28T04:03:21.399+0000] {logging_mixin.py:137} INFO - [2023-02-28T04:03:21.399+0000] {dag.py:3441} INFO - Setting next_dagrun for tutorial to 2023-02-27T04:03:21.399187+00:00, run_after=2023-02-28T04:03:21.399187+00:00
[2023-02-28T04:03:21.426+0000] {processor.py:175} INFO - Processing /home/airflow/.local/lib/python3.7/site-packages/airflow/example_dags/tutorial.py took 0.127 seconds
[2023-02-28T04:03:51.588+0000] {processor.py:153} INFO - Started process (PID=1932) to work on /home/airflow/.local/lib/python3.7/site-packages/airflow/example_dags/tutorial.py
[2023-02-28T04:03:51.589+0000] {processor.py:743} INFO - Processing file /home/airflow/.local/lib/python3.7/site-packages/airflow/example_dags/tutorial.py for tasks to queue
[2023-02-28T04:03:51.590+0000] {logging_mixin.py:137} INFO - [2023-02-28T04:03:51.590+0000] {dagbag.py:538} INFO - Filling up the DagBag from /home/airflow/.local/lib/python3.7/site-packages/airflow/example_dags/tutorial.py
[2023-02-28T04:03:51.612+0000] {processor.py:753} INFO - DAG(s) dict_keys(['tutorial']) retrieved from /home/airflow/.local/lib/python3.7/site-packages/airflow/example_dags/tutorial.py
[2023-02-28T04:03:51.649+0000] {logging_mixin.py:137} INFO - [2023-02-28T04:03:51.649+0000] {dag.py:2690} INFO - Sync 1 DAGs
[2023-02-28T04:03:51.691+0000] {logging_mixin.py:137} INFO - [2023-02-28T04:03:51.691+0000] {dag.py:3441} INFO - Setting next_dagrun for tutorial to 2023-02-27T04:03:51.691006+00:00, run_after=2023-02-28T04:03:51.691006+00:00
[2023-02-28T04:03:51.716+0000] {processor.py:175} INFO - Processing /home/airflow/.local/lib/python3.7/site-packages/airflow/example_dags/tutorial.py took 0.133 seconds
[2023-02-28T04:04:22.524+0000] {processor.py:153} INFO - Started process (PID=1997) to work on /home/airflow/.local/lib/python3.7/site-packages/airflow/example_dags/tutorial.py
[2023-02-28T04:04:22.526+0000] {processor.py:743} INFO - Processing file /home/airflow/.local/lib/python3.7/site-packages/airflow/example_dags/tutorial.py for tasks to queue
[2023-02-28T04:04:22.527+0000] {logging_mixin.py:137} INFO - [2023-02-28T04:04:22.527+0000] {dagbag.py:538} INFO - Filling up the DagBag from /home/airflow/.local/lib/python3.7/site-packages/airflow/example_dags/tutorial.py
[2023-02-28T04:04:22.543+0000] {processor.py:753} INFO - DAG(s) dict_keys(['tutorial']) retrieved from /home/airflow/.local/lib/python3.7/site-packages/airflow/example_dags/tutorial.py
[2023-02-28T04:04:22.572+0000] {logging_mixin.py:137} INFO - [2023-02-28T04:04:22.572+0000] {dag.py:2690} INFO - Sync 1 DAGs
[2023-02-28T04:04:22.603+0000] {logging_mixin.py:137} INFO - [2023-02-28T04:04:22.603+0000] {dag.py:3441} INFO - Setting next_dagrun for tutorial to 2023-02-27T04:04:22.602867+00:00, run_after=2023-02-28T04:04:22.602867+00:00
[2023-02-28T04:04:22.624+0000] {processor.py:175} INFO - Processing /home/airflow/.local/lib/python3.7/site-packages/airflow/example_dags/tutorial.py took 0.103 seconds
[2023-02-28T04:04:52.916+0000] {processor.py:153} INFO - Started process (PID=2074) to work on /home/airflow/.local/lib/python3.7/site-packages/airflow/example_dags/tutorial.py
[2023-02-28T04:04:52.918+0000] {processor.py:743} INFO - Processing file /home/airflow/.local/lib/python3.7/site-packages/airflow/example_dags/tutorial.py for tasks to queue
[2023-02-28T04:04:52.919+0000] {logging_mixin.py:137} INFO - [2023-02-28T04:04:52.918+0000] {dagbag.py:538} INFO - Filling up the DagBag from /home/airflow/.local/lib/python3.7/site-packages/airflow/example_dags/tutorial.py
[2023-02-28T04:04:52.941+0000] {processor.py:753} INFO - DAG(s) dict_keys(['tutorial']) retrieved from /home/airflow/.local/lib/python3.7/site-packages/airflow/example_dags/tutorial.py
[2023-02-28T04:04:52.978+0000] {logging_mixin.py:137} INFO - [2023-02-28T04:04:52.977+0000] {dag.py:2690} INFO - Sync 1 DAGs
[2023-02-28T04:04:53.018+0000] {logging_mixin.py:137} INFO - [2023-02-28T04:04:53.018+0000] {dag.py:3441} INFO - Setting next_dagrun for tutorial to 2023-02-27T04:04:53.017715+00:00, run_after=2023-02-28T04:04:53.017715+00:00
[2023-02-28T04:04:53.043+0000] {processor.py:175} INFO - Processing /home/airflow/.local/lib/python3.7/site-packages/airflow/example_dags/tutorial.py took 0.132 seconds
[2023-02-28T04:05:23.155+0000] {processor.py:153} INFO - Started process (PID=2138) to work on /home/airflow/.local/lib/python3.7/site-packages/airflow/example_dags/tutorial.py
[2023-02-28T04:05:23.156+0000] {processor.py:743} INFO - Processing file /home/airflow/.local/lib/python3.7/site-packages/airflow/example_dags/tutorial.py for tasks to queue
[2023-02-28T04:05:23.156+0000] {logging_mixin.py:137} INFO - [2023-02-28T04:05:23.156+0000] {dagbag.py:538} INFO - Filling up the DagBag from /home/airflow/.local/lib/python3.7/site-packages/airflow/example_dags/tutorial.py
[2023-02-28T04:05:23.173+0000] {processor.py:753} INFO - DAG(s) dict_keys(['tutorial']) retrieved from /home/airflow/.local/lib/python3.7/site-packages/airflow/example_dags/tutorial.py
[2023-02-28T04:05:23.201+0000] {logging_mixin.py:137} INFO - [2023-02-28T04:05:23.201+0000] {dag.py:2690} INFO - Sync 1 DAGs
[2023-02-28T04:05:23.227+0000] {logging_mixin.py:137} INFO - [2023-02-28T04:05:23.227+0000] {dag.py:3441} INFO - Setting next_dagrun for tutorial to 2023-02-27T04:05:23.227488+00:00, run_after=2023-02-28T04:05:23.227488+00:00
[2023-02-28T04:05:23.249+0000] {processor.py:175} INFO - Processing /home/airflow/.local/lib/python3.7/site-packages/airflow/example_dags/tutorial.py took 0.099 seconds
[2023-02-28T04:05:53.391+0000] {processor.py:153} INFO - Started process (PID=2203) to work on /home/airflow/.local/lib/python3.7/site-packages/airflow/example_dags/tutorial.py
[2023-02-28T04:05:53.393+0000] {processor.py:743} INFO - Processing file /home/airflow/.local/lib/python3.7/site-packages/airflow/example_dags/tutorial.py for tasks to queue
[2023-02-28T04:05:53.394+0000] {logging_mixin.py:137} INFO - [2023-02-28T04:05:53.394+0000] {dagbag.py:538} INFO - Filling up the DagBag from /home/airflow/.local/lib/python3.7/site-packages/airflow/example_dags/tutorial.py
[2023-02-28T04:05:53.431+0000] {processor.py:753} INFO - DAG(s) dict_keys(['tutorial']) retrieved from /home/airflow/.local/lib/python3.7/site-packages/airflow/example_dags/tutorial.py
[2023-02-28T04:05:53.476+0000] {logging_mixin.py:137} INFO - [2023-02-28T04:05:53.475+0000] {dag.py:2690} INFO - Sync 1 DAGs
[2023-02-28T04:05:53.519+0000] {logging_mixin.py:137} INFO - [2023-02-28T04:05:53.518+0000] {dag.py:3441} INFO - Setting next_dagrun for tutorial to 2023-02-27T04:05:53.518477+00:00, run_after=2023-02-28T04:05:53.518477+00:00
[2023-02-28T04:05:53.545+0000] {processor.py:175} INFO - Processing /home/airflow/.local/lib/python3.7/site-packages/airflow/example_dags/tutorial.py took 0.158 seconds
[2023-02-28T04:06:23.599+0000] {processor.py:153} INFO - Started process (PID=2281) to work on /home/airflow/.local/lib/python3.7/site-packages/airflow/example_dags/tutorial.py
[2023-02-28T04:06:23.600+0000] {processor.py:743} INFO - Processing file /home/airflow/.local/lib/python3.7/site-packages/airflow/example_dags/tutorial.py for tasks to queue
[2023-02-28T04:06:23.601+0000] {logging_mixin.py:137} INFO - [2023-02-28T04:06:23.601+0000] {dagbag.py:538} INFO - Filling up the DagBag from /home/airflow/.local/lib/python3.7/site-packages/airflow/example_dags/tutorial.py
[2023-02-28T04:06:23.617+0000] {processor.py:753} INFO - DAG(s) dict_keys(['tutorial']) retrieved from /home/airflow/.local/lib/python3.7/site-packages/airflow/example_dags/tutorial.py
[2023-02-28T04:06:23.646+0000] {logging_mixin.py:137} INFO - [2023-02-28T04:06:23.646+0000] {dag.py:2690} INFO - Sync 1 DAGs
[2023-02-28T04:06:23.676+0000] {logging_mixin.py:137} INFO - [2023-02-28T04:06:23.676+0000] {dag.py:3441} INFO - Setting next_dagrun for tutorial to 2023-02-27T04:06:23.676030+00:00, run_after=2023-02-28T04:06:23.676030+00:00
[2023-02-28T04:06:23.698+0000] {processor.py:175} INFO - Processing /home/airflow/.local/lib/python3.7/site-packages/airflow/example_dags/tutorial.py took 0.102 seconds
[2023-02-28T04:06:53.832+0000] {processor.py:153} INFO - Started process (PID=2347) to work on /home/airflow/.local/lib/python3.7/site-packages/airflow/example_dags/tutorial.py
[2023-02-28T04:06:53.834+0000] {processor.py:743} INFO - Processing file /home/airflow/.local/lib/python3.7/site-packages/airflow/example_dags/tutorial.py for tasks to queue
[2023-02-28T04:06:53.835+0000] {logging_mixin.py:137} INFO - [2023-02-28T04:06:53.834+0000] {dagbag.py:538} INFO - Filling up the DagBag from /home/airflow/.local/lib/python3.7/site-packages/airflow/example_dags/tutorial.py
[2023-02-28T04:06:53.853+0000] {processor.py:753} INFO - DAG(s) dict_keys(['tutorial']) retrieved from /home/airflow/.local/lib/python3.7/site-packages/airflow/example_dags/tutorial.py
[2023-02-28T04:06:53.884+0000] {logging_mixin.py:137} INFO - [2023-02-28T04:06:53.884+0000] {dag.py:2690} INFO - Sync 1 DAGs
[2023-02-28T04:06:53.913+0000] {logging_mixin.py:137} INFO - [2023-02-28T04:06:53.912+0000] {dag.py:3441} INFO - Setting next_dagrun for tutorial to 2023-02-27T04:06:53.912592+00:00, run_after=2023-02-28T04:06:53.912592+00:00
[2023-02-28T04:06:53.932+0000] {processor.py:175} INFO - Processing /home/airflow/.local/lib/python3.7/site-packages/airflow/example_dags/tutorial.py took 0.105 seconds
[2023-02-28T04:07:24.125+0000] {processor.py:153} INFO - Started process (PID=2422) to work on /home/airflow/.local/lib/python3.7/site-packages/airflow/example_dags/tutorial.py
[2023-02-28T04:07:24.126+0000] {processor.py:743} INFO - Processing file /home/airflow/.local/lib/python3.7/site-packages/airflow/example_dags/tutorial.py for tasks to queue
[2023-02-28T04:07:24.127+0000] {logging_mixin.py:137} INFO - [2023-02-28T04:07:24.127+0000] {dagbag.py:538} INFO - Filling up the DagBag from /home/airflow/.local/lib/python3.7/site-packages/airflow/example_dags/tutorial.py
[2023-02-28T04:07:24.150+0000] {processor.py:753} INFO - DAG(s) dict_keys(['tutorial']) retrieved from /home/airflow/.local/lib/python3.7/site-packages/airflow/example_dags/tutorial.py
[2023-02-28T04:07:24.188+0000] {logging_mixin.py:137} INFO - [2023-02-28T04:07:24.188+0000] {dag.py:2690} INFO - Sync 1 DAGs
[2023-02-28T04:07:24.224+0000] {logging_mixin.py:137} INFO - [2023-02-28T04:07:24.224+0000] {dag.py:3441} INFO - Setting next_dagrun for tutorial to 2023-02-27T04:07:24.224131+00:00, run_after=2023-02-28T04:07:24.224131+00:00
[2023-02-28T04:07:24.252+0000] {processor.py:175} INFO - Processing /home/airflow/.local/lib/python3.7/site-packages/airflow/example_dags/tutorial.py took 0.132 seconds
[2023-02-28T04:07:54.661+0000] {processor.py:153} INFO - Started process (PID=2488) to work on /home/airflow/.local/lib/python3.7/site-packages/airflow/example_dags/tutorial.py
[2023-02-28T04:07:54.663+0000] {processor.py:743} INFO - Processing file /home/airflow/.local/lib/python3.7/site-packages/airflow/example_dags/tutorial.py for tasks to queue
[2023-02-28T04:07:54.665+0000] {logging_mixin.py:137} INFO - [2023-02-28T04:07:54.664+0000] {dagbag.py:538} INFO - Filling up the DagBag from /home/airflow/.local/lib/python3.7/site-packages/airflow/example_dags/tutorial.py
[2023-02-28T04:07:54.685+0000] {processor.py:753} INFO - DAG(s) dict_keys(['tutorial']) retrieved from /home/airflow/.local/lib/python3.7/site-packages/airflow/example_dags/tutorial.py
[2023-02-28T04:07:54.721+0000] {logging_mixin.py:137} INFO - [2023-02-28T04:07:54.721+0000] {dag.py:2690} INFO - Sync 1 DAGs
[2023-02-28T04:07:54.763+0000] {logging_mixin.py:137} INFO - [2023-02-28T04:07:54.762+0000] {dag.py:3441} INFO - Setting next_dagrun for tutorial to 2023-02-27T04:07:54.762606+00:00, run_after=2023-02-28T04:07:54.762606+00:00
[2023-02-28T04:07:54.792+0000] {processor.py:175} INFO - Processing /home/airflow/.local/lib/python3.7/site-packages/airflow/example_dags/tutorial.py took 0.136 seconds
[2023-02-28T04:08:24.911+0000] {processor.py:153} INFO - Started process (PID=2552) to work on /home/airflow/.local/lib/python3.7/site-packages/airflow/example_dags/tutorial.py
[2023-02-28T04:08:24.912+0000] {processor.py:743} INFO - Processing file /home/airflow/.local/lib/python3.7/site-packages/airflow/example_dags/tutorial.py for tasks to queue
[2023-02-28T04:08:24.913+0000] {logging_mixin.py:137} INFO - [2023-02-28T04:08:24.912+0000] {dagbag.py:538} INFO - Filling up the DagBag from /home/airflow/.local/lib/python3.7/site-packages/airflow/example_dags/tutorial.py
[2023-02-28T04:08:24.931+0000] {processor.py:753} INFO - DAG(s) dict_keys(['tutorial']) retrieved from /home/airflow/.local/lib/python3.7/site-packages/airflow/example_dags/tutorial.py
[2023-02-28T04:08:24.967+0000] {logging_mixin.py:137} INFO - [2023-02-28T04:08:24.967+0000] {dag.py:2690} INFO - Sync 1 DAGs
[2023-02-28T04:08:25.009+0000] {logging_mixin.py:137} INFO - [2023-02-28T04:08:25.008+0000] {dag.py:3441} INFO - Setting next_dagrun for tutorial to 2023-02-27T04:08:25.008424+00:00, run_after=2023-02-28T04:08:25.008424+00:00
[2023-02-28T04:08:25.037+0000] {processor.py:175} INFO - Processing /home/airflow/.local/lib/python3.7/site-packages/airflow/example_dags/tutorial.py took 0.131 seconds
[2023-02-28T04:08:55.179+0000] {processor.py:153} INFO - Started process (PID=2628) to work on /home/airflow/.local/lib/python3.7/site-packages/airflow/example_dags/tutorial.py
[2023-02-28T04:08:55.181+0000] {processor.py:743} INFO - Processing file /home/airflow/.local/lib/python3.7/site-packages/airflow/example_dags/tutorial.py for tasks to queue
[2023-02-28T04:08:55.182+0000] {logging_mixin.py:137} INFO - [2023-02-28T04:08:55.182+0000] {dagbag.py:538} INFO - Filling up the DagBag from /home/airflow/.local/lib/python3.7/site-packages/airflow/example_dags/tutorial.py
[2023-02-28T04:08:55.203+0000] {processor.py:753} INFO - DAG(s) dict_keys(['tutorial']) retrieved from /home/airflow/.local/lib/python3.7/site-packages/airflow/example_dags/tutorial.py
[2023-02-28T04:08:55.241+0000] {logging_mixin.py:137} INFO - [2023-02-28T04:08:55.240+0000] {dag.py:2690} INFO - Sync 1 DAGs
[2023-02-28T04:08:55.268+0000] {logging_mixin.py:137} INFO - [2023-02-28T04:08:55.267+0000] {dag.py:3441} INFO - Setting next_dagrun for tutorial to 2023-02-27T04:08:55.267606+00:00, run_after=2023-02-28T04:08:55.267606+00:00
[2023-02-28T04:08:55.291+0000] {processor.py:175} INFO - Processing /home/airflow/.local/lib/python3.7/site-packages/airflow/example_dags/tutorial.py took 0.117 seconds
[2023-02-28T04:09:26.141+0000] {processor.py:153} INFO - Started process (PID=2693) to work on /home/airflow/.local/lib/python3.7/site-packages/airflow/example_dags/tutorial.py
[2023-02-28T04:09:26.141+0000] {processor.py:743} INFO - Processing file /home/airflow/.local/lib/python3.7/site-packages/airflow/example_dags/tutorial.py for tasks to queue
[2023-02-28T04:09:26.142+0000] {logging_mixin.py:137} INFO - [2023-02-28T04:09:26.142+0000] {dagbag.py:538} INFO - Filling up the DagBag from /home/airflow/.local/lib/python3.7/site-packages/airflow/example_dags/tutorial.py
[2023-02-28T04:09:26.160+0000] {processor.py:753} INFO - DAG(s) dict_keys(['tutorial']) retrieved from /home/airflow/.local/lib/python3.7/site-packages/airflow/example_dags/tutorial.py
[2023-02-28T04:09:26.191+0000] {logging_mixin.py:137} INFO - [2023-02-28T04:09:26.191+0000] {dag.py:2690} INFO - Sync 1 DAGs
[2023-02-28T04:09:26.221+0000] {logging_mixin.py:137} INFO - [2023-02-28T04:09:26.221+0000] {dag.py:3441} INFO - Setting next_dagrun for tutorial to 2023-02-27T04:09:26.220996+00:00, run_after=2023-02-28T04:09:26.220996+00:00
[2023-02-28T04:09:26.252+0000] {processor.py:175} INFO - Processing /home/airflow/.local/lib/python3.7/site-packages/airflow/example_dags/tutorial.py took 0.116 seconds
[2023-02-28T04:09:56.705+0000] {processor.py:153} INFO - Started process (PID=2771) to work on /home/airflow/.local/lib/python3.7/site-packages/airflow/example_dags/tutorial.py
[2023-02-28T04:09:56.706+0000] {processor.py:743} INFO - Processing file /home/airflow/.local/lib/python3.7/site-packages/airflow/example_dags/tutorial.py for tasks to queue
[2023-02-28T04:09:56.709+0000] {logging_mixin.py:137} INFO - [2023-02-28T04:09:56.708+0000] {dagbag.py:538} INFO - Filling up the DagBag from /home/airflow/.local/lib/python3.7/site-packages/airflow/example_dags/tutorial.py
[2023-02-28T04:09:56.730+0000] {processor.py:753} INFO - DAG(s) dict_keys(['tutorial']) retrieved from /home/airflow/.local/lib/python3.7/site-packages/airflow/example_dags/tutorial.py
[2023-02-28T04:09:56.778+0000] {logging_mixin.py:137} INFO - [2023-02-28T04:09:56.777+0000] {dag.py:2690} INFO - Sync 1 DAGs
[2023-02-28T04:09:56.820+0000] {logging_mixin.py:137} INFO - [2023-02-28T04:09:56.820+0000] {dag.py:3441} INFO - Setting next_dagrun for tutorial to 2023-02-27T04:09:56.819725+00:00, run_after=2023-02-28T04:09:56.819725+00:00
[2023-02-28T04:09:56.850+0000] {processor.py:175} INFO - Processing /home/airflow/.local/lib/python3.7/site-packages/airflow/example_dags/tutorial.py took 0.151 seconds
[2023-02-28T04:10:26.876+0000] {processor.py:153} INFO - Started process (PID=2836) to work on /home/airflow/.local/lib/python3.7/site-packages/airflow/example_dags/tutorial.py
[2023-02-28T04:10:26.878+0000] {processor.py:743} INFO - Processing file /home/airflow/.local/lib/python3.7/site-packages/airflow/example_dags/tutorial.py for tasks to queue
[2023-02-28T04:10:26.879+0000] {logging_mixin.py:137} INFO - [2023-02-28T04:10:26.878+0000] {dagbag.py:538} INFO - Filling up the DagBag from /home/airflow/.local/lib/python3.7/site-packages/airflow/example_dags/tutorial.py
[2023-02-28T04:10:26.900+0000] {processor.py:753} INFO - DAG(s) dict_keys(['tutorial']) retrieved from /home/airflow/.local/lib/python3.7/site-packages/airflow/example_dags/tutorial.py
[2023-02-28T04:10:26.929+0000] {logging_mixin.py:137} INFO - [2023-02-28T04:10:26.929+0000] {dag.py:2690} INFO - Sync 1 DAGs
[2023-02-28T04:10:26.959+0000] {logging_mixin.py:137} INFO - [2023-02-28T04:10:26.959+0000] {dag.py:3441} INFO - Setting next_dagrun for tutorial to 2023-02-27T04:10:26.958798+00:00, run_after=2023-02-28T04:10:26.958798+00:00
[2023-02-28T04:10:26.980+0000] {processor.py:175} INFO - Processing /home/airflow/.local/lib/python3.7/site-packages/airflow/example_dags/tutorial.py took 0.109 seconds
[2023-02-28T04:10:57.638+0000] {processor.py:153} INFO - Started process (PID=2909) to work on /home/airflow/.local/lib/python3.7/site-packages/airflow/example_dags/tutorial.py
[2023-02-28T04:10:57.651+0000] {processor.py:743} INFO - Processing file /home/airflow/.local/lib/python3.7/site-packages/airflow/example_dags/tutorial.py for tasks to queue
[2023-02-28T04:10:57.653+0000] {logging_mixin.py:137} INFO - [2023-02-28T04:10:57.652+0000] {dagbag.py:538} INFO - Filling up the DagBag from /home/airflow/.local/lib/python3.7/site-packages/airflow/example_dags/tutorial.py
[2023-02-28T04:10:57.675+0000] {processor.py:753} INFO - DAG(s) dict_keys(['tutorial']) retrieved from /home/airflow/.local/lib/python3.7/site-packages/airflow/example_dags/tutorial.py
[2023-02-28T04:10:57.729+0000] {logging_mixin.py:137} INFO - [2023-02-28T04:10:57.729+0000] {dag.py:2690} INFO - Sync 1 DAGs
[2023-02-28T04:10:57.773+0000] {logging_mixin.py:137} INFO - [2023-02-28T04:10:57.773+0000] {dag.py:3441} INFO - Setting next_dagrun for tutorial to 2023-02-27T04:10:57.773113+00:00, run_after=2023-02-28T04:10:57.773113+00:00
[2023-02-28T04:10:57.805+0000] {processor.py:175} INFO - Processing /home/airflow/.local/lib/python3.7/site-packages/airflow/example_dags/tutorial.py took 0.178 seconds
[2023-02-28T04:11:28.551+0000] {processor.py:153} INFO - Started process (PID=2977) to work on /home/airflow/.local/lib/python3.7/site-packages/airflow/example_dags/tutorial.py
[2023-02-28T04:11:28.553+0000] {processor.py:743} INFO - Processing file /home/airflow/.local/lib/python3.7/site-packages/airflow/example_dags/tutorial.py for tasks to queue
[2023-02-28T04:11:28.554+0000] {logging_mixin.py:137} INFO - [2023-02-28T04:11:28.554+0000] {dagbag.py:538} INFO - Filling up the DagBag from /home/airflow/.local/lib/python3.7/site-packages/airflow/example_dags/tutorial.py
[2023-02-28T04:11:28.571+0000] {processor.py:753} INFO - DAG(s) dict_keys(['tutorial']) retrieved from /home/airflow/.local/lib/python3.7/site-packages/airflow/example_dags/tutorial.py
[2023-02-28T04:11:28.601+0000] {logging_mixin.py:137} INFO - [2023-02-28T04:11:28.601+0000] {dag.py:2690} INFO - Sync 1 DAGs
[2023-02-28T04:11:28.632+0000] {logging_mixin.py:137} INFO - [2023-02-28T04:11:28.632+0000] {dag.py:3441} INFO - Setting next_dagrun for tutorial to 2023-02-27T04:11:28.632074+00:00, run_after=2023-02-28T04:11:28.632074+00:00
[2023-02-28T04:11:28.653+0000] {processor.py:175} INFO - Processing /home/airflow/.local/lib/python3.7/site-packages/airflow/example_dags/tutorial.py took 0.106 seconds
[2023-02-28T04:11:59.464+0000] {processor.py:153} INFO - Started process (PID=3041) to work on /home/airflow/.local/lib/python3.7/site-packages/airflow/example_dags/tutorial.py
[2023-02-28T04:11:59.465+0000] {processor.py:743} INFO - Processing file /home/airflow/.local/lib/python3.7/site-packages/airflow/example_dags/tutorial.py for tasks to queue
[2023-02-28T04:11:59.466+0000] {logging_mixin.py:137} INFO - [2023-02-28T04:11:59.466+0000] {dagbag.py:538} INFO - Filling up the DagBag from /home/airflow/.local/lib/python3.7/site-packages/airflow/example_dags/tutorial.py
[2023-02-28T04:11:59.488+0000] {processor.py:753} INFO - DAG(s) dict_keys(['tutorial']) retrieved from /home/airflow/.local/lib/python3.7/site-packages/airflow/example_dags/tutorial.py
[2023-02-28T04:11:59.526+0000] {logging_mixin.py:137} INFO - [2023-02-28T04:11:59.525+0000] {dag.py:2690} INFO - Sync 1 DAGs
[2023-02-28T04:11:59.562+0000] {logging_mixin.py:137} INFO - [2023-02-28T04:11:59.562+0000] {dag.py:3441} INFO - Setting next_dagrun for tutorial to 2023-02-27T04:11:59.562367+00:00, run_after=2023-02-28T04:11:59.562367+00:00
[2023-02-28T04:11:59.584+0000] {processor.py:175} INFO - Processing /home/airflow/.local/lib/python3.7/site-packages/airflow/example_dags/tutorial.py took 0.125 seconds
[2023-02-28T04:12:30.329+0000] {processor.py:153} INFO - Started process (PID=3120) to work on /home/airflow/.local/lib/python3.7/site-packages/airflow/example_dags/tutorial.py
[2023-02-28T04:12:30.330+0000] {processor.py:743} INFO - Processing file /home/airflow/.local/lib/python3.7/site-packages/airflow/example_dags/tutorial.py for tasks to queue
[2023-02-28T04:12:30.330+0000] {logging_mixin.py:137} INFO - [2023-02-28T04:12:30.330+0000] {dagbag.py:538} INFO - Filling up the DagBag from /home/airflow/.local/lib/python3.7/site-packages/airflow/example_dags/tutorial.py
[2023-02-28T04:12:30.348+0000] {processor.py:753} INFO - DAG(s) dict_keys(['tutorial']) retrieved from /home/airflow/.local/lib/python3.7/site-packages/airflow/example_dags/tutorial.py
[2023-02-28T04:12:30.380+0000] {logging_mixin.py:137} INFO - [2023-02-28T04:12:30.380+0000] {dag.py:2690} INFO - Sync 1 DAGs
[2023-02-28T04:12:30.413+0000] {logging_mixin.py:137} INFO - [2023-02-28T04:12:30.413+0000] {dag.py:3441} INFO - Setting next_dagrun for tutorial to 2023-02-27T04:12:30.413198+00:00, run_after=2023-02-28T04:12:30.413198+00:00
[2023-02-28T04:12:30.440+0000] {processor.py:175} INFO - Processing /home/airflow/.local/lib/python3.7/site-packages/airflow/example_dags/tutorial.py took 0.117 seconds
[2023-02-28T04:13:01.499+0000] {processor.py:153} INFO - Started process (PID=3185) to work on /home/airflow/.local/lib/python3.7/site-packages/airflow/example_dags/tutorial.py
[2023-02-28T04:13:01.501+0000] {processor.py:743} INFO - Processing file /home/airflow/.local/lib/python3.7/site-packages/airflow/example_dags/tutorial.py for tasks to queue
[2023-02-28T04:13:01.502+0000] {logging_mixin.py:137} INFO - [2023-02-28T04:13:01.502+0000] {dagbag.py:538} INFO - Filling up the DagBag from /home/airflow/.local/lib/python3.7/site-packages/airflow/example_dags/tutorial.py
[2023-02-28T04:13:01.525+0000] {processor.py:753} INFO - DAG(s) dict_keys(['tutorial']) retrieved from /home/airflow/.local/lib/python3.7/site-packages/airflow/example_dags/tutorial.py
[2023-02-28T04:13:01.564+0000] {logging_mixin.py:137} INFO - [2023-02-28T04:13:01.564+0000] {dag.py:2690} INFO - Sync 1 DAGs
[2023-02-28T04:13:01.605+0000] {logging_mixin.py:137} INFO - [2023-02-28T04:13:01.605+0000] {dag.py:3441} INFO - Setting next_dagrun for tutorial to 2023-02-27T04:13:01.604979+00:00, run_after=2023-02-28T04:13:01.604979+00:00
[2023-02-28T04:13:01.637+0000] {processor.py:175} INFO - Processing /home/airflow/.local/lib/python3.7/site-packages/airflow/example_dags/tutorial.py took 0.144 seconds
[2023-02-28T04:13:31.736+0000] {processor.py:153} INFO - Started process (PID=3262) to work on /home/airflow/.local/lib/python3.7/site-packages/airflow/example_dags/tutorial.py
[2023-02-28T04:13:31.737+0000] {processor.py:743} INFO - Processing file /home/airflow/.local/lib/python3.7/site-packages/airflow/example_dags/tutorial.py for tasks to queue
[2023-02-28T04:13:31.738+0000] {logging_mixin.py:137} INFO - [2023-02-28T04:13:31.738+0000] {dagbag.py:538} INFO - Filling up the DagBag from /home/airflow/.local/lib/python3.7/site-packages/airflow/example_dags/tutorial.py
[2023-02-28T04:13:31.757+0000] {processor.py:753} INFO - DAG(s) dict_keys(['tutorial']) retrieved from /home/airflow/.local/lib/python3.7/site-packages/airflow/example_dags/tutorial.py
[2023-02-28T04:13:31.788+0000] {logging_mixin.py:137} INFO - [2023-02-28T04:13:31.788+0000] {dag.py:2690} INFO - Sync 1 DAGs
[2023-02-28T04:13:31.819+0000] {logging_mixin.py:137} INFO - [2023-02-28T04:13:31.819+0000] {dag.py:3441} INFO - Setting next_dagrun for tutorial to 2023-02-27T04:13:31.818993+00:00, run_after=2023-02-28T04:13:31.818993+00:00
[2023-02-28T04:13:31.840+0000] {processor.py:175} INFO - Processing /home/airflow/.local/lib/python3.7/site-packages/airflow/example_dags/tutorial.py took 0.108 seconds
[2023-02-28T04:14:01.867+0000] {processor.py:153} INFO - Started process (PID=3325) to work on /home/airflow/.local/lib/python3.7/site-packages/airflow/example_dags/tutorial.py
[2023-02-28T04:14:01.869+0000] {processor.py:743} INFO - Processing file /home/airflow/.local/lib/python3.7/site-packages/airflow/example_dags/tutorial.py for tasks to queue
[2023-02-28T04:14:01.870+0000] {logging_mixin.py:137} INFO - [2023-02-28T04:14:01.869+0000] {dagbag.py:538} INFO - Filling up the DagBag from /home/airflow/.local/lib/python3.7/site-packages/airflow/example_dags/tutorial.py
[2023-02-28T04:14:01.893+0000] {processor.py:753} INFO - DAG(s) dict_keys(['tutorial']) retrieved from /home/airflow/.local/lib/python3.7/site-packages/airflow/example_dags/tutorial.py
[2023-02-28T04:14:01.929+0000] {logging_mixin.py:137} INFO - [2023-02-28T04:14:01.929+0000] {dag.py:2690} INFO - Sync 1 DAGs
[2023-02-28T04:14:01.959+0000] {logging_mixin.py:137} INFO - [2023-02-28T04:14:01.959+0000] {dag.py:3441} INFO - Setting next_dagrun for tutorial to 2023-02-27T04:14:01.958734+00:00, run_after=2023-02-28T04:14:01.958734+00:00
[2023-02-28T04:14:01.982+0000] {processor.py:175} INFO - Processing /home/airflow/.local/lib/python3.7/site-packages/airflow/example_dags/tutorial.py took 0.120 seconds
[2023-02-28T04:14:32.201+0000] {processor.py:153} INFO - Started process (PID=3401) to work on /home/airflow/.local/lib/python3.7/site-packages/airflow/example_dags/tutorial.py
[2023-02-28T04:14:32.202+0000] {processor.py:743} INFO - Processing file /home/airflow/.local/lib/python3.7/site-packages/airflow/example_dags/tutorial.py for tasks to queue
[2023-02-28T04:14:32.203+0000] {logging_mixin.py:137} INFO - [2023-02-28T04:14:32.202+0000] {dagbag.py:538} INFO - Filling up the DagBag from /home/airflow/.local/lib/python3.7/site-packages/airflow/example_dags/tutorial.py
[2023-02-28T04:14:32.222+0000] {processor.py:753} INFO - DAG(s) dict_keys(['tutorial']) retrieved from /home/airflow/.local/lib/python3.7/site-packages/airflow/example_dags/tutorial.py
[2023-02-28T04:14:32.250+0000] {logging_mixin.py:137} INFO - [2023-02-28T04:14:32.250+0000] {dag.py:2690} INFO - Sync 1 DAGs
[2023-02-28T04:14:32.286+0000] {logging_mixin.py:137} INFO - [2023-02-28T04:14:32.286+0000] {dag.py:3441} INFO - Setting next_dagrun for tutorial to 2023-02-27T04:14:32.285750+00:00, run_after=2023-02-28T04:14:32.285750+00:00
[2023-02-28T04:14:32.305+0000] {processor.py:175} INFO - Processing /home/airflow/.local/lib/python3.7/site-packages/airflow/example_dags/tutorial.py took 0.109 seconds
[2023-02-28T04:15:03.222+0000] {processor.py:153} INFO - Started process (PID=3465) to work on /home/airflow/.local/lib/python3.7/site-packages/airflow/example_dags/tutorial.py
[2023-02-28T04:15:03.224+0000] {processor.py:743} INFO - Processing file /home/airflow/.local/lib/python3.7/site-packages/airflow/example_dags/tutorial.py for tasks to queue
[2023-02-28T04:15:03.225+0000] {logging_mixin.py:137} INFO - [2023-02-28T04:15:03.225+0000] {dagbag.py:538} INFO - Filling up the DagBag from /home/airflow/.local/lib/python3.7/site-packages/airflow/example_dags/tutorial.py
[2023-02-28T04:15:03.246+0000] {processor.py:753} INFO - DAG(s) dict_keys(['tutorial']) retrieved from /home/airflow/.local/lib/python3.7/site-packages/airflow/example_dags/tutorial.py
[2023-02-28T04:15:03.275+0000] {logging_mixin.py:137} INFO - [2023-02-28T04:15:03.275+0000] {dag.py:2690} INFO - Sync 1 DAGs
[2023-02-28T04:15:03.308+0000] {logging_mixin.py:137} INFO - [2023-02-28T04:15:03.307+0000] {dag.py:3441} INFO - Setting next_dagrun for tutorial to 2023-02-27T04:15:03.307437+00:00, run_after=2023-02-28T04:15:03.307437+00:00
[2023-02-28T04:15:03.334+0000] {processor.py:175} INFO - Processing /home/airflow/.local/lib/python3.7/site-packages/airflow/example_dags/tutorial.py took 0.117 seconds
[2023-02-28T04:15:33.523+0000] {processor.py:153} INFO - Started process (PID=3539) to work on /home/airflow/.local/lib/python3.7/site-packages/airflow/example_dags/tutorial.py
[2023-02-28T04:15:33.524+0000] {processor.py:743} INFO - Processing file /home/airflow/.local/lib/python3.7/site-packages/airflow/example_dags/tutorial.py for tasks to queue
[2023-02-28T04:15:33.525+0000] {logging_mixin.py:137} INFO - [2023-02-28T04:15:33.524+0000] {dagbag.py:538} INFO - Filling up the DagBag from /home/airflow/.local/lib/python3.7/site-packages/airflow/example_dags/tutorial.py
[2023-02-28T04:15:33.544+0000] {processor.py:753} INFO - DAG(s) dict_keys(['tutorial']) retrieved from /home/airflow/.local/lib/python3.7/site-packages/airflow/example_dags/tutorial.py
[2023-02-28T04:15:33.582+0000] {logging_mixin.py:137} INFO - [2023-02-28T04:15:33.582+0000] {dag.py:2690} INFO - Sync 1 DAGs
[2023-02-28T04:15:33.621+0000] {logging_mixin.py:137} INFO - [2023-02-28T04:15:33.620+0000] {dag.py:3441} INFO - Setting next_dagrun for tutorial to 2023-02-27T04:15:33.620580+00:00, run_after=2023-02-28T04:15:33.620580+00:00
[2023-02-28T04:15:33.643+0000] {processor.py:175} INFO - Processing /home/airflow/.local/lib/python3.7/site-packages/airflow/example_dags/tutorial.py took 0.125 seconds
[2023-02-28T04:16:04.428+0000] {processor.py:153} INFO - Started process (PID=3605) to work on /home/airflow/.local/lib/python3.7/site-packages/airflow/example_dags/tutorial.py
[2023-02-28T04:16:04.429+0000] {processor.py:743} INFO - Processing file /home/airflow/.local/lib/python3.7/site-packages/airflow/example_dags/tutorial.py for tasks to queue
[2023-02-28T04:16:04.430+0000] {logging_mixin.py:137} INFO - [2023-02-28T04:16:04.430+0000] {dagbag.py:538} INFO - Filling up the DagBag from /home/airflow/.local/lib/python3.7/site-packages/airflow/example_dags/tutorial.py
[2023-02-28T04:16:04.448+0000] {processor.py:753} INFO - DAG(s) dict_keys(['tutorial']) retrieved from /home/airflow/.local/lib/python3.7/site-packages/airflow/example_dags/tutorial.py
[2023-02-28T04:16:04.477+0000] {logging_mixin.py:137} INFO - [2023-02-28T04:16:04.477+0000] {dag.py:2690} INFO - Sync 1 DAGs
[2023-02-28T04:16:04.513+0000] {logging_mixin.py:137} INFO - [2023-02-28T04:16:04.513+0000] {dag.py:3441} INFO - Setting next_dagrun for tutorial to 2023-02-27T04:16:04.513187+00:00, run_after=2023-02-28T04:16:04.513187+00:00
[2023-02-28T04:16:04.537+0000] {processor.py:175} INFO - Processing /home/airflow/.local/lib/python3.7/site-packages/airflow/example_dags/tutorial.py took 0.113 seconds
[2023-02-28T04:16:35.422+0000] {processor.py:153} INFO - Started process (PID=3676) to work on /home/airflow/.local/lib/python3.7/site-packages/airflow/example_dags/tutorial.py
[2023-02-28T04:16:35.423+0000] {processor.py:743} INFO - Processing file /home/airflow/.local/lib/python3.7/site-packages/airflow/example_dags/tutorial.py for tasks to queue
[2023-02-28T04:16:35.424+0000] {logging_mixin.py:137} INFO - [2023-02-28T04:16:35.424+0000] {dagbag.py:538} INFO - Filling up the DagBag from /home/airflow/.local/lib/python3.7/site-packages/airflow/example_dags/tutorial.py
[2023-02-28T04:16:35.446+0000] {processor.py:753} INFO - DAG(s) dict_keys(['tutorial']) retrieved from /home/airflow/.local/lib/python3.7/site-packages/airflow/example_dags/tutorial.py
[2023-02-28T04:16:35.484+0000] {logging_mixin.py:137} INFO - [2023-02-28T04:16:35.484+0000] {dag.py:2690} INFO - Sync 1 DAGs
[2023-02-28T04:16:35.517+0000] {logging_mixin.py:137} INFO - [2023-02-28T04:16:35.517+0000] {dag.py:3441} INFO - Setting next_dagrun for tutorial to 2023-02-27T04:16:35.517095+00:00, run_after=2023-02-28T04:16:35.517095+00:00
[2023-02-28T04:16:35.539+0000] {processor.py:175} INFO - Processing /home/airflow/.local/lib/python3.7/site-packages/airflow/example_dags/tutorial.py took 0.122 seconds
[2023-02-28T04:17:06.328+0000] {processor.py:153} INFO - Started process (PID=3745) to work on /home/airflow/.local/lib/python3.7/site-packages/airflow/example_dags/tutorial.py
[2023-02-28T04:17:06.329+0000] {processor.py:743} INFO - Processing file /home/airflow/.local/lib/python3.7/site-packages/airflow/example_dags/tutorial.py for tasks to queue
[2023-02-28T04:17:06.330+0000] {logging_mixin.py:137} INFO - [2023-02-28T04:17:06.330+0000] {dagbag.py:538} INFO - Filling up the DagBag from /home/airflow/.local/lib/python3.7/site-packages/airflow/example_dags/tutorial.py
[2023-02-28T04:17:06.348+0000] {processor.py:753} INFO - DAG(s) dict_keys(['tutorial']) retrieved from /home/airflow/.local/lib/python3.7/site-packages/airflow/example_dags/tutorial.py
[2023-02-28T04:17:06.385+0000] {logging_mixin.py:137} INFO - [2023-02-28T04:17:06.385+0000] {dag.py:2690} INFO - Sync 1 DAGs
[2023-02-28T04:17:06.426+0000] {logging_mixin.py:137} INFO - [2023-02-28T04:17:06.426+0000] {dag.py:3441} INFO - Setting next_dagrun for tutorial to 2023-02-27T04:17:06.426049+00:00, run_after=2023-02-28T04:17:06.426049+00:00
[2023-02-28T04:17:06.453+0000] {processor.py:175} INFO - Processing /home/airflow/.local/lib/python3.7/site-packages/airflow/example_dags/tutorial.py took 0.130 seconds
[2023-02-28T04:23:11.976+0000] {processor.py:153} INFO - Started process (PID=57) to work on /home/airflow/.local/lib/python3.7/site-packages/airflow/example_dags/tutorial.py
[2023-02-28T04:23:11.978+0000] {processor.py:743} INFO - Processing file /home/airflow/.local/lib/python3.7/site-packages/airflow/example_dags/tutorial.py for tasks to queue
[2023-02-28T04:23:11.979+0000] {logging_mixin.py:137} INFO - [2023-02-28T04:23:11.979+0000] {dagbag.py:538} INFO - Filling up the DagBag from /home/airflow/.local/lib/python3.7/site-packages/airflow/example_dags/tutorial.py
[2023-02-28T04:23:12.003+0000] {processor.py:753} INFO - DAG(s) dict_keys(['tutorial']) retrieved from /home/airflow/.local/lib/python3.7/site-packages/airflow/example_dags/tutorial.py
[2023-02-28T04:23:12.042+0000] {logging_mixin.py:137} INFO - [2023-02-28T04:23:12.041+0000] {dag.py:2690} INFO - Sync 1 DAGs
[2023-02-28T04:23:12.084+0000] {logging_mixin.py:137} INFO - [2023-02-28T04:23:12.084+0000] {dag.py:3441} INFO - Setting next_dagrun for tutorial to 2023-02-27T04:23:12.084142+00:00, run_after=2023-02-28T04:23:12.084142+00:00
[2023-02-28T04:23:12.111+0000] {processor.py:175} INFO - Processing /home/airflow/.local/lib/python3.7/site-packages/airflow/example_dags/tutorial.py took 0.141 seconds
[2023-02-28T04:23:42.876+0000] {processor.py:153} INFO - Started process (PID=120) to work on /home/airflow/.local/lib/python3.7/site-packages/airflow/example_dags/tutorial.py
[2023-02-28T04:23:42.877+0000] {processor.py:743} INFO - Processing file /home/airflow/.local/lib/python3.7/site-packages/airflow/example_dags/tutorial.py for tasks to queue
[2023-02-28T04:23:42.878+0000] {logging_mixin.py:137} INFO - [2023-02-28T04:23:42.878+0000] {dagbag.py:538} INFO - Filling up the DagBag from /home/airflow/.local/lib/python3.7/site-packages/airflow/example_dags/tutorial.py
[2023-02-28T04:23:42.903+0000] {processor.py:753} INFO - DAG(s) dict_keys(['tutorial']) retrieved from /home/airflow/.local/lib/python3.7/site-packages/airflow/example_dags/tutorial.py
[2023-02-28T04:23:42.939+0000] {logging_mixin.py:137} INFO - [2023-02-28T04:23:42.939+0000] {dag.py:2690} INFO - Sync 1 DAGs
[2023-02-28T04:23:42.968+0000] {logging_mixin.py:137} INFO - [2023-02-28T04:23:42.968+0000] {dag.py:3441} INFO - Setting next_dagrun for tutorial to 2023-02-27T04:23:42.968311+00:00, run_after=2023-02-28T04:23:42.968311+00:00
[2023-02-28T04:23:42.994+0000] {processor.py:175} INFO - Processing /home/airflow/.local/lib/python3.7/site-packages/airflow/example_dags/tutorial.py took 0.125 seconds
[2023-02-28T04:24:13.969+0000] {processor.py:153} INFO - Started process (PID=194) to work on /home/airflow/.local/lib/python3.7/site-packages/airflow/example_dags/tutorial.py
[2023-02-28T04:24:13.971+0000] {processor.py:743} INFO - Processing file /home/airflow/.local/lib/python3.7/site-packages/airflow/example_dags/tutorial.py for tasks to queue
[2023-02-28T04:24:13.972+0000] {logging_mixin.py:137} INFO - [2023-02-28T04:24:13.971+0000] {dagbag.py:538} INFO - Filling up the DagBag from /home/airflow/.local/lib/python3.7/site-packages/airflow/example_dags/tutorial.py
[2023-02-28T04:24:13.990+0000] {processor.py:753} INFO - DAG(s) dict_keys(['tutorial']) retrieved from /home/airflow/.local/lib/python3.7/site-packages/airflow/example_dags/tutorial.py
[2023-02-28T04:24:14.025+0000] {logging_mixin.py:137} INFO - [2023-02-28T04:24:14.025+0000] {dag.py:2690} INFO - Sync 1 DAGs
[2023-02-28T04:24:14.064+0000] {logging_mixin.py:137} INFO - [2023-02-28T04:24:14.064+0000] {dag.py:3441} INFO - Setting next_dagrun for tutorial to 2023-02-27T04:24:14.063985+00:00, run_after=2023-02-28T04:24:14.063985+00:00
[2023-02-28T04:24:14.088+0000] {processor.py:175} INFO - Processing /home/airflow/.local/lib/python3.7/site-packages/airflow/example_dags/tutorial.py took 0.123 seconds
[2023-02-28T04:24:44.178+0000] {processor.py:153} INFO - Started process (PID=259) to work on /home/airflow/.local/lib/python3.7/site-packages/airflow/example_dags/tutorial.py
[2023-02-28T04:24:44.179+0000] {processor.py:743} INFO - Processing file /home/airflow/.local/lib/python3.7/site-packages/airflow/example_dags/tutorial.py for tasks to queue
[2023-02-28T04:24:44.180+0000] {logging_mixin.py:137} INFO - [2023-02-28T04:24:44.180+0000] {dagbag.py:538} INFO - Filling up the DagBag from /home/airflow/.local/lib/python3.7/site-packages/airflow/example_dags/tutorial.py
[2023-02-28T04:24:44.196+0000] {processor.py:753} INFO - DAG(s) dict_keys(['tutorial']) retrieved from /home/airflow/.local/lib/python3.7/site-packages/airflow/example_dags/tutorial.py
[2023-02-28T04:24:44.225+0000] {logging_mixin.py:137} INFO - [2023-02-28T04:24:44.225+0000] {dag.py:2690} INFO - Sync 1 DAGs
[2023-02-28T04:24:44.253+0000] {logging_mixin.py:137} INFO - [2023-02-28T04:24:44.252+0000] {dag.py:3441} INFO - Setting next_dagrun for tutorial to 2023-02-27T04:24:44.252642+00:00, run_after=2023-02-28T04:24:44.252642+00:00
[2023-02-28T04:24:44.276+0000] {processor.py:175} INFO - Processing /home/airflow/.local/lib/python3.7/site-packages/airflow/example_dags/tutorial.py took 0.102 seconds
[2023-02-28T04:25:14.426+0000] {processor.py:153} INFO - Started process (PID=333) to work on /home/airflow/.local/lib/python3.7/site-packages/airflow/example_dags/tutorial.py
[2023-02-28T04:25:14.427+0000] {processor.py:743} INFO - Processing file /home/airflow/.local/lib/python3.7/site-packages/airflow/example_dags/tutorial.py for tasks to queue
[2023-02-28T04:25:14.428+0000] {logging_mixin.py:137} INFO - [2023-02-28T04:25:14.428+0000] {dagbag.py:538} INFO - Filling up the DagBag from /home/airflow/.local/lib/python3.7/site-packages/airflow/example_dags/tutorial.py
[2023-02-28T04:25:14.450+0000] {processor.py:753} INFO - DAG(s) dict_keys(['tutorial']) retrieved from /home/airflow/.local/lib/python3.7/site-packages/airflow/example_dags/tutorial.py
[2023-02-28T04:25:14.489+0000] {logging_mixin.py:137} INFO - [2023-02-28T04:25:14.489+0000] {dag.py:2690} INFO - Sync 1 DAGs
[2023-02-28T04:25:14.530+0000] {logging_mixin.py:137} INFO - [2023-02-28T04:25:14.530+0000] {dag.py:3441} INFO - Setting next_dagrun for tutorial to 2023-02-27T04:25:14.530096+00:00, run_after=2023-02-28T04:25:14.530096+00:00
[2023-02-28T04:25:14.556+0000] {processor.py:175} INFO - Processing /home/airflow/.local/lib/python3.7/site-packages/airflow/example_dags/tutorial.py took 0.136 seconds
[2023-02-28T04:25:44.717+0000] {processor.py:153} INFO - Started process (PID=402) to work on /home/airflow/.local/lib/python3.7/site-packages/airflow/example_dags/tutorial.py
[2023-02-28T04:25:44.718+0000] {processor.py:743} INFO - Processing file /home/airflow/.local/lib/python3.7/site-packages/airflow/example_dags/tutorial.py for tasks to queue
[2023-02-28T04:25:44.719+0000] {logging_mixin.py:137} INFO - [2023-02-28T04:25:44.719+0000] {dagbag.py:538} INFO - Filling up the DagBag from /home/airflow/.local/lib/python3.7/site-packages/airflow/example_dags/tutorial.py
[2023-02-28T04:25:44.737+0000] {processor.py:753} INFO - DAG(s) dict_keys(['tutorial']) retrieved from /home/airflow/.local/lib/python3.7/site-packages/airflow/example_dags/tutorial.py
[2023-02-28T04:25:44.767+0000] {logging_mixin.py:137} INFO - [2023-02-28T04:25:44.766+0000] {dag.py:2690} INFO - Sync 1 DAGs
[2023-02-28T04:25:44.794+0000] {logging_mixin.py:137} INFO - [2023-02-28T04:25:44.794+0000] {dag.py:3441} INFO - Setting next_dagrun for tutorial to 2023-02-27T04:25:44.794139+00:00, run_after=2023-02-28T04:25:44.794139+00:00
[2023-02-28T04:25:44.814+0000] {processor.py:175} INFO - Processing /home/airflow/.local/lib/python3.7/site-packages/airflow/example_dags/tutorial.py took 0.102 seconds
[2023-02-28T04:26:14.924+0000] {processor.py:153} INFO - Started process (PID=466) to work on /home/airflow/.local/lib/python3.7/site-packages/airflow/example_dags/tutorial.py
[2023-02-28T04:26:14.925+0000] {processor.py:743} INFO - Processing file /home/airflow/.local/lib/python3.7/site-packages/airflow/example_dags/tutorial.py for tasks to queue
[2023-02-28T04:26:14.926+0000] {logging_mixin.py:137} INFO - [2023-02-28T04:26:14.926+0000] {dagbag.py:538} INFO - Filling up the DagBag from /home/airflow/.local/lib/python3.7/site-packages/airflow/example_dags/tutorial.py
[2023-02-28T04:26:14.949+0000] {processor.py:753} INFO - DAG(s) dict_keys(['tutorial']) retrieved from /home/airflow/.local/lib/python3.7/site-packages/airflow/example_dags/tutorial.py
[2023-02-28T04:26:14.987+0000] {logging_mixin.py:137} INFO - [2023-02-28T04:26:14.986+0000] {dag.py:2690} INFO - Sync 1 DAGs
[2023-02-28T04:26:15.034+0000] {logging_mixin.py:137} INFO - [2023-02-28T04:26:15.034+0000] {dag.py:3441} INFO - Setting next_dagrun for tutorial to 2023-02-27T04:26:15.033698+00:00, run_after=2023-02-28T04:26:15.033698+00:00
[2023-02-28T04:26:15.070+0000] {processor.py:175} INFO - Processing /home/airflow/.local/lib/python3.7/site-packages/airflow/example_dags/tutorial.py took 0.151 seconds
[2023-02-28T04:26:45.568+0000] {processor.py:153} INFO - Started process (PID=542) to work on /home/airflow/.local/lib/python3.7/site-packages/airflow/example_dags/tutorial.py
[2023-02-28T04:26:45.570+0000] {processor.py:743} INFO - Processing file /home/airflow/.local/lib/python3.7/site-packages/airflow/example_dags/tutorial.py for tasks to queue
[2023-02-28T04:26:45.570+0000] {logging_mixin.py:137} INFO - [2023-02-28T04:26:45.570+0000] {dagbag.py:538} INFO - Filling up the DagBag from /home/airflow/.local/lib/python3.7/site-packages/airflow/example_dags/tutorial.py
[2023-02-28T04:26:45.587+0000] {processor.py:753} INFO - DAG(s) dict_keys(['tutorial']) retrieved from /home/airflow/.local/lib/python3.7/site-packages/airflow/example_dags/tutorial.py
[2023-02-28T04:26:45.619+0000] {logging_mixin.py:137} INFO - [2023-02-28T04:26:45.619+0000] {dag.py:2690} INFO - Sync 1 DAGs
[2023-02-28T04:26:45.648+0000] {logging_mixin.py:137} INFO - [2023-02-28T04:26:45.648+0000] {dag.py:3441} INFO - Setting next_dagrun for tutorial to 2023-02-27T04:26:45.648216+00:00, run_after=2023-02-28T04:26:45.648216+00:00
[2023-02-28T04:26:45.669+0000] {processor.py:175} INFO - Processing /home/airflow/.local/lib/python3.7/site-packages/airflow/example_dags/tutorial.py took 0.106 seconds
[2023-02-28T04:27:15.806+0000] {processor.py:153} INFO - Started process (PID=605) to work on /home/airflow/.local/lib/python3.7/site-packages/airflow/example_dags/tutorial.py
[2023-02-28T04:27:15.807+0000] {processor.py:743} INFO - Processing file /home/airflow/.local/lib/python3.7/site-packages/airflow/example_dags/tutorial.py for tasks to queue
[2023-02-28T04:27:15.807+0000] {logging_mixin.py:137} INFO - [2023-02-28T04:27:15.807+0000] {dagbag.py:538} INFO - Filling up the DagBag from /home/airflow/.local/lib/python3.7/site-packages/airflow/example_dags/tutorial.py
[2023-02-28T04:27:15.828+0000] {processor.py:753} INFO - DAG(s) dict_keys(['tutorial']) retrieved from /home/airflow/.local/lib/python3.7/site-packages/airflow/example_dags/tutorial.py
[2023-02-28T04:27:15.867+0000] {logging_mixin.py:137} INFO - [2023-02-28T04:27:15.867+0000] {dag.py:2690} INFO - Sync 1 DAGs
[2023-02-28T04:27:15.905+0000] {logging_mixin.py:137} INFO - [2023-02-28T04:27:15.905+0000] {dag.py:3441} INFO - Setting next_dagrun for tutorial to 2023-02-27T04:27:15.905110+00:00, run_after=2023-02-28T04:27:15.905110+00:00
[2023-02-28T04:27:15.932+0000] {processor.py:175} INFO - Processing /home/airflow/.local/lib/python3.7/site-packages/airflow/example_dags/tutorial.py took 0.131 seconds
[2023-02-28T04:27:46.287+0000] {processor.py:153} INFO - Started process (PID=683) to work on /home/airflow/.local/lib/python3.7/site-packages/airflow/example_dags/tutorial.py
[2023-02-28T04:27:46.288+0000] {processor.py:743} INFO - Processing file /home/airflow/.local/lib/python3.7/site-packages/airflow/example_dags/tutorial.py for tasks to queue
[2023-02-28T04:27:46.289+0000] {logging_mixin.py:137} INFO - [2023-02-28T04:27:46.289+0000] {dagbag.py:538} INFO - Filling up the DagBag from /home/airflow/.local/lib/python3.7/site-packages/airflow/example_dags/tutorial.py
[2023-02-28T04:27:46.305+0000] {processor.py:753} INFO - DAG(s) dict_keys(['tutorial']) retrieved from /home/airflow/.local/lib/python3.7/site-packages/airflow/example_dags/tutorial.py
[2023-02-28T04:27:46.334+0000] {logging_mixin.py:137} INFO - [2023-02-28T04:27:46.334+0000] {dag.py:2690} INFO - Sync 1 DAGs
[2023-02-28T04:27:46.363+0000] {logging_mixin.py:137} INFO - [2023-02-28T04:27:46.363+0000] {dag.py:3441} INFO - Setting next_dagrun for tutorial to 2023-02-27T04:27:46.361733+00:00, run_after=2023-02-28T04:27:46.361733+00:00
[2023-02-28T04:27:46.382+0000] {processor.py:175} INFO - Processing /home/airflow/.local/lib/python3.7/site-packages/airflow/example_dags/tutorial.py took 0.100 seconds
[2023-02-28T04:28:17.300+0000] {processor.py:153} INFO - Started process (PID=749) to work on /home/airflow/.local/lib/python3.7/site-packages/airflow/example_dags/tutorial.py
[2023-02-28T04:28:17.301+0000] {processor.py:743} INFO - Processing file /home/airflow/.local/lib/python3.7/site-packages/airflow/example_dags/tutorial.py for tasks to queue
[2023-02-28T04:28:17.301+0000] {logging_mixin.py:137} INFO - [2023-02-28T04:28:17.301+0000] {dagbag.py:538} INFO - Filling up the DagBag from /home/airflow/.local/lib/python3.7/site-packages/airflow/example_dags/tutorial.py
[2023-02-28T04:28:17.318+0000] {processor.py:753} INFO - DAG(s) dict_keys(['tutorial']) retrieved from /home/airflow/.local/lib/python3.7/site-packages/airflow/example_dags/tutorial.py
[2023-02-28T04:28:17.349+0000] {logging_mixin.py:137} INFO - [2023-02-28T04:28:17.348+0000] {dag.py:2690} INFO - Sync 1 DAGs
[2023-02-28T04:28:17.377+0000] {logging_mixin.py:137} INFO - [2023-02-28T04:28:17.377+0000] {dag.py:3441} INFO - Setting next_dagrun for tutorial to 2023-02-27T04:28:17.377408+00:00, run_after=2023-02-28T04:28:17.377408+00:00
[2023-02-28T04:28:17.399+0000] {processor.py:175} INFO - Processing /home/airflow/.local/lib/python3.7/site-packages/airflow/example_dags/tutorial.py took 0.103 seconds
[2023-02-28T04:28:47.541+0000] {processor.py:153} INFO - Started process (PID=823) to work on /home/airflow/.local/lib/python3.7/site-packages/airflow/example_dags/tutorial.py
[2023-02-28T04:28:47.544+0000] {processor.py:743} INFO - Processing file /home/airflow/.local/lib/python3.7/site-packages/airflow/example_dags/tutorial.py for tasks to queue
[2023-02-28T04:28:47.545+0000] {logging_mixin.py:137} INFO - [2023-02-28T04:28:47.545+0000] {dagbag.py:538} INFO - Filling up the DagBag from /home/airflow/.local/lib/python3.7/site-packages/airflow/example_dags/tutorial.py
[2023-02-28T04:28:47.568+0000] {processor.py:753} INFO - DAG(s) dict_keys(['tutorial']) retrieved from /home/airflow/.local/lib/python3.7/site-packages/airflow/example_dags/tutorial.py
[2023-02-28T04:28:47.606+0000] {logging_mixin.py:137} INFO - [2023-02-28T04:28:47.606+0000] {dag.py:2690} INFO - Sync 1 DAGs
[2023-02-28T04:28:47.646+0000] {logging_mixin.py:137} INFO - [2023-02-28T04:28:47.646+0000] {dag.py:3441} INFO - Setting next_dagrun for tutorial to 2023-02-27T04:28:47.645923+00:00, run_after=2023-02-28T04:28:47.645923+00:00
[2023-02-28T04:28:47.672+0000] {processor.py:175} INFO - Processing /home/airflow/.local/lib/python3.7/site-packages/airflow/example_dags/tutorial.py took 0.136 seconds
[2023-02-28T04:29:18.001+0000] {processor.py:153} INFO - Started process (PID=890) to work on /home/airflow/.local/lib/python3.7/site-packages/airflow/example_dags/tutorial.py
[2023-02-28T04:29:18.002+0000] {processor.py:743} INFO - Processing file /home/airflow/.local/lib/python3.7/site-packages/airflow/example_dags/tutorial.py for tasks to queue
[2023-02-28T04:29:18.003+0000] {logging_mixin.py:137} INFO - [2023-02-28T04:29:18.003+0000] {dagbag.py:538} INFO - Filling up the DagBag from /home/airflow/.local/lib/python3.7/site-packages/airflow/example_dags/tutorial.py
[2023-02-28T04:29:18.027+0000] {processor.py:753} INFO - DAG(s) dict_keys(['tutorial']) retrieved from /home/airflow/.local/lib/python3.7/site-packages/airflow/example_dags/tutorial.py
[2023-02-28T04:29:18.067+0000] {logging_mixin.py:137} INFO - [2023-02-28T04:29:18.067+0000] {dag.py:2690} INFO - Sync 1 DAGs
[2023-02-28T04:29:18.105+0000] {logging_mixin.py:137} INFO - [2023-02-28T04:29:18.105+0000] {dag.py:3441} INFO - Setting next_dagrun for tutorial to 2023-02-27T04:29:18.105431+00:00, run_after=2023-02-28T04:29:18.105431+00:00
[2023-02-28T04:29:18.128+0000] {processor.py:175} INFO - Processing /home/airflow/.local/lib/python3.7/site-packages/airflow/example_dags/tutorial.py took 0.134 seconds
[2023-02-28T04:29:48.202+0000] {processor.py:153} INFO - Started process (PID=955) to work on /home/airflow/.local/lib/python3.7/site-packages/airflow/example_dags/tutorial.py
[2023-02-28T04:29:48.204+0000] {processor.py:743} INFO - Processing file /home/airflow/.local/lib/python3.7/site-packages/airflow/example_dags/tutorial.py for tasks to queue
[2023-02-28T04:29:48.204+0000] {logging_mixin.py:137} INFO - [2023-02-28T04:29:48.204+0000] {dagbag.py:538} INFO - Filling up the DagBag from /home/airflow/.local/lib/python3.7/site-packages/airflow/example_dags/tutorial.py
[2023-02-28T04:29:48.221+0000] {processor.py:753} INFO - DAG(s) dict_keys(['tutorial']) retrieved from /home/airflow/.local/lib/python3.7/site-packages/airflow/example_dags/tutorial.py
[2023-02-28T04:29:48.252+0000] {logging_mixin.py:137} INFO - [2023-02-28T04:29:48.252+0000] {dag.py:2690} INFO - Sync 1 DAGs
[2023-02-28T04:29:48.281+0000] {logging_mixin.py:137} INFO - [2023-02-28T04:29:48.281+0000] {dag.py:3441} INFO - Setting next_dagrun for tutorial to 2023-02-27T04:29:48.281100+00:00, run_after=2023-02-28T04:29:48.281100+00:00
[2023-02-28T04:29:48.306+0000] {processor.py:175} INFO - Processing /home/airflow/.local/lib/python3.7/site-packages/airflow/example_dags/tutorial.py took 0.110 seconds
[2023-02-28T04:30:18.600+0000] {processor.py:153} INFO - Started process (PID=1032) to work on /home/airflow/.local/lib/python3.7/site-packages/airflow/example_dags/tutorial.py
[2023-02-28T04:30:18.601+0000] {processor.py:743} INFO - Processing file /home/airflow/.local/lib/python3.7/site-packages/airflow/example_dags/tutorial.py for tasks to queue
[2023-02-28T04:30:18.602+0000] {logging_mixin.py:137} INFO - [2023-02-28T04:30:18.601+0000] {dagbag.py:538} INFO - Filling up the DagBag from /home/airflow/.local/lib/python3.7/site-packages/airflow/example_dags/tutorial.py
[2023-02-28T04:30:18.622+0000] {processor.py:753} INFO - DAG(s) dict_keys(['tutorial']) retrieved from /home/airflow/.local/lib/python3.7/site-packages/airflow/example_dags/tutorial.py
[2023-02-28T04:30:18.660+0000] {logging_mixin.py:137} INFO - [2023-02-28T04:30:18.660+0000] {dag.py:2690} INFO - Sync 1 DAGs
[2023-02-28T04:30:18.696+0000] {logging_mixin.py:137} INFO - [2023-02-28T04:30:18.696+0000] {dag.py:3441} INFO - Setting next_dagrun for tutorial to 2023-02-27T04:30:18.696351+00:00, run_after=2023-02-28T04:30:18.696351+00:00
[2023-02-28T04:30:18.722+0000] {processor.py:175} INFO - Processing /home/airflow/.local/lib/python3.7/site-packages/airflow/example_dags/tutorial.py took 0.128 seconds
[2023-02-28T04:30:48.951+0000] {processor.py:153} INFO - Started process (PID=1097) to work on /home/airflow/.local/lib/python3.7/site-packages/airflow/example_dags/tutorial.py
[2023-02-28T04:30:48.953+0000] {processor.py:743} INFO - Processing file /home/airflow/.local/lib/python3.7/site-packages/airflow/example_dags/tutorial.py for tasks to queue
[2023-02-28T04:30:48.954+0000] {logging_mixin.py:137} INFO - [2023-02-28T04:30:48.953+0000] {dagbag.py:538} INFO - Filling up the DagBag from /home/airflow/.local/lib/python3.7/site-packages/airflow/example_dags/tutorial.py
[2023-02-28T04:30:48.970+0000] {processor.py:753} INFO - DAG(s) dict_keys(['tutorial']) retrieved from /home/airflow/.local/lib/python3.7/site-packages/airflow/example_dags/tutorial.py
[2023-02-28T04:30:48.998+0000] {logging_mixin.py:137} INFO - [2023-02-28T04:30:48.998+0000] {dag.py:2690} INFO - Sync 1 DAGs
[2023-02-28T04:30:49.026+0000] {logging_mixin.py:137} INFO - [2023-02-28T04:30:49.025+0000] {dag.py:3441} INFO - Setting next_dagrun for tutorial to 2023-02-27T04:30:49.025703+00:00, run_after=2023-02-28T04:30:49.025703+00:00
[2023-02-28T04:30:49.046+0000] {processor.py:175} INFO - Processing /home/airflow/.local/lib/python3.7/site-packages/airflow/example_dags/tutorial.py took 0.098 seconds
[2023-02-28T04:31:19.125+0000] {processor.py:153} INFO - Started process (PID=1169) to work on /home/airflow/.local/lib/python3.7/site-packages/airflow/example_dags/tutorial.py
[2023-02-28T04:31:19.126+0000] {processor.py:743} INFO - Processing file /home/airflow/.local/lib/python3.7/site-packages/airflow/example_dags/tutorial.py for tasks to queue
[2023-02-28T04:31:19.127+0000] {logging_mixin.py:137} INFO - [2023-02-28T04:31:19.127+0000] {dagbag.py:538} INFO - Filling up the DagBag from /home/airflow/.local/lib/python3.7/site-packages/airflow/example_dags/tutorial.py
[2023-02-28T04:31:19.148+0000] {processor.py:753} INFO - DAG(s) dict_keys(['tutorial']) retrieved from /home/airflow/.local/lib/python3.7/site-packages/airflow/example_dags/tutorial.py
[2023-02-28T04:31:19.184+0000] {logging_mixin.py:137} INFO - [2023-02-28T04:31:19.184+0000] {dag.py:2690} INFO - Sync 1 DAGs
[2023-02-28T04:31:19.224+0000] {logging_mixin.py:137} INFO - [2023-02-28T04:31:19.224+0000] {dag.py:3441} INFO - Setting next_dagrun for tutorial to 2023-02-27T04:31:19.224293+00:00, run_after=2023-02-28T04:31:19.224293+00:00
[2023-02-28T04:31:19.255+0000] {processor.py:175} INFO - Processing /home/airflow/.local/lib/python3.7/site-packages/airflow/example_dags/tutorial.py took 0.136 seconds
