[2023-02-28T03:50:08.466+0000] {processor.py:153} INFO - Started process (PID=72) to work on /home/airflow/.local/lib/python3.7/site-packages/airflow/example_dags/tutorial_dag.py
[2023-02-28T03:50:08.468+0000] {processor.py:743} INFO - Processing file /home/airflow/.local/lib/python3.7/site-packages/airflow/example_dags/tutorial_dag.py for tasks to queue
[2023-02-28T03:50:08.469+0000] {logging_mixin.py:137} INFO - [2023-02-28T03:50:08.469+0000] {dagbag.py:538} INFO - Filling up the DagBag from /home/airflow/.local/lib/python3.7/site-packages/airflow/example_dags/tutorial_dag.py
[2023-02-28T03:50:08.504+0000] {processor.py:753} INFO - DAG(s) dict_keys(['tutorial_dag']) retrieved from /home/airflow/.local/lib/python3.7/site-packages/airflow/example_dags/tutorial_dag.py
[2023-02-28T03:50:08.563+0000] {logging_mixin.py:137} INFO - [2023-02-28T03:50:08.562+0000] {dag.py:2690} INFO - Sync 1 DAGs
[2023-02-28T03:50:08.609+0000] {logging_mixin.py:137} INFO - [2023-02-28T03:50:08.609+0000] {dag.py:3441} INFO - Setting next_dagrun for tutorial_dag to None, run_after=None
[2023-02-28T03:50:08.636+0000] {processor.py:175} INFO - Processing /home/airflow/.local/lib/python3.7/site-packages/airflow/example_dags/tutorial_dag.py took 0.175 seconds
[2023-02-28T03:50:38.729+0000] {processor.py:153} INFO - Started process (PID=137) to work on /home/airflow/.local/lib/python3.7/site-packages/airflow/example_dags/tutorial_dag.py
[2023-02-28T03:50:38.730+0000] {processor.py:743} INFO - Processing file /home/airflow/.local/lib/python3.7/site-packages/airflow/example_dags/tutorial_dag.py for tasks to queue
[2023-02-28T03:50:38.731+0000] {logging_mixin.py:137} INFO - [2023-02-28T03:50:38.731+0000] {dagbag.py:538} INFO - Filling up the DagBag from /home/airflow/.local/lib/python3.7/site-packages/airflow/example_dags/tutorial_dag.py
[2023-02-28T03:50:38.745+0000] {processor.py:753} INFO - DAG(s) dict_keys(['tutorial_dag']) retrieved from /home/airflow/.local/lib/python3.7/site-packages/airflow/example_dags/tutorial_dag.py
[2023-02-28T03:50:38.775+0000] {logging_mixin.py:137} INFO - [2023-02-28T03:50:38.775+0000] {dag.py:2690} INFO - Sync 1 DAGs
[2023-02-28T03:50:38.803+0000] {logging_mixin.py:137} INFO - [2023-02-28T03:50:38.802+0000] {dag.py:3441} INFO - Setting next_dagrun for tutorial_dag to None, run_after=None
[2023-02-28T03:50:38.824+0000] {processor.py:175} INFO - Processing /home/airflow/.local/lib/python3.7/site-packages/airflow/example_dags/tutorial_dag.py took 0.101 seconds
[2023-02-28T03:51:09.983+0000] {processor.py:153} INFO - Started process (PID=214) to work on /home/airflow/.local/lib/python3.7/site-packages/airflow/example_dags/tutorial_dag.py
[2023-02-28T03:51:09.984+0000] {processor.py:743} INFO - Processing file /home/airflow/.local/lib/python3.7/site-packages/airflow/example_dags/tutorial_dag.py for tasks to queue
[2023-02-28T03:51:09.985+0000] {logging_mixin.py:137} INFO - [2023-02-28T03:51:09.985+0000] {dagbag.py:538} INFO - Filling up the DagBag from /home/airflow/.local/lib/python3.7/site-packages/airflow/example_dags/tutorial_dag.py
[2023-02-28T03:51:10.000+0000] {processor.py:753} INFO - DAG(s) dict_keys(['tutorial_dag']) retrieved from /home/airflow/.local/lib/python3.7/site-packages/airflow/example_dags/tutorial_dag.py
[2023-02-28T03:51:10.033+0000] {logging_mixin.py:137} INFO - [2023-02-28T03:51:10.033+0000] {dag.py:2690} INFO - Sync 1 DAGs
[2023-02-28T03:51:10.062+0000] {logging_mixin.py:137} INFO - [2023-02-28T03:51:10.062+0000] {dag.py:3441} INFO - Setting next_dagrun for tutorial_dag to None, run_after=None
[2023-02-28T03:51:10.085+0000] {processor.py:175} INFO - Processing /home/airflow/.local/lib/python3.7/site-packages/airflow/example_dags/tutorial_dag.py took 0.107 seconds
[2023-02-28T03:51:41.069+0000] {processor.py:153} INFO - Started process (PID=278) to work on /home/airflow/.local/lib/python3.7/site-packages/airflow/example_dags/tutorial_dag.py
[2023-02-28T03:51:41.070+0000] {processor.py:743} INFO - Processing file /home/airflow/.local/lib/python3.7/site-packages/airflow/example_dags/tutorial_dag.py for tasks to queue
[2023-02-28T03:51:41.071+0000] {logging_mixin.py:137} INFO - [2023-02-28T03:51:41.070+0000] {dagbag.py:538} INFO - Filling up the DagBag from /home/airflow/.local/lib/python3.7/site-packages/airflow/example_dags/tutorial_dag.py
[2023-02-28T03:51:41.086+0000] {processor.py:753} INFO - DAG(s) dict_keys(['tutorial_dag']) retrieved from /home/airflow/.local/lib/python3.7/site-packages/airflow/example_dags/tutorial_dag.py
[2023-02-28T03:51:41.115+0000] {logging_mixin.py:137} INFO - [2023-02-28T03:51:41.115+0000] {dag.py:2690} INFO - Sync 1 DAGs
[2023-02-28T03:51:41.143+0000] {logging_mixin.py:137} INFO - [2023-02-28T03:51:41.143+0000] {dag.py:3441} INFO - Setting next_dagrun for tutorial_dag to None, run_after=None
[2023-02-28T03:51:41.163+0000] {processor.py:175} INFO - Processing /home/airflow/.local/lib/python3.7/site-packages/airflow/example_dags/tutorial_dag.py took 0.100 seconds
[2023-02-28T03:52:12.255+0000] {processor.py:153} INFO - Started process (PID=354) to work on /home/airflow/.local/lib/python3.7/site-packages/airflow/example_dags/tutorial_dag.py
[2023-02-28T03:52:12.257+0000] {processor.py:743} INFO - Processing file /home/airflow/.local/lib/python3.7/site-packages/airflow/example_dags/tutorial_dag.py for tasks to queue
[2023-02-28T03:52:12.258+0000] {logging_mixin.py:137} INFO - [2023-02-28T03:52:12.258+0000] {dagbag.py:538} INFO - Filling up the DagBag from /home/airflow/.local/lib/python3.7/site-packages/airflow/example_dags/tutorial_dag.py
[2023-02-28T03:52:12.278+0000] {processor.py:753} INFO - DAG(s) dict_keys(['tutorial_dag']) retrieved from /home/airflow/.local/lib/python3.7/site-packages/airflow/example_dags/tutorial_dag.py
[2023-02-28T03:52:12.314+0000] {logging_mixin.py:137} INFO - [2023-02-28T03:52:12.314+0000] {dag.py:2690} INFO - Sync 1 DAGs
[2023-02-28T03:52:12.353+0000] {logging_mixin.py:137} INFO - [2023-02-28T03:52:12.353+0000] {dag.py:3441} INFO - Setting next_dagrun for tutorial_dag to None, run_after=None
[2023-02-28T03:52:12.386+0000] {processor.py:175} INFO - Processing /home/airflow/.local/lib/python3.7/site-packages/airflow/example_dags/tutorial_dag.py took 0.139 seconds
[2023-02-28T03:52:43.274+0000] {processor.py:153} INFO - Started process (PID=420) to work on /home/airflow/.local/lib/python3.7/site-packages/airflow/example_dags/tutorial_dag.py
[2023-02-28T03:52:43.275+0000] {processor.py:743} INFO - Processing file /home/airflow/.local/lib/python3.7/site-packages/airflow/example_dags/tutorial_dag.py for tasks to queue
[2023-02-28T03:52:43.276+0000] {logging_mixin.py:137} INFO - [2023-02-28T03:52:43.276+0000] {dagbag.py:538} INFO - Filling up the DagBag from /home/airflow/.local/lib/python3.7/site-packages/airflow/example_dags/tutorial_dag.py
[2023-02-28T03:52:43.294+0000] {processor.py:753} INFO - DAG(s) dict_keys(['tutorial_dag']) retrieved from /home/airflow/.local/lib/python3.7/site-packages/airflow/example_dags/tutorial_dag.py
[2023-02-28T03:52:43.323+0000] {logging_mixin.py:137} INFO - [2023-02-28T03:52:43.323+0000] {dag.py:2690} INFO - Sync 1 DAGs
[2023-02-28T03:52:43.353+0000] {logging_mixin.py:137} INFO - [2023-02-28T03:52:43.353+0000] {dag.py:3441} INFO - Setting next_dagrun for tutorial_dag to None, run_after=None
[2023-02-28T03:52:43.375+0000] {processor.py:175} INFO - Processing /home/airflow/.local/lib/python3.7/site-packages/airflow/example_dags/tutorial_dag.py took 0.105 seconds
[2023-02-28T03:53:14.453+0000] {processor.py:153} INFO - Started process (PID=495) to work on /home/airflow/.local/lib/python3.7/site-packages/airflow/example_dags/tutorial_dag.py
[2023-02-28T03:53:14.455+0000] {processor.py:743} INFO - Processing file /home/airflow/.local/lib/python3.7/site-packages/airflow/example_dags/tutorial_dag.py for tasks to queue
[2023-02-28T03:53:14.456+0000] {logging_mixin.py:137} INFO - [2023-02-28T03:53:14.456+0000] {dagbag.py:538} INFO - Filling up the DagBag from /home/airflow/.local/lib/python3.7/site-packages/airflow/example_dags/tutorial_dag.py
[2023-02-28T03:53:14.480+0000] {processor.py:753} INFO - DAG(s) dict_keys(['tutorial_dag']) retrieved from /home/airflow/.local/lib/python3.7/site-packages/airflow/example_dags/tutorial_dag.py
[2023-02-28T03:53:14.517+0000] {logging_mixin.py:137} INFO - [2023-02-28T03:53:14.517+0000] {dag.py:2690} INFO - Sync 1 DAGs
[2023-02-28T03:53:14.558+0000] {logging_mixin.py:137} INFO - [2023-02-28T03:53:14.558+0000] {dag.py:3441} INFO - Setting next_dagrun for tutorial_dag to None, run_after=None
[2023-02-28T03:53:14.584+0000] {processor.py:175} INFO - Processing /home/airflow/.local/lib/python3.7/site-packages/airflow/example_dags/tutorial_dag.py took 0.136 seconds
[2023-02-28T03:53:44.914+0000] {processor.py:153} INFO - Started process (PID=563) to work on /home/airflow/.local/lib/python3.7/site-packages/airflow/example_dags/tutorial_dag.py
[2023-02-28T03:53:44.916+0000] {processor.py:743} INFO - Processing file /home/airflow/.local/lib/python3.7/site-packages/airflow/example_dags/tutorial_dag.py for tasks to queue
[2023-02-28T03:53:44.916+0000] {logging_mixin.py:137} INFO - [2023-02-28T03:53:44.916+0000] {dagbag.py:538} INFO - Filling up the DagBag from /home/airflow/.local/lib/python3.7/site-packages/airflow/example_dags/tutorial_dag.py
[2023-02-28T03:53:44.935+0000] {processor.py:753} INFO - DAG(s) dict_keys(['tutorial_dag']) retrieved from /home/airflow/.local/lib/python3.7/site-packages/airflow/example_dags/tutorial_dag.py
[2023-02-28T03:53:44.975+0000] {logging_mixin.py:137} INFO - [2023-02-28T03:53:44.975+0000] {dag.py:2690} INFO - Sync 1 DAGs
[2023-02-28T03:53:45.016+0000] {logging_mixin.py:137} INFO - [2023-02-28T03:53:45.016+0000] {dag.py:3441} INFO - Setting next_dagrun for tutorial_dag to None, run_after=None
[2023-02-28T03:53:45.039+0000] {processor.py:175} INFO - Processing /home/airflow/.local/lib/python3.7/site-packages/airflow/example_dags/tutorial_dag.py took 0.130 seconds
[2023-02-28T03:54:15.151+0000] {processor.py:153} INFO - Started process (PID=629) to work on /home/airflow/.local/lib/python3.7/site-packages/airflow/example_dags/tutorial_dag.py
[2023-02-28T03:54:15.152+0000] {processor.py:743} INFO - Processing file /home/airflow/.local/lib/python3.7/site-packages/airflow/example_dags/tutorial_dag.py for tasks to queue
[2023-02-28T03:54:15.153+0000] {logging_mixin.py:137} INFO - [2023-02-28T03:54:15.152+0000] {dagbag.py:538} INFO - Filling up the DagBag from /home/airflow/.local/lib/python3.7/site-packages/airflow/example_dags/tutorial_dag.py
[2023-02-28T03:54:15.169+0000] {processor.py:753} INFO - DAG(s) dict_keys(['tutorial_dag']) retrieved from /home/airflow/.local/lib/python3.7/site-packages/airflow/example_dags/tutorial_dag.py
[2023-02-28T03:54:15.198+0000] {logging_mixin.py:137} INFO - [2023-02-28T03:54:15.198+0000] {dag.py:2690} INFO - Sync 1 DAGs
[2023-02-28T03:54:15.229+0000] {logging_mixin.py:137} INFO - [2023-02-28T03:54:15.228+0000] {dag.py:3441} INFO - Setting next_dagrun for tutorial_dag to None, run_after=None
[2023-02-28T03:54:15.249+0000] {processor.py:175} INFO - Processing /home/airflow/.local/lib/python3.7/site-packages/airflow/example_dags/tutorial_dag.py took 0.102 seconds
[2023-02-28T03:54:45.632+0000] {processor.py:153} INFO - Started process (PID=704) to work on /home/airflow/.local/lib/python3.7/site-packages/airflow/example_dags/tutorial_dag.py
[2023-02-28T03:54:45.634+0000] {processor.py:743} INFO - Processing file /home/airflow/.local/lib/python3.7/site-packages/airflow/example_dags/tutorial_dag.py for tasks to queue
[2023-02-28T03:54:45.635+0000] {logging_mixin.py:137} INFO - [2023-02-28T03:54:45.635+0000] {dagbag.py:538} INFO - Filling up the DagBag from /home/airflow/.local/lib/python3.7/site-packages/airflow/example_dags/tutorial_dag.py
[2023-02-28T03:54:45.655+0000] {processor.py:753} INFO - DAG(s) dict_keys(['tutorial_dag']) retrieved from /home/airflow/.local/lib/python3.7/site-packages/airflow/example_dags/tutorial_dag.py
[2023-02-28T03:54:45.690+0000] {logging_mixin.py:137} INFO - [2023-02-28T03:54:45.689+0000] {dag.py:2690} INFO - Sync 1 DAGs
[2023-02-28T03:54:45.719+0000] {logging_mixin.py:137} INFO - [2023-02-28T03:54:45.719+0000] {dag.py:3441} INFO - Setting next_dagrun for tutorial_dag to None, run_after=None
[2023-02-28T03:54:45.738+0000] {processor.py:175} INFO - Processing /home/airflow/.local/lib/python3.7/site-packages/airflow/example_dags/tutorial_dag.py took 0.111 seconds
[2023-02-28T03:55:15.779+0000] {processor.py:153} INFO - Started process (PID=768) to work on /home/airflow/.local/lib/python3.7/site-packages/airflow/example_dags/tutorial_dag.py
[2023-02-28T03:55:15.780+0000] {processor.py:743} INFO - Processing file /home/airflow/.local/lib/python3.7/site-packages/airflow/example_dags/tutorial_dag.py for tasks to queue
[2023-02-28T03:55:15.781+0000] {logging_mixin.py:137} INFO - [2023-02-28T03:55:15.781+0000] {dagbag.py:538} INFO - Filling up the DagBag from /home/airflow/.local/lib/python3.7/site-packages/airflow/example_dags/tutorial_dag.py
[2023-02-28T03:55:15.801+0000] {processor.py:753} INFO - DAG(s) dict_keys(['tutorial_dag']) retrieved from /home/airflow/.local/lib/python3.7/site-packages/airflow/example_dags/tutorial_dag.py
[2023-02-28T03:55:15.834+0000] {logging_mixin.py:137} INFO - [2023-02-28T03:55:15.834+0000] {dag.py:2690} INFO - Sync 1 DAGs
[2023-02-28T03:55:15.862+0000] {logging_mixin.py:137} INFO - [2023-02-28T03:55:15.862+0000] {dag.py:3441} INFO - Setting next_dagrun for tutorial_dag to None, run_after=None
[2023-02-28T03:55:15.881+0000] {processor.py:175} INFO - Processing /home/airflow/.local/lib/python3.7/site-packages/airflow/example_dags/tutorial_dag.py took 0.107 seconds
[2023-02-28T03:55:46.248+0000] {processor.py:153} INFO - Started process (PID=839) to work on /home/airflow/.local/lib/python3.7/site-packages/airflow/example_dags/tutorial_dag.py
[2023-02-28T03:55:46.250+0000] {processor.py:743} INFO - Processing file /home/airflow/.local/lib/python3.7/site-packages/airflow/example_dags/tutorial_dag.py for tasks to queue
[2023-02-28T03:55:46.252+0000] {logging_mixin.py:137} INFO - [2023-02-28T03:55:46.251+0000] {dagbag.py:538} INFO - Filling up the DagBag from /home/airflow/.local/lib/python3.7/site-packages/airflow/example_dags/tutorial_dag.py
[2023-02-28T03:55:46.308+0000] {processor.py:753} INFO - DAG(s) dict_keys(['tutorial_dag']) retrieved from /home/airflow/.local/lib/python3.7/site-packages/airflow/example_dags/tutorial_dag.py
[2023-02-28T03:55:46.347+0000] {logging_mixin.py:137} INFO - [2023-02-28T03:55:46.346+0000] {dag.py:2690} INFO - Sync 1 DAGs
[2023-02-28T03:55:46.388+0000] {logging_mixin.py:137} INFO - [2023-02-28T03:55:46.387+0000] {dag.py:3441} INFO - Setting next_dagrun for tutorial_dag to None, run_after=None
[2023-02-28T03:55:46.414+0000] {processor.py:175} INFO - Processing /home/airflow/.local/lib/python3.7/site-packages/airflow/example_dags/tutorial_dag.py took 0.185 seconds
[2023-02-28T03:56:16.521+0000] {processor.py:153} INFO - Started process (PID=908) to work on /home/airflow/.local/lib/python3.7/site-packages/airflow/example_dags/tutorial_dag.py
[2023-02-28T03:56:16.522+0000] {processor.py:743} INFO - Processing file /home/airflow/.local/lib/python3.7/site-packages/airflow/example_dags/tutorial_dag.py for tasks to queue
[2023-02-28T03:56:16.523+0000] {logging_mixin.py:137} INFO - [2023-02-28T03:56:16.522+0000] {dagbag.py:538} INFO - Filling up the DagBag from /home/airflow/.local/lib/python3.7/site-packages/airflow/example_dags/tutorial_dag.py
[2023-02-28T03:56:16.542+0000] {processor.py:753} INFO - DAG(s) dict_keys(['tutorial_dag']) retrieved from /home/airflow/.local/lib/python3.7/site-packages/airflow/example_dags/tutorial_dag.py
[2023-02-28T03:56:16.572+0000] {logging_mixin.py:137} INFO - [2023-02-28T03:56:16.572+0000] {dag.py:2690} INFO - Sync 1 DAGs
[2023-02-28T03:56:16.605+0000] {logging_mixin.py:137} INFO - [2023-02-28T03:56:16.604+0000] {dag.py:3441} INFO - Setting next_dagrun for tutorial_dag to None, run_after=None
[2023-02-28T03:56:16.630+0000] {processor.py:175} INFO - Processing /home/airflow/.local/lib/python3.7/site-packages/airflow/example_dags/tutorial_dag.py took 0.114 seconds
[2023-02-28T03:56:47.436+0000] {processor.py:153} INFO - Started process (PID=973) to work on /home/airflow/.local/lib/python3.7/site-packages/airflow/example_dags/tutorial_dag.py
[2023-02-28T03:56:47.438+0000] {processor.py:743} INFO - Processing file /home/airflow/.local/lib/python3.7/site-packages/airflow/example_dags/tutorial_dag.py for tasks to queue
[2023-02-28T03:56:47.439+0000] {logging_mixin.py:137} INFO - [2023-02-28T03:56:47.439+0000] {dagbag.py:538} INFO - Filling up the DagBag from /home/airflow/.local/lib/python3.7/site-packages/airflow/example_dags/tutorial_dag.py
[2023-02-28T03:56:47.454+0000] {processor.py:753} INFO - DAG(s) dict_keys(['tutorial_dag']) retrieved from /home/airflow/.local/lib/python3.7/site-packages/airflow/example_dags/tutorial_dag.py
[2023-02-28T03:56:47.483+0000] {logging_mixin.py:137} INFO - [2023-02-28T03:56:47.482+0000] {dag.py:2690} INFO - Sync 1 DAGs
[2023-02-28T03:56:47.513+0000] {logging_mixin.py:137} INFO - [2023-02-28T03:56:47.513+0000] {dag.py:3441} INFO - Setting next_dagrun for tutorial_dag to None, run_after=None
[2023-02-28T03:56:47.535+0000] {processor.py:175} INFO - Processing /home/airflow/.local/lib/python3.7/site-packages/airflow/example_dags/tutorial_dag.py took 0.103 seconds
[2023-02-28T03:57:18.011+0000] {processor.py:153} INFO - Started process (PID=1045) to work on /home/airflow/.local/lib/python3.7/site-packages/airflow/example_dags/tutorial_dag.py
[2023-02-28T03:57:18.012+0000] {processor.py:743} INFO - Processing file /home/airflow/.local/lib/python3.7/site-packages/airflow/example_dags/tutorial_dag.py for tasks to queue
[2023-02-28T03:57:18.013+0000] {logging_mixin.py:137} INFO - [2023-02-28T03:57:18.012+0000] {dagbag.py:538} INFO - Filling up the DagBag from /home/airflow/.local/lib/python3.7/site-packages/airflow/example_dags/tutorial_dag.py
[2023-02-28T03:57:18.032+0000] {processor.py:753} INFO - DAG(s) dict_keys(['tutorial_dag']) retrieved from /home/airflow/.local/lib/python3.7/site-packages/airflow/example_dags/tutorial_dag.py
[2023-02-28T03:57:18.073+0000] {logging_mixin.py:137} INFO - [2023-02-28T03:57:18.072+0000] {dag.py:2690} INFO - Sync 1 DAGs
[2023-02-28T03:57:18.112+0000] {logging_mixin.py:137} INFO - [2023-02-28T03:57:18.111+0000] {dag.py:3441} INFO - Setting next_dagrun for tutorial_dag to None, run_after=None
[2023-02-28T03:57:18.138+0000] {processor.py:175} INFO - Processing /home/airflow/.local/lib/python3.7/site-packages/airflow/example_dags/tutorial_dag.py took 0.132 seconds
[2023-02-28T03:57:49.009+0000] {processor.py:153} INFO - Started process (PID=1113) to work on /home/airflow/.local/lib/python3.7/site-packages/airflow/example_dags/tutorial_dag.py
[2023-02-28T03:57:49.011+0000] {processor.py:743} INFO - Processing file /home/airflow/.local/lib/python3.7/site-packages/airflow/example_dags/tutorial_dag.py for tasks to queue
[2023-02-28T03:57:49.012+0000] {logging_mixin.py:137} INFO - [2023-02-28T03:57:49.011+0000] {dagbag.py:538} INFO - Filling up the DagBag from /home/airflow/.local/lib/python3.7/site-packages/airflow/example_dags/tutorial_dag.py
[2023-02-28T03:57:49.027+0000] {processor.py:753} INFO - DAG(s) dict_keys(['tutorial_dag']) retrieved from /home/airflow/.local/lib/python3.7/site-packages/airflow/example_dags/tutorial_dag.py
[2023-02-28T03:57:49.064+0000] {logging_mixin.py:137} INFO - [2023-02-28T03:57:49.064+0000] {dag.py:2690} INFO - Sync 1 DAGs
[2023-02-28T03:57:49.096+0000] {logging_mixin.py:137} INFO - [2023-02-28T03:57:49.096+0000] {dag.py:3441} INFO - Setting next_dagrun for tutorial_dag to None, run_after=None
[2023-02-28T03:57:49.119+0000] {processor.py:175} INFO - Processing /home/airflow/.local/lib/python3.7/site-packages/airflow/example_dags/tutorial_dag.py took 0.115 seconds
[2023-02-28T03:58:20.161+0000] {processor.py:153} INFO - Started process (PID=1185) to work on /home/airflow/.local/lib/python3.7/site-packages/airflow/example_dags/tutorial_dag.py
[2023-02-28T03:58:20.162+0000] {processor.py:743} INFO - Processing file /home/airflow/.local/lib/python3.7/site-packages/airflow/example_dags/tutorial_dag.py for tasks to queue
[2023-02-28T03:58:20.163+0000] {logging_mixin.py:137} INFO - [2023-02-28T03:58:20.163+0000] {dagbag.py:538} INFO - Filling up the DagBag from /home/airflow/.local/lib/python3.7/site-packages/airflow/example_dags/tutorial_dag.py
[2023-02-28T03:58:20.188+0000] {processor.py:753} INFO - DAG(s) dict_keys(['tutorial_dag']) retrieved from /home/airflow/.local/lib/python3.7/site-packages/airflow/example_dags/tutorial_dag.py
[2023-02-28T03:58:20.228+0000] {logging_mixin.py:137} INFO - [2023-02-28T03:58:20.228+0000] {dag.py:2690} INFO - Sync 1 DAGs
[2023-02-28T03:58:20.285+0000] {logging_mixin.py:137} INFO - [2023-02-28T03:58:20.285+0000] {dag.py:3441} INFO - Setting next_dagrun for tutorial_dag to None, run_after=None
[2023-02-28T03:58:20.312+0000] {processor.py:175} INFO - Processing /home/airflow/.local/lib/python3.7/site-packages/airflow/example_dags/tutorial_dag.py took 0.157 seconds
[2023-02-28T03:58:50.462+0000] {processor.py:153} INFO - Started process (PID=1255) to work on /home/airflow/.local/lib/python3.7/site-packages/airflow/example_dags/tutorial_dag.py
[2023-02-28T03:58:50.464+0000] {processor.py:743} INFO - Processing file /home/airflow/.local/lib/python3.7/site-packages/airflow/example_dags/tutorial_dag.py for tasks to queue
[2023-02-28T03:58:50.464+0000] {logging_mixin.py:137} INFO - [2023-02-28T03:58:50.464+0000] {dagbag.py:538} INFO - Filling up the DagBag from /home/airflow/.local/lib/python3.7/site-packages/airflow/example_dags/tutorial_dag.py
[2023-02-28T03:58:50.479+0000] {processor.py:753} INFO - DAG(s) dict_keys(['tutorial_dag']) retrieved from /home/airflow/.local/lib/python3.7/site-packages/airflow/example_dags/tutorial_dag.py
[2023-02-28T03:58:50.515+0000] {logging_mixin.py:137} INFO - [2023-02-28T03:58:50.515+0000] {dag.py:2690} INFO - Sync 1 DAGs
[2023-02-28T03:58:50.554+0000] {logging_mixin.py:137} INFO - [2023-02-28T03:58:50.553+0000] {dag.py:3441} INFO - Setting next_dagrun for tutorial_dag to None, run_after=None
[2023-02-28T03:58:50.574+0000] {processor.py:175} INFO - Processing /home/airflow/.local/lib/python3.7/site-packages/airflow/example_dags/tutorial_dag.py took 0.117 seconds
[2023-02-28T03:59:21.457+0000] {processor.py:153} INFO - Started process (PID=1319) to work on /home/airflow/.local/lib/python3.7/site-packages/airflow/example_dags/tutorial_dag.py
[2023-02-28T03:59:21.458+0000] {processor.py:743} INFO - Processing file /home/airflow/.local/lib/python3.7/site-packages/airflow/example_dags/tutorial_dag.py for tasks to queue
[2023-02-28T03:59:21.459+0000] {logging_mixin.py:137} INFO - [2023-02-28T03:59:21.459+0000] {dagbag.py:538} INFO - Filling up the DagBag from /home/airflow/.local/lib/python3.7/site-packages/airflow/example_dags/tutorial_dag.py
[2023-02-28T03:59:21.474+0000] {processor.py:753} INFO - DAG(s) dict_keys(['tutorial_dag']) retrieved from /home/airflow/.local/lib/python3.7/site-packages/airflow/example_dags/tutorial_dag.py
[2023-02-28T03:59:21.513+0000] {logging_mixin.py:137} INFO - [2023-02-28T03:59:21.513+0000] {dag.py:2690} INFO - Sync 1 DAGs
[2023-02-28T03:59:21.551+0000] {logging_mixin.py:137} INFO - [2023-02-28T03:59:21.551+0000] {dag.py:3441} INFO - Setting next_dagrun for tutorial_dag to None, run_after=None
[2023-02-28T03:59:21.575+0000] {processor.py:175} INFO - Processing /home/airflow/.local/lib/python3.7/site-packages/airflow/example_dags/tutorial_dag.py took 0.122 seconds
[2023-02-28T03:59:51.875+0000] {processor.py:153} INFO - Started process (PID=1397) to work on /home/airflow/.local/lib/python3.7/site-packages/airflow/example_dags/tutorial_dag.py
[2023-02-28T03:59:51.876+0000] {processor.py:743} INFO - Processing file /home/airflow/.local/lib/python3.7/site-packages/airflow/example_dags/tutorial_dag.py for tasks to queue
[2023-02-28T03:59:51.877+0000] {logging_mixin.py:137} INFO - [2023-02-28T03:59:51.877+0000] {dagbag.py:538} INFO - Filling up the DagBag from /home/airflow/.local/lib/python3.7/site-packages/airflow/example_dags/tutorial_dag.py
[2023-02-28T03:59:51.892+0000] {processor.py:753} INFO - DAG(s) dict_keys(['tutorial_dag']) retrieved from /home/airflow/.local/lib/python3.7/site-packages/airflow/example_dags/tutorial_dag.py
[2023-02-28T03:59:51.923+0000] {logging_mixin.py:137} INFO - [2023-02-28T03:59:51.923+0000] {dag.py:2690} INFO - Sync 1 DAGs
[2023-02-28T03:59:51.951+0000] {logging_mixin.py:137} INFO - [2023-02-28T03:59:51.950+0000] {dag.py:3441} INFO - Setting next_dagrun for tutorial_dag to None, run_after=None
[2023-02-28T03:59:51.972+0000] {processor.py:175} INFO - Processing /home/airflow/.local/lib/python3.7/site-packages/airflow/example_dags/tutorial_dag.py took 0.102 seconds
[2023-02-28T04:00:22.110+0000] {processor.py:153} INFO - Started process (PID=1461) to work on /home/airflow/.local/lib/python3.7/site-packages/airflow/example_dags/tutorial_dag.py
[2023-02-28T04:00:22.111+0000] {processor.py:743} INFO - Processing file /home/airflow/.local/lib/python3.7/site-packages/airflow/example_dags/tutorial_dag.py for tasks to queue
[2023-02-28T04:00:22.111+0000] {logging_mixin.py:137} INFO - [2023-02-28T04:00:22.111+0000] {dagbag.py:538} INFO - Filling up the DagBag from /home/airflow/.local/lib/python3.7/site-packages/airflow/example_dags/tutorial_dag.py
[2023-02-28T04:00:22.126+0000] {processor.py:753} INFO - DAG(s) dict_keys(['tutorial_dag']) retrieved from /home/airflow/.local/lib/python3.7/site-packages/airflow/example_dags/tutorial_dag.py
[2023-02-28T04:00:22.157+0000] {logging_mixin.py:137} INFO - [2023-02-28T04:00:22.157+0000] {dag.py:2690} INFO - Sync 1 DAGs
[2023-02-28T04:00:22.187+0000] {logging_mixin.py:137} INFO - [2023-02-28T04:00:22.187+0000] {dag.py:3441} INFO - Setting next_dagrun for tutorial_dag to None, run_after=None
[2023-02-28T04:00:22.207+0000] {processor.py:175} INFO - Processing /home/airflow/.local/lib/python3.7/site-packages/airflow/example_dags/tutorial_dag.py took 0.103 seconds
[2023-02-28T04:00:52.746+0000] {processor.py:153} INFO - Started process (PID=1537) to work on /home/airflow/.local/lib/python3.7/site-packages/airflow/example_dags/tutorial_dag.py
[2023-02-28T04:00:52.748+0000] {processor.py:743} INFO - Processing file /home/airflow/.local/lib/python3.7/site-packages/airflow/example_dags/tutorial_dag.py for tasks to queue
[2023-02-28T04:00:52.748+0000] {logging_mixin.py:137} INFO - [2023-02-28T04:00:52.748+0000] {dagbag.py:538} INFO - Filling up the DagBag from /home/airflow/.local/lib/python3.7/site-packages/airflow/example_dags/tutorial_dag.py
[2023-02-28T04:00:52.769+0000] {processor.py:753} INFO - DAG(s) dict_keys(['tutorial_dag']) retrieved from /home/airflow/.local/lib/python3.7/site-packages/airflow/example_dags/tutorial_dag.py
[2023-02-28T04:00:52.810+0000] {logging_mixin.py:137} INFO - [2023-02-28T04:00:52.810+0000] {dag.py:2690} INFO - Sync 1 DAGs
[2023-02-28T04:00:52.851+0000] {logging_mixin.py:137} INFO - [2023-02-28T04:00:52.850+0000] {dag.py:3441} INFO - Setting next_dagrun for tutorial_dag to None, run_after=None
[2023-02-28T04:00:52.875+0000] {processor.py:175} INFO - Processing /home/airflow/.local/lib/python3.7/site-packages/airflow/example_dags/tutorial_dag.py took 0.133 seconds
[2023-02-28T04:01:23.744+0000] {processor.py:153} INFO - Started process (PID=1601) to work on /home/airflow/.local/lib/python3.7/site-packages/airflow/example_dags/tutorial_dag.py
[2023-02-28T04:01:23.746+0000] {processor.py:743} INFO - Processing file /home/airflow/.local/lib/python3.7/site-packages/airflow/example_dags/tutorial_dag.py for tasks to queue
[2023-02-28T04:01:23.747+0000] {logging_mixin.py:137} INFO - [2023-02-28T04:01:23.747+0000] {dagbag.py:538} INFO - Filling up the DagBag from /home/airflow/.local/lib/python3.7/site-packages/airflow/example_dags/tutorial_dag.py
[2023-02-28T04:01:23.764+0000] {processor.py:753} INFO - DAG(s) dict_keys(['tutorial_dag']) retrieved from /home/airflow/.local/lib/python3.7/site-packages/airflow/example_dags/tutorial_dag.py
[2023-02-28T04:01:23.799+0000] {logging_mixin.py:137} INFO - [2023-02-28T04:01:23.798+0000] {dag.py:2690} INFO - Sync 1 DAGs
[2023-02-28T04:01:23.837+0000] {logging_mixin.py:137} INFO - [2023-02-28T04:01:23.837+0000] {dag.py:3441} INFO - Setting next_dagrun for tutorial_dag to None, run_after=None
[2023-02-28T04:01:23.860+0000] {processor.py:175} INFO - Processing /home/airflow/.local/lib/python3.7/site-packages/airflow/example_dags/tutorial_dag.py took 0.121 seconds
[2023-02-28T04:01:54.103+0000] {processor.py:153} INFO - Started process (PID=1665) to work on /home/airflow/.local/lib/python3.7/site-packages/airflow/example_dags/tutorial_dag.py
[2023-02-28T04:01:54.104+0000] {processor.py:743} INFO - Processing file /home/airflow/.local/lib/python3.7/site-packages/airflow/example_dags/tutorial_dag.py for tasks to queue
[2023-02-28T04:01:54.105+0000] {logging_mixin.py:137} INFO - [2023-02-28T04:01:54.104+0000] {dagbag.py:538} INFO - Filling up the DagBag from /home/airflow/.local/lib/python3.7/site-packages/airflow/example_dags/tutorial_dag.py
[2023-02-28T04:01:54.119+0000] {processor.py:753} INFO - DAG(s) dict_keys(['tutorial_dag']) retrieved from /home/airflow/.local/lib/python3.7/site-packages/airflow/example_dags/tutorial_dag.py
[2023-02-28T04:01:54.156+0000] {logging_mixin.py:137} INFO - [2023-02-28T04:01:54.156+0000] {dag.py:2690} INFO - Sync 1 DAGs
[2023-02-28T04:01:54.188+0000] {logging_mixin.py:137} INFO - [2023-02-28T04:01:54.188+0000] {dag.py:3441} INFO - Setting next_dagrun for tutorial_dag to None, run_after=None
[2023-02-28T04:01:54.209+0000] {processor.py:175} INFO - Processing /home/airflow/.local/lib/python3.7/site-packages/airflow/example_dags/tutorial_dag.py took 0.110 seconds
[2023-02-28T04:02:24.892+0000] {processor.py:153} INFO - Started process (PID=1742) to work on /home/airflow/.local/lib/python3.7/site-packages/airflow/example_dags/tutorial_dag.py
[2023-02-28T04:02:24.893+0000] {processor.py:743} INFO - Processing file /home/airflow/.local/lib/python3.7/site-packages/airflow/example_dags/tutorial_dag.py for tasks to queue
[2023-02-28T04:02:24.894+0000] {logging_mixin.py:137} INFO - [2023-02-28T04:02:24.894+0000] {dagbag.py:538} INFO - Filling up the DagBag from /home/airflow/.local/lib/python3.7/site-packages/airflow/example_dags/tutorial_dag.py
[2023-02-28T04:02:24.909+0000] {processor.py:753} INFO - DAG(s) dict_keys(['tutorial_dag']) retrieved from /home/airflow/.local/lib/python3.7/site-packages/airflow/example_dags/tutorial_dag.py
[2023-02-28T04:02:24.941+0000] {logging_mixin.py:137} INFO - [2023-02-28T04:02:24.940+0000] {dag.py:2690} INFO - Sync 1 DAGs
[2023-02-28T04:02:24.980+0000] {logging_mixin.py:137} INFO - [2023-02-28T04:02:24.979+0000] {dag.py:3441} INFO - Setting next_dagrun for tutorial_dag to None, run_after=None
[2023-02-28T04:02:25.002+0000] {processor.py:175} INFO - Processing /home/airflow/.local/lib/python3.7/site-packages/airflow/example_dags/tutorial_dag.py took 0.114 seconds
[2023-02-28T04:02:55.104+0000] {processor.py:153} INFO - Started process (PID=1807) to work on /home/airflow/.local/lib/python3.7/site-packages/airflow/example_dags/tutorial_dag.py
[2023-02-28T04:02:55.105+0000] {processor.py:743} INFO - Processing file /home/airflow/.local/lib/python3.7/site-packages/airflow/example_dags/tutorial_dag.py for tasks to queue
[2023-02-28T04:02:55.106+0000] {logging_mixin.py:137} INFO - [2023-02-28T04:02:55.106+0000] {dagbag.py:538} INFO - Filling up the DagBag from /home/airflow/.local/lib/python3.7/site-packages/airflow/example_dags/tutorial_dag.py
[2023-02-28T04:02:55.122+0000] {processor.py:753} INFO - DAG(s) dict_keys(['tutorial_dag']) retrieved from /home/airflow/.local/lib/python3.7/site-packages/airflow/example_dags/tutorial_dag.py
[2023-02-28T04:02:55.152+0000] {logging_mixin.py:137} INFO - [2023-02-28T04:02:55.152+0000] {dag.py:2690} INFO - Sync 1 DAGs
[2023-02-28T04:02:55.178+0000] {logging_mixin.py:137} INFO - [2023-02-28T04:02:55.178+0000] {dag.py:3441} INFO - Setting next_dagrun for tutorial_dag to None, run_after=None
[2023-02-28T04:02:55.197+0000] {processor.py:175} INFO - Processing /home/airflow/.local/lib/python3.7/site-packages/airflow/example_dags/tutorial_dag.py took 0.099 seconds
[2023-02-28T04:03:25.408+0000] {processor.py:153} INFO - Started process (PID=1882) to work on /home/airflow/.local/lib/python3.7/site-packages/airflow/example_dags/tutorial_dag.py
[2023-02-28T04:03:25.409+0000] {processor.py:743} INFO - Processing file /home/airflow/.local/lib/python3.7/site-packages/airflow/example_dags/tutorial_dag.py for tasks to queue
[2023-02-28T04:03:25.410+0000] {logging_mixin.py:137} INFO - [2023-02-28T04:03:25.409+0000] {dagbag.py:538} INFO - Filling up the DagBag from /home/airflow/.local/lib/python3.7/site-packages/airflow/example_dags/tutorial_dag.py
[2023-02-28T04:03:25.426+0000] {processor.py:753} INFO - DAG(s) dict_keys(['tutorial_dag']) retrieved from /home/airflow/.local/lib/python3.7/site-packages/airflow/example_dags/tutorial_dag.py
[2023-02-28T04:03:25.463+0000] {logging_mixin.py:137} INFO - [2023-02-28T04:03:25.463+0000] {dag.py:2690} INFO - Sync 1 DAGs
[2023-02-28T04:03:25.501+0000] {logging_mixin.py:137} INFO - [2023-02-28T04:03:25.501+0000] {dag.py:3441} INFO - Setting next_dagrun for tutorial_dag to None, run_after=None
[2023-02-28T04:03:25.526+0000] {processor.py:175} INFO - Processing /home/airflow/.local/lib/python3.7/site-packages/airflow/example_dags/tutorial_dag.py took 0.123 seconds
[2023-02-28T04:03:55.656+0000] {processor.py:153} INFO - Started process (PID=1946) to work on /home/airflow/.local/lib/python3.7/site-packages/airflow/example_dags/tutorial_dag.py
[2023-02-28T04:03:55.658+0000] {processor.py:743} INFO - Processing file /home/airflow/.local/lib/python3.7/site-packages/airflow/example_dags/tutorial_dag.py for tasks to queue
[2023-02-28T04:03:55.659+0000] {logging_mixin.py:137} INFO - [2023-02-28T04:03:55.658+0000] {dagbag.py:538} INFO - Filling up the DagBag from /home/airflow/.local/lib/python3.7/site-packages/airflow/example_dags/tutorial_dag.py
[2023-02-28T04:03:55.673+0000] {processor.py:753} INFO - DAG(s) dict_keys(['tutorial_dag']) retrieved from /home/airflow/.local/lib/python3.7/site-packages/airflow/example_dags/tutorial_dag.py
[2023-02-28T04:03:55.702+0000] {logging_mixin.py:137} INFO - [2023-02-28T04:03:55.702+0000] {dag.py:2690} INFO - Sync 1 DAGs
[2023-02-28T04:03:55.730+0000] {logging_mixin.py:137} INFO - [2023-02-28T04:03:55.730+0000] {dag.py:3441} INFO - Setting next_dagrun for tutorial_dag to None, run_after=None
[2023-02-28T04:03:55.749+0000] {processor.py:175} INFO - Processing /home/airflow/.local/lib/python3.7/site-packages/airflow/example_dags/tutorial_dag.py took 0.097 seconds
[2023-02-28T04:04:26.734+0000] {processor.py:153} INFO - Started process (PID=2020) to work on /home/airflow/.local/lib/python3.7/site-packages/airflow/example_dags/tutorial_dag.py
[2023-02-28T04:04:26.735+0000] {processor.py:743} INFO - Processing file /home/airflow/.local/lib/python3.7/site-packages/airflow/example_dags/tutorial_dag.py for tasks to queue
[2023-02-28T04:04:26.736+0000] {logging_mixin.py:137} INFO - [2023-02-28T04:04:26.736+0000] {dagbag.py:538} INFO - Filling up the DagBag from /home/airflow/.local/lib/python3.7/site-packages/airflow/example_dags/tutorial_dag.py
[2023-02-28T04:04:26.752+0000] {processor.py:753} INFO - DAG(s) dict_keys(['tutorial_dag']) retrieved from /home/airflow/.local/lib/python3.7/site-packages/airflow/example_dags/tutorial_dag.py
[2023-02-28T04:04:26.782+0000] {logging_mixin.py:137} INFO - [2023-02-28T04:04:26.782+0000] {dag.py:2690} INFO - Sync 1 DAGs
[2023-02-28T04:04:26.823+0000] {logging_mixin.py:137} INFO - [2023-02-28T04:04:26.823+0000] {dag.py:3441} INFO - Setting next_dagrun for tutorial_dag to None, run_after=None
[2023-02-28T04:04:26.850+0000] {processor.py:175} INFO - Processing /home/airflow/.local/lib/python3.7/site-packages/airflow/example_dags/tutorial_dag.py took 0.124 seconds
[2023-02-28T04:04:56.977+0000] {processor.py:153} INFO - Started process (PID=2088) to work on /home/airflow/.local/lib/python3.7/site-packages/airflow/example_dags/tutorial_dag.py
[2023-02-28T04:04:56.979+0000] {processor.py:743} INFO - Processing file /home/airflow/.local/lib/python3.7/site-packages/airflow/example_dags/tutorial_dag.py for tasks to queue
[2023-02-28T04:04:56.980+0000] {logging_mixin.py:137} INFO - [2023-02-28T04:04:56.979+0000] {dagbag.py:538} INFO - Filling up the DagBag from /home/airflow/.local/lib/python3.7/site-packages/airflow/example_dags/tutorial_dag.py
[2023-02-28T04:04:56.994+0000] {processor.py:753} INFO - DAG(s) dict_keys(['tutorial_dag']) retrieved from /home/airflow/.local/lib/python3.7/site-packages/airflow/example_dags/tutorial_dag.py
[2023-02-28T04:04:57.023+0000] {logging_mixin.py:137} INFO - [2023-02-28T04:04:57.022+0000] {dag.py:2690} INFO - Sync 1 DAGs
[2023-02-28T04:04:57.049+0000] {logging_mixin.py:137} INFO - [2023-02-28T04:04:57.049+0000] {dag.py:3441} INFO - Setting next_dagrun for tutorial_dag to None, run_after=None
[2023-02-28T04:04:57.068+0000] {processor.py:175} INFO - Processing /home/airflow/.local/lib/python3.7/site-packages/airflow/example_dags/tutorial_dag.py took 0.096 seconds
[2023-02-28T04:05:27.292+0000] {processor.py:153} INFO - Started process (PID=2152) to work on /home/airflow/.local/lib/python3.7/site-packages/airflow/example_dags/tutorial_dag.py
[2023-02-28T04:05:27.293+0000] {processor.py:743} INFO - Processing file /home/airflow/.local/lib/python3.7/site-packages/airflow/example_dags/tutorial_dag.py for tasks to queue
[2023-02-28T04:05:27.294+0000] {logging_mixin.py:137} INFO - [2023-02-28T04:05:27.294+0000] {dagbag.py:538} INFO - Filling up the DagBag from /home/airflow/.local/lib/python3.7/site-packages/airflow/example_dags/tutorial_dag.py
[2023-02-28T04:05:27.318+0000] {processor.py:753} INFO - DAG(s) dict_keys(['tutorial_dag']) retrieved from /home/airflow/.local/lib/python3.7/site-packages/airflow/example_dags/tutorial_dag.py
[2023-02-28T04:05:27.356+0000] {logging_mixin.py:137} INFO - [2023-02-28T04:05:27.356+0000] {dag.py:2690} INFO - Sync 1 DAGs
[2023-02-28T04:05:27.397+0000] {logging_mixin.py:137} INFO - [2023-02-28T04:05:27.397+0000] {dag.py:3441} INFO - Setting next_dagrun for tutorial_dag to None, run_after=None
[2023-02-28T04:05:27.424+0000] {processor.py:175} INFO - Processing /home/airflow/.local/lib/python3.7/site-packages/airflow/example_dags/tutorial_dag.py took 0.137 seconds
[2023-02-28T04:05:57.649+0000] {processor.py:153} INFO - Started process (PID=2230) to work on /home/airflow/.local/lib/python3.7/site-packages/airflow/example_dags/tutorial_dag.py
[2023-02-28T04:05:57.651+0000] {processor.py:743} INFO - Processing file /home/airflow/.local/lib/python3.7/site-packages/airflow/example_dags/tutorial_dag.py for tasks to queue
[2023-02-28T04:05:57.652+0000] {logging_mixin.py:137} INFO - [2023-02-28T04:05:57.652+0000] {dagbag.py:538} INFO - Filling up the DagBag from /home/airflow/.local/lib/python3.7/site-packages/airflow/example_dags/tutorial_dag.py
[2023-02-28T04:05:57.667+0000] {processor.py:753} INFO - DAG(s) dict_keys(['tutorial_dag']) retrieved from /home/airflow/.local/lib/python3.7/site-packages/airflow/example_dags/tutorial_dag.py
[2023-02-28T04:05:57.704+0000] {logging_mixin.py:137} INFO - [2023-02-28T04:05:57.704+0000] {dag.py:2690} INFO - Sync 1 DAGs
[2023-02-28T04:05:57.743+0000] {logging_mixin.py:137} INFO - [2023-02-28T04:05:57.743+0000] {dag.py:3441} INFO - Setting next_dagrun for tutorial_dag to None, run_after=None
[2023-02-28T04:05:57.768+0000] {processor.py:175} INFO - Processing /home/airflow/.local/lib/python3.7/site-packages/airflow/example_dags/tutorial_dag.py took 0.123 seconds
[2023-02-28T04:06:27.812+0000] {processor.py:153} INFO - Started process (PID=2295) to work on /home/airflow/.local/lib/python3.7/site-packages/airflow/example_dags/tutorial_dag.py
[2023-02-28T04:06:27.813+0000] {processor.py:743} INFO - Processing file /home/airflow/.local/lib/python3.7/site-packages/airflow/example_dags/tutorial_dag.py for tasks to queue
[2023-02-28T04:06:27.815+0000] {logging_mixin.py:137} INFO - [2023-02-28T04:06:27.815+0000] {dagbag.py:538} INFO - Filling up the DagBag from /home/airflow/.local/lib/python3.7/site-packages/airflow/example_dags/tutorial_dag.py
[2023-02-28T04:06:27.833+0000] {processor.py:753} INFO - DAG(s) dict_keys(['tutorial_dag']) retrieved from /home/airflow/.local/lib/python3.7/site-packages/airflow/example_dags/tutorial_dag.py
[2023-02-28T04:06:27.861+0000] {logging_mixin.py:137} INFO - [2023-02-28T04:06:27.861+0000] {dag.py:2690} INFO - Sync 1 DAGs
[2023-02-28T04:06:27.890+0000] {logging_mixin.py:137} INFO - [2023-02-28T04:06:27.890+0000] {dag.py:3441} INFO - Setting next_dagrun for tutorial_dag to None, run_after=None
[2023-02-28T04:06:27.917+0000] {processor.py:175} INFO - Processing /home/airflow/.local/lib/python3.7/site-packages/airflow/example_dags/tutorial_dag.py took 0.110 seconds
[2023-02-28T04:06:58.062+0000] {processor.py:153} INFO - Started process (PID=2373) to work on /home/airflow/.local/lib/python3.7/site-packages/airflow/example_dags/tutorial_dag.py
[2023-02-28T04:06:58.065+0000] {processor.py:743} INFO - Processing file /home/airflow/.local/lib/python3.7/site-packages/airflow/example_dags/tutorial_dag.py for tasks to queue
[2023-02-28T04:06:58.066+0000] {logging_mixin.py:137} INFO - [2023-02-28T04:06:58.066+0000] {dagbag.py:538} INFO - Filling up the DagBag from /home/airflow/.local/lib/python3.7/site-packages/airflow/example_dags/tutorial_dag.py
[2023-02-28T04:06:58.083+0000] {processor.py:753} INFO - DAG(s) dict_keys(['tutorial_dag']) retrieved from /home/airflow/.local/lib/python3.7/site-packages/airflow/example_dags/tutorial_dag.py
[2023-02-28T04:06:58.123+0000] {logging_mixin.py:137} INFO - [2023-02-28T04:06:58.123+0000] {dag.py:2690} INFO - Sync 1 DAGs
[2023-02-28T04:06:58.162+0000] {logging_mixin.py:137} INFO - [2023-02-28T04:06:58.162+0000] {dag.py:3441} INFO - Setting next_dagrun for tutorial_dag to None, run_after=None
[2023-02-28T04:06:58.189+0000] {processor.py:175} INFO - Processing /home/airflow/.local/lib/python3.7/site-packages/airflow/example_dags/tutorial_dag.py took 0.132 seconds
[2023-02-28T04:07:29.110+0000] {processor.py:153} INFO - Started process (PID=2436) to work on /home/airflow/.local/lib/python3.7/site-packages/airflow/example_dags/tutorial_dag.py
[2023-02-28T04:07:29.111+0000] {processor.py:743} INFO - Processing file /home/airflow/.local/lib/python3.7/site-packages/airflow/example_dags/tutorial_dag.py for tasks to queue
[2023-02-28T04:07:29.112+0000] {logging_mixin.py:137} INFO - [2023-02-28T04:07:29.112+0000] {dagbag.py:538} INFO - Filling up the DagBag from /home/airflow/.local/lib/python3.7/site-packages/airflow/example_dags/tutorial_dag.py
[2023-02-28T04:07:29.128+0000] {processor.py:753} INFO - DAG(s) dict_keys(['tutorial_dag']) retrieved from /home/airflow/.local/lib/python3.7/site-packages/airflow/example_dags/tutorial_dag.py
[2023-02-28T04:07:29.166+0000] {logging_mixin.py:137} INFO - [2023-02-28T04:07:29.166+0000] {dag.py:2690} INFO - Sync 1 DAGs
[2023-02-28T04:07:29.206+0000] {logging_mixin.py:137} INFO - [2023-02-28T04:07:29.206+0000] {dag.py:3441} INFO - Setting next_dagrun for tutorial_dag to None, run_after=None
[2023-02-28T04:07:29.235+0000] {processor.py:175} INFO - Processing /home/airflow/.local/lib/python3.7/site-packages/airflow/example_dags/tutorial_dag.py took 0.130 seconds
[2023-02-28T04:07:59.669+0000] {processor.py:153} INFO - Started process (PID=2502) to work on /home/airflow/.local/lib/python3.7/site-packages/airflow/example_dags/tutorial_dag.py
[2023-02-28T04:07:59.671+0000] {processor.py:743} INFO - Processing file /home/airflow/.local/lib/python3.7/site-packages/airflow/example_dags/tutorial_dag.py for tasks to queue
[2023-02-28T04:07:59.672+0000] {logging_mixin.py:137} INFO - [2023-02-28T04:07:59.672+0000] {dagbag.py:538} INFO - Filling up the DagBag from /home/airflow/.local/lib/python3.7/site-packages/airflow/example_dags/tutorial_dag.py
[2023-02-28T04:07:59.687+0000] {processor.py:753} INFO - DAG(s) dict_keys(['tutorial_dag']) retrieved from /home/airflow/.local/lib/python3.7/site-packages/airflow/example_dags/tutorial_dag.py
[2023-02-28T04:07:59.725+0000] {logging_mixin.py:137} INFO - [2023-02-28T04:07:59.724+0000] {dag.py:2690} INFO - Sync 1 DAGs
[2023-02-28T04:07:59.755+0000] {logging_mixin.py:137} INFO - [2023-02-28T04:07:59.755+0000] {dag.py:3441} INFO - Setting next_dagrun for tutorial_dag to None, run_after=None
[2023-02-28T04:07:59.777+0000] {processor.py:175} INFO - Processing /home/airflow/.local/lib/python3.7/site-packages/airflow/example_dags/tutorial_dag.py took 0.112 seconds
[2023-02-28T04:08:29.991+0000] {processor.py:153} INFO - Started process (PID=2578) to work on /home/airflow/.local/lib/python3.7/site-packages/airflow/example_dags/tutorial_dag.py
[2023-02-28T04:08:29.992+0000] {processor.py:743} INFO - Processing file /home/airflow/.local/lib/python3.7/site-packages/airflow/example_dags/tutorial_dag.py for tasks to queue
[2023-02-28T04:08:29.993+0000] {logging_mixin.py:137} INFO - [2023-02-28T04:08:29.992+0000] {dagbag.py:538} INFO - Filling up the DagBag from /home/airflow/.local/lib/python3.7/site-packages/airflow/example_dags/tutorial_dag.py
[2023-02-28T04:08:30.007+0000] {processor.py:753} INFO - DAG(s) dict_keys(['tutorial_dag']) retrieved from /home/airflow/.local/lib/python3.7/site-packages/airflow/example_dags/tutorial_dag.py
[2023-02-28T04:08:30.043+0000] {logging_mixin.py:137} INFO - [2023-02-28T04:08:30.042+0000] {dag.py:2690} INFO - Sync 1 DAGs
[2023-02-28T04:08:30.083+0000] {logging_mixin.py:137} INFO - [2023-02-28T04:08:30.083+0000] {dag.py:3441} INFO - Setting next_dagrun for tutorial_dag to None, run_after=None
[2023-02-28T04:08:30.109+0000] {processor.py:175} INFO - Processing /home/airflow/.local/lib/python3.7/site-packages/airflow/example_dags/tutorial_dag.py took 0.123 seconds
[2023-02-28T04:09:00.139+0000] {processor.py:153} INFO - Started process (PID=2642) to work on /home/airflow/.local/lib/python3.7/site-packages/airflow/example_dags/tutorial_dag.py
[2023-02-28T04:09:00.140+0000] {processor.py:743} INFO - Processing file /home/airflow/.local/lib/python3.7/site-packages/airflow/example_dags/tutorial_dag.py for tasks to queue
[2023-02-28T04:09:00.141+0000] {logging_mixin.py:137} INFO - [2023-02-28T04:09:00.141+0000] {dagbag.py:538} INFO - Filling up the DagBag from /home/airflow/.local/lib/python3.7/site-packages/airflow/example_dags/tutorial_dag.py
[2023-02-28T04:09:00.156+0000] {processor.py:753} INFO - DAG(s) dict_keys(['tutorial_dag']) retrieved from /home/airflow/.local/lib/python3.7/site-packages/airflow/example_dags/tutorial_dag.py
[2023-02-28T04:09:00.184+0000] {logging_mixin.py:137} INFO - [2023-02-28T04:09:00.184+0000] {dag.py:2690} INFO - Sync 1 DAGs
[2023-02-28T04:09:00.217+0000] {logging_mixin.py:137} INFO - [2023-02-28T04:09:00.216+0000] {dag.py:3441} INFO - Setting next_dagrun for tutorial_dag to None, run_after=None
[2023-02-28T04:09:00.237+0000] {processor.py:175} INFO - Processing /home/airflow/.local/lib/python3.7/site-packages/airflow/example_dags/tutorial_dag.py took 0.103 seconds
[2023-02-28T04:09:30.364+0000] {processor.py:153} INFO - Started process (PID=2720) to work on /home/airflow/.local/lib/python3.7/site-packages/airflow/example_dags/tutorial_dag.py
[2023-02-28T04:09:30.365+0000] {processor.py:743} INFO - Processing file /home/airflow/.local/lib/python3.7/site-packages/airflow/example_dags/tutorial_dag.py for tasks to queue
[2023-02-28T04:09:30.366+0000] {logging_mixin.py:137} INFO - [2023-02-28T04:09:30.366+0000] {dagbag.py:538} INFO - Filling up the DagBag from /home/airflow/.local/lib/python3.7/site-packages/airflow/example_dags/tutorial_dag.py
[2023-02-28T04:09:30.385+0000] {processor.py:753} INFO - DAG(s) dict_keys(['tutorial_dag']) retrieved from /home/airflow/.local/lib/python3.7/site-packages/airflow/example_dags/tutorial_dag.py
[2023-02-28T04:09:30.416+0000] {logging_mixin.py:137} INFO - [2023-02-28T04:09:30.416+0000] {dag.py:2690} INFO - Sync 1 DAGs
[2023-02-28T04:09:30.460+0000] {logging_mixin.py:137} INFO - [2023-02-28T04:09:30.459+0000] {dag.py:3441} INFO - Setting next_dagrun for tutorial_dag to None, run_after=None
[2023-02-28T04:09:30.483+0000] {processor.py:175} INFO - Processing /home/airflow/.local/lib/python3.7/site-packages/airflow/example_dags/tutorial_dag.py took 0.125 seconds
[2023-02-28T04:10:00.739+0000] {processor.py:153} INFO - Started process (PID=2785) to work on /home/airflow/.local/lib/python3.7/site-packages/airflow/example_dags/tutorial_dag.py
[2023-02-28T04:10:00.740+0000] {processor.py:743} INFO - Processing file /home/airflow/.local/lib/python3.7/site-packages/airflow/example_dags/tutorial_dag.py for tasks to queue
[2023-02-28T04:10:00.741+0000] {logging_mixin.py:137} INFO - [2023-02-28T04:10:00.741+0000] {dagbag.py:538} INFO - Filling up the DagBag from /home/airflow/.local/lib/python3.7/site-packages/airflow/example_dags/tutorial_dag.py
[2023-02-28T04:10:00.757+0000] {processor.py:753} INFO - DAG(s) dict_keys(['tutorial_dag']) retrieved from /home/airflow/.local/lib/python3.7/site-packages/airflow/example_dags/tutorial_dag.py
[2023-02-28T04:10:00.784+0000] {logging_mixin.py:137} INFO - [2023-02-28T04:10:00.784+0000] {dag.py:2690} INFO - Sync 1 DAGs
[2023-02-28T04:10:00.811+0000] {logging_mixin.py:137} INFO - [2023-02-28T04:10:00.811+0000] {dag.py:3441} INFO - Setting next_dagrun for tutorial_dag to None, run_after=None
[2023-02-28T04:10:00.830+0000] {processor.py:175} INFO - Processing /home/airflow/.local/lib/python3.7/site-packages/airflow/example_dags/tutorial_dag.py took 0.095 seconds
[2023-02-28T04:10:31.174+0000] {processor.py:153} INFO - Started process (PID=2856) to work on /home/airflow/.local/lib/python3.7/site-packages/airflow/example_dags/tutorial_dag.py
[2023-02-28T04:10:31.176+0000] {processor.py:743} INFO - Processing file /home/airflow/.local/lib/python3.7/site-packages/airflow/example_dags/tutorial_dag.py for tasks to queue
[2023-02-28T04:10:31.177+0000] {logging_mixin.py:137} INFO - [2023-02-28T04:10:31.177+0000] {dagbag.py:538} INFO - Filling up the DagBag from /home/airflow/.local/lib/python3.7/site-packages/airflow/example_dags/tutorial_dag.py
[2023-02-28T04:10:31.194+0000] {processor.py:753} INFO - DAG(s) dict_keys(['tutorial_dag']) retrieved from /home/airflow/.local/lib/python3.7/site-packages/airflow/example_dags/tutorial_dag.py
[2023-02-28T04:10:31.230+0000] {logging_mixin.py:137} INFO - [2023-02-28T04:10:31.230+0000] {dag.py:2690} INFO - Sync 1 DAGs
[2023-02-28T04:10:31.268+0000] {logging_mixin.py:137} INFO - [2023-02-28T04:10:31.268+0000] {dag.py:3441} INFO - Setting next_dagrun for tutorial_dag to None, run_after=None
[2023-02-28T04:10:31.293+0000] {processor.py:175} INFO - Processing /home/airflow/.local/lib/python3.7/site-packages/airflow/example_dags/tutorial_dag.py took 0.124 seconds
[2023-02-28T04:11:01.737+0000] {processor.py:153} INFO - Started process (PID=2926) to work on /home/airflow/.local/lib/python3.7/site-packages/airflow/example_dags/tutorial_dag.py
[2023-02-28T04:11:01.738+0000] {processor.py:743} INFO - Processing file /home/airflow/.local/lib/python3.7/site-packages/airflow/example_dags/tutorial_dag.py for tasks to queue
[2023-02-28T04:11:01.739+0000] {logging_mixin.py:137} INFO - [2023-02-28T04:11:01.739+0000] {dagbag.py:538} INFO - Filling up the DagBag from /home/airflow/.local/lib/python3.7/site-packages/airflow/example_dags/tutorial_dag.py
[2023-02-28T04:11:01.754+0000] {processor.py:753} INFO - DAG(s) dict_keys(['tutorial_dag']) retrieved from /home/airflow/.local/lib/python3.7/site-packages/airflow/example_dags/tutorial_dag.py
[2023-02-28T04:11:01.782+0000] {logging_mixin.py:137} INFO - [2023-02-28T04:11:01.782+0000] {dag.py:2690} INFO - Sync 1 DAGs
[2023-02-28T04:11:01.810+0000] {logging_mixin.py:137} INFO - [2023-02-28T04:11:01.810+0000] {dag.py:3441} INFO - Setting next_dagrun for tutorial_dag to None, run_after=None
[2023-02-28T04:11:01.830+0000] {processor.py:175} INFO - Processing /home/airflow/.local/lib/python3.7/site-packages/airflow/example_dags/tutorial_dag.py took 0.098 seconds
[2023-02-28T04:11:32.623+0000] {processor.py:153} INFO - Started process (PID=2991) to work on /home/airflow/.local/lib/python3.7/site-packages/airflow/example_dags/tutorial_dag.py
[2023-02-28T04:11:32.625+0000] {processor.py:743} INFO - Processing file /home/airflow/.local/lib/python3.7/site-packages/airflow/example_dags/tutorial_dag.py for tasks to queue
[2023-02-28T04:11:32.625+0000] {logging_mixin.py:137} INFO - [2023-02-28T04:11:32.625+0000] {dagbag.py:538} INFO - Filling up the DagBag from /home/airflow/.local/lib/python3.7/site-packages/airflow/example_dags/tutorial_dag.py
[2023-02-28T04:11:32.640+0000] {processor.py:753} INFO - DAG(s) dict_keys(['tutorial_dag']) retrieved from /home/airflow/.local/lib/python3.7/site-packages/airflow/example_dags/tutorial_dag.py
[2023-02-28T04:11:32.672+0000] {logging_mixin.py:137} INFO - [2023-02-28T04:11:32.672+0000] {dag.py:2690} INFO - Sync 1 DAGs
[2023-02-28T04:11:32.703+0000] {logging_mixin.py:137} INFO - [2023-02-28T04:11:32.703+0000] {dag.py:3441} INFO - Setting next_dagrun for tutorial_dag to None, run_after=None
[2023-02-28T04:11:32.723+0000] {processor.py:175} INFO - Processing /home/airflow/.local/lib/python3.7/site-packages/airflow/example_dags/tutorial_dag.py took 0.104 seconds
[2023-02-28T04:12:03.597+0000] {processor.py:153} INFO - Started process (PID=3068) to work on /home/airflow/.local/lib/python3.7/site-packages/airflow/example_dags/tutorial_dag.py
[2023-02-28T04:12:03.598+0000] {processor.py:743} INFO - Processing file /home/airflow/.local/lib/python3.7/site-packages/airflow/example_dags/tutorial_dag.py for tasks to queue
[2023-02-28T04:12:03.599+0000] {logging_mixin.py:137} INFO - [2023-02-28T04:12:03.599+0000] {dagbag.py:538} INFO - Filling up the DagBag from /home/airflow/.local/lib/python3.7/site-packages/airflow/example_dags/tutorial_dag.py
[2023-02-28T04:12:03.615+0000] {processor.py:753} INFO - DAG(s) dict_keys(['tutorial_dag']) retrieved from /home/airflow/.local/lib/python3.7/site-packages/airflow/example_dags/tutorial_dag.py
[2023-02-28T04:12:03.644+0000] {logging_mixin.py:137} INFO - [2023-02-28T04:12:03.644+0000] {dag.py:2690} INFO - Sync 1 DAGs
[2023-02-28T04:12:03.671+0000] {logging_mixin.py:137} INFO - [2023-02-28T04:12:03.671+0000] {dag.py:3441} INFO - Setting next_dagrun for tutorial_dag to None, run_after=None
[2023-02-28T04:12:03.690+0000] {processor.py:175} INFO - Processing /home/airflow/.local/lib/python3.7/site-packages/airflow/example_dags/tutorial_dag.py took 0.099 seconds
[2023-02-28T04:12:34.360+0000] {processor.py:153} INFO - Started process (PID=3134) to work on /home/airflow/.local/lib/python3.7/site-packages/airflow/example_dags/tutorial_dag.py
[2023-02-28T04:12:34.361+0000] {processor.py:743} INFO - Processing file /home/airflow/.local/lib/python3.7/site-packages/airflow/example_dags/tutorial_dag.py for tasks to queue
[2023-02-28T04:12:34.362+0000] {logging_mixin.py:137} INFO - [2023-02-28T04:12:34.362+0000] {dagbag.py:538} INFO - Filling up the DagBag from /home/airflow/.local/lib/python3.7/site-packages/airflow/example_dags/tutorial_dag.py
[2023-02-28T04:12:34.382+0000] {processor.py:753} INFO - DAG(s) dict_keys(['tutorial_dag']) retrieved from /home/airflow/.local/lib/python3.7/site-packages/airflow/example_dags/tutorial_dag.py
[2023-02-28T04:12:34.411+0000] {logging_mixin.py:137} INFO - [2023-02-28T04:12:34.411+0000] {dag.py:2690} INFO - Sync 1 DAGs
[2023-02-28T04:12:34.441+0000] {logging_mixin.py:137} INFO - [2023-02-28T04:12:34.440+0000] {dag.py:3441} INFO - Setting next_dagrun for tutorial_dag to None, run_after=None
[2023-02-28T04:12:34.460+0000] {processor.py:175} INFO - Processing /home/airflow/.local/lib/python3.7/site-packages/airflow/example_dags/tutorial_dag.py took 0.104 seconds
[2023-02-28T04:13:04.695+0000] {processor.py:153} INFO - Started process (PID=3211) to work on /home/airflow/.local/lib/python3.7/site-packages/airflow/example_dags/tutorial_dag.py
[2023-02-28T04:13:04.696+0000] {processor.py:743} INFO - Processing file /home/airflow/.local/lib/python3.7/site-packages/airflow/example_dags/tutorial_dag.py for tasks to queue
[2023-02-28T04:13:04.697+0000] {logging_mixin.py:137} INFO - [2023-02-28T04:13:04.697+0000] {dagbag.py:538} INFO - Filling up the DagBag from /home/airflow/.local/lib/python3.7/site-packages/airflow/example_dags/tutorial_dag.py
[2023-02-28T04:13:04.715+0000] {processor.py:753} INFO - DAG(s) dict_keys(['tutorial_dag']) retrieved from /home/airflow/.local/lib/python3.7/site-packages/airflow/example_dags/tutorial_dag.py
[2023-02-28T04:13:04.745+0000] {logging_mixin.py:137} INFO - [2023-02-28T04:13:04.745+0000] {dag.py:2690} INFO - Sync 1 DAGs
[2023-02-28T04:13:04.773+0000] {logging_mixin.py:137} INFO - [2023-02-28T04:13:04.773+0000] {dag.py:3441} INFO - Setting next_dagrun for tutorial_dag to None, run_after=None
[2023-02-28T04:13:04.792+0000] {processor.py:175} INFO - Processing /home/airflow/.local/lib/python3.7/site-packages/airflow/example_dags/tutorial_dag.py took 0.103 seconds
[2023-02-28T04:13:34.855+0000] {processor.py:153} INFO - Started process (PID=3276) to work on /home/airflow/.local/lib/python3.7/site-packages/airflow/example_dags/tutorial_dag.py
[2023-02-28T04:13:34.857+0000] {processor.py:743} INFO - Processing file /home/airflow/.local/lib/python3.7/site-packages/airflow/example_dags/tutorial_dag.py for tasks to queue
[2023-02-28T04:13:34.858+0000] {logging_mixin.py:137} INFO - [2023-02-28T04:13:34.857+0000] {dagbag.py:538} INFO - Filling up the DagBag from /home/airflow/.local/lib/python3.7/site-packages/airflow/example_dags/tutorial_dag.py
[2023-02-28T04:13:34.875+0000] {processor.py:753} INFO - DAG(s) dict_keys(['tutorial_dag']) retrieved from /home/airflow/.local/lib/python3.7/site-packages/airflow/example_dags/tutorial_dag.py
[2023-02-28T04:13:34.905+0000] {logging_mixin.py:137} INFO - [2023-02-28T04:13:34.905+0000] {dag.py:2690} INFO - Sync 1 DAGs
[2023-02-28T04:13:34.933+0000] {logging_mixin.py:137} INFO - [2023-02-28T04:13:34.933+0000] {dag.py:3441} INFO - Setting next_dagrun for tutorial_dag to None, run_after=None
[2023-02-28T04:13:34.953+0000] {processor.py:175} INFO - Processing /home/airflow/.local/lib/python3.7/site-packages/airflow/example_dags/tutorial_dag.py took 0.102 seconds
[2023-02-28T04:14:05.283+0000] {processor.py:153} INFO - Started process (PID=3345) to work on /home/airflow/.local/lib/python3.7/site-packages/airflow/example_dags/tutorial_dag.py
[2023-02-28T04:14:05.284+0000] {processor.py:743} INFO - Processing file /home/airflow/.local/lib/python3.7/site-packages/airflow/example_dags/tutorial_dag.py for tasks to queue
[2023-02-28T04:14:05.285+0000] {logging_mixin.py:137} INFO - [2023-02-28T04:14:05.285+0000] {dagbag.py:538} INFO - Filling up the DagBag from /home/airflow/.local/lib/python3.7/site-packages/airflow/example_dags/tutorial_dag.py
[2023-02-28T04:14:05.300+0000] {processor.py:753} INFO - DAG(s) dict_keys(['tutorial_dag']) retrieved from /home/airflow/.local/lib/python3.7/site-packages/airflow/example_dags/tutorial_dag.py
[2023-02-28T04:14:05.339+0000] {logging_mixin.py:137} INFO - [2023-02-28T04:14:05.339+0000] {dag.py:2690} INFO - Sync 1 DAGs
[2023-02-28T04:14:05.381+0000] {logging_mixin.py:137} INFO - [2023-02-28T04:14:05.380+0000] {dag.py:3441} INFO - Setting next_dagrun for tutorial_dag to None, run_after=None
[2023-02-28T04:14:05.408+0000] {processor.py:175} INFO - Processing /home/airflow/.local/lib/python3.7/site-packages/airflow/example_dags/tutorial_dag.py took 0.130 seconds
[2023-02-28T04:14:35.526+0000] {processor.py:153} INFO - Started process (PID=3415) to work on /home/airflow/.local/lib/python3.7/site-packages/airflow/example_dags/tutorial_dag.py
[2023-02-28T04:14:35.527+0000] {processor.py:743} INFO - Processing file /home/airflow/.local/lib/python3.7/site-packages/airflow/example_dags/tutorial_dag.py for tasks to queue
[2023-02-28T04:14:35.528+0000] {logging_mixin.py:137} INFO - [2023-02-28T04:14:35.528+0000] {dagbag.py:538} INFO - Filling up the DagBag from /home/airflow/.local/lib/python3.7/site-packages/airflow/example_dags/tutorial_dag.py
[2023-02-28T04:14:35.544+0000] {processor.py:753} INFO - DAG(s) dict_keys(['tutorial_dag']) retrieved from /home/airflow/.local/lib/python3.7/site-packages/airflow/example_dags/tutorial_dag.py
[2023-02-28T04:14:35.575+0000] {logging_mixin.py:137} INFO - [2023-02-28T04:14:35.575+0000] {dag.py:2690} INFO - Sync 1 DAGs
[2023-02-28T04:14:35.606+0000] {logging_mixin.py:137} INFO - [2023-02-28T04:14:35.606+0000] {dag.py:3441} INFO - Setting next_dagrun for tutorial_dag to None, run_after=None
[2023-02-28T04:14:35.627+0000] {processor.py:175} INFO - Processing /home/airflow/.local/lib/python3.7/site-packages/airflow/example_dags/tutorial_dag.py took 0.106 seconds
[2023-02-28T04:15:06.466+0000] {processor.py:153} INFO - Started process (PID=3479) to work on /home/airflow/.local/lib/python3.7/site-packages/airflow/example_dags/tutorial_dag.py
[2023-02-28T04:15:06.468+0000] {processor.py:743} INFO - Processing file /home/airflow/.local/lib/python3.7/site-packages/airflow/example_dags/tutorial_dag.py for tasks to queue
[2023-02-28T04:15:06.469+0000] {logging_mixin.py:137} INFO - [2023-02-28T04:15:06.468+0000] {dagbag.py:538} INFO - Filling up the DagBag from /home/airflow/.local/lib/python3.7/site-packages/airflow/example_dags/tutorial_dag.py
[2023-02-28T04:15:06.487+0000] {processor.py:753} INFO - DAG(s) dict_keys(['tutorial_dag']) retrieved from /home/airflow/.local/lib/python3.7/site-packages/airflow/example_dags/tutorial_dag.py
[2023-02-28T04:15:06.517+0000] {logging_mixin.py:137} INFO - [2023-02-28T04:15:06.517+0000] {dag.py:2690} INFO - Sync 1 DAGs
[2023-02-28T04:15:06.546+0000] {logging_mixin.py:137} INFO - [2023-02-28T04:15:06.546+0000] {dag.py:3441} INFO - Setting next_dagrun for tutorial_dag to None, run_after=None
[2023-02-28T04:15:06.567+0000] {processor.py:175} INFO - Processing /home/airflow/.local/lib/python3.7/site-packages/airflow/example_dags/tutorial_dag.py took 0.108 seconds
[2023-02-28T04:15:36.662+0000] {processor.py:153} INFO - Started process (PID=3556) to work on /home/airflow/.local/lib/python3.7/site-packages/airflow/example_dags/tutorial_dag.py
[2023-02-28T04:15:36.663+0000] {processor.py:743} INFO - Processing file /home/airflow/.local/lib/python3.7/site-packages/airflow/example_dags/tutorial_dag.py for tasks to queue
[2023-02-28T04:15:36.664+0000] {logging_mixin.py:137} INFO - [2023-02-28T04:15:36.664+0000] {dagbag.py:538} INFO - Filling up the DagBag from /home/airflow/.local/lib/python3.7/site-packages/airflow/example_dags/tutorial_dag.py
[2023-02-28T04:15:36.682+0000] {processor.py:753} INFO - DAG(s) dict_keys(['tutorial_dag']) retrieved from /home/airflow/.local/lib/python3.7/site-packages/airflow/example_dags/tutorial_dag.py
[2023-02-28T04:15:36.723+0000] {logging_mixin.py:137} INFO - [2023-02-28T04:15:36.722+0000] {dag.py:2690} INFO - Sync 1 DAGs
[2023-02-28T04:15:36.757+0000] {logging_mixin.py:137} INFO - [2023-02-28T04:15:36.756+0000] {dag.py:3441} INFO - Setting next_dagrun for tutorial_dag to None, run_after=None
[2023-02-28T04:15:36.776+0000] {processor.py:175} INFO - Processing /home/airflow/.local/lib/python3.7/site-packages/airflow/example_dags/tutorial_dag.py took 0.119 seconds
[2023-02-28T04:16:07.587+0000] {processor.py:153} INFO - Started process (PID=3619) to work on /home/airflow/.local/lib/python3.7/site-packages/airflow/example_dags/tutorial_dag.py
[2023-02-28T04:16:07.589+0000] {processor.py:743} INFO - Processing file /home/airflow/.local/lib/python3.7/site-packages/airflow/example_dags/tutorial_dag.py for tasks to queue
[2023-02-28T04:16:07.590+0000] {logging_mixin.py:137} INFO - [2023-02-28T04:16:07.589+0000] {dagbag.py:538} INFO - Filling up the DagBag from /home/airflow/.local/lib/python3.7/site-packages/airflow/example_dags/tutorial_dag.py
[2023-02-28T04:16:07.608+0000] {processor.py:753} INFO - DAG(s) dict_keys(['tutorial_dag']) retrieved from /home/airflow/.local/lib/python3.7/site-packages/airflow/example_dags/tutorial_dag.py
[2023-02-28T04:16:07.637+0000] {logging_mixin.py:137} INFO - [2023-02-28T04:16:07.637+0000] {dag.py:2690} INFO - Sync 1 DAGs
[2023-02-28T04:16:07.663+0000] {logging_mixin.py:137} INFO - [2023-02-28T04:16:07.663+0000] {dag.py:3441} INFO - Setting next_dagrun for tutorial_dag to None, run_after=None
[2023-02-28T04:16:07.683+0000] {processor.py:175} INFO - Processing /home/airflow/.local/lib/python3.7/site-packages/airflow/example_dags/tutorial_dag.py took 0.101 seconds
[2023-02-28T04:16:38.512+0000] {processor.py:153} INFO - Started process (PID=3695) to work on /home/airflow/.local/lib/python3.7/site-packages/airflow/example_dags/tutorial_dag.py
[2023-02-28T04:16:38.513+0000] {processor.py:743} INFO - Processing file /home/airflow/.local/lib/python3.7/site-packages/airflow/example_dags/tutorial_dag.py for tasks to queue
[2023-02-28T04:16:38.513+0000] {logging_mixin.py:137} INFO - [2023-02-28T04:16:38.513+0000] {dagbag.py:538} INFO - Filling up the DagBag from /home/airflow/.local/lib/python3.7/site-packages/airflow/example_dags/tutorial_dag.py
[2023-02-28T04:16:38.528+0000] {processor.py:753} INFO - DAG(s) dict_keys(['tutorial_dag']) retrieved from /home/airflow/.local/lib/python3.7/site-packages/airflow/example_dags/tutorial_dag.py
[2023-02-28T04:16:38.558+0000] {logging_mixin.py:137} INFO - [2023-02-28T04:16:38.557+0000] {dag.py:2690} INFO - Sync 1 DAGs
[2023-02-28T04:16:38.584+0000] {logging_mixin.py:137} INFO - [2023-02-28T04:16:38.584+0000] {dag.py:3441} INFO - Setting next_dagrun for tutorial_dag to None, run_after=None
[2023-02-28T04:16:38.605+0000] {processor.py:175} INFO - Processing /home/airflow/.local/lib/python3.7/site-packages/airflow/example_dags/tutorial_dag.py took 0.097 seconds
[2023-02-28T04:17:09.380+0000] {processor.py:153} INFO - Started process (PID=3759) to work on /home/airflow/.local/lib/python3.7/site-packages/airflow/example_dags/tutorial_dag.py
[2023-02-28T04:17:09.381+0000] {processor.py:743} INFO - Processing file /home/airflow/.local/lib/python3.7/site-packages/airflow/example_dags/tutorial_dag.py for tasks to queue
[2023-02-28T04:17:09.382+0000] {logging_mixin.py:137} INFO - [2023-02-28T04:17:09.382+0000] {dagbag.py:538} INFO - Filling up the DagBag from /home/airflow/.local/lib/python3.7/site-packages/airflow/example_dags/tutorial_dag.py
[2023-02-28T04:17:09.397+0000] {processor.py:753} INFO - DAG(s) dict_keys(['tutorial_dag']) retrieved from /home/airflow/.local/lib/python3.7/site-packages/airflow/example_dags/tutorial_dag.py
[2023-02-28T04:17:09.426+0000] {logging_mixin.py:137} INFO - [2023-02-28T04:17:09.425+0000] {dag.py:2690} INFO - Sync 1 DAGs
[2023-02-28T04:17:09.454+0000] {logging_mixin.py:137} INFO - [2023-02-28T04:17:09.454+0000] {dag.py:3441} INFO - Setting next_dagrun for tutorial_dag to None, run_after=None
[2023-02-28T04:17:09.475+0000] {processor.py:175} INFO - Processing /home/airflow/.local/lib/python3.7/site-packages/airflow/example_dags/tutorial_dag.py took 0.101 seconds
[2023-02-28T04:23:13.694+0000] {processor.py:153} INFO - Started process (PID=71) to work on /home/airflow/.local/lib/python3.7/site-packages/airflow/example_dags/tutorial_dag.py
[2023-02-28T04:23:13.696+0000] {processor.py:743} INFO - Processing file /home/airflow/.local/lib/python3.7/site-packages/airflow/example_dags/tutorial_dag.py for tasks to queue
[2023-02-28T04:23:13.697+0000] {logging_mixin.py:137} INFO - [2023-02-28T04:23:13.696+0000] {dagbag.py:538} INFO - Filling up the DagBag from /home/airflow/.local/lib/python3.7/site-packages/airflow/example_dags/tutorial_dag.py
[2023-02-28T04:23:13.712+0000] {processor.py:753} INFO - DAG(s) dict_keys(['tutorial_dag']) retrieved from /home/airflow/.local/lib/python3.7/site-packages/airflow/example_dags/tutorial_dag.py
[2023-02-28T04:23:13.744+0000] {logging_mixin.py:137} INFO - [2023-02-28T04:23:13.744+0000] {dag.py:2690} INFO - Sync 1 DAGs
[2023-02-28T04:23:13.772+0000] {logging_mixin.py:137} INFO - [2023-02-28T04:23:13.772+0000] {dag.py:3441} INFO - Setting next_dagrun for tutorial_dag to None, run_after=None
[2023-02-28T04:23:13.792+0000] {processor.py:175} INFO - Processing /home/airflow/.local/lib/python3.7/site-packages/airflow/example_dags/tutorial_dag.py took 0.102 seconds
[2023-02-28T04:23:44.182+0000] {processor.py:153} INFO - Started process (PID=139) to work on /home/airflow/.local/lib/python3.7/site-packages/airflow/example_dags/tutorial_dag.py
[2023-02-28T04:23:44.183+0000] {processor.py:743} INFO - Processing file /home/airflow/.local/lib/python3.7/site-packages/airflow/example_dags/tutorial_dag.py for tasks to queue
[2023-02-28T04:23:44.184+0000] {logging_mixin.py:137} INFO - [2023-02-28T04:23:44.184+0000] {dagbag.py:538} INFO - Filling up the DagBag from /home/airflow/.local/lib/python3.7/site-packages/airflow/example_dags/tutorial_dag.py
[2023-02-28T04:23:44.203+0000] {processor.py:753} INFO - DAG(s) dict_keys(['tutorial_dag']) retrieved from /home/airflow/.local/lib/python3.7/site-packages/airflow/example_dags/tutorial_dag.py
[2023-02-28T04:23:44.241+0000] {logging_mixin.py:137} INFO - [2023-02-28T04:23:44.240+0000] {dag.py:2690} INFO - Sync 1 DAGs
[2023-02-28T04:23:44.285+0000] {logging_mixin.py:137} INFO - [2023-02-28T04:23:44.285+0000] {dag.py:3441} INFO - Setting next_dagrun for tutorial_dag to None, run_after=None
[2023-02-28T04:23:44.312+0000] {processor.py:175} INFO - Processing /home/airflow/.local/lib/python3.7/site-packages/airflow/example_dags/tutorial_dag.py took 0.139 seconds
[2023-02-28T04:24:14.969+0000] {processor.py:153} INFO - Started process (PID=208) to work on /home/airflow/.local/lib/python3.7/site-packages/airflow/example_dags/tutorial_dag.py
[2023-02-28T04:24:14.970+0000] {processor.py:743} INFO - Processing file /home/airflow/.local/lib/python3.7/site-packages/airflow/example_dags/tutorial_dag.py for tasks to queue
[2023-02-28T04:24:14.971+0000] {logging_mixin.py:137} INFO - [2023-02-28T04:24:14.971+0000] {dagbag.py:538} INFO - Filling up the DagBag from /home/airflow/.local/lib/python3.7/site-packages/airflow/example_dags/tutorial_dag.py
[2023-02-28T04:24:14.986+0000] {processor.py:753} INFO - DAG(s) dict_keys(['tutorial_dag']) retrieved from /home/airflow/.local/lib/python3.7/site-packages/airflow/example_dags/tutorial_dag.py
[2023-02-28T04:24:15.016+0000] {logging_mixin.py:137} INFO - [2023-02-28T04:24:15.015+0000] {dag.py:2690} INFO - Sync 1 DAGs
[2023-02-28T04:24:15.043+0000] {logging_mixin.py:137} INFO - [2023-02-28T04:24:15.043+0000] {dag.py:3441} INFO - Setting next_dagrun for tutorial_dag to None, run_after=None
[2023-02-28T04:24:15.067+0000] {processor.py:175} INFO - Processing /home/airflow/.local/lib/python3.7/site-packages/airflow/example_dags/tutorial_dag.py took 0.102 seconds
[2023-02-28T04:24:45.203+0000] {processor.py:153} INFO - Started process (PID=273) to work on /home/airflow/.local/lib/python3.7/site-packages/airflow/example_dags/tutorial_dag.py
[2023-02-28T04:24:45.204+0000] {processor.py:743} INFO - Processing file /home/airflow/.local/lib/python3.7/site-packages/airflow/example_dags/tutorial_dag.py for tasks to queue
[2023-02-28T04:24:45.205+0000] {logging_mixin.py:137} INFO - [2023-02-28T04:24:45.205+0000] {dagbag.py:538} INFO - Filling up the DagBag from /home/airflow/.local/lib/python3.7/site-packages/airflow/example_dags/tutorial_dag.py
[2023-02-28T04:24:45.221+0000] {processor.py:753} INFO - DAG(s) dict_keys(['tutorial_dag']) retrieved from /home/airflow/.local/lib/python3.7/site-packages/airflow/example_dags/tutorial_dag.py
[2023-02-28T04:24:45.255+0000] {logging_mixin.py:137} INFO - [2023-02-28T04:24:45.255+0000] {dag.py:2690} INFO - Sync 1 DAGs
[2023-02-28T04:24:45.291+0000] {logging_mixin.py:137} INFO - [2023-02-28T04:24:45.291+0000] {dag.py:3441} INFO - Setting next_dagrun for tutorial_dag to None, run_after=None
[2023-02-28T04:24:45.314+0000] {processor.py:175} INFO - Processing /home/airflow/.local/lib/python3.7/site-packages/airflow/example_dags/tutorial_dag.py took 0.117 seconds
[2023-02-28T04:25:15.630+0000] {processor.py:153} INFO - Started process (PID=350) to work on /home/airflow/.local/lib/python3.7/site-packages/airflow/example_dags/tutorial_dag.py
[2023-02-28T04:25:15.632+0000] {processor.py:743} INFO - Processing file /home/airflow/.local/lib/python3.7/site-packages/airflow/example_dags/tutorial_dag.py for tasks to queue
[2023-02-28T04:25:15.633+0000] {logging_mixin.py:137} INFO - [2023-02-28T04:25:15.632+0000] {dagbag.py:538} INFO - Filling up the DagBag from /home/airflow/.local/lib/python3.7/site-packages/airflow/example_dags/tutorial_dag.py
[2023-02-28T04:25:15.653+0000] {processor.py:753} INFO - DAG(s) dict_keys(['tutorial_dag']) retrieved from /home/airflow/.local/lib/python3.7/site-packages/airflow/example_dags/tutorial_dag.py
[2023-02-28T04:25:15.687+0000] {logging_mixin.py:137} INFO - [2023-02-28T04:25:15.687+0000] {dag.py:2690} INFO - Sync 1 DAGs
[2023-02-28T04:25:15.720+0000] {logging_mixin.py:137} INFO - [2023-02-28T04:25:15.720+0000] {dag.py:3441} INFO - Setting next_dagrun for tutorial_dag to None, run_after=None
[2023-02-28T04:25:15.741+0000] {processor.py:175} INFO - Processing /home/airflow/.local/lib/python3.7/site-packages/airflow/example_dags/tutorial_dag.py took 0.117 seconds
[2023-02-28T04:25:45.881+0000] {processor.py:153} INFO - Started process (PID=416) to work on /home/airflow/.local/lib/python3.7/site-packages/airflow/example_dags/tutorial_dag.py
[2023-02-28T04:25:45.882+0000] {processor.py:743} INFO - Processing file /home/airflow/.local/lib/python3.7/site-packages/airflow/example_dags/tutorial_dag.py for tasks to queue
[2023-02-28T04:25:45.883+0000] {logging_mixin.py:137} INFO - [2023-02-28T04:25:45.883+0000] {dagbag.py:538} INFO - Filling up the DagBag from /home/airflow/.local/lib/python3.7/site-packages/airflow/example_dags/tutorial_dag.py
[2023-02-28T04:25:45.898+0000] {processor.py:753} INFO - DAG(s) dict_keys(['tutorial_dag']) retrieved from /home/airflow/.local/lib/python3.7/site-packages/airflow/example_dags/tutorial_dag.py
[2023-02-28T04:25:45.934+0000] {logging_mixin.py:137} INFO - [2023-02-28T04:25:45.934+0000] {dag.py:2690} INFO - Sync 1 DAGs
[2023-02-28T04:25:45.972+0000] {logging_mixin.py:137} INFO - [2023-02-28T04:25:45.972+0000] {dag.py:3441} INFO - Setting next_dagrun for tutorial_dag to None, run_after=None
[2023-02-28T04:25:45.993+0000] {processor.py:175} INFO - Processing /home/airflow/.local/lib/python3.7/site-packages/airflow/example_dags/tutorial_dag.py took 0.117 seconds
[2023-02-28T04:26:16.270+0000] {processor.py:153} INFO - Started process (PID=480) to work on /home/airflow/.local/lib/python3.7/site-packages/airflow/example_dags/tutorial_dag.py
[2023-02-28T04:26:16.271+0000] {processor.py:743} INFO - Processing file /home/airflow/.local/lib/python3.7/site-packages/airflow/example_dags/tutorial_dag.py for tasks to queue
[2023-02-28T04:26:16.272+0000] {logging_mixin.py:137} INFO - [2023-02-28T04:26:16.272+0000] {dagbag.py:538} INFO - Filling up the DagBag from /home/airflow/.local/lib/python3.7/site-packages/airflow/example_dags/tutorial_dag.py
[2023-02-28T04:26:16.292+0000] {processor.py:753} INFO - DAG(s) dict_keys(['tutorial_dag']) retrieved from /home/airflow/.local/lib/python3.7/site-packages/airflow/example_dags/tutorial_dag.py
[2023-02-28T04:26:16.335+0000] {logging_mixin.py:137} INFO - [2023-02-28T04:26:16.335+0000] {dag.py:2690} INFO - Sync 1 DAGs
[2023-02-28T04:26:16.384+0000] {logging_mixin.py:137} INFO - [2023-02-28T04:26:16.384+0000] {dag.py:3441} INFO - Setting next_dagrun for tutorial_dag to None, run_after=None
[2023-02-28T04:26:16.421+0000] {processor.py:175} INFO - Processing /home/airflow/.local/lib/python3.7/site-packages/airflow/example_dags/tutorial_dag.py took 0.157 seconds
[2023-02-28T04:26:46.565+0000] {processor.py:153} INFO - Started process (PID=556) to work on /home/airflow/.local/lib/python3.7/site-packages/airflow/example_dags/tutorial_dag.py
[2023-02-28T04:26:46.566+0000] {processor.py:743} INFO - Processing file /home/airflow/.local/lib/python3.7/site-packages/airflow/example_dags/tutorial_dag.py for tasks to queue
[2023-02-28T04:26:46.567+0000] {logging_mixin.py:137} INFO - [2023-02-28T04:26:46.567+0000] {dagbag.py:538} INFO - Filling up the DagBag from /home/airflow/.local/lib/python3.7/site-packages/airflow/example_dags/tutorial_dag.py
[2023-02-28T04:26:46.582+0000] {processor.py:753} INFO - DAG(s) dict_keys(['tutorial_dag']) retrieved from /home/airflow/.local/lib/python3.7/site-packages/airflow/example_dags/tutorial_dag.py
[2023-02-28T04:26:46.612+0000] {logging_mixin.py:137} INFO - [2023-02-28T04:26:46.612+0000] {dag.py:2690} INFO - Sync 1 DAGs
[2023-02-28T04:26:46.645+0000] {logging_mixin.py:137} INFO - [2023-02-28T04:26:46.645+0000] {dag.py:3441} INFO - Setting next_dagrun for tutorial_dag to None, run_after=None
[2023-02-28T04:26:46.666+0000] {processor.py:175} INFO - Processing /home/airflow/.local/lib/python3.7/site-packages/airflow/example_dags/tutorial_dag.py took 0.106 seconds
[2023-02-28T04:27:16.936+0000] {processor.py:153} INFO - Started process (PID=619) to work on /home/airflow/.local/lib/python3.7/site-packages/airflow/example_dags/tutorial_dag.py
[2023-02-28T04:27:16.937+0000] {processor.py:743} INFO - Processing file /home/airflow/.local/lib/python3.7/site-packages/airflow/example_dags/tutorial_dag.py for tasks to queue
[2023-02-28T04:27:16.938+0000] {logging_mixin.py:137} INFO - [2023-02-28T04:27:16.938+0000] {dagbag.py:538} INFO - Filling up the DagBag from /home/airflow/.local/lib/python3.7/site-packages/airflow/example_dags/tutorial_dag.py
[2023-02-28T04:27:16.954+0000] {processor.py:753} INFO - DAG(s) dict_keys(['tutorial_dag']) retrieved from /home/airflow/.local/lib/python3.7/site-packages/airflow/example_dags/tutorial_dag.py
[2023-02-28T04:27:16.985+0000] {logging_mixin.py:137} INFO - [2023-02-28T04:27:16.985+0000] {dag.py:2690} INFO - Sync 1 DAGs
[2023-02-28T04:27:17.012+0000] {logging_mixin.py:137} INFO - [2023-02-28T04:27:17.012+0000] {dag.py:3441} INFO - Setting next_dagrun for tutorial_dag to None, run_after=None
[2023-02-28T04:27:17.033+0000] {processor.py:175} INFO - Processing /home/airflow/.local/lib/python3.7/site-packages/airflow/example_dags/tutorial_dag.py took 0.102 seconds
[2023-02-28T04:27:47.376+0000] {processor.py:153} INFO - Started process (PID=697) to work on /home/airflow/.local/lib/python3.7/site-packages/airflow/example_dags/tutorial_dag.py
[2023-02-28T04:27:47.378+0000] {processor.py:743} INFO - Processing file /home/airflow/.local/lib/python3.7/site-packages/airflow/example_dags/tutorial_dag.py for tasks to queue
[2023-02-28T04:27:47.379+0000] {logging_mixin.py:137} INFO - [2023-02-28T04:27:47.378+0000] {dagbag.py:538} INFO - Filling up the DagBag from /home/airflow/.local/lib/python3.7/site-packages/airflow/example_dags/tutorial_dag.py
[2023-02-28T04:27:47.392+0000] {processor.py:753} INFO - DAG(s) dict_keys(['tutorial_dag']) retrieved from /home/airflow/.local/lib/python3.7/site-packages/airflow/example_dags/tutorial_dag.py
[2023-02-28T04:27:47.429+0000] {logging_mixin.py:137} INFO - [2023-02-28T04:27:47.429+0000] {dag.py:2690} INFO - Sync 1 DAGs
[2023-02-28T04:27:47.463+0000] {logging_mixin.py:137} INFO - [2023-02-28T04:27:47.463+0000] {dag.py:3441} INFO - Setting next_dagrun for tutorial_dag to None, run_after=None
[2023-02-28T04:27:47.483+0000] {processor.py:175} INFO - Processing /home/airflow/.local/lib/python3.7/site-packages/airflow/example_dags/tutorial_dag.py took 0.112 seconds
[2023-02-28T04:28:18.419+0000] {processor.py:153} INFO - Started process (PID=763) to work on /home/airflow/.local/lib/python3.7/site-packages/airflow/example_dags/tutorial_dag.py
[2023-02-28T04:28:18.420+0000] {processor.py:743} INFO - Processing file /home/airflow/.local/lib/python3.7/site-packages/airflow/example_dags/tutorial_dag.py for tasks to queue
[2023-02-28T04:28:18.421+0000] {logging_mixin.py:137} INFO - [2023-02-28T04:28:18.421+0000] {dagbag.py:538} INFO - Filling up the DagBag from /home/airflow/.local/lib/python3.7/site-packages/airflow/example_dags/tutorial_dag.py
[2023-02-28T04:28:18.439+0000] {processor.py:753} INFO - DAG(s) dict_keys(['tutorial_dag']) retrieved from /home/airflow/.local/lib/python3.7/site-packages/airflow/example_dags/tutorial_dag.py
[2023-02-28T04:28:18.469+0000] {logging_mixin.py:137} INFO - [2023-02-28T04:28:18.468+0000] {dag.py:2690} INFO - Sync 1 DAGs
[2023-02-28T04:28:18.498+0000] {logging_mixin.py:137} INFO - [2023-02-28T04:28:18.498+0000] {dag.py:3441} INFO - Setting next_dagrun for tutorial_dag to None, run_after=None
[2023-02-28T04:28:18.518+0000] {processor.py:175} INFO - Processing /home/airflow/.local/lib/python3.7/site-packages/airflow/example_dags/tutorial_dag.py took 0.103 seconds
[2023-02-28T04:28:48.969+0000] {processor.py:153} INFO - Started process (PID=840) to work on /home/airflow/.local/lib/python3.7/site-packages/airflow/example_dags/tutorial_dag.py
[2023-02-28T04:28:48.970+0000] {processor.py:743} INFO - Processing file /home/airflow/.local/lib/python3.7/site-packages/airflow/example_dags/tutorial_dag.py for tasks to queue
[2023-02-28T04:28:48.971+0000] {logging_mixin.py:137} INFO - [2023-02-28T04:28:48.971+0000] {dagbag.py:538} INFO - Filling up the DagBag from /home/airflow/.local/lib/python3.7/site-packages/airflow/example_dags/tutorial_dag.py
[2023-02-28T04:28:48.986+0000] {processor.py:753} INFO - DAG(s) dict_keys(['tutorial_dag']) retrieved from /home/airflow/.local/lib/python3.7/site-packages/airflow/example_dags/tutorial_dag.py
[2023-02-28T04:28:49.024+0000] {logging_mixin.py:137} INFO - [2023-02-28T04:28:49.024+0000] {dag.py:2690} INFO - Sync 1 DAGs
[2023-02-28T04:28:49.064+0000] {logging_mixin.py:137} INFO - [2023-02-28T04:28:49.064+0000] {dag.py:3441} INFO - Setting next_dagrun for tutorial_dag to None, run_after=None
[2023-02-28T04:28:49.089+0000] {processor.py:175} INFO - Processing /home/airflow/.local/lib/python3.7/site-packages/airflow/example_dags/tutorial_dag.py took 0.126 seconds
[2023-02-28T04:29:19.136+0000] {processor.py:153} INFO - Started process (PID=904) to work on /home/airflow/.local/lib/python3.7/site-packages/airflow/example_dags/tutorial_dag.py
[2023-02-28T04:29:19.137+0000] {processor.py:743} INFO - Processing file /home/airflow/.local/lib/python3.7/site-packages/airflow/example_dags/tutorial_dag.py for tasks to queue
[2023-02-28T04:29:19.138+0000] {logging_mixin.py:137} INFO - [2023-02-28T04:29:19.138+0000] {dagbag.py:538} INFO - Filling up the DagBag from /home/airflow/.local/lib/python3.7/site-packages/airflow/example_dags/tutorial_dag.py
[2023-02-28T04:29:19.152+0000] {processor.py:753} INFO - DAG(s) dict_keys(['tutorial_dag']) retrieved from /home/airflow/.local/lib/python3.7/site-packages/airflow/example_dags/tutorial_dag.py
[2023-02-28T04:29:19.190+0000] {logging_mixin.py:137} INFO - [2023-02-28T04:29:19.189+0000] {dag.py:2690} INFO - Sync 1 DAGs
[2023-02-28T04:29:19.227+0000] {logging_mixin.py:137} INFO - [2023-02-28T04:29:19.227+0000] {dag.py:3441} INFO - Setting next_dagrun for tutorial_dag to None, run_after=None
[2023-02-28T04:29:19.253+0000] {processor.py:175} INFO - Processing /home/airflow/.local/lib/python3.7/site-packages/airflow/example_dags/tutorial_dag.py took 0.122 seconds
[2023-02-28T04:29:49.475+0000] {processor.py:153} INFO - Started process (PID=969) to work on /home/airflow/.local/lib/python3.7/site-packages/airflow/example_dags/tutorial_dag.py
[2023-02-28T04:29:49.477+0000] {processor.py:743} INFO - Processing file /home/airflow/.local/lib/python3.7/site-packages/airflow/example_dags/tutorial_dag.py for tasks to queue
[2023-02-28T04:29:49.478+0000] {logging_mixin.py:137} INFO - [2023-02-28T04:29:49.478+0000] {dagbag.py:538} INFO - Filling up the DagBag from /home/airflow/.local/lib/python3.7/site-packages/airflow/example_dags/tutorial_dag.py
[2023-02-28T04:29:49.497+0000] {processor.py:753} INFO - DAG(s) dict_keys(['tutorial_dag']) retrieved from /home/airflow/.local/lib/python3.7/site-packages/airflow/example_dags/tutorial_dag.py
[2023-02-28T04:29:49.535+0000] {logging_mixin.py:137} INFO - [2023-02-28T04:29:49.535+0000] {dag.py:2690} INFO - Sync 1 DAGs
[2023-02-28T04:29:49.578+0000] {logging_mixin.py:137} INFO - [2023-02-28T04:29:49.578+0000] {dag.py:3441} INFO - Setting next_dagrun for tutorial_dag to None, run_after=None
[2023-02-28T04:29:49.605+0000] {processor.py:175} INFO - Processing /home/airflow/.local/lib/python3.7/site-packages/airflow/example_dags/tutorial_dag.py took 0.135 seconds
[2023-02-28T04:30:19.765+0000] {processor.py:153} INFO - Started process (PID=1046) to work on /home/airflow/.local/lib/python3.7/site-packages/airflow/example_dags/tutorial_dag.py
[2023-02-28T04:30:19.766+0000] {processor.py:743} INFO - Processing file /home/airflow/.local/lib/python3.7/site-packages/airflow/example_dags/tutorial_dag.py for tasks to queue
[2023-02-28T04:30:19.766+0000] {logging_mixin.py:137} INFO - [2023-02-28T04:30:19.766+0000] {dagbag.py:538} INFO - Filling up the DagBag from /home/airflow/.local/lib/python3.7/site-packages/airflow/example_dags/tutorial_dag.py
[2023-02-28T04:30:19.784+0000] {processor.py:753} INFO - DAG(s) dict_keys(['tutorial_dag']) retrieved from /home/airflow/.local/lib/python3.7/site-packages/airflow/example_dags/tutorial_dag.py
[2023-02-28T04:30:19.816+0000] {logging_mixin.py:137} INFO - [2023-02-28T04:30:19.816+0000] {dag.py:2690} INFO - Sync 1 DAGs
[2023-02-28T04:30:19.843+0000] {logging_mixin.py:137} INFO - [2023-02-28T04:30:19.843+0000] {dag.py:3441} INFO - Setting next_dagrun for tutorial_dag to None, run_after=None
[2023-02-28T04:30:19.866+0000] {processor.py:175} INFO - Processing /home/airflow/.local/lib/python3.7/site-packages/airflow/example_dags/tutorial_dag.py took 0.106 seconds
[2023-02-28T04:30:50.060+0000] {processor.py:153} INFO - Started process (PID=1111) to work on /home/airflow/.local/lib/python3.7/site-packages/airflow/example_dags/tutorial_dag.py
[2023-02-28T04:30:50.061+0000] {processor.py:743} INFO - Processing file /home/airflow/.local/lib/python3.7/site-packages/airflow/example_dags/tutorial_dag.py for tasks to queue
[2023-02-28T04:30:50.062+0000] {logging_mixin.py:137} INFO - [2023-02-28T04:30:50.062+0000] {dagbag.py:538} INFO - Filling up the DagBag from /home/airflow/.local/lib/python3.7/site-packages/airflow/example_dags/tutorial_dag.py
[2023-02-28T04:30:50.078+0000] {processor.py:753} INFO - DAG(s) dict_keys(['tutorial_dag']) retrieved from /home/airflow/.local/lib/python3.7/site-packages/airflow/example_dags/tutorial_dag.py
[2023-02-28T04:30:50.111+0000] {logging_mixin.py:137} INFO - [2023-02-28T04:30:50.111+0000] {dag.py:2690} INFO - Sync 1 DAGs
[2023-02-28T04:30:50.140+0000] {logging_mixin.py:137} INFO - [2023-02-28T04:30:50.140+0000] {dag.py:3441} INFO - Setting next_dagrun for tutorial_dag to None, run_after=None
[2023-02-28T04:30:50.163+0000] {processor.py:175} INFO - Processing /home/airflow/.local/lib/python3.7/site-packages/airflow/example_dags/tutorial_dag.py took 0.108 seconds
[2023-02-28T04:31:20.778+0000] {processor.py:153} INFO - Started process (PID=1186) to work on /home/airflow/.local/lib/python3.7/site-packages/airflow/example_dags/tutorial_dag.py
[2023-02-28T04:31:20.780+0000] {processor.py:743} INFO - Processing file /home/airflow/.local/lib/python3.7/site-packages/airflow/example_dags/tutorial_dag.py for tasks to queue
[2023-02-28T04:31:20.780+0000] {logging_mixin.py:137} INFO - [2023-02-28T04:31:20.780+0000] {dagbag.py:538} INFO - Filling up the DagBag from /home/airflow/.local/lib/python3.7/site-packages/airflow/example_dags/tutorial_dag.py
[2023-02-28T04:31:20.800+0000] {processor.py:753} INFO - DAG(s) dict_keys(['tutorial_dag']) retrieved from /home/airflow/.local/lib/python3.7/site-packages/airflow/example_dags/tutorial_dag.py
[2023-02-28T04:31:20.847+0000] {logging_mixin.py:137} INFO - [2023-02-28T04:31:20.847+0000] {dag.py:2690} INFO - Sync 1 DAGs
[2023-02-28T04:31:20.888+0000] {logging_mixin.py:137} INFO - [2023-02-28T04:31:20.888+0000] {dag.py:3441} INFO - Setting next_dagrun for tutorial_dag to None, run_after=None
[2023-02-28T04:31:20.917+0000] {processor.py:175} INFO - Processing /home/airflow/.local/lib/python3.7/site-packages/airflow/example_dags/tutorial_dag.py took 0.143 seconds
