[2023-03-07T07:56:40.903+0000] {processor.py:153} INFO - Started process (PID=9161) to work on /opt/airflow/dags/api_etl.py
[2023-03-07T07:56:40.904+0000] {processor.py:743} INFO - Processing file /opt/airflow/dags/api_etl.py for tasks to queue
[2023-03-07T07:56:40.904+0000] {logging_mixin.py:137} INFO - [2023-03-07T07:56:40.904+0000] {dagbag.py:538} INFO - Filling up the DagBag from /opt/airflow/dags/api_etl.py
[2023-03-07T07:56:40.929+0000] {processor.py:753} INFO - DAG(s) dict_keys(['api_dag']) retrieved from /opt/airflow/dags/api_etl.py
[2023-03-07T07:56:41.003+0000] {logging_mixin.py:137} INFO - [2023-03-07T07:56:41.003+0000] {dag.py:2690} INFO - Sync 1 DAGs
[2023-03-07T07:56:41.034+0000] {logging_mixin.py:137} INFO - [2023-03-07T07:56:41.034+0000] {dag.py:3441} INFO - Setting next_dagrun for api_dag to 2023-03-06T00:00:00+00:00, run_after=2023-03-07T00:00:00+00:00
[2023-03-07T07:56:41.058+0000] {processor.py:175} INFO - Processing /opt/airflow/dags/api_etl.py took 0.160 seconds
[2023-03-07T07:57:11.094+0000] {processor.py:153} INFO - Started process (PID=9203) to work on /opt/airflow/dags/api_etl.py
[2023-03-07T07:57:11.095+0000] {processor.py:743} INFO - Processing file /opt/airflow/dags/api_etl.py for tasks to queue
[2023-03-07T07:57:11.096+0000] {logging_mixin.py:137} INFO - [2023-03-07T07:57:11.096+0000] {dagbag.py:538} INFO - Filling up the DagBag from /opt/airflow/dags/api_etl.py
[2023-03-07T07:57:11.122+0000] {processor.py:753} INFO - DAG(s) dict_keys(['api_dag']) retrieved from /opt/airflow/dags/api_etl.py
[2023-03-07T07:57:11.151+0000] {logging_mixin.py:137} INFO - [2023-03-07T07:57:11.150+0000] {dag.py:2690} INFO - Sync 1 DAGs
[2023-03-07T07:57:11.182+0000] {logging_mixin.py:137} INFO - [2023-03-07T07:57:11.182+0000] {dag.py:3441} INFO - Setting next_dagrun for api_dag to 2023-03-06T00:00:00+00:00, run_after=2023-03-07T00:00:00+00:00
[2023-03-07T07:57:11.203+0000] {processor.py:175} INFO - Processing /opt/airflow/dags/api_etl.py took 0.113 seconds
[2023-03-07T07:57:41.347+0000] {processor.py:153} INFO - Started process (PID=9231) to work on /opt/airflow/dags/api_etl.py
[2023-03-07T07:57:41.348+0000] {processor.py:743} INFO - Processing file /opt/airflow/dags/api_etl.py for tasks to queue
[2023-03-07T07:57:41.349+0000] {logging_mixin.py:137} INFO - [2023-03-07T07:57:41.349+0000] {dagbag.py:538} INFO - Filling up the DagBag from /opt/airflow/dags/api_etl.py
[2023-03-07T07:57:41.372+0000] {processor.py:753} INFO - DAG(s) dict_keys(['api_dag']) retrieved from /opt/airflow/dags/api_etl.py
[2023-03-07T07:57:41.387+0000] {logging_mixin.py:137} INFO - [2023-03-07T07:57:41.387+0000] {dag.py:2690} INFO - Sync 1 DAGs
[2023-03-07T07:57:41.420+0000] {logging_mixin.py:137} INFO - [2023-03-07T07:57:41.420+0000] {dag.py:3441} INFO - Setting next_dagrun for api_dag to 2023-03-06T00:00:00+00:00, run_after=2023-03-07T00:00:00+00:00
[2023-03-07T07:57:41.440+0000] {processor.py:175} INFO - Processing /opt/airflow/dags/api_etl.py took 0.099 seconds
[2023-03-07T07:58:11.623+0000] {processor.py:153} INFO - Started process (PID=9273) to work on /opt/airflow/dags/api_etl.py
[2023-03-07T07:58:11.624+0000] {processor.py:743} INFO - Processing file /opt/airflow/dags/api_etl.py for tasks to queue
[2023-03-07T07:58:11.626+0000] {logging_mixin.py:137} INFO - [2023-03-07T07:58:11.626+0000] {dagbag.py:538} INFO - Filling up the DagBag from /opt/airflow/dags/api_etl.py
[2023-03-07T07:58:11.653+0000] {processor.py:753} INFO - DAG(s) dict_keys(['api_dag']) retrieved from /opt/airflow/dags/api_etl.py
[2023-03-07T07:58:11.729+0000] {logging_mixin.py:137} INFO - [2023-03-07T07:58:11.729+0000] {dag.py:2690} INFO - Sync 1 DAGs
[2023-03-07T07:58:11.759+0000] {logging_mixin.py:137} INFO - [2023-03-07T07:58:11.759+0000] {dag.py:3441} INFO - Setting next_dagrun for api_dag to 2023-03-06T00:00:00+00:00, run_after=2023-03-07T00:00:00+00:00
[2023-03-07T07:58:11.782+0000] {processor.py:175} INFO - Processing /opt/airflow/dags/api_etl.py took 0.165 seconds
[2023-03-07T07:58:42.003+0000] {processor.py:153} INFO - Started process (PID=9303) to work on /opt/airflow/dags/api_etl.py
[2023-03-07T07:58:42.005+0000] {processor.py:743} INFO - Processing file /opt/airflow/dags/api_etl.py for tasks to queue
[2023-03-07T07:58:42.006+0000] {logging_mixin.py:137} INFO - [2023-03-07T07:58:42.006+0000] {dagbag.py:538} INFO - Filling up the DagBag from /opt/airflow/dags/api_etl.py
[2023-03-07T07:58:42.030+0000] {processor.py:753} INFO - DAG(s) dict_keys(['api_dag']) retrieved from /opt/airflow/dags/api_etl.py
[2023-03-07T07:58:42.057+0000] {logging_mixin.py:137} INFO - [2023-03-07T07:58:42.057+0000] {dag.py:2690} INFO - Sync 1 DAGs
[2023-03-07T07:58:42.088+0000] {logging_mixin.py:137} INFO - [2023-03-07T07:58:42.087+0000] {dag.py:3441} INFO - Setting next_dagrun for api_dag to 2023-03-06T00:00:00+00:00, run_after=2023-03-07T00:00:00+00:00
[2023-03-07T07:58:42.106+0000] {processor.py:175} INFO - Processing /opt/airflow/dags/api_etl.py took 0.109 seconds
[2023-03-07T07:59:12.242+0000] {processor.py:153} INFO - Started process (PID=9334) to work on /opt/airflow/dags/api_etl.py
[2023-03-07T07:59:12.243+0000] {processor.py:743} INFO - Processing file /opt/airflow/dags/api_etl.py for tasks to queue
[2023-03-07T07:59:12.244+0000] {logging_mixin.py:137} INFO - [2023-03-07T07:59:12.243+0000] {dagbag.py:538} INFO - Filling up the DagBag from /opt/airflow/dags/api_etl.py
[2023-03-07T07:59:12.267+0000] {processor.py:753} INFO - DAG(s) dict_keys(['api_dag']) retrieved from /opt/airflow/dags/api_etl.py
[2023-03-07T07:59:12.282+0000] {logging_mixin.py:137} INFO - [2023-03-07T07:59:12.282+0000] {dag.py:2690} INFO - Sync 1 DAGs
[2023-03-07T07:59:12.328+0000] {logging_mixin.py:137} INFO - [2023-03-07T07:59:12.328+0000] {dag.py:3441} INFO - Setting next_dagrun for api_dag to 2023-03-06T00:00:00+00:00, run_after=2023-03-07T00:00:00+00:00
[2023-03-07T07:59:12.354+0000] {processor.py:175} INFO - Processing /opt/airflow/dags/api_etl.py took 0.117 seconds
[2023-03-07T07:59:42.523+0000] {processor.py:153} INFO - Started process (PID=9376) to work on /opt/airflow/dags/api_etl.py
[2023-03-07T07:59:42.525+0000] {processor.py:743} INFO - Processing file /opt/airflow/dags/api_etl.py for tasks to queue
[2023-03-07T07:59:42.526+0000] {logging_mixin.py:137} INFO - [2023-03-07T07:59:42.525+0000] {dagbag.py:538} INFO - Filling up the DagBag from /opt/airflow/dags/api_etl.py
[2023-03-07T07:59:42.552+0000] {processor.py:753} INFO - DAG(s) dict_keys(['api_dag']) retrieved from /opt/airflow/dags/api_etl.py
[2023-03-07T07:59:42.623+0000] {logging_mixin.py:137} INFO - [2023-03-07T07:59:42.623+0000] {dag.py:2690} INFO - Sync 1 DAGs
[2023-03-07T07:59:42.654+0000] {logging_mixin.py:137} INFO - [2023-03-07T07:59:42.654+0000] {dag.py:3441} INFO - Setting next_dagrun for api_dag to 2023-03-06T00:00:00+00:00, run_after=2023-03-07T00:00:00+00:00
[2023-03-07T07:59:42.675+0000] {processor.py:175} INFO - Processing /opt/airflow/dags/api_etl.py took 0.158 seconds
[2023-03-07T08:00:12.832+0000] {processor.py:153} INFO - Started process (PID=9405) to work on /opt/airflow/dags/api_etl.py
[2023-03-07T08:00:12.833+0000] {processor.py:743} INFO - Processing file /opt/airflow/dags/api_etl.py for tasks to queue
[2023-03-07T08:00:12.834+0000] {logging_mixin.py:137} INFO - [2023-03-07T08:00:12.833+0000] {dagbag.py:538} INFO - Filling up the DagBag from /opt/airflow/dags/api_etl.py
[2023-03-07T08:00:12.857+0000] {processor.py:753} INFO - DAG(s) dict_keys(['api_dag']) retrieved from /opt/airflow/dags/api_etl.py
[2023-03-07T08:00:12.886+0000] {logging_mixin.py:137} INFO - [2023-03-07T08:00:12.886+0000] {dag.py:2690} INFO - Sync 1 DAGs
[2023-03-07T08:00:12.916+0000] {logging_mixin.py:137} INFO - [2023-03-07T08:00:12.916+0000] {dag.py:3441} INFO - Setting next_dagrun for api_dag to 2023-03-06T00:00:00+00:00, run_after=2023-03-07T00:00:00+00:00
[2023-03-07T08:00:12.936+0000] {processor.py:175} INFO - Processing /opt/airflow/dags/api_etl.py took 0.109 seconds
[2023-03-07T08:00:43.237+0000] {processor.py:153} INFO - Started process (PID=9447) to work on /opt/airflow/dags/api_etl.py
[2023-03-07T08:00:43.239+0000] {processor.py:743} INFO - Processing file /opt/airflow/dags/api_etl.py for tasks to queue
[2023-03-07T08:00:43.241+0000] {logging_mixin.py:137} INFO - [2023-03-07T08:00:43.240+0000] {dagbag.py:538} INFO - Filling up the DagBag from /opt/airflow/dags/api_etl.py
[2023-03-07T08:00:43.274+0000] {processor.py:753} INFO - DAG(s) dict_keys(['api_dag']) retrieved from /opt/airflow/dags/api_etl.py
[2023-03-07T08:00:43.292+0000] {logging_mixin.py:137} INFO - [2023-03-07T08:00:43.292+0000] {dag.py:2690} INFO - Sync 1 DAGs
[2023-03-07T08:00:43.340+0000] {logging_mixin.py:137} INFO - [2023-03-07T08:00:43.340+0000] {dag.py:3441} INFO - Setting next_dagrun for api_dag to 2023-03-06T00:00:00+00:00, run_after=2023-03-07T00:00:00+00:00
[2023-03-07T08:00:43.371+0000] {processor.py:175} INFO - Processing /opt/airflow/dags/api_etl.py took 0.139 seconds
[2023-03-07T08:01:13.518+0000] {processor.py:153} INFO - Started process (PID=9476) to work on /opt/airflow/dags/api_etl.py
[2023-03-07T08:01:13.520+0000] {processor.py:743} INFO - Processing file /opt/airflow/dags/api_etl.py for tasks to queue
[2023-03-07T08:01:13.520+0000] {logging_mixin.py:137} INFO - [2023-03-07T08:01:13.520+0000] {dagbag.py:538} INFO - Filling up the DagBag from /opt/airflow/dags/api_etl.py
[2023-03-07T08:01:13.544+0000] {processor.py:753} INFO - DAG(s) dict_keys(['api_dag']) retrieved from /opt/airflow/dags/api_etl.py
[2023-03-07T08:01:13.619+0000] {logging_mixin.py:137} INFO - [2023-03-07T08:01:13.619+0000] {dag.py:2690} INFO - Sync 1 DAGs
[2023-03-07T08:01:13.648+0000] {logging_mixin.py:137} INFO - [2023-03-07T08:01:13.647+0000] {dag.py:3441} INFO - Setting next_dagrun for api_dag to 2023-03-06T00:00:00+00:00, run_after=2023-03-07T00:00:00+00:00
[2023-03-07T08:01:13.669+0000] {processor.py:175} INFO - Processing /opt/airflow/dags/api_etl.py took 0.155 seconds
[2023-03-07T08:01:43.699+0000] {processor.py:153} INFO - Started process (PID=9506) to work on /opt/airflow/dags/api_etl.py
[2023-03-07T08:01:43.701+0000] {processor.py:743} INFO - Processing file /opt/airflow/dags/api_etl.py for tasks to queue
[2023-03-07T08:01:43.702+0000] {logging_mixin.py:137} INFO - [2023-03-07T08:01:43.702+0000] {dagbag.py:538} INFO - Filling up the DagBag from /opt/airflow/dags/api_etl.py
[2023-03-07T08:01:43.732+0000] {processor.py:753} INFO - DAG(s) dict_keys(['api_dag']) retrieved from /opt/airflow/dags/api_etl.py
[2023-03-07T08:01:43.787+0000] {logging_mixin.py:137} INFO - [2023-03-07T08:01:43.787+0000] {dag.py:2690} INFO - Sync 1 DAGs
[2023-03-07T08:01:43.820+0000] {logging_mixin.py:137} INFO - [2023-03-07T08:01:43.820+0000] {dag.py:3441} INFO - Setting next_dagrun for api_dag to 2023-03-06T00:00:00+00:00, run_after=2023-03-07T00:00:00+00:00
[2023-03-07T08:01:43.841+0000] {processor.py:175} INFO - Processing /opt/airflow/dags/api_etl.py took 0.146 seconds
[2023-03-07T08:02:13.976+0000] {processor.py:153} INFO - Started process (PID=9547) to work on /opt/airflow/dags/api_etl.py
[2023-03-07T08:02:13.977+0000] {processor.py:743} INFO - Processing file /opt/airflow/dags/api_etl.py for tasks to queue
[2023-03-07T08:02:13.978+0000] {logging_mixin.py:137} INFO - [2023-03-07T08:02:13.978+0000] {dagbag.py:538} INFO - Filling up the DagBag from /opt/airflow/dags/api_etl.py
[2023-03-07T08:02:14.001+0000] {processor.py:753} INFO - DAG(s) dict_keys(['api_dag']) retrieved from /opt/airflow/dags/api_etl.py
[2023-03-07T08:02:14.015+0000] {logging_mixin.py:137} INFO - [2023-03-07T08:02:14.014+0000] {dag.py:2690} INFO - Sync 1 DAGs
[2023-03-07T08:02:14.046+0000] {logging_mixin.py:137} INFO - [2023-03-07T08:02:14.046+0000] {dag.py:3441} INFO - Setting next_dagrun for api_dag to 2023-03-06T00:00:00+00:00, run_after=2023-03-07T00:00:00+00:00
[2023-03-07T08:02:14.065+0000] {processor.py:175} INFO - Processing /opt/airflow/dags/api_etl.py took 0.093 seconds
[2023-03-07T08:02:44.174+0000] {processor.py:153} INFO - Started process (PID=9577) to work on /opt/airflow/dags/api_etl.py
[2023-03-07T08:02:44.176+0000] {processor.py:743} INFO - Processing file /opt/airflow/dags/api_etl.py for tasks to queue
[2023-03-07T08:02:44.177+0000] {logging_mixin.py:137} INFO - [2023-03-07T08:02:44.177+0000] {dagbag.py:538} INFO - Filling up the DagBag from /opt/airflow/dags/api_etl.py
[2023-03-07T08:02:44.203+0000] {processor.py:753} INFO - DAG(s) dict_keys(['api_dag']) retrieved from /opt/airflow/dags/api_etl.py
[2023-03-07T08:02:44.278+0000] {logging_mixin.py:137} INFO - [2023-03-07T08:02:44.278+0000] {dag.py:2690} INFO - Sync 1 DAGs
[2023-03-07T08:02:44.309+0000] {logging_mixin.py:137} INFO - [2023-03-07T08:02:44.309+0000] {dag.py:3441} INFO - Setting next_dagrun for api_dag to 2023-03-06T00:00:00+00:00, run_after=2023-03-07T00:00:00+00:00
[2023-03-07T08:02:44.332+0000] {processor.py:175} INFO - Processing /opt/airflow/dags/api_etl.py took 0.162 seconds
[2023-03-07T08:03:14.590+0000] {processor.py:153} INFO - Started process (PID=9617) to work on /opt/airflow/dags/api_etl.py
[2023-03-07T08:03:14.591+0000] {processor.py:743} INFO - Processing file /opt/airflow/dags/api_etl.py for tasks to queue
[2023-03-07T08:03:14.592+0000] {logging_mixin.py:137} INFO - [2023-03-07T08:03:14.592+0000] {dagbag.py:538} INFO - Filling up the DagBag from /opt/airflow/dags/api_etl.py
[2023-03-07T08:03:14.624+0000] {processor.py:753} INFO - DAG(s) dict_keys(['api_dag']) retrieved from /opt/airflow/dags/api_etl.py
[2023-03-07T08:03:14.662+0000] {logging_mixin.py:137} INFO - [2023-03-07T08:03:14.661+0000] {dag.py:2690} INFO - Sync 1 DAGs
[2023-03-07T08:03:14.708+0000] {logging_mixin.py:137} INFO - [2023-03-07T08:03:14.707+0000] {dag.py:3441} INFO - Setting next_dagrun for api_dag to 2023-03-06T00:00:00+00:00, run_after=2023-03-07T00:00:00+00:00
[2023-03-07T08:03:14.735+0000] {processor.py:175} INFO - Processing /opt/airflow/dags/api_etl.py took 0.150 seconds
[2023-03-07T08:03:45.035+0000] {processor.py:153} INFO - Started process (PID=9651) to work on /opt/airflow/dags/api_etl.py
[2023-03-07T08:03:45.036+0000] {processor.py:743} INFO - Processing file /opt/airflow/dags/api_etl.py for tasks to queue
[2023-03-07T08:03:45.037+0000] {logging_mixin.py:137} INFO - [2023-03-07T08:03:45.037+0000] {dagbag.py:538} INFO - Filling up the DagBag from /opt/airflow/dags/api_etl.py
[2023-03-07T08:03:45.062+0000] {processor.py:753} INFO - DAG(s) dict_keys(['api_dag']) retrieved from /opt/airflow/dags/api_etl.py
[2023-03-07T08:03:45.078+0000] {logging_mixin.py:137} INFO - [2023-03-07T08:03:45.077+0000] {dag.py:2690} INFO - Sync 1 DAGs
[2023-03-07T08:03:45.110+0000] {logging_mixin.py:137} INFO - [2023-03-07T08:03:45.110+0000] {dag.py:3441} INFO - Setting next_dagrun for api_dag to 2023-03-06T00:00:00+00:00, run_after=2023-03-07T00:00:00+00:00
[2023-03-07T08:03:45.130+0000] {processor.py:175} INFO - Processing /opt/airflow/dags/api_etl.py took 0.100 seconds
[2023-03-07T08:04:15.279+0000] {processor.py:153} INFO - Started process (PID=9680) to work on /opt/airflow/dags/api_etl.py
[2023-03-07T08:04:15.280+0000] {processor.py:743} INFO - Processing file /opt/airflow/dags/api_etl.py for tasks to queue
[2023-03-07T08:04:15.281+0000] {logging_mixin.py:137} INFO - [2023-03-07T08:04:15.280+0000] {dagbag.py:538} INFO - Filling up the DagBag from /opt/airflow/dags/api_etl.py
[2023-03-07T08:04:15.304+0000] {processor.py:753} INFO - DAG(s) dict_keys(['api_dag']) retrieved from /opt/airflow/dags/api_etl.py
[2023-03-07T08:04:15.379+0000] {logging_mixin.py:137} INFO - [2023-03-07T08:04:15.379+0000] {dag.py:2690} INFO - Sync 1 DAGs
[2023-03-07T08:04:15.415+0000] {logging_mixin.py:137} INFO - [2023-03-07T08:04:15.415+0000] {dag.py:3441} INFO - Setting next_dagrun for api_dag to 2023-03-06T00:00:00+00:00, run_after=2023-03-07T00:00:00+00:00
[2023-03-07T08:04:15.441+0000] {processor.py:175} INFO - Processing /opt/airflow/dags/api_etl.py took 0.166 seconds
[2023-03-07T08:04:45.589+0000] {processor.py:153} INFO - Started process (PID=9720) to work on /opt/airflow/dags/api_etl.py
[2023-03-07T08:04:45.591+0000] {processor.py:743} INFO - Processing file /opt/airflow/dags/api_etl.py for tasks to queue
[2023-03-07T08:04:45.592+0000] {logging_mixin.py:137} INFO - [2023-03-07T08:04:45.592+0000] {dagbag.py:538} INFO - Filling up the DagBag from /opt/airflow/dags/api_etl.py
[2023-03-07T08:04:45.616+0000] {processor.py:753} INFO - DAG(s) dict_keys(['api_dag']) retrieved from /opt/airflow/dags/api_etl.py
[2023-03-07T08:04:45.645+0000] {logging_mixin.py:137} INFO - [2023-03-07T08:04:45.645+0000] {dag.py:2690} INFO - Sync 1 DAGs
[2023-03-07T08:04:45.677+0000] {logging_mixin.py:137} INFO - [2023-03-07T08:04:45.677+0000] {dag.py:3441} INFO - Setting next_dagrun for api_dag to 2023-03-06T00:00:00+00:00, run_after=2023-03-07T00:00:00+00:00
[2023-03-07T08:04:45.697+0000] {processor.py:175} INFO - Processing /opt/airflow/dags/api_etl.py took 0.112 seconds
[2023-03-07T08:05:15.996+0000] {processor.py:153} INFO - Started process (PID=9746) to work on /opt/airflow/dags/api_etl.py
[2023-03-07T08:05:15.997+0000] {processor.py:743} INFO - Processing file /opt/airflow/dags/api_etl.py for tasks to queue
[2023-03-07T08:05:15.997+0000] {logging_mixin.py:137} INFO - [2023-03-07T08:05:15.997+0000] {dagbag.py:538} INFO - Filling up the DagBag from /opt/airflow/dags/api_etl.py
[2023-03-07T08:05:16.021+0000] {processor.py:753} INFO - DAG(s) dict_keys(['api_dag']) retrieved from /opt/airflow/dags/api_etl.py
[2023-03-07T08:05:16.035+0000] {logging_mixin.py:137} INFO - [2023-03-07T08:05:16.034+0000] {dag.py:2690} INFO - Sync 1 DAGs
[2023-03-07T08:05:16.067+0000] {logging_mixin.py:137} INFO - [2023-03-07T08:05:16.066+0000] {dag.py:3441} INFO - Setting next_dagrun for api_dag to 2023-03-06T00:00:00+00:00, run_after=2023-03-07T00:00:00+00:00
[2023-03-07T08:05:16.086+0000] {processor.py:175} INFO - Processing /opt/airflow/dags/api_etl.py took 0.095 seconds
[2023-03-07T08:05:46.309+0000] {processor.py:153} INFO - Started process (PID=9785) to work on /opt/airflow/dags/api_etl.py
[2023-03-07T08:05:46.311+0000] {processor.py:743} INFO - Processing file /opt/airflow/dags/api_etl.py for tasks to queue
[2023-03-07T08:05:46.312+0000] {logging_mixin.py:137} INFO - [2023-03-07T08:05:46.311+0000] {dagbag.py:538} INFO - Filling up the DagBag from /opt/airflow/dags/api_etl.py
[2023-03-07T08:05:46.344+0000] {processor.py:753} INFO - DAG(s) dict_keys(['api_dag']) retrieved from /opt/airflow/dags/api_etl.py
[2023-03-07T08:05:46.416+0000] {logging_mixin.py:137} INFO - [2023-03-07T08:05:46.416+0000] {dag.py:2690} INFO - Sync 1 DAGs
[2023-03-07T08:05:46.445+0000] {logging_mixin.py:137} INFO - [2023-03-07T08:05:46.445+0000] {dag.py:3441} INFO - Setting next_dagrun for api_dag to 2023-03-06T00:00:00+00:00, run_after=2023-03-07T00:00:00+00:00
[2023-03-07T08:05:46.467+0000] {processor.py:175} INFO - Processing /opt/airflow/dags/api_etl.py took 0.164 seconds
