[2023-03-02T05:10:59.645+0000] {taskinstance.py:1083} INFO - Dependencies all met for <TaskInstance: api_dag.is_api_active scheduled__2023-03-01T00:00:00+00:00 [queued]>
[2023-03-02T05:10:59.655+0000] {taskinstance.py:1083} INFO - Dependencies all met for <TaskInstance: api_dag.is_api_active scheduled__2023-03-01T00:00:00+00:00 [queued]>
[2023-03-02T05:10:59.655+0000] {taskinstance.py:1279} INFO - 
--------------------------------------------------------------------------------
[2023-03-02T05:10:59.655+0000] {taskinstance.py:1280} INFO - Starting attempt 1 of 1
[2023-03-02T05:10:59.655+0000] {taskinstance.py:1281} INFO - 
--------------------------------------------------------------------------------
[2023-03-02T05:10:59.670+0000] {taskinstance.py:1300} INFO - Executing <Task(HttpSensor): is_api_active> on 2023-03-01 00:00:00+00:00
[2023-03-02T05:10:59.676+0000] {standard_task_runner.py:55} INFO - Started process 8873 to run task
[2023-03-02T05:10:59.682+0000] {standard_task_runner.py:82} INFO - Running: ['***', 'tasks', 'run', 'api_dag', 'is_api_active', 'scheduled__2023-03-01T00:00:00+00:00', '--job-id', '14', '--raw', '--subdir', 'DAGS_FOLDER/api_dag.py', '--cfg-path', '/tmp/tmp7znitz94']
[2023-03-02T05:10:59.682+0000] {standard_task_runner.py:83} INFO - Job 14: Subtask is_api_active
[2023-03-02T05:10:59.768+0000] {task_command.py:388} INFO - Running <TaskInstance: api_dag.is_api_active scheduled__2023-03-01T00:00:00+00:00 [running]> on host 1e9c9ea297bf
[2023-03-02T05:10:59.868+0000] {taskinstance.py:1509} INFO - Exporting the following env vars:
AIRFLOW_CTX_DAG_OWNER=***
AIRFLOW_CTX_DAG_ID=api_dag
AIRFLOW_CTX_TASK_ID=is_api_active
AIRFLOW_CTX_EXECUTION_DATE=2023-03-01T00:00:00+00:00
AIRFLOW_CTX_TRY_NUMBER=1
AIRFLOW_CTX_DAG_RUN_ID=scheduled__2023-03-01T00:00:00+00:00
[2023-03-02T05:10:59.869+0000] {http.py:122} INFO - Poking: posts/
[2023-03-02T05:10:59.880+0000] {base.py:73} INFO - Using connection ID 'api_posts' for task execution.
[2023-03-02T05:11:00.223+0000] {base.py:228} INFO - Success criteria met. Exiting.
[2023-03-02T05:11:00.233+0000] {taskinstance.py:1323} INFO - Marking task as SUCCESS. dag_id=api_dag, task_id=is_api_active, execution_date=20230301T000000, start_date=20230302T051059, end_date=20230302T051100
[2023-03-02T05:11:00.254+0000] {local_task_job.py:208} INFO - Task exited with return code 0
[2023-03-02T05:11:00.294+0000] {taskinstance.py:2578} INFO - 1 downstream tasks scheduled from follow-on schedule check
